[2026-01-20T02:00:14.094+0000] {local_task_job_runner.py:123} INFO - ::group::Pre task execution logs
[2026-01-20T02:00:14.130+0000] {taskinstance.py:2603} INFO - Dependencies all met for dep_context=non-requeueable deps ti=<TaskInstance: silver_layer_sensor_driven.wait_for_bronze_data scheduled__2026-01-19T02:00:00+00:00 [queued]>
[2026-01-20T02:00:14.139+0000] {taskinstance.py:2603} INFO - Dependencies all met for dep_context=requeueable deps ti=<TaskInstance: silver_layer_sensor_driven.wait_for_bronze_data scheduled__2026-01-19T02:00:00+00:00 [queued]>
[2026-01-20T02:00:14.139+0000] {taskinstance.py:2856} INFO - Starting attempt 1 of 2
[2026-01-20T02:00:14.163+0000] {taskinstance.py:2879} INFO - Executing <Task(S3KeySensor): wait_for_bronze_data> on 2026-01-19 02:00:00+00:00
[2026-01-20T02:00:14.172+0000] {standard_task_runner.py:104} INFO - Running: ['airflow', 'tasks', 'run', 'silver_layer_sensor_driven', 'wait_for_bronze_data', 'scheduled__2026-01-19T02:00:00+00:00', '--job-id', '86', '--raw', '--subdir', 'DAGS_FOLDER/bronze_to_silver.py', '--cfg-path', '/tmp/tmps58g7gw9']
[2026-01-20T02:00:14.172+0000] {logging_mixin.py:190} WARNING - /home/airflow/.local/lib/python3.12/site-packages/airflow/task/task_runner/standard_task_runner.py:70 DeprecationWarning: This process (pid=3737) is multi-threaded, use of fork() may lead to deadlocks in the child.
[2026-01-20T02:00:14.173+0000] {standard_task_runner.py:105} INFO - Job 86: Subtask wait_for_bronze_data
[2026-01-20T02:00:14.174+0000] {standard_task_runner.py:72} INFO - Started process 3772 to run task
[2026-01-20T02:00:17.049+0000] {task_command.py:467} INFO - Running <TaskInstance: silver_layer_sensor_driven.wait_for_bronze_data scheduled__2026-01-19T02:00:00+00:00 [running]> on host dca9677b2c70
[2026-01-20T02:14:22.088+0000] {taskinstance.py:3122} INFO - Exporting env vars: AIRFLOW_CTX_DAG_OWNER='airflow' AIRFLOW_CTX_DAG_ID='silver_layer_sensor_driven' AIRFLOW_CTX_TASK_ID='wait_for_bronze_data' AIRFLOW_CTX_EXECUTION_DATE='2026-01-19T02:00:00+00:00' AIRFLOW_CTX_TRY_NUMBER='1' AIRFLOW_CTX_DAG_RUN_ID='scheduled__2026-01-19T02:00:00+00:00'
[2026-01-20T02:14:22.090+0000] {taskinstance.py:731} INFO - ::endgroup::
[2026-01-20T02:14:22.116+0000] {baseoperator.py:405} WARNING - S3KeySensor.execute cannot be called outside TaskInstance!
[2026-01-20T02:14:22.117+0000] {s3.py:118} INFO - Poking for key : s3://bronze/hackernews/jobs_2026-01-17*.json
[2026-01-20T02:14:22.173+0000] {base.py:84} INFO - Retrieving connection 'rustfs_conn'
[2026-01-20T02:14:22.174+0000] {connection_wrapper.py:388} INFO - AWS Connection (conn_id='rustfs_conn', conn_type='aws') credentials retrieved from login and password.
[2026-01-20T02:14:23.986+0000] {job.py:229} INFO - Heartbeat recovered after 850.18 seconds
[2026-01-20T02:15:23.119+0000] {s3.py:118} INFO - Poking for key : s3://bronze/hackernews/jobs_2026-01-17*.json
[2026-01-20T02:16:23.147+0000] {s3.py:118} INFO - Poking for key : s3://bronze/hackernews/jobs_2026-01-17*.json
[2026-01-20T02:17:22.962+0000] {s3.py:118} INFO - Poking for key : s3://bronze/hackernews/jobs_2026-01-17*.json
[2026-01-20T02:18:23.190+0000] {s3.py:118} INFO - Poking for key : s3://bronze/hackernews/jobs_2026-01-17*.json
[2026-01-20T02:19:23.283+0000] {s3.py:118} INFO - Poking for key : s3://bronze/hackernews/jobs_2026-01-17*.json
[2026-01-20T02:20:23.378+0000] {s3.py:118} INFO - Poking for key : s3://bronze/hackernews/jobs_2026-01-17*.json
[2026-01-20T02:21:23.530+0000] {s3.py:118} INFO - Poking for key : s3://bronze/hackernews/jobs_2026-01-17*.json
[2026-01-20T02:22:23.713+0000] {s3.py:118} INFO - Poking for key : s3://bronze/hackernews/jobs_2026-01-17*.json
[2026-01-20T02:23:23.929+0000] {s3.py:118} INFO - Poking for key : s3://bronze/hackernews/jobs_2026-01-17*.json
[2026-01-20T02:24:24.094+0000] {s3.py:118} INFO - Poking for key : s3://bronze/hackernews/jobs_2026-01-17*.json
[2026-01-20T02:25:24.311+0000] {s3.py:118} INFO - Poking for key : s3://bronze/hackernews/jobs_2026-01-17*.json
[2026-01-20T02:26:24.476+0000] {s3.py:118} INFO - Poking for key : s3://bronze/hackernews/jobs_2026-01-17*.json
[2026-01-20T02:27:24.672+0000] {s3.py:118} INFO - Poking for key : s3://bronze/hackernews/jobs_2026-01-17*.json
[2026-01-20T03:11:32.091+0000] {job.py:229} INFO - Heartbeat recovered after 2614.47 seconds
[2026-01-20T03:11:53.007+0000] {s3.py:118} INFO - Poking for key : s3://bronze/hackernews/jobs_2026-01-17*.json
[2026-01-20T03:12:53.307+0000] {s3.py:118} INFO - Poking for key : s3://bronze/hackernews/jobs_2026-01-17*.json
[2026-01-20T03:13:53.614+0000] {s3.py:118} INFO - Poking for key : s3://bronze/hackernews/jobs_2026-01-17*.json
[2026-01-20T03:14:53.910+0000] {s3.py:118} INFO - Poking for key : s3://bronze/hackernews/jobs_2026-01-17*.json
[2026-01-20T03:15:54.214+0000] {s3.py:118} INFO - Poking for key : s3://bronze/hackernews/jobs_2026-01-17*.json
[2026-01-20T03:16:54.503+0000] {s3.py:118} INFO - Poking for key : s3://bronze/hackernews/jobs_2026-01-17*.json
[2026-01-20T03:17:54.772+0000] {s3.py:118} INFO - Poking for key : s3://bronze/hackernews/jobs_2026-01-17*.json
[2026-01-20T03:18:55.110+0000] {s3.py:118} INFO - Poking for key : s3://bronze/hackernews/jobs_2026-01-17*.json
[2026-01-20T03:19:55.408+0000] {s3.py:118} INFO - Poking for key : s3://bronze/hackernews/jobs_2026-01-17*.json
[2026-01-20T03:20:55.754+0000] {s3.py:118} INFO - Poking for key : s3://bronze/hackernews/jobs_2026-01-17*.json
[2026-01-20T03:21:56.102+0000] {s3.py:118} INFO - Poking for key : s3://bronze/hackernews/jobs_2026-01-17*.json
[2026-01-20T03:22:56.442+0000] {s3.py:118} INFO - Poking for key : s3://bronze/hackernews/jobs_2026-01-17*.json
[2026-01-20T03:23:56.777+0000] {s3.py:118} INFO - Poking for key : s3://bronze/hackernews/jobs_2026-01-17*.json
[2026-01-20T03:24:57.123+0000] {s3.py:118} INFO - Poking for key : s3://bronze/hackernews/jobs_2026-01-17*.json
[2026-01-20T03:25:57.487+0000] {s3.py:118} INFO - Poking for key : s3://bronze/hackernews/jobs_2026-01-17*.json
[2026-01-20T03:26:57.796+0000] {s3.py:118} INFO - Poking for key : s3://bronze/hackernews/jobs_2026-01-17*.json
[2026-01-20T03:27:58.088+0000] {s3.py:118} INFO - Poking for key : s3://bronze/hackernews/jobs_2026-01-17*.json
[2026-01-20T03:28:58.374+0000] {s3.py:118} INFO - Poking for key : s3://bronze/hackernews/jobs_2026-01-17*.json
[2026-01-20T03:29:58.716+0000] {s3.py:118} INFO - Poking for key : s3://bronze/hackernews/jobs_2026-01-17*.json
[2026-01-20T03:30:58.995+0000] {s3.py:118} INFO - Poking for key : s3://bronze/hackernews/jobs_2026-01-17*.json
[2026-01-20T03:31:59.284+0000] {s3.py:118} INFO - Poking for key : s3://bronze/hackernews/jobs_2026-01-17*.json
[2026-01-20T03:32:59.631+0000] {s3.py:118} INFO - Poking for key : s3://bronze/hackernews/jobs_2026-01-17*.json
[2026-01-20T03:33:59.910+0000] {s3.py:118} INFO - Poking for key : s3://bronze/hackernews/jobs_2026-01-17*.json
[2026-01-20T03:35:00.246+0000] {s3.py:118} INFO - Poking for key : s3://bronze/hackernews/jobs_2026-01-17*.json
[2026-01-20T03:36:00.545+0000] {s3.py:118} INFO - Poking for key : s3://bronze/hackernews/jobs_2026-01-17*.json
[2026-01-20T03:37:00.864+0000] {s3.py:118} INFO - Poking for key : s3://bronze/hackernews/jobs_2026-01-17*.json
[2026-01-20T03:38:01.155+0000] {s3.py:118} INFO - Poking for key : s3://bronze/hackernews/jobs_2026-01-17*.json
[2026-01-20T03:39:01.461+0000] {s3.py:118} INFO - Poking for key : s3://bronze/hackernews/jobs_2026-01-17*.json
[2026-01-20T03:40:01.788+0000] {s3.py:118} INFO - Poking for key : s3://bronze/hackernews/jobs_2026-01-17*.json
[2026-01-20T03:41:02.136+0000] {s3.py:118} INFO - Poking for key : s3://bronze/hackernews/jobs_2026-01-17*.json
[2026-01-20T03:42:02.420+0000] {s3.py:118} INFO - Poking for key : s3://bronze/hackernews/jobs_2026-01-17*.json
[2026-01-20T03:43:02.741+0000] {s3.py:118} INFO - Poking for key : s3://bronze/hackernews/jobs_2026-01-17*.json
[2026-01-20T03:44:03.059+0000] {s3.py:118} INFO - Poking for key : s3://bronze/hackernews/jobs_2026-01-17*.json
[2026-01-20T03:45:03.336+0000] {s3.py:118} INFO - Poking for key : s3://bronze/hackernews/jobs_2026-01-17*.json
[2026-01-20T03:46:03.635+0000] {s3.py:118} INFO - Poking for key : s3://bronze/hackernews/jobs_2026-01-17*.json
[2026-01-20T03:47:03.964+0000] {s3.py:118} INFO - Poking for key : s3://bronze/hackernews/jobs_2026-01-17*.json
[2026-01-20T03:48:04.231+0000] {s3.py:118} INFO - Poking for key : s3://bronze/hackernews/jobs_2026-01-17*.json
[2026-01-20T03:49:04.564+0000] {s3.py:118} INFO - Poking for key : s3://bronze/hackernews/jobs_2026-01-17*.json
[2026-01-20T03:50:04.894+0000] {s3.py:118} INFO - Poking for key : s3://bronze/hackernews/jobs_2026-01-17*.json
[2026-01-20T03:51:05.213+0000] {s3.py:118} INFO - Poking for key : s3://bronze/hackernews/jobs_2026-01-17*.json
[2026-01-20T03:52:05.537+0000] {s3.py:118} INFO - Poking for key : s3://bronze/hackernews/jobs_2026-01-17*.json
[2026-01-20T03:53:05.925+0000] {s3.py:118} INFO - Poking for key : s3://bronze/hackernews/jobs_2026-01-17*.json
[2026-01-20T03:54:06.254+0000] {s3.py:118} INFO - Poking for key : s3://bronze/hackernews/jobs_2026-01-17*.json
[2026-01-20T03:55:06.632+0000] {s3.py:118} INFO - Poking for key : s3://bronze/hackernews/jobs_2026-01-17*.json
[2026-01-20T03:56:06.968+0000] {s3.py:118} INFO - Poking for key : s3://bronze/hackernews/jobs_2026-01-17*.json
[2026-01-20T03:57:07.263+0000] {s3.py:118} INFO - Poking for key : s3://bronze/hackernews/jobs_2026-01-17*.json
[2026-01-20T03:58:07.526+0000] {s3.py:118} INFO - Poking for key : s3://bronze/hackernews/jobs_2026-01-17*.json
[2026-01-20T03:59:07.835+0000] {s3.py:118} INFO - Poking for key : s3://bronze/hackernews/jobs_2026-01-17*.json
[2026-01-20T04:00:08.113+0000] {s3.py:118} INFO - Poking for key : s3://bronze/hackernews/jobs_2026-01-17*.json
[2026-01-20T04:01:08.405+0000] {s3.py:118} INFO - Poking for key : s3://bronze/hackernews/jobs_2026-01-17*.json
[2026-01-20T04:02:08.751+0000] {s3.py:118} INFO - Poking for key : s3://bronze/hackernews/jobs_2026-01-17*.json
[2026-01-20T04:03:09.042+0000] {s3.py:118} INFO - Poking for key : s3://bronze/hackernews/jobs_2026-01-17*.json
[2026-01-20T04:04:09.341+0000] {s3.py:118} INFO - Poking for key : s3://bronze/hackernews/jobs_2026-01-17*.json
[2026-01-20T04:05:09.667+0000] {s3.py:118} INFO - Poking for key : s3://bronze/hackernews/jobs_2026-01-17*.json
[2026-01-20T04:06:10.049+0000] {s3.py:118} INFO - Poking for key : s3://bronze/hackernews/jobs_2026-01-17*.json
[2026-01-20T04:07:10.362+0000] {s3.py:118} INFO - Poking for key : s3://bronze/hackernews/jobs_2026-01-17*.json
[2026-01-20T04:08:10.716+0000] {s3.py:118} INFO - Poking for key : s3://bronze/hackernews/jobs_2026-01-17*.json
[2026-01-20T04:09:11.047+0000] {s3.py:118} INFO - Poking for key : s3://bronze/hackernews/jobs_2026-01-17*.json
[2026-01-20T04:10:11.368+0000] {s3.py:118} INFO - Poking for key : s3://bronze/hackernews/jobs_2026-01-17*.json
[2026-01-20T04:11:11.701+0000] {s3.py:118} INFO - Poking for key : s3://bronze/hackernews/jobs_2026-01-17*.json
[2026-01-20T04:12:12.001+0000] {s3.py:118} INFO - Poking for key : s3://bronze/hackernews/jobs_2026-01-17*.json
[2026-01-20T04:13:12.293+0000] {s3.py:118} INFO - Poking for key : s3://bronze/hackernews/jobs_2026-01-17*.json
[2026-01-20T04:14:12.580+0000] {s3.py:118} INFO - Poking for key : s3://bronze/hackernews/jobs_2026-01-17*.json
[2026-01-20T04:15:12.884+0000] {s3.py:118} INFO - Poking for key : s3://bronze/hackernews/jobs_2026-01-17*.json
[2026-01-20T04:16:13.200+0000] {s3.py:118} INFO - Poking for key : s3://bronze/hackernews/jobs_2026-01-17*.json
[2026-01-20T04:17:13.500+0000] {s3.py:118} INFO - Poking for key : s3://bronze/hackernews/jobs_2026-01-17*.json
[2026-01-20T04:18:13.790+0000] {s3.py:118} INFO - Poking for key : s3://bronze/hackernews/jobs_2026-01-17*.json
[2026-01-20T04:19:14.107+0000] {s3.py:118} INFO - Poking for key : s3://bronze/hackernews/jobs_2026-01-17*.json
[2026-01-20T04:20:14.443+0000] {s3.py:118} INFO - Poking for key : s3://bronze/hackernews/jobs_2026-01-17*.json
[2026-01-20T04:21:14.738+0000] {s3.py:118} INFO - Poking for key : s3://bronze/hackernews/jobs_2026-01-17*.json
[2026-01-20T04:22:15.042+0000] {s3.py:118} INFO - Poking for key : s3://bronze/hackernews/jobs_2026-01-17*.json
[2026-01-20T04:23:15.347+0000] {s3.py:118} INFO - Poking for key : s3://bronze/hackernews/jobs_2026-01-17*.json
[2026-01-20T04:24:15.667+0000] {s3.py:118} INFO - Poking for key : s3://bronze/hackernews/jobs_2026-01-17*.json
[2026-01-20T04:25:15.954+0000] {s3.py:118} INFO - Poking for key : s3://bronze/hackernews/jobs_2026-01-17*.json
[2026-01-20T04:26:16.262+0000] {s3.py:118} INFO - Poking for key : s3://bronze/hackernews/jobs_2026-01-17*.json
[2026-01-20T04:27:16.629+0000] {s3.py:118} INFO - Poking for key : s3://bronze/hackernews/jobs_2026-01-17*.json
[2026-01-20T04:28:16.928+0000] {s3.py:118} INFO - Poking for key : s3://bronze/hackernews/jobs_2026-01-17*.json
[2026-01-20T04:29:17.219+0000] {s3.py:118} INFO - Poking for key : s3://bronze/hackernews/jobs_2026-01-17*.json
[2026-01-20T04:30:17.574+0000] {s3.py:118} INFO - Poking for key : s3://bronze/hackernews/jobs_2026-01-17*.json
[2026-01-20T04:31:17.876+0000] {s3.py:118} INFO - Poking for key : s3://bronze/hackernews/jobs_2026-01-17*.json
[2026-01-20T04:32:18.183+0000] {s3.py:118} INFO - Poking for key : s3://bronze/hackernews/jobs_2026-01-17*.json
[2026-01-20T04:33:18.529+0000] {s3.py:118} INFO - Poking for key : s3://bronze/hackernews/jobs_2026-01-17*.json
[2026-01-20T04:34:18.822+0000] {s3.py:118} INFO - Poking for key : s3://bronze/hackernews/jobs_2026-01-17*.json
[2026-01-20T04:35:19.168+0000] {s3.py:118} INFO - Poking for key : s3://bronze/hackernews/jobs_2026-01-17*.json
[2026-01-20T04:36:19.482+0000] {s3.py:118} INFO - Poking for key : s3://bronze/hackernews/jobs_2026-01-17*.json
[2026-01-20T04:37:19.828+0000] {s3.py:118} INFO - Poking for key : s3://bronze/hackernews/jobs_2026-01-17*.json
[2026-01-20T04:38:20.159+0000] {s3.py:118} INFO - Poking for key : s3://bronze/hackernews/jobs_2026-01-17*.json
[2026-01-20T04:39:20.512+0000] {s3.py:118} INFO - Poking for key : s3://bronze/hackernews/jobs_2026-01-17*.json
[2026-01-20T04:40:20.863+0000] {s3.py:118} INFO - Poking for key : s3://bronze/hackernews/jobs_2026-01-17*.json
[2026-01-20T04:41:21.213+0000] {s3.py:118} INFO - Poking for key : s3://bronze/hackernews/jobs_2026-01-17*.json
[2026-01-20T04:42:21.539+0000] {s3.py:118} INFO - Poking for key : s3://bronze/hackernews/jobs_2026-01-17*.json
[2026-01-20T04:43:21.910+0000] {s3.py:118} INFO - Poking for key : s3://bronze/hackernews/jobs_2026-01-17*.json
[2026-01-20T04:44:22.259+0000] {s3.py:118} INFO - Poking for key : s3://bronze/hackernews/jobs_2026-01-17*.json
[2026-01-20T04:45:22.609+0000] {s3.py:118} INFO - Poking for key : s3://bronze/hackernews/jobs_2026-01-17*.json
[2026-01-20T04:46:22.945+0000] {s3.py:118} INFO - Poking for key : s3://bronze/hackernews/jobs_2026-01-17*.json
[2026-01-20T04:47:23.252+0000] {s3.py:118} INFO - Poking for key : s3://bronze/hackernews/jobs_2026-01-17*.json
[2026-01-20T04:48:23.599+0000] {s3.py:118} INFO - Poking for key : s3://bronze/hackernews/jobs_2026-01-17*.json
[2026-01-20T04:49:23.922+0000] {s3.py:118} INFO - Poking for key : s3://bronze/hackernews/jobs_2026-01-17*.json
[2026-01-20T04:50:24.229+0000] {s3.py:118} INFO - Poking for key : s3://bronze/hackernews/jobs_2026-01-17*.json
[2026-01-20T04:51:24.572+0000] {s3.py:118} INFO - Poking for key : s3://bronze/hackernews/jobs_2026-01-17*.json
[2026-01-20T04:52:24.911+0000] {s3.py:118} INFO - Poking for key : s3://bronze/hackernews/jobs_2026-01-17*.json
[2026-01-20T04:53:25.299+0000] {s3.py:118} INFO - Poking for key : s3://bronze/hackernews/jobs_2026-01-17*.json
[2026-01-20T04:54:25.605+0000] {s3.py:118} INFO - Poking for key : s3://bronze/hackernews/jobs_2026-01-17*.json
[2026-01-20T04:55:25.958+0000] {s3.py:118} INFO - Poking for key : s3://bronze/hackernews/jobs_2026-01-17*.json
[2026-01-20T04:56:26.291+0000] {s3.py:118} INFO - Poking for key : s3://bronze/hackernews/jobs_2026-01-17*.json
[2026-01-20T04:57:26.601+0000] {s3.py:118} INFO - Poking for key : s3://bronze/hackernews/jobs_2026-01-17*.json
[2026-01-20T04:58:26.971+0000] {s3.py:118} INFO - Poking for key : s3://bronze/hackernews/jobs_2026-01-17*.json
[2026-01-20T04:59:27.318+0000] {s3.py:118} INFO - Poking for key : s3://bronze/hackernews/jobs_2026-01-17*.json
[2026-01-20T05:00:27.656+0000] {s3.py:118} INFO - Poking for key : s3://bronze/hackernews/jobs_2026-01-17*.json
[2026-01-20T05:01:27.962+0000] {s3.py:118} INFO - Poking for key : s3://bronze/hackernews/jobs_2026-01-17*.json
[2026-01-20T05:02:28.275+0000] {s3.py:118} INFO - Poking for key : s3://bronze/hackernews/jobs_2026-01-17*.json
[2026-01-20T05:03:28.572+0000] {s3.py:118} INFO - Poking for key : s3://bronze/hackernews/jobs_2026-01-17*.json
[2026-01-20T05:04:28.901+0000] {s3.py:118} INFO - Poking for key : s3://bronze/hackernews/jobs_2026-01-17*.json
[2026-01-20T05:05:29.255+0000] {s3.py:118} INFO - Poking for key : s3://bronze/hackernews/jobs_2026-01-17*.json
[2026-01-20T05:06:29.644+0000] {s3.py:118} INFO - Poking for key : s3://bronze/hackernews/jobs_2026-01-17*.json
[2026-01-20T05:07:30.009+0000] {s3.py:118} INFO - Poking for key : s3://bronze/hackernews/jobs_2026-01-17*.json
[2026-01-20T05:08:30.390+0000] {s3.py:118} INFO - Poking for key : s3://bronze/hackernews/jobs_2026-01-17*.json
[2026-01-20T05:09:30.722+0000] {s3.py:118} INFO - Poking for key : s3://bronze/hackernews/jobs_2026-01-17*.json
[2026-01-20T05:10:31.042+0000] {s3.py:118} INFO - Poking for key : s3://bronze/hackernews/jobs_2026-01-17*.json
[2026-01-20T05:11:31.485+0000] {s3.py:118} INFO - Poking for key : s3://bronze/hackernews/jobs_2026-01-17*.json
[2026-01-20T06:08:02.171+0000] {local_task_job_runner.py:223} ERROR - Heartbeat time limit exceeded!
[2026-01-20T06:08:02.177+0000] {local_task_job_runner.py:240} INFO - ::endgroup::
[2026-01-20T06:08:02.184+0000] {process_utils.py:132} INFO - Sending 15 to group 3772. PIDs of all processes in the group: [3772]
[2026-01-20T06:08:02.186+0000] {process_utils.py:87} INFO - Sending the signal 15 to group 3772
[2026-01-20T06:08:02.188+0000] {taskinstance.py:3083} ERROR - Received SIGTERM. Terminating subprocesses.
[2026-01-20T06:08:02.330+0000] {taskinstance.py:3301} ERROR - Task failed with exception
Traceback (most recent call last):
  File "/home/airflow/.local/lib/python3.12/site-packages/airflow/models/taskinstance.py", line 767, in _execute_task
    result = _execute_callable(context=context, **execute_callable_kwargs)
             ^^^^^^^^^^^^^^^^^^^^^^^^^^^^^^^^^^^^^^^^^^^^^^^^^^^^^^^^^^^^^
  File "/home/airflow/.local/lib/python3.12/site-packages/airflow/models/taskinstance.py", line 733, in _execute_callable
    return ExecutionCallableRunner(
           ^^^^^^^^^^^^^^^^^^^^^^^^
  File "/home/airflow/.local/lib/python3.12/site-packages/airflow/utils/operator_helpers.py", line 252, in run
    return self.func(*args, **kwargs)
           ^^^^^^^^^^^^^^^^^^^^^^^^^^
  File "/home/airflow/.local/lib/python3.12/site-packages/airflow/models/baseoperator.py", line 406, in wrapper
    return func(self, *args, **kwargs)
           ^^^^^^^^^^^^^^^^^^^^^^^^^^^
  File "/home/airflow/.local/lib/python3.12/site-packages/airflow/providers/amazon/aws/sensors/s3.py", line 189, in execute
    super().execute(context)
  File "/home/airflow/.local/lib/python3.12/site-packages/airflow/models/baseoperator.py", line 406, in wrapper
    return func(self, *args, **kwargs)
           ^^^^^^^^^^^^^^^^^^^^^^^^^^^
  File "/home/airflow/.local/lib/python3.12/site-packages/airflow/sensors/base.py", line 334, in execute
    time.sleep(self._get_next_poke_interval(started_at, run_duration, poke_count))
  File "/home/airflow/.local/lib/python3.12/site-packages/airflow/models/taskinstance.py", line 3085, in signal_handler
    raise AirflowTaskTerminated("Task received SIGTERM signal")
airflow.exceptions.AirflowTaskTerminated: Task received SIGTERM signal
[2026-01-20T06:08:02.372+0000] {taskinstance.py:1225} INFO - Marking task as UP_FOR_RETRY. dag_id=silver_layer_sensor_driven, task_id=wait_for_bronze_data, run_id=scheduled__2026-01-19T02:00:00+00:00, execution_date=20260119T020000, start_date=20260120T020014, end_date=20260120T060802
[2026-01-20T06:08:02.446+0000] {taskinstance.py:340} INFO - ::group::Post task execution logs
[2026-01-20T06:08:02.480+0000] {process_utils.py:80} INFO - Process psutil.Process(pid=3772, status='terminated', exitcode=2, started='02:00:13') (3772) terminated with exit code 2
