[2026-01-16T00:00:01.695+0000] {local_task_job_runner.py:123} INFO - ::group::Pre task execution logs
[2026-01-16T00:00:01.821+0000] {taskinstance.py:2603} INFO - Dependencies all met for dep_context=non-requeueable deps ti=<TaskInstance: hn_extraction_json_to_bronze.extract_hn_comments scheduled__2026-01-15T00:00:00+00:00 [queued]>
[2026-01-16T00:00:01.839+0000] {taskinstance.py:2603} INFO - Dependencies all met for dep_context=requeueable deps ti=<TaskInstance: hn_extraction_json_to_bronze.extract_hn_comments scheduled__2026-01-15T00:00:00+00:00 [queued]>
[2026-01-16T00:00:01.840+0000] {taskinstance.py:2856} INFO - Starting attempt 1 of 2
[2026-01-16T00:00:01.945+0000] {taskinstance.py:2879} INFO - Executing <Task(PythonOperator): extract_hn_comments> on 2026-01-15 00:00:00+00:00
[2026-01-16T00:00:01.966+0000] {logging_mixin.py:190} WARNING - /home/airflow/.local/lib/python3.12/site-packages/airflow/task/task_runner/standard_task_runner.py:70 DeprecationWarning: This process (pid=564) is multi-threaded, use of fork() may lead to deadlocks in the child.
[2026-01-16T00:00:01.979+0000] {standard_task_runner.py:72} INFO - Started process 565 to run task
[2026-01-16T00:00:01.979+0000] {standard_task_runner.py:104} INFO - Running: ['airflow', 'tasks', 'run', 'hn_extraction_json_to_bronze', 'extract_hn_comments', 'scheduled__2026-01-15T00:00:00+00:00', '--job-id', '50', '--raw', '--subdir', 'DAGS_FOLDER/hn_extraction_dag.py', '--cfg-path', '/tmp/tmp8v3eefqz']
[2026-01-16T00:00:01.984+0000] {standard_task_runner.py:105} INFO - Job 50: Subtask extract_hn_comments
[2026-01-16T00:00:02.304+0000] {task_command.py:467} INFO - Running <TaskInstance: hn_extraction_json_to_bronze.extract_hn_comments scheduled__2026-01-15T00:00:00+00:00 [running]> on host 00a143680a39
[2026-01-16T00:00:02.772+0000] {taskinstance.py:3122} INFO - Exporting env vars: AIRFLOW_CTX_DAG_OWNER='airflow' AIRFLOW_CTX_DAG_ID='hn_extraction_json_to_bronze' AIRFLOW_CTX_TASK_ID='extract_hn_comments' AIRFLOW_CTX_EXECUTION_DATE='2026-01-15T00:00:00+00:00' AIRFLOW_CTX_TRY_NUMBER='1' AIRFLOW_CTX_DAG_RUN_ID='scheduled__2026-01-15T00:00:00+00:00'
[2026-01-16T00:00:02.773+0000] {taskinstance.py:731} INFO - ::endgroup::
[2026-01-16T00:00:03.642+0000] {logging_mixin.py:190} INFO - Checking thread 46466074 since 2026-01-15T23:03:34
[2026-01-16T00:00:04.157+0000] {logging_mixin.py:190} INFO - No new comments found
[2026-01-16T00:00:04.161+0000] {python.py:240} INFO - Done. Returned value was: None
[2026-01-16T00:00:04.319+0000] {taskinstance.py:340} INFO - ::group::Post task execution logs
[2026-01-16T00:00:04.321+0000] {taskinstance.py:352} INFO - Marking task as SUCCESS. dag_id=hn_extraction_json_to_bronze, task_id=extract_hn_comments, run_id=scheduled__2026-01-15T00:00:00+00:00, execution_date=20260115T000000, start_date=20260116T000001, end_date=20260116T000004
[2026-01-16T00:00:04.408+0000] {local_task_job_runner.py:261} INFO - Task exited with return code 0
[2026-01-16T00:00:04.612+0000] {taskinstance.py:3891} INFO - 0 downstream tasks scheduled from follow-on schedule check
[2026-01-16T00:00:04.619+0000] {local_task_job_runner.py:240} INFO - ::endgroup::
