[2026-01-18T02:56:19.090+0000] {local_task_job_runner.py:123} INFO - ::group::Pre task execution logs
[2026-01-18T02:56:19.254+0000] {taskinstance.py:2603} INFO - Dependencies all met for dep_context=non-requeueable deps ti=<TaskInstance: silver_layer_sensor_driven.spark_bronze_to_silver manual__2026-01-18T02:51:06.315278+00:00 [queued]>
[2026-01-18T02:56:19.279+0000] {taskinstance.py:2603} INFO - Dependencies all met for dep_context=requeueable deps ti=<TaskInstance: silver_layer_sensor_driven.spark_bronze_to_silver manual__2026-01-18T02:51:06.315278+00:00 [queued]>
[2026-01-18T02:56:19.281+0000] {taskinstance.py:2856} INFO - Starting attempt 2 of 2
[2026-01-18T02:56:19.312+0000] {taskinstance.py:2879} INFO - Executing <Task(SparkSubmitOperator): spark_bronze_to_silver> on 2026-01-18 02:51:06.315278+00:00
[2026-01-18T02:56:19.328+0000] {logging_mixin.py:190} WARNING - /home/airflow/.local/lib/python3.12/site-packages/airflow/task/task_runner/standard_task_runner.py:70 DeprecationWarning: This process (pid=20272) is multi-threaded, use of fork() may lead to deadlocks in the child.
[2026-01-18T02:56:19.338+0000] {standard_task_runner.py:72} INFO - Started process 20288 to run task
[2026-01-18T02:56:19.330+0000] {standard_task_runner.py:104} INFO - Running: ['airflow', 'tasks', 'run', 'silver_layer_sensor_driven', 'spark_bronze_to_silver', 'manual__2026-01-18T02:51:06.315278+00:00', '--job-id', '76', '--raw', '--subdir', 'DAGS_FOLDER/bronze_to_silver.py', '--cfg-path', '/tmp/tmp6f5rohn2']
[2026-01-18T02:56:19.344+0000] {standard_task_runner.py:105} INFO - Job 76: Subtask spark_bronze_to_silver
[2026-01-18T02:56:19.866+0000] {task_command.py:467} INFO - Running <TaskInstance: silver_layer_sensor_driven.spark_bronze_to_silver manual__2026-01-18T02:51:06.315278+00:00 [running]> on host f24469a8e3b4
[2026-01-18T02:56:20.482+0000] {taskinstance.py:3122} INFO - Exporting env vars: AIRFLOW_CTX_DAG_OWNER='airflow' AIRFLOW_CTX_DAG_ID='silver_layer_sensor_driven' AIRFLOW_CTX_TASK_ID='spark_bronze_to_silver' AIRFLOW_CTX_EXECUTION_DATE='2026-01-18T02:51:06.315278+00:00' AIRFLOW_CTX_TRY_NUMBER='2' AIRFLOW_CTX_DAG_RUN_ID='manual__2026-01-18T02:51:06.315278+00:00'
[2026-01-18T02:56:20.484+0000] {taskinstance.py:731} INFO - ::endgroup::
[2026-01-18T02:56:20.619+0000] {base.py:84} INFO - Retrieving connection 'spark_local'
[2026-01-18T02:56:20.624+0000] {spark_submit.py:474} INFO - Spark-Submit cmd: spark-submit --master local[*] --conf spark.master=local[*] --conf spark.hadoop.fs.s3a.endpoint=http://rustfs:9000 --conf spark.hadoop.fs.s3a.access.key=rustfsadmin --conf spark.hadoop.fs.s3a.secret.key=****** --conf spark.hadoop.fs.s3a.path.style.access=true --conf spark.hadoop.fs.s3a.impl=org.apache.hadoop.fs.s3a.S3AFileSystem --conf spark.sql.sources.partitionOverwriteMode=dynamic --conf spark.hadoop.fs.s3a.change.detection.mode=none --packages org.apache.hadoop:hadoop-aws:3.3.4,com.amazonaws:aws-java-sdk-bundle:1.12.262 --name arrow-spark --verbose --deploy-mode client /opt/airflow/scripts/bronze_to_silver.py 2026-01-16
[2026-01-18T02:56:20.638+0000] {spark_submit.py:641} INFO - /opt/spark/bin/load-spark-env.sh: line 68: ps: command not found
[2026-01-18T02:56:22.486+0000] {spark_submit.py:641} INFO - Using properties file: null
[2026-01-18T02:56:22.686+0000] {spark_submit.py:641} INFO - Parsed arguments:
[2026-01-18T02:56:22.689+0000] {spark_submit.py:641} INFO - master                  local[*]
[2026-01-18T02:56:22.690+0000] {spark_submit.py:641} INFO - remote                  null
[2026-01-18T02:56:22.691+0000] {spark_submit.py:641} INFO - deployMode              client
[2026-01-18T02:56:22.691+0000] {spark_submit.py:641} INFO - executorMemory          null
[2026-01-18T02:56:22.693+0000] {spark_submit.py:641} INFO - executorCores           null
[2026-01-18T02:56:22.694+0000] {spark_submit.py:641} INFO - totalExecutorCores      null
[2026-01-18T02:56:22.695+0000] {spark_submit.py:641} INFO - propertiesFile          null
[2026-01-18T02:56:22.695+0000] {spark_submit.py:641} INFO - driverMemory            null
[2026-01-18T02:56:22.696+0000] {spark_submit.py:641} INFO - driverCores             null
[2026-01-18T02:56:22.697+0000] {spark_submit.py:641} INFO - driverExtraClassPath    null
[2026-01-18T02:56:22.699+0000] {spark_submit.py:641} INFO - driverExtraLibraryPath  null
[2026-01-18T02:56:22.700+0000] {spark_submit.py:641} INFO - driverExtraJavaOptions  null
[2026-01-18T02:56:22.701+0000] {spark_submit.py:641} INFO - supervise               false
[2026-01-18T02:56:22.702+0000] {spark_submit.py:641} INFO - queue                   null
[2026-01-18T02:56:22.702+0000] {spark_submit.py:641} INFO - numExecutors            null
[2026-01-18T02:56:22.703+0000] {spark_submit.py:641} INFO - files                   null
[2026-01-18T02:56:22.703+0000] {spark_submit.py:641} INFO - pyFiles                 null
[2026-01-18T02:56:22.704+0000] {spark_submit.py:641} INFO - archives                null
[2026-01-18T02:56:22.705+0000] {spark_submit.py:641} INFO - mainClass               null
[2026-01-18T02:56:22.705+0000] {spark_submit.py:641} INFO - primaryResource         file:/opt/airflow/scripts/bronze_to_silver.py
[2026-01-18T02:56:22.706+0000] {spark_submit.py:641} INFO - name                    arrow-spark
[2026-01-18T02:56:22.706+0000] {spark_submit.py:641} INFO - childArgs               [2026-01-16]
[2026-01-18T02:56:22.707+0000] {spark_submit.py:641} INFO - jars                    null
[2026-01-18T02:56:22.708+0000] {spark_submit.py:641} INFO - packages                org.apache.hadoop:hadoop-aws:3.3.4,com.amazonaws:aws-java-sdk-bundle:1.12.262
[2026-01-18T02:56:22.708+0000] {spark_submit.py:641} INFO - packagesExclusions      null
[2026-01-18T02:56:22.709+0000] {spark_submit.py:641} INFO - repositories            null
[2026-01-18T02:56:22.709+0000] {spark_submit.py:641} INFO - verbose                 true
[2026-01-18T02:56:22.710+0000] {spark_submit.py:641} INFO - 
[2026-01-18T02:56:22.712+0000] {spark_submit.py:641} INFO - Spark properties used, including those specified through
[2026-01-18T02:56:22.713+0000] {spark_submit.py:641} INFO - --conf and those from the properties file null:
[2026-01-18T02:56:22.714+0000] {spark_submit.py:641} INFO - (spark.hadoop.fs.s3a.access.key,*********(redacted))
[2026-01-18T02:56:22.714+0000] {spark_submit.py:641} INFO - (spark.hadoop.fs.s3a.change.detection.mode,none)
[2026-01-18T02:56:22.715+0000] {spark_submit.py:641} INFO - (spark.hadoop.fs.s3a.endpoint,http://rustfs:9000)
[2026-01-18T02:56:22.717+0000] {spark_submit.py:641} INFO - (spark.hadoop.fs.s3a.impl,org.apache.hadoop.fs.s3a.S3AFileSystem)
[2026-01-18T02:56:22.718+0000] {spark_submit.py:641} INFO - (spark.hadoop.fs.s3a.path.style.access,true)
[2026-01-18T02:56:22.718+0000] {spark_submit.py:641} INFO - (spark.hadoop.fs.s3a.secret.key,*********(redacted))
[2026-01-18T02:56:22.719+0000] {spark_submit.py:641} INFO - (spark.master,local[*])
[2026-01-18T02:56:22.720+0000] {spark_submit.py:641} INFO - (spark.sql.sources.partitionOverwriteMode,dynamic)
[2026-01-18T02:56:22.721+0000] {spark_submit.py:641} INFO - 
[2026-01-18T02:56:22.722+0000] {spark_submit.py:641} INFO - 
[2026-01-18T02:56:22.968+0000] {spark_submit.py:641} INFO - :: loading settings :: url = jar:file:/opt/spark/jars/ivy-2.5.1.jar!/org/apache/ivy/core/settings/ivysettings.xml
[2026-01-18T02:56:23.106+0000] {spark_submit.py:641} INFO - Ivy Default Cache set to: /home/airflow/.ivy2/cache
[2026-01-18T02:56:23.108+0000] {spark_submit.py:641} INFO - The jars for the packages stored in: /home/airflow/.ivy2/jars
[2026-01-18T02:56:23.115+0000] {spark_submit.py:641} INFO - org.apache.hadoop#hadoop-aws added as a dependency
[2026-01-18T02:56:23.116+0000] {spark_submit.py:641} INFO - com.amazonaws#aws-java-sdk-bundle added as a dependency
[2026-01-18T02:56:23.117+0000] {spark_submit.py:641} INFO - :: resolving dependencies :: org.apache.spark#spark-submit-parent-c1a72a0a-7326-4cb9-9399-3b245962ec3d;1.0
[2026-01-18T02:56:23.117+0000] {spark_submit.py:641} INFO - confs: [default]
[2026-01-18T02:56:23.412+0000] {spark_submit.py:641} INFO - found org.apache.hadoop#hadoop-aws;3.3.4 in central
[2026-01-18T02:56:23.466+0000] {spark_submit.py:641} INFO - found com.amazonaws#aws-java-sdk-bundle;1.12.262 in central
[2026-01-18T02:56:23.518+0000] {spark_submit.py:641} INFO - found org.wildfly.openssl#wildfly-openssl;1.0.7.Final in central
[2026-01-18T02:56:23.561+0000] {spark_submit.py:641} INFO - :: resolution report :: resolve 429ms :: artifacts dl 15ms
[2026-01-18T02:56:23.562+0000] {spark_submit.py:641} INFO - :: modules in use:
[2026-01-18T02:56:23.563+0000] {spark_submit.py:641} INFO - com.amazonaws#aws-java-sdk-bundle;1.12.262 from central in [default]
[2026-01-18T02:56:23.563+0000] {spark_submit.py:641} INFO - org.apache.hadoop#hadoop-aws;3.3.4 from central in [default]
[2026-01-18T02:56:23.564+0000] {spark_submit.py:641} INFO - org.wildfly.openssl#wildfly-openssl;1.0.7.Final from central in [default]
[2026-01-18T02:56:23.566+0000] {spark_submit.py:641} INFO - ---------------------------------------------------------------------
[2026-01-18T02:56:23.567+0000] {spark_submit.py:641} INFO - |                  |            modules            ||   artifacts   |
[2026-01-18T02:56:23.567+0000] {spark_submit.py:641} INFO - |       conf       | number| search|dwnlded|evicted|| number|dwnlded|
[2026-01-18T02:56:23.568+0000] {spark_submit.py:641} INFO - ---------------------------------------------------------------------
[2026-01-18T02:56:23.569+0000] {spark_submit.py:641} INFO - |      default     |   3   |   0   |   0   |   0   ||   3   |   0   |
[2026-01-18T02:56:23.569+0000] {spark_submit.py:641} INFO - ---------------------------------------------------------------------
[2026-01-18T02:56:23.571+0000] {spark_submit.py:641} INFO - :: retrieving :: org.apache.spark#spark-submit-parent-c1a72a0a-7326-4cb9-9399-3b245962ec3d
[2026-01-18T02:56:23.572+0000] {spark_submit.py:641} INFO - confs: [default]
[2026-01-18T02:56:23.583+0000] {spark_submit.py:641} INFO - 0 artifacts copied, 3 already retrieved (0kB/12ms)
[2026-01-18T02:56:23.885+0000] {spark_submit.py:641} INFO - 26/01/18 02:56:23 WARN NativeCodeLoader: Unable to load native-hadoop library for your platform... using builtin-java classes where applicable
[2026-01-18T02:56:24.199+0000] {spark_submit.py:641} INFO - Main class:
[2026-01-18T02:56:24.200+0000] {spark_submit.py:641} INFO - org.apache.spark.deploy.PythonRunner
[2026-01-18T02:56:24.201+0000] {spark_submit.py:641} INFO - Arguments:
[2026-01-18T02:56:24.202+0000] {spark_submit.py:641} INFO - file:/opt/airflow/scripts/bronze_to_silver.py
[2026-01-18T02:56:24.203+0000] {spark_submit.py:641} INFO - file:///home/airflow/.ivy2/jars/org.apache.hadoop_hadoop-aws-3.3.4.jar,file:///home/airflow/.ivy2/jars/com.amazonaws_aws-java-sdk-bundle-1.12.262.jar,file:///home/airflow/.ivy2/jars/org.wildfly.openssl_wildfly-openssl-1.0.7.Final.jar
[2026-01-18T02:56:24.203+0000] {spark_submit.py:641} INFO - 2026-01-16
[2026-01-18T02:56:24.205+0000] {spark_submit.py:641} INFO - Spark config:
[2026-01-18T02:56:24.206+0000] {spark_submit.py:641} INFO - (spark.app.name,arrow-spark)
[2026-01-18T02:56:24.207+0000] {spark_submit.py:641} INFO - (spark.app.submitTime,1768704984157)
[2026-01-18T02:56:24.207+0000] {spark_submit.py:641} INFO - (spark.files,file:///home/airflow/.ivy2/jars/org.apache.hadoop_hadoop-aws-3.3.4.jar,file:///home/airflow/.ivy2/jars/com.amazonaws_aws-java-sdk-bundle-1.12.262.jar,file:///home/airflow/.ivy2/jars/org.wildfly.openssl_wildfly-openssl-1.0.7.Final.jar)
[2026-01-18T02:56:24.208+0000] {spark_submit.py:641} INFO - (spark.hadoop.fs.s3a.access.key,*********(redacted))
[2026-01-18T02:56:24.209+0000] {spark_submit.py:641} INFO - (spark.hadoop.fs.s3a.change.detection.mode,none)
[2026-01-18T02:56:24.209+0000] {spark_submit.py:641} INFO - (spark.hadoop.fs.s3a.endpoint,http://rustfs:9000)
[2026-01-18T02:56:24.210+0000] {spark_submit.py:641} INFO - (spark.hadoop.fs.s3a.impl,org.apache.hadoop.fs.s3a.S3AFileSystem)
[2026-01-18T02:56:24.210+0000] {spark_submit.py:641} INFO - (spark.hadoop.fs.s3a.path.style.access,true)
[2026-01-18T02:56:24.211+0000] {spark_submit.py:641} INFO - (spark.hadoop.fs.s3a.secret.key,*********(redacted))
[2026-01-18T02:56:24.212+0000] {spark_submit.py:641} INFO - (spark.jars,file:///home/airflow/.ivy2/jars/org.apache.hadoop_hadoop-aws-3.3.4.jar,file:///home/airflow/.ivy2/jars/com.amazonaws_aws-java-sdk-bundle-1.12.262.jar,file:///home/airflow/.ivy2/jars/org.wildfly.openssl_wildfly-openssl-1.0.7.Final.jar)
[2026-01-18T02:56:24.213+0000] {spark_submit.py:641} INFO - (spark.master,local[*])
[2026-01-18T02:56:24.213+0000] {spark_submit.py:641} INFO - (spark.repl.local.jars,file:///home/airflow/.ivy2/jars/org.apache.hadoop_hadoop-aws-3.3.4.jar,file:///home/airflow/.ivy2/jars/com.amazonaws_aws-java-sdk-bundle-1.12.262.jar,file:///home/airflow/.ivy2/jars/org.wildfly.openssl_wildfly-openssl-1.0.7.Final.jar)
[2026-01-18T02:56:24.214+0000] {spark_submit.py:641} INFO - (spark.sql.sources.partitionOverwriteMode,dynamic)
[2026-01-18T02:56:24.215+0000] {spark_submit.py:641} INFO - (spark.submit.deployMode,client)
[2026-01-18T02:56:24.216+0000] {spark_submit.py:641} INFO - (spark.submit.pyFiles,/home/airflow/.ivy2/jars/org.apache.hadoop_hadoop-aws-3.3.4.jar,/home/airflow/.ivy2/jars/com.amazonaws_aws-java-sdk-bundle-1.12.262.jar,/home/airflow/.ivy2/jars/org.wildfly.openssl_wildfly-openssl-1.0.7.Final.jar)
[2026-01-18T02:56:24.217+0000] {spark_submit.py:641} INFO - Classpath elements:
[2026-01-18T02:56:24.218+0000] {spark_submit.py:641} INFO - file:///home/airflow/.ivy2/jars/org.apache.hadoop_hadoop-aws-3.3.4.jar
[2026-01-18T02:56:24.218+0000] {spark_submit.py:641} INFO - file:///home/airflow/.ivy2/jars/com.amazonaws_aws-java-sdk-bundle-1.12.262.jar
[2026-01-18T02:56:24.219+0000] {spark_submit.py:641} INFO - file:///home/airflow/.ivy2/jars/org.wildfly.openssl_wildfly-openssl-1.0.7.Final.jar
[2026-01-18T02:56:24.219+0000] {spark_submit.py:641} INFO - 
[2026-01-18T02:56:24.220+0000] {spark_submit.py:641} INFO - 
[2026-01-18T02:56:26.889+0000] {spark_submit.py:641} INFO - 26/01/18 02:56:26 INFO SparkContext: Running Spark version 3.5.0
[2026-01-18T02:56:26.890+0000] {spark_submit.py:641} INFO - 26/01/18 02:56:26 INFO SparkContext: OS info Linux, 6.6.87.2-microsoft-standard-WSL2, amd64
[2026-01-18T02:56:26.891+0000] {spark_submit.py:641} INFO - 26/01/18 02:56:26 INFO SparkContext: Java version 17.0.17
[2026-01-18T02:56:26.936+0000] {spark_submit.py:641} INFO - 26/01/18 02:56:26 INFO ResourceUtils: ==============================================================
[2026-01-18T02:56:26.939+0000] {spark_submit.py:641} INFO - 26/01/18 02:56:26 INFO ResourceUtils: No custom resources configured for spark.driver.
[2026-01-18T02:56:26.941+0000] {spark_submit.py:641} INFO - 26/01/18 02:56:26 INFO ResourceUtils: ==============================================================
[2026-01-18T02:56:26.941+0000] {spark_submit.py:641} INFO - 26/01/18 02:56:26 INFO SparkContext: Submitted application: IdempotentSilverLayer
[2026-01-18T02:56:26.972+0000] {spark_submit.py:641} INFO - 26/01/18 02:56:26 INFO ResourceProfile: Default ResourceProfile created, executor resources: Map(cores -> name: cores, amount: 1, script: , vendor: , memory -> name: memory, amount: 1024, script: , vendor: , offHeap -> name: offHeap, amount: 0, script: , vendor: ), task resources: Map(cpus -> name: cpus, amount: 1.0)
[2026-01-18T02:56:26.990+0000] {spark_submit.py:641} INFO - 26/01/18 02:56:26 INFO ResourceProfile: Limiting resource is cpu
[2026-01-18T02:56:26.991+0000] {spark_submit.py:641} INFO - 26/01/18 02:56:26 INFO ResourceProfileManager: Added ResourceProfile id: 0
[2026-01-18T02:56:27.110+0000] {spark_submit.py:641} INFO - 26/01/18 02:56:27 INFO SecurityManager: Changing view acls to: airflow
[2026-01-18T02:56:27.113+0000] {spark_submit.py:641} INFO - 26/01/18 02:56:27 INFO SecurityManager: Changing modify acls to: airflow
[2026-01-18T02:56:27.115+0000] {spark_submit.py:641} INFO - 26/01/18 02:56:27 INFO SecurityManager: Changing view acls groups to:
[2026-01-18T02:56:27.116+0000] {spark_submit.py:641} INFO - 26/01/18 02:56:27 INFO SecurityManager: Changing modify acls groups to:
[2026-01-18T02:56:27.117+0000] {spark_submit.py:641} INFO - 26/01/18 02:56:27 INFO SecurityManager: SecurityManager: authentication disabled; ui acls disabled; users with view permissions: airflow; groups with view permissions: EMPTY; users with modify permissions: airflow; groups with modify permissions: EMPTY
[2026-01-18T02:56:27.487+0000] {spark_submit.py:641} INFO - 26/01/18 02:56:27 INFO Utils: Successfully started service 'sparkDriver' on port 39425.
[2026-01-18T02:56:27.546+0000] {spark_submit.py:641} INFO - 26/01/18 02:56:27 INFO SparkEnv: Registering MapOutputTracker
[2026-01-18T02:56:27.602+0000] {spark_submit.py:641} INFO - 26/01/18 02:56:27 INFO SparkEnv: Registering BlockManagerMaster
[2026-01-18T02:56:27.626+0000] {spark_submit.py:641} INFO - 26/01/18 02:56:27 INFO BlockManagerMasterEndpoint: Using org.apache.spark.storage.DefaultTopologyMapper for getting topology information
[2026-01-18T02:56:27.627+0000] {spark_submit.py:641} INFO - 26/01/18 02:56:27 INFO BlockManagerMasterEndpoint: BlockManagerMasterEndpoint up
[2026-01-18T02:56:27.632+0000] {spark_submit.py:641} INFO - 26/01/18 02:56:27 INFO SparkEnv: Registering BlockManagerMasterHeartbeat
[2026-01-18T02:56:27.659+0000] {spark_submit.py:641} INFO - 26/01/18 02:56:27 INFO DiskBlockManager: Created local directory at /tmp/blockmgr-e15e25b2-8567-491c-b392-156ededecbd4
[2026-01-18T02:56:27.686+0000] {spark_submit.py:641} INFO - 26/01/18 02:56:27 INFO MemoryStore: MemoryStore started with capacity 434.4 MiB
[2026-01-18T02:56:27.715+0000] {spark_submit.py:641} INFO - 26/01/18 02:56:27 INFO SparkEnv: Registering OutputCommitCoordinator
[2026-01-18T02:56:27.908+0000] {spark_submit.py:641} INFO - 26/01/18 02:56:27 INFO JettyUtils: Start Jetty 0.0.0.0:4040 for SparkUI
[2026-01-18T02:56:28.004+0000] {spark_submit.py:641} INFO - 26/01/18 02:56:28 INFO Utils: Successfully started service 'SparkUI' on port 4040.
[2026-01-18T02:56:28.072+0000] {spark_submit.py:641} INFO - 26/01/18 02:56:28 INFO SparkContext: Added JAR file:///home/airflow/.ivy2/jars/org.apache.hadoop_hadoop-aws-3.3.4.jar at spark://f24469a8e3b4:39425/jars/org.apache.hadoop_hadoop-aws-3.3.4.jar with timestamp 1768704986877
[2026-01-18T02:56:28.074+0000] {spark_submit.py:641} INFO - 26/01/18 02:56:28 INFO SparkContext: Added JAR file:///home/airflow/.ivy2/jars/com.amazonaws_aws-java-sdk-bundle-1.12.262.jar at spark://f24469a8e3b4:39425/jars/com.amazonaws_aws-java-sdk-bundle-1.12.262.jar with timestamp 1768704986877
[2026-01-18T02:56:28.075+0000] {spark_submit.py:641} INFO - 26/01/18 02:56:28 INFO SparkContext: Added JAR file:///home/airflow/.ivy2/jars/org.wildfly.openssl_wildfly-openssl-1.0.7.Final.jar at spark://f24469a8e3b4:39425/jars/org.wildfly.openssl_wildfly-openssl-1.0.7.Final.jar with timestamp 1768704986877
[2026-01-18T02:56:28.081+0000] {spark_submit.py:641} INFO - 26/01/18 02:56:28 INFO SparkContext: Added file file:///home/airflow/.ivy2/jars/org.apache.hadoop_hadoop-aws-3.3.4.jar at file:///home/airflow/.ivy2/jars/org.apache.hadoop_hadoop-aws-3.3.4.jar with timestamp 1768704986877
[2026-01-18T02:56:28.083+0000] {spark_submit.py:641} INFO - 26/01/18 02:56:28 INFO Utils: Copying /home/airflow/.ivy2/jars/org.apache.hadoop_hadoop-aws-3.3.4.jar to /tmp/spark-c2816ca8-7291-4324-a561-0cd89e2595cf/userFiles-ccaa04f3-9d97-4e23-bd61-b142baf0f301/org.apache.hadoop_hadoop-aws-3.3.4.jar
[2026-01-18T02:56:28.107+0000] {spark_submit.py:641} INFO - 26/01/18 02:56:28 INFO SparkContext: Added file file:///home/airflow/.ivy2/jars/com.amazonaws_aws-java-sdk-bundle-1.12.262.jar at file:///home/airflow/.ivy2/jars/com.amazonaws_aws-java-sdk-bundle-1.12.262.jar with timestamp 1768704986877
[2026-01-18T02:56:28.108+0000] {spark_submit.py:641} INFO - 26/01/18 02:56:28 INFO Utils: Copying /home/airflow/.ivy2/jars/com.amazonaws_aws-java-sdk-bundle-1.12.262.jar to /tmp/spark-c2816ca8-7291-4324-a561-0cd89e2595cf/userFiles-ccaa04f3-9d97-4e23-bd61-b142baf0f301/com.amazonaws_aws-java-sdk-bundle-1.12.262.jar
[2026-01-18T02:56:28.619+0000] {spark_submit.py:641} INFO - 26/01/18 02:56:28 INFO SparkContext: Added file file:///home/airflow/.ivy2/jars/org.wildfly.openssl_wildfly-openssl-1.0.7.Final.jar at file:///home/airflow/.ivy2/jars/org.wildfly.openssl_wildfly-openssl-1.0.7.Final.jar with timestamp 1768704986877
[2026-01-18T02:56:28.622+0000] {spark_submit.py:641} INFO - 26/01/18 02:56:28 INFO Utils: Copying /home/airflow/.ivy2/jars/org.wildfly.openssl_wildfly-openssl-1.0.7.Final.jar to /tmp/spark-c2816ca8-7291-4324-a561-0cd89e2595cf/userFiles-ccaa04f3-9d97-4e23-bd61-b142baf0f301/org.wildfly.openssl_wildfly-openssl-1.0.7.Final.jar
[2026-01-18T02:56:28.725+0000] {spark_submit.py:641} INFO - 26/01/18 02:56:28 INFO Executor: Starting executor ID driver on host f24469a8e3b4
[2026-01-18T02:56:28.726+0000] {spark_submit.py:641} INFO - 26/01/18 02:56:28 INFO Executor: OS info Linux, 6.6.87.2-microsoft-standard-WSL2, amd64
[2026-01-18T02:56:28.729+0000] {spark_submit.py:641} INFO - 26/01/18 02:56:28 INFO Executor: Java version 17.0.17
[2026-01-18T02:56:28.737+0000] {spark_submit.py:641} INFO - 26/01/18 02:56:28 INFO Executor: Starting executor with user classpath (userClassPathFirst = false): ''
[2026-01-18T02:56:28.738+0000] {spark_submit.py:641} INFO - 26/01/18 02:56:28 INFO Executor: Created or updated repl class loader org.apache.spark.util.MutableURLClassLoader@558acf68 for default.
[2026-01-18T02:56:28.756+0000] {spark_submit.py:641} INFO - 26/01/18 02:56:28 INFO Executor: Fetching file:///home/airflow/.ivy2/jars/com.amazonaws_aws-java-sdk-bundle-1.12.262.jar with timestamp 1768704986877
[2026-01-18T02:56:29.031+0000] {spark_submit.py:641} INFO - 26/01/18 02:56:29 INFO Utils: /home/airflow/.ivy2/jars/com.amazonaws_aws-java-sdk-bundle-1.12.262.jar has been previously copied to /tmp/spark-c2816ca8-7291-4324-a561-0cd89e2595cf/userFiles-ccaa04f3-9d97-4e23-bd61-b142baf0f301/com.amazonaws_aws-java-sdk-bundle-1.12.262.jar
[2026-01-18T02:56:29.040+0000] {spark_submit.py:641} INFO - 26/01/18 02:56:29 INFO Executor: Fetching file:///home/airflow/.ivy2/jars/org.wildfly.openssl_wildfly-openssl-1.0.7.Final.jar with timestamp 1768704986877
[2026-01-18T02:56:29.041+0000] {spark_submit.py:641} INFO - 26/01/18 02:56:29 INFO Utils: /home/airflow/.ivy2/jars/org.wildfly.openssl_wildfly-openssl-1.0.7.Final.jar has been previously copied to /tmp/spark-c2816ca8-7291-4324-a561-0cd89e2595cf/userFiles-ccaa04f3-9d97-4e23-bd61-b142baf0f301/org.wildfly.openssl_wildfly-openssl-1.0.7.Final.jar
[2026-01-18T02:56:29.049+0000] {spark_submit.py:641} INFO - 26/01/18 02:56:29 INFO Executor: Fetching file:///home/airflow/.ivy2/jars/org.apache.hadoop_hadoop-aws-3.3.4.jar with timestamp 1768704986877
[2026-01-18T02:56:29.050+0000] {spark_submit.py:641} INFO - 26/01/18 02:56:29 INFO Utils: /home/airflow/.ivy2/jars/org.apache.hadoop_hadoop-aws-3.3.4.jar has been previously copied to /tmp/spark-c2816ca8-7291-4324-a561-0cd89e2595cf/userFiles-ccaa04f3-9d97-4e23-bd61-b142baf0f301/org.apache.hadoop_hadoop-aws-3.3.4.jar
[2026-01-18T02:56:29.059+0000] {spark_submit.py:641} INFO - 26/01/18 02:56:29 INFO Executor: Fetching spark://f24469a8e3b4:39425/jars/com.amazonaws_aws-java-sdk-bundle-1.12.262.jar with timestamp 1768704986877
[2026-01-18T02:56:29.121+0000] {spark_submit.py:641} INFO - 26/01/18 02:56:29 INFO TransportClientFactory: Successfully created connection to f24469a8e3b4/172.28.0.10:39425 after 44 ms (0 ms spent in bootstraps)
[2026-01-18T02:56:29.128+0000] {spark_submit.py:641} INFO - 26/01/18 02:56:29 INFO Utils: Fetching spark://f24469a8e3b4:39425/jars/com.amazonaws_aws-java-sdk-bundle-1.12.262.jar to /tmp/spark-c2816ca8-7291-4324-a561-0cd89e2595cf/userFiles-ccaa04f3-9d97-4e23-bd61-b142baf0f301/fetchFileTemp15170546219777940977.tmp
[2026-01-18T02:56:30.544+0000] {spark_submit.py:641} INFO - 26/01/18 02:56:30 INFO Utils: /tmp/spark-c2816ca8-7291-4324-a561-0cd89e2595cf/userFiles-ccaa04f3-9d97-4e23-bd61-b142baf0f301/fetchFileTemp15170546219777940977.tmp has been previously copied to /tmp/spark-c2816ca8-7291-4324-a561-0cd89e2595cf/userFiles-ccaa04f3-9d97-4e23-bd61-b142baf0f301/com.amazonaws_aws-java-sdk-bundle-1.12.262.jar
[2026-01-18T02:56:30.603+0000] {spark_submit.py:641} INFO - 26/01/18 02:56:30 INFO Executor: Adding file:/tmp/spark-c2816ca8-7291-4324-a561-0cd89e2595cf/userFiles-ccaa04f3-9d97-4e23-bd61-b142baf0f301/com.amazonaws_aws-java-sdk-bundle-1.12.262.jar to class loader default
[2026-01-18T02:56:30.604+0000] {spark_submit.py:641} INFO - 26/01/18 02:56:30 INFO Executor: Fetching spark://f24469a8e3b4:39425/jars/org.apache.hadoop_hadoop-aws-3.3.4.jar with timestamp 1768704986877
[2026-01-18T02:56:30.605+0000] {spark_submit.py:641} INFO - 26/01/18 02:56:30 INFO Utils: Fetching spark://f24469a8e3b4:39425/jars/org.apache.hadoop_hadoop-aws-3.3.4.jar to /tmp/spark-c2816ca8-7291-4324-a561-0cd89e2595cf/userFiles-ccaa04f3-9d97-4e23-bd61-b142baf0f301/fetchFileTemp12373816301849003004.tmp
[2026-01-18T02:56:30.612+0000] {spark_submit.py:641} INFO - 26/01/18 02:56:30 INFO Utils: /tmp/spark-c2816ca8-7291-4324-a561-0cd89e2595cf/userFiles-ccaa04f3-9d97-4e23-bd61-b142baf0f301/fetchFileTemp12373816301849003004.tmp has been previously copied to /tmp/spark-c2816ca8-7291-4324-a561-0cd89e2595cf/userFiles-ccaa04f3-9d97-4e23-bd61-b142baf0f301/org.apache.hadoop_hadoop-aws-3.3.4.jar
[2026-01-18T02:56:30.632+0000] {spark_submit.py:641} INFO - 26/01/18 02:56:30 INFO Executor: Adding file:/tmp/spark-c2816ca8-7291-4324-a561-0cd89e2595cf/userFiles-ccaa04f3-9d97-4e23-bd61-b142baf0f301/org.apache.hadoop_hadoop-aws-3.3.4.jar to class loader default
[2026-01-18T02:56:30.634+0000] {spark_submit.py:641} INFO - 26/01/18 02:56:30 INFO Executor: Fetching spark://f24469a8e3b4:39425/jars/org.wildfly.openssl_wildfly-openssl-1.0.7.Final.jar with timestamp 1768704986877
[2026-01-18T02:56:30.635+0000] {spark_submit.py:641} INFO - 26/01/18 02:56:30 INFO Utils: Fetching spark://f24469a8e3b4:39425/jars/org.wildfly.openssl_wildfly-openssl-1.0.7.Final.jar to /tmp/spark-c2816ca8-7291-4324-a561-0cd89e2595cf/userFiles-ccaa04f3-9d97-4e23-bd61-b142baf0f301/fetchFileTemp7318635670466244010.tmp
[2026-01-18T02:56:30.637+0000] {spark_submit.py:641} INFO - 26/01/18 02:56:30 INFO Utils: /tmp/spark-c2816ca8-7291-4324-a561-0cd89e2595cf/userFiles-ccaa04f3-9d97-4e23-bd61-b142baf0f301/fetchFileTemp7318635670466244010.tmp has been previously copied to /tmp/spark-c2816ca8-7291-4324-a561-0cd89e2595cf/userFiles-ccaa04f3-9d97-4e23-bd61-b142baf0f301/org.wildfly.openssl_wildfly-openssl-1.0.7.Final.jar
[2026-01-18T02:56:30.645+0000] {spark_submit.py:641} INFO - 26/01/18 02:56:30 INFO Executor: Adding file:/tmp/spark-c2816ca8-7291-4324-a561-0cd89e2595cf/userFiles-ccaa04f3-9d97-4e23-bd61-b142baf0f301/org.wildfly.openssl_wildfly-openssl-1.0.7.Final.jar to class loader default
[2026-01-18T02:56:30.661+0000] {spark_submit.py:641} INFO - 26/01/18 02:56:30 INFO Utils: Successfully started service 'org.apache.spark.network.netty.NettyBlockTransferService' on port 42521.
[2026-01-18T02:56:30.663+0000] {spark_submit.py:641} INFO - 26/01/18 02:56:30 INFO NettyBlockTransferService: Server created on f24469a8e3b4:42521
[2026-01-18T02:56:30.666+0000] {spark_submit.py:641} INFO - 26/01/18 02:56:30 INFO BlockManager: Using org.apache.spark.storage.RandomBlockReplicationPolicy for block replication policy
[2026-01-18T02:56:30.675+0000] {spark_submit.py:641} INFO - 26/01/18 02:56:30 INFO BlockManagerMaster: Registering BlockManager BlockManagerId(driver, f24469a8e3b4, 42521, None)
[2026-01-18T02:56:30.681+0000] {spark_submit.py:641} INFO - 26/01/18 02:56:30 INFO BlockManagerMasterEndpoint: Registering block manager f24469a8e3b4:42521 with 434.4 MiB RAM, BlockManagerId(driver, f24469a8e3b4, 42521, None)
[2026-01-18T02:56:30.683+0000] {spark_submit.py:641} INFO - 26/01/18 02:56:30 INFO BlockManagerMaster: Registered BlockManager BlockManagerId(driver, f24469a8e3b4, 42521, None)
[2026-01-18T02:56:30.685+0000] {spark_submit.py:641} INFO - 26/01/18 02:56:30 INFO BlockManager: Initialized BlockManager: BlockManagerId(driver, f24469a8e3b4, 42521, None)
[2026-01-18T02:56:31.226+0000] {spark_submit.py:641} INFO - Processing data for 2026-01-16
[2026-01-18T02:56:31.236+0000] {spark_submit.py:641} INFO - 26/01/18 02:56:31 INFO SharedState: Setting hive.metastore.warehouse.dir ('null') to the value of spark.sql.warehouse.dir.
[2026-01-18T02:56:31.240+0000] {spark_submit.py:641} INFO - 26/01/18 02:56:31 INFO SharedState: Warehouse path is 'file:/opt/airflow/spark-warehouse'.
[2026-01-18T02:56:32.519+0000] {spark_submit.py:641} INFO - 26/01/18 02:56:32 WARN MetricsConfig: Cannot locate configuration: tried hadoop-metrics2-s3a-file-system.properties,hadoop-metrics2.properties
[2026-01-18T02:56:32.538+0000] {spark_submit.py:641} INFO - 26/01/18 02:56:32 INFO MetricsSystemImpl: Scheduled Metric snapshot period at 10 second(s).
[2026-01-18T02:56:32.539+0000] {spark_submit.py:641} INFO - 26/01/18 02:56:32 INFO MetricsSystemImpl: s3a-file-system metrics system started
[2026-01-18T02:56:34.158+0000] {spark_submit.py:641} INFO - 26/01/18 02:56:34 INFO InMemoryFileIndex: It took 100 ms to list leaf files for 1 paths.
[2026-01-18T02:56:34.331+0000] {spark_submit.py:641} INFO - 26/01/18 02:56:34 INFO MemoryStore: Block broadcast_0 stored as values in memory (estimated size 210.8 KiB, free 434.2 MiB)
[2026-01-18T02:56:34.388+0000] {spark_submit.py:641} INFO - 26/01/18 02:56:34 INFO MemoryStore: Block broadcast_0_piece0 stored as bytes in memory (estimated size 35.8 KiB, free 434.2 MiB)
[2026-01-18T02:56:34.391+0000] {spark_submit.py:641} INFO - 26/01/18 02:56:34 INFO BlockManagerInfo: Added broadcast_0_piece0 in memory on f24469a8e3b4:42521 (size: 35.8 KiB, free: 434.4 MiB)
[2026-01-18T02:56:34.395+0000] {spark_submit.py:641} INFO - 26/01/18 02:56:34 INFO SparkContext: Created broadcast 0 from json at NativeMethodAccessorImpl.java:0
[2026-01-18T02:56:34.791+0000] {spark_submit.py:641} INFO - 26/01/18 02:56:34 INFO FileInputFormat: Total input files to process : 1
[2026-01-18T02:56:34.803+0000] {spark_submit.py:641} INFO - 26/01/18 02:56:34 INFO FileInputFormat: Total input files to process : 1
[2026-01-18T02:56:34.824+0000] {spark_submit.py:641} INFO - 26/01/18 02:56:34 INFO SparkContext: Starting job: json at NativeMethodAccessorImpl.java:0
[2026-01-18T02:56:34.845+0000] {spark_submit.py:641} INFO - 26/01/18 02:56:34 INFO DAGScheduler: Got job 0 (json at NativeMethodAccessorImpl.java:0) with 1 output partitions
[2026-01-18T02:56:34.846+0000] {spark_submit.py:641} INFO - 26/01/18 02:56:34 INFO DAGScheduler: Final stage: ResultStage 0 (json at NativeMethodAccessorImpl.java:0)
[2026-01-18T02:56:34.847+0000] {spark_submit.py:641} INFO - 26/01/18 02:56:34 INFO DAGScheduler: Parents of final stage: List()
[2026-01-18T02:56:34.848+0000] {spark_submit.py:641} INFO - 26/01/18 02:56:34 INFO DAGScheduler: Missing parents: List()
[2026-01-18T02:56:34.853+0000] {spark_submit.py:641} INFO - 26/01/18 02:56:34 INFO DAGScheduler: Submitting ResultStage 0 (MapPartitionsRDD[2] at json at NativeMethodAccessorImpl.java:0), which has no missing parents
[2026-01-18T02:56:34.938+0000] {spark_submit.py:641} INFO - 26/01/18 02:56:34 INFO MemoryStore: Block broadcast_1 stored as values in memory (estimated size 9.2 KiB, free 434.2 MiB)
[2026-01-18T02:56:34.955+0000] {spark_submit.py:641} INFO - 26/01/18 02:56:34 INFO MemoryStore: Block broadcast_1_piece0 stored as bytes in memory (estimated size 4.9 KiB, free 434.1 MiB)
[2026-01-18T02:56:34.956+0000] {spark_submit.py:641} INFO - 26/01/18 02:56:34 INFO BlockManagerInfo: Added broadcast_1_piece0 in memory on f24469a8e3b4:42521 (size: 4.9 KiB, free: 434.4 MiB)
[2026-01-18T02:56:34.958+0000] {spark_submit.py:641} INFO - 26/01/18 02:56:34 INFO SparkContext: Created broadcast 1 from broadcast at DAGScheduler.scala:1580
[2026-01-18T02:56:34.994+0000] {spark_submit.py:641} INFO - 26/01/18 02:56:34 INFO DAGScheduler: Submitting 1 missing tasks from ResultStage 0 (MapPartitionsRDD[2] at json at NativeMethodAccessorImpl.java:0) (first 15 tasks are for partitions Vector(0))
[2026-01-18T02:56:35.001+0000] {spark_submit.py:641} INFO - 26/01/18 02:56:34 INFO TaskSchedulerImpl: Adding task set 0.0 with 1 tasks resource profile 0
[2026-01-18T02:56:35.178+0000] {spark_submit.py:641} INFO - 26/01/18 02:56:35 INFO TaskSetManager: Starting task 0.0 in stage 0.0 (TID 0) (f24469a8e3b4, executor driver, partition 0, PROCESS_LOCAL, 8477 bytes)
[2026-01-18T02:56:35.198+0000] {spark_submit.py:641} INFO - 26/01/18 02:56:35 INFO Executor: Running task 0.0 in stage 0.0 (TID 0)
[2026-01-18T02:56:35.384+0000] {spark_submit.py:641} INFO - 26/01/18 02:56:35 INFO BinaryFileRDD: Input split: Paths:/standardized_tech_stack.json:0+33282
[2026-01-18T02:56:35.672+0000] {spark_submit.py:641} INFO - 26/01/18 02:56:35 INFO Executor: Finished task 0.0 in stage 0.0 (TID 0). 1879 bytes result sent to driver
[2026-01-18T02:56:35.697+0000] {spark_submit.py:641} INFO - 26/01/18 02:56:35 INFO TaskSetManager: Finished task 0.0 in stage 0.0 (TID 0) in 567 ms on f24469a8e3b4 (executor driver) (1/1)
[2026-01-18T02:56:35.700+0000] {spark_submit.py:641} INFO - 26/01/18 02:56:35 INFO TaskSchedulerImpl: Removed TaskSet 0.0, whose tasks have all completed, from pool
[2026-01-18T02:56:35.708+0000] {spark_submit.py:641} INFO - 26/01/18 02:56:35 INFO DAGScheduler: ResultStage 0 (json at NativeMethodAccessorImpl.java:0) finished in 0.829 s
[2026-01-18T02:56:35.713+0000] {spark_submit.py:641} INFO - 26/01/18 02:56:35 INFO DAGScheduler: Job 0 is finished. Cancelling potential speculative or zombie tasks for this job
[2026-01-18T02:56:35.715+0000] {spark_submit.py:641} INFO - 26/01/18 02:56:35 INFO TaskSchedulerImpl: Killing all running tasks in stage 0: Stage finished
[2026-01-18T02:56:35.718+0000] {spark_submit.py:641} INFO - 26/01/18 02:56:35 INFO DAGScheduler: Job 0 finished: json at NativeMethodAccessorImpl.java:0, took 0.892977 s
[2026-01-18T02:56:36.386+0000] {spark_submit.py:641} INFO - 26/01/18 02:56:36 INFO BlockManagerInfo: Removed broadcast_1_piece0 on f24469a8e3b4:42521 in memory (size: 4.9 KiB, free: 434.4 MiB)
[2026-01-18T02:56:37.161+0000] {spark_submit.py:641} INFO - 26/01/18 02:56:37 INFO BlockManagerInfo: Removed broadcast_0_piece0 on f24469a8e3b4:42521 in memory (size: 35.8 KiB, free: 434.4 MiB)
[2026-01-18T02:56:37.229+0000] {spark_submit.py:641} INFO - 26/01/18 02:56:37 INFO FileSourceStrategy: Pushed Filters:
[2026-01-18T02:56:37.231+0000] {spark_submit.py:641} INFO - 26/01/18 02:56:37 INFO FileSourceStrategy: Post-Scan Filters:
[2026-01-18T02:56:37.341+0000] {spark_submit.py:641} INFO - 26/01/18 02:56:37 INFO MemoryStore: Block broadcast_2 stored as values in memory (estimated size 210.2 KiB, free 434.2 MiB)
[2026-01-18T02:56:37.368+0000] {spark_submit.py:641} INFO - 26/01/18 02:56:37 INFO MemoryStore: Block broadcast_2_piece0 stored as bytes in memory (estimated size 35.7 KiB, free 434.2 MiB)
[2026-01-18T02:56:37.371+0000] {spark_submit.py:641} INFO - 26/01/18 02:56:37 INFO BlockManagerInfo: Added broadcast_2_piece0 in memory on f24469a8e3b4:42521 (size: 35.7 KiB, free: 434.4 MiB)
[2026-01-18T02:56:37.376+0000] {spark_submit.py:641} INFO - 26/01/18 02:56:37 INFO SparkContext: Created broadcast 2 from collect at /opt/airflow/scripts/bronze_to_silver.py:63
[2026-01-18T02:56:37.406+0000] {spark_submit.py:641} INFO - 26/01/18 02:56:37 INFO FileSourceScanExec: Planning scan with bin packing, max size: 4194304 bytes, open cost is considered as scanning 4194304 bytes.
[2026-01-18T02:56:37.514+0000] {spark_submit.py:641} INFO - 26/01/18 02:56:37 INFO SparkContext: Starting job: collect at /opt/airflow/scripts/bronze_to_silver.py:63
[2026-01-18T02:56:37.517+0000] {spark_submit.py:641} INFO - 26/01/18 02:56:37 INFO DAGScheduler: Got job 1 (collect at /opt/airflow/scripts/bronze_to_silver.py:63) with 1 output partitions
[2026-01-18T02:56:37.518+0000] {spark_submit.py:641} INFO - 26/01/18 02:56:37 INFO DAGScheduler: Final stage: ResultStage 1 (collect at /opt/airflow/scripts/bronze_to_silver.py:63)
[2026-01-18T02:56:37.520+0000] {spark_submit.py:641} INFO - 26/01/18 02:56:37 INFO DAGScheduler: Parents of final stage: List()
[2026-01-18T02:56:37.520+0000] {spark_submit.py:641} INFO - 26/01/18 02:56:37 INFO DAGScheduler: Missing parents: List()
[2026-01-18T02:56:37.521+0000] {spark_submit.py:641} INFO - 26/01/18 02:56:37 INFO DAGScheduler: Submitting ResultStage 1 (MapPartitionsRDD[5] at collect at /opt/airflow/scripts/bronze_to_silver.py:63), which has no missing parents
[2026-01-18T02:56:37.531+0000] {spark_submit.py:641} INFO - 26/01/18 02:56:37 INFO MemoryStore: Block broadcast_3 stored as values in memory (estimated size 11.5 KiB, free 434.1 MiB)
[2026-01-18T02:56:37.542+0000] {spark_submit.py:641} INFO - 26/01/18 02:56:37 INFO MemoryStore: Block broadcast_3_piece0 stored as bytes in memory (estimated size 5.9 KiB, free 434.1 MiB)
[2026-01-18T02:56:37.545+0000] {spark_submit.py:641} INFO - 26/01/18 02:56:37 INFO BlockManagerInfo: Added broadcast_3_piece0 in memory on f24469a8e3b4:42521 (size: 5.9 KiB, free: 434.4 MiB)
[2026-01-18T02:56:37.559+0000] {spark_submit.py:641} INFO - 26/01/18 02:56:37 INFO SparkContext: Created broadcast 3 from broadcast at DAGScheduler.scala:1580
[2026-01-18T02:56:37.560+0000] {spark_submit.py:641} INFO - 26/01/18 02:56:37 INFO DAGScheduler: Submitting 1 missing tasks from ResultStage 1 (MapPartitionsRDD[5] at collect at /opt/airflow/scripts/bronze_to_silver.py:63) (first 15 tasks are for partitions Vector(0))
[2026-01-18T02:56:37.561+0000] {spark_submit.py:641} INFO - 26/01/18 02:56:37 INFO TaskSchedulerImpl: Adding task set 1.0 with 1 tasks resource profile 0
[2026-01-18T02:56:37.563+0000] {spark_submit.py:641} INFO - 26/01/18 02:56:37 INFO TaskSetManager: Starting task 0.0 in stage 1.0 (TID 1) (f24469a8e3b4, executor driver, partition 0, PROCESS_LOCAL, 8948 bytes)
[2026-01-18T02:56:37.566+0000] {spark_submit.py:641} INFO - 26/01/18 02:56:37 INFO Executor: Running task 0.0 in stage 1.0 (TID 1)
[2026-01-18T02:56:37.626+0000] {spark_submit.py:641} INFO - 26/01/18 02:56:37 INFO FileScanRDD: Reading File path: s3a://metadata/standardized_tech_stack.json, range: 0-33282, partition values: [empty row]
[2026-01-18T02:56:38.084+0000] {spark_submit.py:641} INFO - 26/01/18 02:56:38 INFO CodeGenerator: Code generated in 348.707487 ms
[2026-01-18T02:56:38.205+0000] {spark_submit.py:641} INFO - 26/01/18 02:56:38 INFO Executor: Finished task 0.0 in stage 1.0 (TID 1). 8248 bytes result sent to driver
[2026-01-18T02:56:38.212+0000] {spark_submit.py:641} INFO - 26/01/18 02:56:38 INFO TaskSetManager: Finished task 0.0 in stage 1.0 (TID 1) in 656 ms on f24469a8e3b4 (executor driver) (1/1)
[2026-01-18T02:56:38.213+0000] {spark_submit.py:641} INFO - 26/01/18 02:56:38 INFO TaskSchedulerImpl: Removed TaskSet 1.0, whose tasks have all completed, from pool
[2026-01-18T02:56:38.215+0000] {spark_submit.py:641} INFO - 26/01/18 02:56:38 INFO DAGScheduler: ResultStage 1 (collect at /opt/airflow/scripts/bronze_to_silver.py:63) finished in 0.689 s
[2026-01-18T02:56:38.216+0000] {spark_submit.py:641} INFO - 26/01/18 02:56:38 INFO DAGScheduler: Job 1 is finished. Cancelling potential speculative or zombie tasks for this job
[2026-01-18T02:56:38.217+0000] {spark_submit.py:641} INFO - 26/01/18 02:56:38 INFO TaskSchedulerImpl: Killing all running tasks in stage 1: Stage finished
[2026-01-18T02:56:38.218+0000] {spark_submit.py:641} INFO - 26/01/18 02:56:38 INFO DAGScheduler: Job 1 finished: collect at /opt/airflow/scripts/bronze_to_silver.py:63, took 0.701593 s
[2026-01-18T02:56:38.312+0000] {spark_submit.py:641} INFO - 26/01/18 02:56:38 INFO MemoryStore: Block broadcast_4 stored as values in memory (estimated size 208.0 B, free 434.1 MiB)
[2026-01-18T02:56:38.325+0000] {spark_submit.py:641} INFO - 26/01/18 02:56:38 INFO MemoryStore: Block broadcast_4_piece0 stored as bytes in memory (estimated size 3.4 KiB, free 434.1 MiB)
[2026-01-18T02:56:38.327+0000] {spark_submit.py:641} INFO - 26/01/18 02:56:38 INFO BlockManagerInfo: Added broadcast_4_piece0 in memory on f24469a8e3b4:42521 (size: 3.4 KiB, free: 434.4 MiB)
[2026-01-18T02:56:38.329+0000] {spark_submit.py:641} INFO - 26/01/18 02:56:38 INFO BlockManagerInfo: Removed broadcast_3_piece0 on f24469a8e3b4:42521 in memory (size: 5.9 KiB, free: 434.4 MiB)
[2026-01-18T02:56:38.331+0000] {spark_submit.py:641} INFO - 26/01/18 02:56:38 INFO SparkContext: Created broadcast 4 from broadcast at NativeMethodAccessorImpl.java:0
[2026-01-18T02:56:38.486+0000] {spark_submit.py:641} INFO - 26/01/18 02:56:38 INFO InMemoryFileIndex: It took 38 ms to list leaf files for 1 paths.
[2026-01-18T02:56:38.498+0000] {spark_submit.py:641} INFO - 26/01/18 02:56:38 INFO MemoryStore: Block broadcast_5 stored as values in memory (estimated size 211.4 KiB, free 433.9 MiB)
[2026-01-18T02:56:38.527+0000] {spark_submit.py:641} INFO - 26/01/18 02:56:38 INFO MemoryStore: Block broadcast_5_piece0 stored as bytes in memory (estimated size 35.8 KiB, free 433.9 MiB)
[2026-01-18T02:56:38.530+0000] {spark_submit.py:641} INFO - 26/01/18 02:56:38 INFO BlockManagerInfo: Added broadcast_5_piece0 in memory on f24469a8e3b4:42521 (size: 35.8 KiB, free: 434.3 MiB)
[2026-01-18T02:56:38.532+0000] {spark_submit.py:641} INFO - 26/01/18 02:56:38 INFO SparkContext: Created broadcast 5 from json at NativeMethodAccessorImpl.java:0
[2026-01-18T02:56:38.556+0000] {spark_submit.py:641} INFO - 26/01/18 02:56:38 INFO FileInputFormat: Total input files to process : 1
[2026-01-18T02:56:38.569+0000] {spark_submit.py:641} INFO - 26/01/18 02:56:38 INFO FileInputFormat: Total input files to process : 1
[2026-01-18T02:56:38.575+0000] {spark_submit.py:641} INFO - 26/01/18 02:56:38 INFO SparkContext: Starting job: json at NativeMethodAccessorImpl.java:0
[2026-01-18T02:56:38.577+0000] {spark_submit.py:641} INFO - 26/01/18 02:56:38 INFO DAGScheduler: Got job 2 (json at NativeMethodAccessorImpl.java:0) with 1 output partitions
[2026-01-18T02:56:38.579+0000] {spark_submit.py:641} INFO - 26/01/18 02:56:38 INFO DAGScheduler: Final stage: ResultStage 2 (json at NativeMethodAccessorImpl.java:0)
[2026-01-18T02:56:38.581+0000] {spark_submit.py:641} INFO - 26/01/18 02:56:38 INFO DAGScheduler: Parents of final stage: List()
[2026-01-18T02:56:38.582+0000] {spark_submit.py:641} INFO - 26/01/18 02:56:38 INFO DAGScheduler: Missing parents: List()
[2026-01-18T02:56:38.583+0000] {spark_submit.py:641} INFO - 26/01/18 02:56:38 INFO DAGScheduler: Submitting ResultStage 2 (MapPartitionsRDD[8] at json at NativeMethodAccessorImpl.java:0), which has no missing parents
[2026-01-18T02:56:38.584+0000] {spark_submit.py:641} INFO - 26/01/18 02:56:38 INFO MemoryStore: Block broadcast_6 stored as values in memory (estimated size 9.2 KiB, free 433.9 MiB)
[2026-01-18T02:56:38.595+0000] {spark_submit.py:641} INFO - 26/01/18 02:56:38 INFO MemoryStore: Block broadcast_6_piece0 stored as bytes in memory (estimated size 4.9 KiB, free 433.9 MiB)
[2026-01-18T02:56:38.597+0000] {spark_submit.py:641} INFO - 26/01/18 02:56:38 INFO BlockManagerInfo: Added broadcast_6_piece0 in memory on f24469a8e3b4:42521 (size: 4.9 KiB, free: 434.3 MiB)
[2026-01-18T02:56:38.598+0000] {spark_submit.py:641} INFO - 26/01/18 02:56:38 INFO SparkContext: Created broadcast 6 from broadcast at DAGScheduler.scala:1580
[2026-01-18T02:56:38.600+0000] {spark_submit.py:641} INFO - 26/01/18 02:56:38 INFO DAGScheduler: Submitting 1 missing tasks from ResultStage 2 (MapPartitionsRDD[8] at json at NativeMethodAccessorImpl.java:0) (first 15 tasks are for partitions Vector(0))
[2026-01-18T02:56:38.600+0000] {spark_submit.py:641} INFO - 26/01/18 02:56:38 INFO TaskSchedulerImpl: Adding task set 2.0 with 1 tasks resource profile 0
[2026-01-18T02:56:38.602+0000] {spark_submit.py:641} INFO - 26/01/18 02:56:38 INFO TaskSetManager: Starting task 0.0 in stage 2.0 (TID 2) (f24469a8e3b4, executor driver, partition 0, PROCESS_LOCAL, 8487 bytes)
[2026-01-18T02:56:38.603+0000] {spark_submit.py:641} INFO - 26/01/18 02:56:38 INFO Executor: Running task 0.0 in stage 2.0 (TID 2)
[2026-01-18T02:56:38.615+0000] {spark_submit.py:641} INFO - 26/01/18 02:56:38 INFO BinaryFileRDD: Input split: Paths:/hackernews/jobs_2026-01-16-22-28-12.json:0+315754
[2026-01-18T02:56:38.721+0000] {spark_submit.py:641} INFO - 26/01/18 02:56:38 INFO Executor: Finished task 0.0 in stage 2.0 (TID 2). 1808 bytes result sent to driver
[2026-01-18T02:56:38.725+0000] {spark_submit.py:641} INFO - 26/01/18 02:56:38 INFO TaskSetManager: Finished task 0.0 in stage 2.0 (TID 2) in 123 ms on f24469a8e3b4 (executor driver) (1/1)
[2026-01-18T02:56:38.728+0000] {spark_submit.py:641} INFO - 26/01/18 02:56:38 INFO TaskSchedulerImpl: Removed TaskSet 2.0, whose tasks have all completed, from pool
[2026-01-18T02:56:38.732+0000] {spark_submit.py:641} INFO - 26/01/18 02:56:38 INFO DAGScheduler: ResultStage 2 (json at NativeMethodAccessorImpl.java:0) finished in 0.146 s
[2026-01-18T02:56:38.733+0000] {spark_submit.py:641} INFO - 26/01/18 02:56:38 INFO DAGScheduler: Job 2 is finished. Cancelling potential speculative or zombie tasks for this job
[2026-01-18T02:56:38.733+0000] {spark_submit.py:641} INFO - 26/01/18 02:56:38 INFO TaskSchedulerImpl: Killing all running tasks in stage 2: Stage finished
[2026-01-18T02:56:38.734+0000] {spark_submit.py:641} INFO - 26/01/18 02:56:38 INFO DAGScheduler: Job 2 finished: json at NativeMethodAccessorImpl.java:0, took 0.153884 s
[2026-01-18T02:56:40.159+0000] {spark_submit.py:641} INFO - 26/01/18 02:56:40 INFO FileSourceStrategy: Pushed Filters: IsNotNull(text)
[2026-01-18T02:56:40.160+0000] {spark_submit.py:641} INFO - 26/01/18 02:56:40 INFO FileSourceStrategy: Post-Scan Filters: isnotnull(text#15)
[2026-01-18T02:56:40.576+0000] {spark_submit.py:641} INFO - 26/01/18 02:56:40 INFO CodeGenerator: Code generated in 169.992459 ms
[2026-01-18T02:56:40.584+0000] {spark_submit.py:641} INFO - 26/01/18 02:56:40 INFO MemoryStore: Block broadcast_7 stored as values in memory (estimated size 210.4 KiB, free 433.7 MiB)
[2026-01-18T02:56:40.602+0000] {spark_submit.py:641} INFO - 26/01/18 02:56:40 INFO BlockManagerInfo: Removed broadcast_6_piece0 on f24469a8e3b4:42521 in memory (size: 4.9 KiB, free: 434.3 MiB)
[2026-01-18T02:56:40.611+0000] {spark_submit.py:641} INFO - 26/01/18 02:56:40 INFO MemoryStore: Block broadcast_7_piece0 stored as bytes in memory (estimated size 35.8 KiB, free 433.7 MiB)
[2026-01-18T02:56:40.622+0000] {spark_submit.py:641} INFO - 26/01/18 02:56:40 INFO BlockManagerInfo: Added broadcast_7_piece0 in memory on f24469a8e3b4:42521 (size: 35.8 KiB, free: 434.3 MiB)
[2026-01-18T02:56:40.625+0000] {spark_submit.py:641} INFO - 26/01/18 02:56:40 INFO SparkContext: Created broadcast 7 from showString at NativeMethodAccessorImpl.java:0
[2026-01-18T02:56:40.626+0000] {spark_submit.py:641} INFO - 26/01/18 02:56:40 INFO FileSourceScanExec: Planning scan with bin packing, max size: 4194304 bytes, open cost is considered as scanning 4194304 bytes.
[2026-01-18T02:56:40.627+0000] {spark_submit.py:641} INFO - 26/01/18 02:56:40 INFO BlockManagerInfo: Removed broadcast_5_piece0 on f24469a8e3b4:42521 in memory (size: 35.8 KiB, free: 434.3 MiB)
[2026-01-18T02:56:40.722+0000] {spark_submit.py:641} INFO - 26/01/18 02:56:40 INFO DAGScheduler: Registering RDD 12 (showString at NativeMethodAccessorImpl.java:0) as input to shuffle 0
[2026-01-18T02:56:40.728+0000] {spark_submit.py:641} INFO - 26/01/18 02:56:40 INFO DAGScheduler: Got map stage job 3 (showString at NativeMethodAccessorImpl.java:0) with 1 output partitions
[2026-01-18T02:56:40.729+0000] {spark_submit.py:641} INFO - 26/01/18 02:56:40 INFO DAGScheduler: Final stage: ShuffleMapStage 3 (showString at NativeMethodAccessorImpl.java:0)
[2026-01-18T02:56:40.729+0000] {spark_submit.py:641} INFO - 26/01/18 02:56:40 INFO DAGScheduler: Parents of final stage: List()
[2026-01-18T02:56:40.730+0000] {spark_submit.py:641} INFO - 26/01/18 02:56:40 INFO DAGScheduler: Missing parents: List()
[2026-01-18T02:56:40.733+0000] {spark_submit.py:641} INFO - 26/01/18 02:56:40 INFO DAGScheduler: Submitting ShuffleMapStage 3 (MapPartitionsRDD[12] at showString at NativeMethodAccessorImpl.java:0), which has no missing parents
[2026-01-18T02:56:40.758+0000] {spark_submit.py:641} INFO - 26/01/18 02:56:40 INFO MemoryStore: Block broadcast_8 stored as values in memory (estimated size 36.8 KiB, free 433.9 MiB)
[2026-01-18T02:56:40.762+0000] {spark_submit.py:641} INFO - 26/01/18 02:56:40 INFO MemoryStore: Block broadcast_8_piece0 stored as bytes in memory (estimated size 17.3 KiB, free 433.9 MiB)
[2026-01-18T02:56:40.763+0000] {spark_submit.py:641} INFO - 26/01/18 02:56:40 INFO BlockManagerInfo: Added broadcast_8_piece0 in memory on f24469a8e3b4:42521 (size: 17.3 KiB, free: 434.3 MiB)
[2026-01-18T02:56:40.764+0000] {spark_submit.py:641} INFO - 26/01/18 02:56:40 INFO SparkContext: Created broadcast 8 from broadcast at DAGScheduler.scala:1580
[2026-01-18T02:56:40.767+0000] {spark_submit.py:641} INFO - 26/01/18 02:56:40 INFO DAGScheduler: Submitting 1 missing tasks from ShuffleMapStage 3 (MapPartitionsRDD[12] at showString at NativeMethodAccessorImpl.java:0) (first 15 tasks are for partitions Vector(0))
[2026-01-18T02:56:40.769+0000] {spark_submit.py:641} INFO - 26/01/18 02:56:40 INFO TaskSchedulerImpl: Adding task set 3.0 with 1 tasks resource profile 0
[2026-01-18T02:56:40.772+0000] {spark_submit.py:641} INFO - 26/01/18 02:56:40 INFO TaskSetManager: Starting task 0.0 in stage 3.0 (TID 3) (f24469a8e3b4, executor driver, partition 0, PROCESS_LOCAL, 8947 bytes)
[2026-01-18T02:56:40.774+0000] {spark_submit.py:641} INFO - 26/01/18 02:56:40 INFO Executor: Running task 0.0 in stage 3.0 (TID 3)
[2026-01-18T02:56:40.882+0000] {spark_submit.py:641} INFO - 26/01/18 02:56:40 INFO CodeGenerator: Code generated in 72.733226 ms
[2026-01-18T02:56:40.925+0000] {spark_submit.py:641} INFO - 26/01/18 02:56:40 INFO CodeGenerator: Code generated in 21.950153 ms
[2026-01-18T02:56:40.958+0000] {spark_submit.py:641} INFO - 26/01/18 02:56:40 INFO CodeGenerator: Code generated in 13.964141 ms
[2026-01-18T02:56:40.996+0000] {spark_submit.py:641} INFO - 26/01/18 02:56:40 INFO CodeGenerator: Code generated in 17.786163 ms
[2026-01-18T02:56:41.009+0000] {spark_submit.py:641} INFO - 26/01/18 02:56:41 INFO FileScanRDD: Reading File path: s3a://bronze/hackernews/jobs_2026-01-16-22-28-12.json, range: 0-315754, partition values: [empty row]
[2026-01-18T02:56:41.040+0000] {spark_submit.py:641} INFO - 26/01/18 02:56:41 INFO CodeGenerator: Code generated in 10.296385 ms
[2026-01-18T02:56:41.259+0000] {spark_submit.py:641} INFO - 26/01/18 02:56:41 INFO Executor: Finished task 0.0 in stage 3.0 (TID 3). 2821 bytes result sent to driver
[2026-01-18T02:56:41.265+0000] {spark_submit.py:641} INFO - 26/01/18 02:56:41 INFO TaskSetManager: Finished task 0.0 in stage 3.0 (TID 3) in 494 ms on f24469a8e3b4 (executor driver) (1/1)
[2026-01-18T02:56:41.266+0000] {spark_submit.py:641} INFO - 26/01/18 02:56:41 INFO TaskSchedulerImpl: Removed TaskSet 3.0, whose tasks have all completed, from pool
[2026-01-18T02:56:41.269+0000] {spark_submit.py:641} INFO - 26/01/18 02:56:41 INFO DAGScheduler: ShuffleMapStage 3 (showString at NativeMethodAccessorImpl.java:0) finished in 0.529 s
[2026-01-18T02:56:41.270+0000] {spark_submit.py:641} INFO - 26/01/18 02:56:41 INFO DAGScheduler: looking for newly runnable stages
[2026-01-18T02:56:41.271+0000] {spark_submit.py:641} INFO - 26/01/18 02:56:41 INFO DAGScheduler: running: Set()
[2026-01-18T02:56:41.272+0000] {spark_submit.py:641} INFO - 26/01/18 02:56:41 INFO DAGScheduler: waiting: Set()
[2026-01-18T02:56:41.272+0000] {spark_submit.py:641} INFO - 26/01/18 02:56:41 INFO DAGScheduler: failed: Set()
[2026-01-18T02:56:41.316+0000] {spark_submit.py:641} INFO - 26/01/18 02:56:41 INFO ShufflePartitionsUtil: For shuffle(0), advisory target size: 67108864, actual target size 1048576, minimum partition size: 1048576
[2026-01-18T02:56:41.416+0000] {spark_submit.py:641} INFO - 26/01/18 02:56:41 INFO CodeGenerator: Code generated in 64.703809 ms
[2026-01-18T02:56:41.472+0000] {spark_submit.py:641} INFO - 26/01/18 02:56:41 INFO SparkContext: Starting job: showString at NativeMethodAccessorImpl.java:0
[2026-01-18T02:56:41.476+0000] {spark_submit.py:641} INFO - 26/01/18 02:56:41 INFO DAGScheduler: Got job 4 (showString at NativeMethodAccessorImpl.java:0) with 1 output partitions
[2026-01-18T02:56:41.479+0000] {spark_submit.py:641} INFO - 26/01/18 02:56:41 INFO DAGScheduler: Final stage: ResultStage 5 (showString at NativeMethodAccessorImpl.java:0)
[2026-01-18T02:56:41.481+0000] {spark_submit.py:641} INFO - 26/01/18 02:56:41 INFO DAGScheduler: Parents of final stage: List(ShuffleMapStage 4)
[2026-01-18T02:56:41.482+0000] {spark_submit.py:641} INFO - 26/01/18 02:56:41 INFO DAGScheduler: Missing parents: List()
[2026-01-18T02:56:41.483+0000] {spark_submit.py:641} INFO - 26/01/18 02:56:41 INFO DAGScheduler: Submitting ResultStage 5 (MapPartitionsRDD[15] at showString at NativeMethodAccessorImpl.java:0), which has no missing parents
[2026-01-18T02:56:41.501+0000] {spark_submit.py:641} INFO - 26/01/18 02:56:41 INFO MemoryStore: Block broadcast_9 stored as values in memory (estimated size 42.3 KiB, free 433.8 MiB)
[2026-01-18T02:56:41.503+0000] {spark_submit.py:641} INFO - 26/01/18 02:56:41 INFO MemoryStore: Block broadcast_9_piece0 stored as bytes in memory (estimated size 19.6 KiB, free 433.8 MiB)
[2026-01-18T02:56:41.504+0000] {spark_submit.py:641} INFO - 26/01/18 02:56:41 INFO BlockManagerInfo: Added broadcast_9_piece0 in memory on f24469a8e3b4:42521 (size: 19.6 KiB, free: 434.3 MiB)
[2026-01-18T02:56:41.505+0000] {spark_submit.py:641} INFO - 26/01/18 02:56:41 INFO SparkContext: Created broadcast 9 from broadcast at DAGScheduler.scala:1580
[2026-01-18T02:56:41.505+0000] {spark_submit.py:641} INFO - 26/01/18 02:56:41 INFO DAGScheduler: Submitting 1 missing tasks from ResultStage 5 (MapPartitionsRDD[15] at showString at NativeMethodAccessorImpl.java:0) (first 15 tasks are for partitions Vector(0))
[2026-01-18T02:56:41.506+0000] {spark_submit.py:641} INFO - 26/01/18 02:56:41 INFO TaskSchedulerImpl: Adding task set 5.0 with 1 tasks resource profile 0
[2026-01-18T02:56:41.517+0000] {spark_submit.py:641} INFO - 26/01/18 02:56:41 INFO TaskSetManager: Starting task 0.0 in stage 5.0 (TID 4) (f24469a8e3b4, executor driver, partition 0, NODE_LOCAL, 8342 bytes)
[2026-01-18T02:56:41.518+0000] {spark_submit.py:641} INFO - 26/01/18 02:56:41 INFO Executor: Running task 0.0 in stage 5.0 (TID 4)
[2026-01-18T02:56:41.578+0000] {spark_submit.py:641} INFO - 26/01/18 02:56:41 INFO ShuffleBlockFetcherIterator: Getting 1 (80.0 B) non-empty blocks including 1 (80.0 B) local and 0 (0.0 B) host-local and 0 (0.0 B) push-merged-local and 0 (0.0 B) remote blocks
[2026-01-18T02:56:41.582+0000] {spark_submit.py:641} INFO - 26/01/18 02:56:41 INFO ShuffleBlockFetcherIterator: Started 0 remote fetches in 19 ms
[2026-01-18T02:56:41.638+0000] {spark_submit.py:641} INFO - 26/01/18 02:56:41 INFO CodeGenerator: Code generated in 51.087527 ms
[2026-01-18T02:56:41.670+0000] {spark_submit.py:641} INFO - 26/01/18 02:56:41 INFO Executor: Finished task 0.0 in stage 5.0 (TID 4). 5188 bytes result sent to driver
[2026-01-18T02:56:41.674+0000] {spark_submit.py:641} INFO - 26/01/18 02:56:41 INFO TaskSetManager: Finished task 0.0 in stage 5.0 (TID 4) in 158 ms on f24469a8e3b4 (executor driver) (1/1)
[2026-01-18T02:56:41.677+0000] {spark_submit.py:641} INFO - 26/01/18 02:56:41 INFO TaskSchedulerImpl: Removed TaskSet 5.0, whose tasks have all completed, from pool
[2026-01-18T02:56:41.681+0000] {spark_submit.py:641} INFO - 26/01/18 02:56:41 INFO DAGScheduler: ResultStage 5 (showString at NativeMethodAccessorImpl.java:0) finished in 0.179 s
[2026-01-18T02:56:41.683+0000] {spark_submit.py:641} INFO - 26/01/18 02:56:41 INFO DAGScheduler: Job 4 is finished. Cancelling potential speculative or zombie tasks for this job
[2026-01-18T02:56:41.684+0000] {spark_submit.py:641} INFO - 26/01/18 02:56:41 INFO TaskSchedulerImpl: Killing all running tasks in stage 5: Stage finished
[2026-01-18T02:56:41.685+0000] {spark_submit.py:641} INFO - 26/01/18 02:56:41 INFO DAGScheduler: Job 4 finished: showString at NativeMethodAccessorImpl.java:0, took 0.203966 s
[2026-01-18T02:56:43.129+0000] {spark_submit.py:641} INFO - 26/01/18 02:56:43 INFO CodeGenerator: Code generated in 14.816283 ms
[2026-01-18T02:56:43.144+0000] {spark_submit.py:641} INFO - +----------+
[2026-01-18T02:56:43.146+0000] {spark_submit.py:641} INFO - |  run_date|
[2026-01-18T02:56:43.147+0000] {spark_submit.py:641} INFO - +----------+
[2026-01-18T02:56:43.149+0000] {spark_submit.py:641} INFO - |2026-01-16|
[2026-01-18T02:56:43.150+0000] {spark_submit.py:641} INFO - +----------+
[2026-01-18T02:56:43.151+0000] {spark_submit.py:641} INFO - 
[2026-01-18T02:56:43.358+0000] {spark_submit.py:641} INFO - 26/01/18 02:56:43 INFO FileSourceStrategy: Pushed Filters: IsNotNull(text)
[2026-01-18T02:56:43.359+0000] {spark_submit.py:641} INFO - 26/01/18 02:56:43 INFO FileSourceStrategy: Post-Scan Filters: isnotnull(text#15)
[2026-01-18T02:56:43.479+0000] {spark_submit.py:641} INFO - 26/01/18 02:56:43 INFO CodeGenerator: Code generated in 23.465871 ms
[2026-01-18T02:56:43.487+0000] {spark_submit.py:641} INFO - 26/01/18 02:56:43 INFO MemoryStore: Block broadcast_10 stored as values in memory (estimated size 210.4 KiB, free 433.6 MiB)
[2026-01-18T02:56:43.497+0000] {spark_submit.py:641} INFO - 26/01/18 02:56:43 INFO MemoryStore: Block broadcast_10_piece0 stored as bytes in memory (estimated size 35.8 KiB, free 433.6 MiB)
[2026-01-18T02:56:43.498+0000] {spark_submit.py:641} INFO - 26/01/18 02:56:43 INFO BlockManagerInfo: Added broadcast_10_piece0 in memory on f24469a8e3b4:42521 (size: 35.8 KiB, free: 434.3 MiB)
[2026-01-18T02:56:43.499+0000] {spark_submit.py:641} INFO - 26/01/18 02:56:43 INFO SparkContext: Created broadcast 10 from parquet at NativeMethodAccessorImpl.java:0
[2026-01-18T02:56:43.502+0000] {spark_submit.py:641} INFO - 26/01/18 02:56:43 INFO FileSourceScanExec: Planning scan with bin packing, max size: 4194304 bytes, open cost is considered as scanning 4194304 bytes.
[2026-01-18T02:56:43.516+0000] {spark_submit.py:641} INFO - 26/01/18 02:56:43 INFO DAGScheduler: Registering RDD 20 (parquet at NativeMethodAccessorImpl.java:0) as input to shuffle 1
[2026-01-18T02:56:43.517+0000] {spark_submit.py:641} INFO - 26/01/18 02:56:43 INFO DAGScheduler: Got map stage job 5 (parquet at NativeMethodAccessorImpl.java:0) with 1 output partitions
[2026-01-18T02:56:43.518+0000] {spark_submit.py:641} INFO - 26/01/18 02:56:43 INFO DAGScheduler: Final stage: ShuffleMapStage 6 (parquet at NativeMethodAccessorImpl.java:0)
[2026-01-18T02:56:43.519+0000] {spark_submit.py:641} INFO - 26/01/18 02:56:43 INFO DAGScheduler: Parents of final stage: List()
[2026-01-18T02:56:43.520+0000] {spark_submit.py:641} INFO - 26/01/18 02:56:43 INFO DAGScheduler: Missing parents: List()
[2026-01-18T02:56:43.521+0000] {spark_submit.py:641} INFO - 26/01/18 02:56:43 INFO DAGScheduler: Submitting ShuffleMapStage 6 (MapPartitionsRDD[20] at parquet at NativeMethodAccessorImpl.java:0), which has no missing parents
[2026-01-18T02:56:43.529+0000] {spark_submit.py:641} INFO - 26/01/18 02:56:43 INFO MemoryStore: Block broadcast_11 stored as values in memory (estimated size 34.1 KiB, free 433.5 MiB)
[2026-01-18T02:56:43.532+0000] {spark_submit.py:641} INFO - 26/01/18 02:56:43 INFO MemoryStore: Block broadcast_11_piece0 stored as bytes in memory (estimated size 15.8 KiB, free 433.5 MiB)
[2026-01-18T02:56:43.533+0000] {spark_submit.py:641} INFO - 26/01/18 02:56:43 INFO BlockManagerInfo: Added broadcast_11_piece0 in memory on f24469a8e3b4:42521 (size: 15.8 KiB, free: 434.2 MiB)
[2026-01-18T02:56:43.534+0000] {spark_submit.py:641} INFO - 26/01/18 02:56:43 INFO SparkContext: Created broadcast 11 from broadcast at DAGScheduler.scala:1580
[2026-01-18T02:56:43.535+0000] {spark_submit.py:641} INFO - 26/01/18 02:56:43 INFO DAGScheduler: Submitting 1 missing tasks from ShuffleMapStage 6 (MapPartitionsRDD[20] at parquet at NativeMethodAccessorImpl.java:0) (first 15 tasks are for partitions Vector(0))
[2026-01-18T02:56:43.536+0000] {spark_submit.py:641} INFO - 26/01/18 02:56:43 INFO TaskSchedulerImpl: Adding task set 6.0 with 1 tasks resource profile 0
[2026-01-18T02:56:43.538+0000] {spark_submit.py:641} INFO - 26/01/18 02:56:43 INFO TaskSetManager: Starting task 0.0 in stage 6.0 (TID 5) (f24469a8e3b4, executor driver, partition 0, PROCESS_LOCAL, 8947 bytes)
[2026-01-18T02:56:43.540+0000] {spark_submit.py:641} INFO - 26/01/18 02:56:43 INFO Executor: Running task 0.0 in stage 6.0 (TID 5)
[2026-01-18T02:56:43.571+0000] {spark_submit.py:641} INFO - 26/01/18 02:56:43 INFO CodeGenerator: Code generated in 19.9404 ms
[2026-01-18T02:56:43.599+0000] {spark_submit.py:641} INFO - 26/01/18 02:56:43 INFO CodeGenerator: Code generated in 18.742967 ms
[2026-01-18T02:56:43.624+0000] {spark_submit.py:641} INFO - 26/01/18 02:56:43 INFO CodeGenerator: Code generated in 13.24391 ms
[2026-01-18T02:56:43.633+0000] {spark_submit.py:641} INFO - 26/01/18 02:56:43 INFO FileScanRDD: Reading File path: s3a://bronze/hackernews/jobs_2026-01-16-22-28-12.json, range: 0-315754, partition values: [empty row]
[2026-01-18T02:56:43.647+0000] {spark_submit.py:641} INFO - 26/01/18 02:56:43 INFO CodeGenerator: Code generated in 10.015414 ms
[2026-01-18T02:56:43.659+0000] {spark_submit.py:641} INFO - 26/01/18 02:56:43 INFO CodeGenerator: Code generated in 7.871054 ms
[2026-01-18T02:56:43.757+0000] {spark_submit.py:641} INFO - 26/01/18 02:56:43 INFO BlockManagerInfo: Removed broadcast_8_piece0 on f24469a8e3b4:42521 in memory (size: 17.3 KiB, free: 434.3 MiB)
[2026-01-18T02:56:43.774+0000] {spark_submit.py:641} INFO - 26/01/18 02:56:43 INFO BlockManagerInfo: Removed broadcast_9_piece0 on f24469a8e3b4:42521 in memory (size: 19.6 KiB, free: 434.3 MiB)
[2026-01-18T02:56:43.786+0000] {spark_submit.py:641} INFO - 26/01/18 02:56:43 INFO BlockManagerInfo: Removed broadcast_7_piece0 on f24469a8e3b4:42521 in memory (size: 35.8 KiB, free: 434.3 MiB)
[2026-01-18T02:56:43.810+0000] {spark_submit.py:641} INFO - 26/01/18 02:56:43 INFO CodeGenerator: Code generated in 11.017673 ms
[2026-01-18T02:56:43.858+0000] {spark_submit.py:641} INFO - 26/01/18 02:56:43 INFO CodeGenerator: Code generated in 22.990154 ms
[2026-01-18T02:56:43.872+0000] {spark_submit.py:641} INFO - 26/01/18 02:56:43 INFO CodeGenerator: Code generated in 8.492439 ms
[2026-01-18T02:56:43.896+0000] {spark_submit.py:641} INFO - 26/01/18 02:56:43 INFO CodeGenerator: Code generated in 15.22243 ms
[2026-01-18T02:56:43.918+0000] {spark_submit.py:641} INFO - 26/01/18 02:56:43 INFO CodeGenerator: Code generated in 14.462537 ms
[2026-01-18T02:56:44.036+0000] {spark_submit.py:641} INFO - 26/01/18 02:56:44 INFO Executor: Finished task 0.0 in stage 6.0 (TID 5). 2628 bytes result sent to driver
[2026-01-18T02:56:44.038+0000] {spark_submit.py:641} INFO - 26/01/18 02:56:44 INFO TaskSetManager: Finished task 0.0 in stage 6.0 (TID 5) in 500 ms on f24469a8e3b4 (executor driver) (1/1)
[2026-01-18T02:56:44.039+0000] {spark_submit.py:641} INFO - 26/01/18 02:56:44 INFO TaskSchedulerImpl: Removed TaskSet 6.0, whose tasks have all completed, from pool
[2026-01-18T02:56:44.040+0000] {spark_submit.py:641} INFO - 26/01/18 02:56:44 INFO DAGScheduler: ShuffleMapStage 6 (parquet at NativeMethodAccessorImpl.java:0) finished in 0.519 s
[2026-01-18T02:56:44.041+0000] {spark_submit.py:641} INFO - 26/01/18 02:56:44 INFO DAGScheduler: looking for newly runnable stages
[2026-01-18T02:56:44.042+0000] {spark_submit.py:641} INFO - 26/01/18 02:56:44 INFO DAGScheduler: running: Set()
[2026-01-18T02:56:44.043+0000] {spark_submit.py:641} INFO - 26/01/18 02:56:44 INFO DAGScheduler: waiting: Set()
[2026-01-18T02:56:44.044+0000] {spark_submit.py:641} INFO - 26/01/18 02:56:44 INFO DAGScheduler: failed: Set()
[2026-01-18T02:56:44.068+0000] {spark_submit.py:641} INFO - 26/01/18 02:56:44 INFO ShufflePartitionsUtil: For shuffle(1), advisory target size: 67108864, actual target size 1048576, minimum partition size: 1048576
[2026-01-18T02:56:44.119+0000] {spark_submit.py:641} INFO - 26/01/18 02:56:44 INFO CodeGenerator: Code generated in 16.441232 ms
[2026-01-18T02:56:44.138+0000] {spark_submit.py:641} INFO - 26/01/18 02:56:44 INFO CodeGenerator: Code generated in 14.297534 ms
[2026-01-18T02:56:44.163+0000] {spark_submit.py:641} INFO - 26/01/18 02:56:44 INFO DAGScheduler: Registering RDD 26 (parquet at NativeMethodAccessorImpl.java:0) as input to shuffle 2
[2026-01-18T02:56:44.169+0000] {spark_submit.py:641} INFO - 26/01/18 02:56:44 INFO DAGScheduler: Got map stage job 6 (parquet at NativeMethodAccessorImpl.java:0) with 1 output partitions
[2026-01-18T02:56:44.171+0000] {spark_submit.py:641} INFO - 26/01/18 02:56:44 INFO DAGScheduler: Final stage: ShuffleMapStage 8 (parquet at NativeMethodAccessorImpl.java:0)
[2026-01-18T02:56:44.172+0000] {spark_submit.py:641} INFO - 26/01/18 02:56:44 INFO DAGScheduler: Parents of final stage: List(ShuffleMapStage 7)
[2026-01-18T02:56:44.173+0000] {spark_submit.py:641} INFO - 26/01/18 02:56:44 INFO DAGScheduler: Missing parents: List()
[2026-01-18T02:56:44.175+0000] {spark_submit.py:641} INFO - 26/01/18 02:56:44 INFO DAGScheduler: Submitting ShuffleMapStage 8 (MapPartitionsRDD[26] at parquet at NativeMethodAccessorImpl.java:0), which has no missing parents
[2026-01-18T02:56:44.177+0000] {spark_submit.py:641} INFO - 26/01/18 02:56:44 INFO MemoryStore: Block broadcast_12 stored as values in memory (estimated size 50.5 KiB, free 433.8 MiB)
[2026-01-18T02:56:44.179+0000] {spark_submit.py:641} INFO - 26/01/18 02:56:44 INFO MemoryStore: Block broadcast_12_piece0 stored as bytes in memory (estimated size 21.8 KiB, free 433.8 MiB)
[2026-01-18T02:56:44.180+0000] {spark_submit.py:641} INFO - 26/01/18 02:56:44 INFO BlockManagerInfo: Added broadcast_12_piece0 in memory on f24469a8e3b4:42521 (size: 21.8 KiB, free: 434.3 MiB)
[2026-01-18T02:56:44.181+0000] {spark_submit.py:641} INFO - 26/01/18 02:56:44 INFO SparkContext: Created broadcast 12 from broadcast at DAGScheduler.scala:1580
[2026-01-18T02:56:44.182+0000] {spark_submit.py:641} INFO - 26/01/18 02:56:44 INFO DAGScheduler: Submitting 1 missing tasks from ShuffleMapStage 8 (MapPartitionsRDD[26] at parquet at NativeMethodAccessorImpl.java:0) (first 15 tasks are for partitions Vector(0))
[2026-01-18T02:56:44.183+0000] {spark_submit.py:641} INFO - 26/01/18 02:56:44 INFO TaskSchedulerImpl: Adding task set 8.0 with 1 tasks resource profile 0
[2026-01-18T02:56:44.184+0000] {spark_submit.py:641} INFO - 26/01/18 02:56:44 INFO TaskSetManager: Starting task 0.0 in stage 8.0 (TID 6) (f24469a8e3b4, executor driver, partition 0, NODE_LOCAL, 8331 bytes)
[2026-01-18T02:56:44.186+0000] {spark_submit.py:641} INFO - 26/01/18 02:56:44 INFO Executor: Running task 0.0 in stage 8.0 (TID 6)
[2026-01-18T02:56:44.203+0000] {spark_submit.py:641} INFO - 26/01/18 02:56:44 INFO ShuffleBlockFetcherIterator: Getting 1 (250.4 KiB) non-empty blocks including 1 (250.4 KiB) local and 0 (0.0 B) host-local and 0 (0.0 B) push-merged-local and 0 (0.0 B) remote blocks
[2026-01-18T02:56:44.205+0000] {spark_submit.py:641} INFO - 26/01/18 02:56:44 INFO ShuffleBlockFetcherIterator: Started 0 remote fetches in 4 ms
[2026-01-18T02:56:44.216+0000] {spark_submit.py:641} INFO - 26/01/18 02:56:44 INFO CodeGenerator: Code generated in 10.343928 ms
[2026-01-18T02:56:44.225+0000] {spark_submit.py:641} INFO - 26/01/18 02:56:44 INFO CodeGenerator: Code generated in 5.504665 ms
[2026-01-18T02:56:44.239+0000] {spark_submit.py:641} INFO - 26/01/18 02:56:44 INFO CodeGenerator: Code generated in 10.20798 ms
[2026-01-18T02:56:44.299+0000] {spark_submit.py:641} INFO - 26/01/18 02:56:44 INFO CodeGenerator: Code generated in 21.101469 ms
[2026-01-18T02:56:44.318+0000] {spark_submit.py:641} INFO - 26/01/18 02:56:44 INFO CodeGenerator: Code generated in 11.264404 ms
[2026-01-18T02:56:44.335+0000] {spark_submit.py:641} INFO - 26/01/18 02:56:44 INFO CodeGenerator: Code generated in 12.178793 ms
[2026-01-18T02:56:44.353+0000] {spark_submit.py:641} INFO - 26/01/18 02:56:44 INFO CodeGenerator: Code generated in 16.47497 ms
[2026-01-18T02:56:44.362+0000] {spark_submit.py:641} INFO - 26/01/18 02:56:44 INFO CodeGenerator: Code generated in 5.770343 ms
[2026-01-18T02:56:44.373+0000] {spark_submit.py:641} INFO - 26/01/18 02:56:44 INFO CodeGenerator: Code generated in 6.649508 ms
[2026-01-18T02:56:44.411+0000] {spark_submit.py:641} INFO - 26/01/18 02:56:44 INFO CodeGenerator: Code generated in 12.128966 ms
[2026-01-18T02:56:44.447+0000] {spark_submit.py:641} INFO - 26/01/18 02:56:44 INFO CodeGenerator: Code generated in 24.255785 ms
[2026-01-18T02:56:44.473+0000] {spark_submit.py:641} INFO - 26/01/18 02:56:44 INFO CodeGenerator: Code generated in 19.283651 ms
[2026-01-18T02:56:44.496+0000] {spark_submit.py:641} INFO - 26/01/18 02:56:44 INFO CodeGenerator: Code generated in 15.446 ms
[2026-01-18T02:56:44.509+0000] {spark_submit.py:641} INFO - 26/01/18 02:56:44 INFO CodeGenerator: Code generated in 8.971677 ms
[2026-01-18T02:56:44.599+0000] {spark_submit.py:641} INFO - 26/01/18 02:56:44 INFO Executor: Finished task 0.0 in stage 8.0 (TID 6). 5492 bytes result sent to driver
[2026-01-18T02:56:44.600+0000] {spark_submit.py:641} INFO - 26/01/18 02:56:44 INFO TaskSetManager: Finished task 0.0 in stage 8.0 (TID 6) in 416 ms on f24469a8e3b4 (executor driver) (1/1)
[2026-01-18T02:56:44.602+0000] {spark_submit.py:641} INFO - 26/01/18 02:56:44 INFO TaskSchedulerImpl: Removed TaskSet 8.0, whose tasks have all completed, from pool
[2026-01-18T02:56:44.605+0000] {spark_submit.py:641} INFO - 26/01/18 02:56:44 INFO DAGScheduler: ShuffleMapStage 8 (parquet at NativeMethodAccessorImpl.java:0) finished in 0.429 s
[2026-01-18T02:56:44.605+0000] {spark_submit.py:641} INFO - 26/01/18 02:56:44 INFO DAGScheduler: looking for newly runnable stages
[2026-01-18T02:56:44.606+0000] {spark_submit.py:641} INFO - 26/01/18 02:56:44 INFO DAGScheduler: running: Set()
[2026-01-18T02:56:44.607+0000] {spark_submit.py:641} INFO - 26/01/18 02:56:44 INFO DAGScheduler: waiting: Set()
[2026-01-18T02:56:44.607+0000] {spark_submit.py:641} INFO - 26/01/18 02:56:44 INFO DAGScheduler: failed: Set()
[2026-01-18T02:56:44.618+0000] {spark_submit.py:641} INFO - 26/01/18 02:56:44 INFO ShufflePartitionsUtil: For shuffle(2), advisory target size: 67108864, actual target size 1048576, minimum partition size: 1048576
[2026-01-18T02:56:44.844+0000] {spark_submit.py:641} INFO - 26/01/18 02:56:44 INFO ParquetUtils: Using default output committer for Parquet: org.apache.parquet.hadoop.ParquetOutputCommitter
[2026-01-18T02:56:44.867+0000] {spark_submit.py:641} INFO - 26/01/18 02:56:44 INFO FileOutputCommitter: File Output Committer Algorithm version is 1
[2026-01-18T02:56:44.868+0000] {spark_submit.py:641} INFO - 26/01/18 02:56:44 INFO FileOutputCommitter: FileOutputCommitter skip cleanup _temporary folders under output directory:false, ignore cleanup failures: false
[2026-01-18T02:56:44.869+0000] {spark_submit.py:641} INFO - 26/01/18 02:56:44 INFO SQLHadoopMapReduceCommitProtocol: Using user defined output committer class org.apache.parquet.hadoop.ParquetOutputCommitter
[2026-01-18T02:56:44.870+0000] {spark_submit.py:641} INFO - 26/01/18 02:56:44 INFO FileOutputCommitter: File Output Committer Algorithm version is 1
[2026-01-18T02:56:44.871+0000] {spark_submit.py:641} INFO - 26/01/18 02:56:44 INFO FileOutputCommitter: FileOutputCommitter skip cleanup _temporary folders under output directory:false, ignore cleanup failures: false
[2026-01-18T02:56:44.872+0000] {spark_submit.py:641} INFO - 26/01/18 02:56:44 INFO SQLHadoopMapReduceCommitProtocol: Using output committer class org.apache.parquet.hadoop.ParquetOutputCommitter
[2026-01-18T02:56:45.734+0000] {spark_submit.py:641} INFO - 26/01/18 02:56:45 INFO CodeGenerator: Code generated in 44.129695 ms
[2026-01-18T02:56:45.767+0000] {spark_submit.py:641} INFO - 26/01/18 02:56:45 INFO CodeGenerator: Code generated in 19.452688 ms
[2026-01-18T02:56:45.818+0000] {spark_submit.py:641} INFO - 26/01/18 02:56:45 INFO SparkContext: Starting job: parquet at NativeMethodAccessorImpl.java:0
[2026-01-18T02:56:45.821+0000] {spark_submit.py:641} INFO - 26/01/18 02:56:45 INFO DAGScheduler: Got job 7 (parquet at NativeMethodAccessorImpl.java:0) with 1 output partitions
[2026-01-18T02:56:45.823+0000] {spark_submit.py:641} INFO - 26/01/18 02:56:45 INFO DAGScheduler: Final stage: ResultStage 11 (parquet at NativeMethodAccessorImpl.java:0)
[2026-01-18T02:56:45.824+0000] {spark_submit.py:641} INFO - 26/01/18 02:56:45 INFO DAGScheduler: Parents of final stage: List(ShuffleMapStage 10)
[2026-01-18T02:56:45.825+0000] {spark_submit.py:641} INFO - 26/01/18 02:56:45 INFO DAGScheduler: Missing parents: List()
[2026-01-18T02:56:45.825+0000] {spark_submit.py:641} INFO - 26/01/18 02:56:45 INFO DAGScheduler: Submitting ResultStage 11 (MapPartitionsRDD[33] at parquet at NativeMethodAccessorImpl.java:0), which has no missing parents
[2026-01-18T02:56:45.865+0000] {spark_submit.py:641} INFO - 26/01/18 02:56:45 INFO MemoryStore: Block broadcast_13 stored as values in memory (estimated size 287.3 KiB, free 433.5 MiB)
[2026-01-18T02:56:45.869+0000] {spark_submit.py:641} INFO - 26/01/18 02:56:45 INFO MemoryStore: Block broadcast_13_piece0 stored as bytes in memory (estimated size 106.8 KiB, free 433.4 MiB)
[2026-01-18T02:56:45.870+0000] {spark_submit.py:641} INFO - 26/01/18 02:56:45 INFO BlockManagerInfo: Added broadcast_13_piece0 in memory on f24469a8e3b4:42521 (size: 106.8 KiB, free: 434.2 MiB)
[2026-01-18T02:56:45.872+0000] {spark_submit.py:641} INFO - 26/01/18 02:56:45 INFO SparkContext: Created broadcast 13 from broadcast at DAGScheduler.scala:1580
[2026-01-18T02:56:45.873+0000] {spark_submit.py:641} INFO - 26/01/18 02:56:45 INFO DAGScheduler: Submitting 1 missing tasks from ResultStage 11 (MapPartitionsRDD[33] at parquet at NativeMethodAccessorImpl.java:0) (first 15 tasks are for partitions Vector(0))
[2026-01-18T02:56:45.874+0000] {spark_submit.py:641} INFO - 26/01/18 02:56:45 INFO TaskSchedulerImpl: Adding task set 11.0 with 1 tasks resource profile 0
[2026-01-18T02:56:45.876+0000] {spark_submit.py:641} INFO - 26/01/18 02:56:45 INFO TaskSetManager: Starting task 0.0 in stage 11.0 (TID 7) (f24469a8e3b4, executor driver, partition 0, NODE_LOCAL, 8342 bytes)
[2026-01-18T02:56:45.877+0000] {spark_submit.py:641} INFO - 26/01/18 02:56:45 INFO Executor: Running task 0.0 in stage 11.0 (TID 7)
[2026-01-18T02:56:45.956+0000] {spark_submit.py:641} INFO - 26/01/18 02:56:45 INFO ShuffleBlockFetcherIterator: Getting 1 (254.3 KiB) non-empty blocks including 1 (254.3 KiB) local and 0 (0.0 B) host-local and 0 (0.0 B) push-merged-local and 0 (0.0 B) remote blocks
[2026-01-18T02:56:45.957+0000] {spark_submit.py:641} INFO - 26/01/18 02:56:45 INFO ShuffleBlockFetcherIterator: Started 0 remote fetches in 2 ms
[2026-01-18T02:56:45.966+0000] {spark_submit.py:641} INFO - 26/01/18 02:56:45 INFO CodeGenerator: Code generated in 9.16651 ms
[2026-01-18T02:56:45.977+0000] {spark_submit.py:641} INFO - 26/01/18 02:56:45 INFO CodeGenerator: Code generated in 8.378484 ms
[2026-01-18T02:56:45.984+0000] {spark_submit.py:641} INFO - 26/01/18 02:56:45 INFO CodeGenerator: Code generated in 4.63662 ms
[2026-01-18T02:56:46.035+0000] {spark_submit.py:641} INFO - 26/01/18 02:56:46 INFO CodeGenerator: Code generated in 18.995746 ms
[2026-01-18T02:56:46.048+0000] {spark_submit.py:641} INFO - 26/01/18 02:56:46 INFO CodeGenerator: Code generated in 7.70407 ms
[2026-01-18T02:56:46.064+0000] {spark_submit.py:641} INFO - 26/01/18 02:56:46 INFO CodeGenerator: Code generated in 10.105336 ms
[2026-01-18T02:56:46.078+0000] {spark_submit.py:641} INFO - 26/01/18 02:56:46 INFO CodeGenerator: Code generated in 8.161624 ms
[2026-01-18T02:56:46.103+0000] {spark_submit.py:641} INFO - 26/01/18 02:56:46 INFO CodeGenerator: Code generated in 9.429337 ms
[2026-01-18T02:56:48.003+0000] {spark_submit.py:641} INFO - 26/01/18 02:56:48 INFO BaseAllocator: Debug mode disabled.
[2026-01-18T02:56:48.007+0000] {spark_submit.py:641} INFO - 26/01/18 02:56:48 INFO DefaultAllocationManagerOption: allocation manager type not specified, using netty as the default type
[2026-01-18T02:56:48.008+0000] {spark_submit.py:641} INFO - 26/01/18 02:56:48 INFO CheckAllocator: Using DefaultAllocationManager at memory-netty-12.0.1.jar!/org/apache/arrow/memory/DefaultAllocationManagerFactory.class
[2026-01-18T02:56:48.065+0000] {spark_submit.py:641} INFO - 26/01/18 02:56:48 INFO BlockManagerInfo: Removed broadcast_12_piece0 on f24469a8e3b4:42521 in memory (size: 21.8 KiB, free: 434.2 MiB)
[2026-01-18T02:56:48.073+0000] {spark_submit.py:641} INFO - 26/01/18 02:56:48 INFO BlockManagerInfo: Removed broadcast_11_piece0 on f24469a8e3b4:42521 in memory (size: 15.8 KiB, free: 434.2 MiB)
[2026-01-18T02:56:48.083+0000] {spark_submit.py:641} INFO - 26/01/18 02:56:48 INFO CodeGenerator: Code generated in 43.022346 ms
[2026-01-18T02:56:48.107+0000] {spark_submit.py:641} INFO - 26/01/18 02:56:48 INFO CodeGenerator: Code generated in 22.38729 ms
[2026-01-18T02:56:48.120+0000] {spark_submit.py:641} INFO - 26/01/18 02:56:48 INFO CodeGenerator: Code generated in 8.651979 ms
[2026-01-18T02:56:48.133+0000] {spark_submit.py:641} INFO - 26/01/18 02:56:48 INFO CodeGenerator: Code generated in 9.589986 ms
[2026-01-18T02:56:48.136+0000] {spark_submit.py:641} INFO - 26/01/18 02:56:48 INFO FileOutputCommitter: File Output Committer Algorithm version is 1
[2026-01-18T02:56:48.138+0000] {spark_submit.py:641} INFO - 26/01/18 02:56:48 INFO FileOutputCommitter: FileOutputCommitter skip cleanup _temporary folders under output directory:false, ignore cleanup failures: false
[2026-01-18T02:56:48.139+0000] {spark_submit.py:641} INFO - 26/01/18 02:56:48 INFO SQLHadoopMapReduceCommitProtocol: Using user defined output committer class org.apache.parquet.hadoop.ParquetOutputCommitter
[2026-01-18T02:56:48.140+0000] {spark_submit.py:641} INFO - 26/01/18 02:56:48 INFO FileOutputCommitter: File Output Committer Algorithm version is 1
[2026-01-18T02:56:48.141+0000] {spark_submit.py:641} INFO - 26/01/18 02:56:48 INFO FileOutputCommitter: FileOutputCommitter skip cleanup _temporary folders under output directory:false, ignore cleanup failures: false
[2026-01-18T02:56:48.141+0000] {spark_submit.py:641} INFO - 26/01/18 02:56:48 INFO SQLHadoopMapReduceCommitProtocol: Using output committer class org.apache.parquet.hadoop.ParquetOutputCommitter
[2026-01-18T02:56:48.168+0000] {spark_submit.py:641} INFO - 26/01/18 02:56:48 INFO CodeGenerator: Code generated in 14.358793 ms
[2026-01-18T02:56:50.626+0000] {spark_submit.py:641} INFO - 26/01/18 02:56:50 INFO ArrowPythonRunner: Times: total = 4338, boot = 1855, init = 1361, finish = 1122
[2026-01-18T02:56:50.645+0000] {spark_submit.py:641} INFO - 26/01/18 02:56:50 INFO CodeGenerator: Code generated in 13.478211 ms
[2026-01-18T02:56:50.711+0000] {spark_submit.py:641} INFO - 26/01/18 02:56:50 INFO CodeGenerator: Code generated in 21.002434 ms
[2026-01-18T02:56:50.723+0000] {spark_submit.py:641} INFO - 26/01/18 02:56:50 INFO CodecConfig: Compression: SNAPPY
[2026-01-18T02:56:50.727+0000] {spark_submit.py:641} INFO - 26/01/18 02:56:50 INFO CodecConfig: Compression: SNAPPY
[2026-01-18T02:56:50.753+0000] {spark_submit.py:641} INFO - 26/01/18 02:56:50 INFO ParquetOutputFormat: ParquetRecordWriter [block size: 134217728b, row group padding size: 8388608b, validating: false]
[2026-01-18T02:56:50.789+0000] {spark_submit.py:641} INFO - 26/01/18 02:56:50 INFO ParquetWriteSupport: Initialized Parquet WriteSupport with Catalyst schema:
[2026-01-18T02:56:50.790+0000] {spark_submit.py:641} INFO - {
[2026-01-18T02:56:50.790+0000] {spark_submit.py:641} INFO - "type" : "struct",
[2026-01-18T02:56:50.791+0000] {spark_submit.py:641} INFO - "fields" : [ {
[2026-01-18T02:56:50.792+0000] {spark_submit.py:641} INFO - "name" : "author",
[2026-01-18T02:56:50.792+0000] {spark_submit.py:641} INFO - "type" : "string",
[2026-01-18T02:56:50.793+0000] {spark_submit.py:641} INFO - "nullable" : true,
[2026-01-18T02:56:50.794+0000] {spark_submit.py:641} INFO - "metadata" : { }
[2026-01-18T02:56:50.795+0000] {spark_submit.py:641} INFO - }, {
[2026-01-18T02:56:50.796+0000] {spark_submit.py:641} INFO - "name" : "created_at",
[2026-01-18T02:56:50.797+0000] {spark_submit.py:641} INFO - "type" : "string",
[2026-01-18T02:56:50.797+0000] {spark_submit.py:641} INFO - "nullable" : true,
[2026-01-18T02:56:50.798+0000] {spark_submit.py:641} INFO - "metadata" : { }
[2026-01-18T02:56:50.799+0000] {spark_submit.py:641} INFO - }, {
[2026-01-18T02:56:50.800+0000] {spark_submit.py:641} INFO - "name" : "id",
[2026-01-18T02:56:50.801+0000] {spark_submit.py:641} INFO - "type" : "string",
[2026-01-18T02:56:50.802+0000] {spark_submit.py:641} INFO - "nullable" : true,
[2026-01-18T02:56:50.802+0000] {spark_submit.py:641} INFO - "metadata" : { }
[2026-01-18T02:56:50.803+0000] {spark_submit.py:641} INFO - }, {
[2026-01-18T02:56:50.804+0000] {spark_submit.py:641} INFO - "name" : "text",
[2026-01-18T02:56:50.805+0000] {spark_submit.py:641} INFO - "type" : "string",
[2026-01-18T02:56:50.805+0000] {spark_submit.py:641} INFO - "nullable" : true,
[2026-01-18T02:56:50.806+0000] {spark_submit.py:641} INFO - "metadata" : { }
[2026-01-18T02:56:50.807+0000] {spark_submit.py:641} INFO - }, {
[2026-01-18T02:56:50.807+0000] {spark_submit.py:641} INFO - "name" : "original_id",
[2026-01-18T02:56:50.808+0000] {spark_submit.py:641} INFO - "type" : "string",
[2026-01-18T02:56:50.809+0000] {spark_submit.py:641} INFO - "nullable" : true,
[2026-01-18T02:56:50.809+0000] {spark_submit.py:641} INFO - "metadata" : { }
[2026-01-18T02:56:50.810+0000] {spark_submit.py:641} INFO - }, {
[2026-01-18T02:56:50.811+0000] {spark_submit.py:641} INFO - "name" : "comment_key",
[2026-01-18T02:56:50.812+0000] {spark_submit.py:641} INFO - "type" : "integer",
[2026-01-18T02:56:50.812+0000] {spark_submit.py:641} INFO - "nullable" : false,
[2026-01-18T02:56:50.813+0000] {spark_submit.py:641} INFO - "metadata" : { }
[2026-01-18T02:56:50.814+0000] {spark_submit.py:641} INFO - }, {
[2026-01-18T02:56:50.814+0000] {spark_submit.py:641} INFO - "name" : "text_clean",
[2026-01-18T02:56:50.815+0000] {spark_submit.py:641} INFO - "type" : "string",
[2026-01-18T02:56:50.815+0000] {spark_submit.py:641} INFO - "nullable" : true,
[2026-01-18T02:56:50.816+0000] {spark_submit.py:641} INFO - "metadata" : { }
[2026-01-18T02:56:50.817+0000] {spark_submit.py:641} INFO - }, {
[2026-01-18T02:56:50.818+0000] {spark_submit.py:641} INFO - "name" : "company",
[2026-01-18T02:56:50.820+0000] {spark_submit.py:641} INFO - "type" : "string",
[2026-01-18T02:56:50.820+0000] {spark_submit.py:641} INFO - "nullable" : true,
[2026-01-18T02:56:50.821+0000] {spark_submit.py:641} INFO - "metadata" : { }
[2026-01-18T02:56:50.822+0000] {spark_submit.py:641} INFO - }, {
[2026-01-18T02:56:50.822+0000] {spark_submit.py:641} INFO - "name" : "location",
[2026-01-18T02:56:50.823+0000] {spark_submit.py:641} INFO - "type" : "string",
[2026-01-18T02:56:50.824+0000] {spark_submit.py:641} INFO - "nullable" : true,
[2026-01-18T02:56:50.824+0000] {spark_submit.py:641} INFO - "metadata" : { }
[2026-01-18T02:56:50.825+0000] {spark_submit.py:641} INFO - }, {
[2026-01-18T02:56:50.826+0000] {spark_submit.py:641} INFO - "name" : "roles",
[2026-01-18T02:56:50.826+0000] {spark_submit.py:641} INFO - "type" : {
[2026-01-18T02:56:50.827+0000] {spark_submit.py:641} INFO - "type" : "array",
[2026-01-18T02:56:50.828+0000] {spark_submit.py:641} INFO - "elementType" : "string",
[2026-01-18T02:56:50.828+0000] {spark_submit.py:641} INFO - "containsNull" : true
[2026-01-18T02:56:50.829+0000] {spark_submit.py:641} INFO - },
[2026-01-18T02:56:50.830+0000] {spark_submit.py:641} INFO - "nullable" : true,
[2026-01-18T02:56:50.830+0000] {spark_submit.py:641} INFO - "metadata" : { }
[2026-01-18T02:56:50.831+0000] {spark_submit.py:641} INFO - }, {
[2026-01-18T02:56:50.832+0000] {spark_submit.py:641} INFO - "name" : "seniority",
[2026-01-18T02:56:50.832+0000] {spark_submit.py:641} INFO - "type" : "string",
[2026-01-18T02:56:50.833+0000] {spark_submit.py:641} INFO - "nullable" : true,
[2026-01-18T02:56:50.834+0000] {spark_submit.py:641} INFO - "metadata" : { }
[2026-01-18T02:56:50.834+0000] {spark_submit.py:641} INFO - }, {
[2026-01-18T02:56:50.835+0000] {spark_submit.py:641} INFO - "name" : "tech_stack",
[2026-01-18T02:56:50.835+0000] {spark_submit.py:641} INFO - "type" : {
[2026-01-18T02:56:50.836+0000] {spark_submit.py:641} INFO - "type" : "array",
[2026-01-18T02:56:50.837+0000] {spark_submit.py:641} INFO - "elementType" : "string",
[2026-01-18T02:56:50.837+0000] {spark_submit.py:641} INFO - "containsNull" : true
[2026-01-18T02:56:50.838+0000] {spark_submit.py:641} INFO - },
[2026-01-18T02:56:50.838+0000] {spark_submit.py:641} INFO - "nullable" : true,
[2026-01-18T02:56:50.839+0000] {spark_submit.py:641} INFO - "metadata" : { }
[2026-01-18T02:56:50.839+0000] {spark_submit.py:641} INFO - } ]
[2026-01-18T02:56:50.840+0000] {spark_submit.py:641} INFO - }
[2026-01-18T02:56:50.841+0000] {spark_submit.py:641} INFO - and corresponding Parquet message type:
[2026-01-18T02:56:50.841+0000] {spark_submit.py:641} INFO - message spark_schema {
[2026-01-18T02:56:50.842+0000] {spark_submit.py:641} INFO - optional binary author (STRING);
[2026-01-18T02:56:50.842+0000] {spark_submit.py:641} INFO - optional binary created_at (STRING);
[2026-01-18T02:56:50.844+0000] {spark_submit.py:641} INFO - optional binary id (STRING);
[2026-01-18T02:56:50.846+0000] {spark_submit.py:641} INFO - optional binary text (STRING);
[2026-01-18T02:56:50.846+0000] {spark_submit.py:641} INFO - optional binary original_id (STRING);
[2026-01-18T02:56:50.847+0000] {spark_submit.py:641} INFO - required int32 comment_key;
[2026-01-18T02:56:50.848+0000] {spark_submit.py:641} INFO - optional binary text_clean (STRING);
[2026-01-18T02:56:50.849+0000] {spark_submit.py:641} INFO - optional binary company (STRING);
[2026-01-18T02:56:50.849+0000] {spark_submit.py:641} INFO - optional binary location (STRING);
[2026-01-18T02:56:50.850+0000] {spark_submit.py:641} INFO - optional group roles (LIST) {
[2026-01-18T02:56:50.851+0000] {spark_submit.py:641} INFO - repeated group list {
[2026-01-18T02:56:50.851+0000] {spark_submit.py:641} INFO - optional binary element (STRING);
[2026-01-18T02:56:50.852+0000] {spark_submit.py:641} INFO - }
[2026-01-18T02:56:50.853+0000] {spark_submit.py:641} INFO - }
[2026-01-18T02:56:50.853+0000] {spark_submit.py:641} INFO - optional binary seniority (STRING);
[2026-01-18T02:56:50.854+0000] {spark_submit.py:641} INFO - optional group tech_stack (LIST) {
[2026-01-18T02:56:50.854+0000] {spark_submit.py:641} INFO - repeated group list {
[2026-01-18T02:56:50.855+0000] {spark_submit.py:641} INFO - optional binary element (STRING);
[2026-01-18T02:56:50.856+0000] {spark_submit.py:641} INFO - }
[2026-01-18T02:56:50.857+0000] {spark_submit.py:641} INFO - }
[2026-01-18T02:56:50.857+0000] {spark_submit.py:641} INFO - }
[2026-01-18T02:56:50.858+0000] {spark_submit.py:641} INFO - 
[2026-01-18T02:56:50.859+0000] {spark_submit.py:641} INFO - 
[2026-01-18T02:56:50.915+0000] {spark_submit.py:641} INFO - 26/01/18 02:56:50 INFO CodecPool: Got brand-new compressor [.snappy]
[2026-01-18T02:56:52.930+0000] {spark_submit.py:641} INFO - 26/01/18 02:56:52 INFO FileOutputCommitter: Saved output of task 'attempt_202601180256457660225994100942937_0011_m_000000_7' to s3a://silver/jobs_table/.spark-staging-a9c2838f-0f23-40d8-9f51-878f8a7a8fe4/_temporary/0/task_202601180256457660225994100942937_0011_m_000000
[2026-01-18T02:56:52.931+0000] {spark_submit.py:641} INFO - 26/01/18 02:56:52 INFO SparkHadoopMapRedUtil: attempt_202601180256457660225994100942937_0011_m_000000_7: Committed. Elapsed time: 694 ms.
[2026-01-18T02:56:52.945+0000] {spark_submit.py:641} INFO - 26/01/18 02:56:52 INFO Executor: Finished task 0.0 in stage 11.0 (TID 7). 8822 bytes result sent to driver
[2026-01-18T02:56:52.949+0000] {spark_submit.py:641} INFO - 26/01/18 02:56:52 INFO TaskSetManager: Finished task 0.0 in stage 11.0 (TID 7) in 7073 ms on f24469a8e3b4 (executor driver) (1/1)
[2026-01-18T02:56:52.951+0000] {spark_submit.py:641} INFO - 26/01/18 02:56:52 INFO TaskSchedulerImpl: Removed TaskSet 11.0, whose tasks have all completed, from pool
[2026-01-18T02:56:52.952+0000] {spark_submit.py:641} INFO - 26/01/18 02:56:52 INFO PythonAccumulatorV2: Connected to AccumulatorServer at host: 127.0.0.1 port: 36441
[2026-01-18T02:56:52.954+0000] {spark_submit.py:641} INFO - 26/01/18 02:56:52 INFO DAGScheduler: ResultStage 11 (parquet at NativeMethodAccessorImpl.java:0) finished in 7.126 s
[2026-01-18T02:56:52.958+0000] {spark_submit.py:641} INFO - 26/01/18 02:56:52 INFO DAGScheduler: Job 7 is finished. Cancelling potential speculative or zombie tasks for this job
[2026-01-18T02:56:52.962+0000] {spark_submit.py:641} INFO - 26/01/18 02:56:52 INFO TaskSchedulerImpl: Killing all running tasks in stage 11: Stage finished
[2026-01-18T02:56:52.966+0000] {spark_submit.py:641} INFO - 26/01/18 02:56:52 INFO DAGScheduler: Job 7 finished: parquet at NativeMethodAccessorImpl.java:0, took 7.094698 s
[2026-01-18T02:56:52.967+0000] {spark_submit.py:641} INFO - 26/01/18 02:56:52 INFO FileFormatWriter: Start to commit write Job 9211e5da-3127-42ef-a76b-22100d648597.
[2026-01-18T02:56:55.387+0000] {spark_submit.py:641} INFO - 26/01/18 02:56:55 INFO FileFormatWriter: Write Job 9211e5da-3127-42ef-a76b-22100d648597 committed. Elapsed time: 2424 ms.
[2026-01-18T02:56:55.391+0000] {spark_submit.py:641} INFO - 26/01/18 02:56:55 INFO FileFormatWriter: Finished processing stats for write job 9211e5da-3127-42ef-a76b-22100d648597.
[2026-01-18T02:56:55.698+0000] {spark_submit.py:641} INFO - 26/01/18 02:56:55 INFO SparkContext: Invoking stop() from shutdown hook
[2026-01-18T02:56:55.699+0000] {spark_submit.py:641} INFO - 26/01/18 02:56:55 INFO SparkContext: SparkContext is stopping with exitCode 0.
[2026-01-18T02:56:55.717+0000] {spark_submit.py:641} INFO - 26/01/18 02:56:55 INFO SparkUI: Stopped Spark web UI at http://f24469a8e3b4:4040
[2026-01-18T02:56:55.738+0000] {spark_submit.py:641} INFO - 26/01/18 02:56:55 INFO MapOutputTrackerMasterEndpoint: MapOutputTrackerMasterEndpoint stopped!
[2026-01-18T02:56:55.770+0000] {spark_submit.py:641} INFO - 26/01/18 02:56:55 INFO MemoryStore: MemoryStore cleared
[2026-01-18T02:56:55.774+0000] {spark_submit.py:641} INFO - 26/01/18 02:56:55 INFO BlockManager: BlockManager stopped
[2026-01-18T02:56:55.778+0000] {spark_submit.py:641} INFO - 26/01/18 02:56:55 INFO BlockManagerMaster: BlockManagerMaster stopped
[2026-01-18T02:56:55.781+0000] {spark_submit.py:641} INFO - 26/01/18 02:56:55 INFO OutputCommitCoordinator$OutputCommitCoordinatorEndpoint: OutputCommitCoordinator stopped!
[2026-01-18T02:56:55.809+0000] {spark_submit.py:641} INFO - 26/01/18 02:56:55 INFO SparkContext: Successfully stopped SparkContext
[2026-01-18T02:56:55.813+0000] {spark_submit.py:641} INFO - 26/01/18 02:56:55 INFO ShutdownHookManager: Shutdown hook called
[2026-01-18T02:56:55.815+0000] {spark_submit.py:641} INFO - 26/01/18 02:56:55 INFO ShutdownHookManager: Deleting directory /tmp/spark-c2816ca8-7291-4324-a561-0cd89e2595cf/pyspark-0d8d916d-cdd1-4315-8d98-71733940b369
[2026-01-18T02:56:55.822+0000] {spark_submit.py:641} INFO - 26/01/18 02:56:55 INFO ShutdownHookManager: Deleting directory /tmp/spark-aba3149a-9d98-464a-8ba9-39831de4efd0
[2026-01-18T02:56:55.832+0000] {spark_submit.py:641} INFO - 26/01/18 02:56:55 INFO ShutdownHookManager: Deleting directory /tmp/spark-c2816ca8-7291-4324-a561-0cd89e2595cf
[2026-01-18T02:56:55.855+0000] {spark_submit.py:641} INFO - 26/01/18 02:56:55 INFO MetricsSystemImpl: Stopping s3a-file-system metrics system...
[2026-01-18T02:56:55.856+0000] {spark_submit.py:641} INFO - 26/01/18 02:56:55 INFO MetricsSystemImpl: s3a-file-system metrics system stopped.
[2026-01-18T02:56:55.857+0000] {spark_submit.py:641} INFO - 26/01/18 02:56:55 INFO MetricsSystemImpl: s3a-file-system metrics system shutdown complete.
[2026-01-18T02:56:56.154+0000] {taskinstance.py:340} INFO - ::group::Post task execution logs
[2026-01-18T02:56:56.156+0000] {taskinstance.py:352} INFO - Marking task as SUCCESS. dag_id=silver_layer_sensor_driven, task_id=spark_bronze_to_silver, run_id=manual__2026-01-18T02:51:06.315278+00:00, execution_date=20260118T025106, start_date=20260118T025619, end_date=20260118T025656
[2026-01-18T02:56:56.256+0000] {local_task_job_runner.py:261} INFO - Task exited with return code 0
[2026-01-18T02:56:56.467+0000] {taskinstance.py:3891} INFO - 1 downstream tasks scheduled from follow-on schedule check
[2026-01-18T02:56:56.475+0000] {local_task_job_runner.py:240} INFO - ::endgroup::
