[2026-01-18T02:51:12.049+0000] {local_task_job_runner.py:123} INFO - ::group::Pre task execution logs
[2026-01-18T02:51:12.239+0000] {taskinstance.py:2603} INFO - Dependencies all met for dep_context=non-requeueable deps ti=<TaskInstance: silver_layer_sensor_driven.spark_bronze_to_silver manual__2026-01-18T02:51:06.315278+00:00 [queued]>
[2026-01-18T02:51:12.259+0000] {taskinstance.py:2603} INFO - Dependencies all met for dep_context=requeueable deps ti=<TaskInstance: silver_layer_sensor_driven.spark_bronze_to_silver manual__2026-01-18T02:51:06.315278+00:00 [queued]>
[2026-01-18T02:51:12.260+0000] {taskinstance.py:2856} INFO - Starting attempt 1 of 2
[2026-01-18T02:51:12.315+0000] {taskinstance.py:2879} INFO - Executing <Task(SparkSubmitOperator): spark_bronze_to_silver> on 2026-01-18 02:51:06.315278+00:00
[2026-01-18T02:51:12.337+0000] {logging_mixin.py:190} WARNING - /home/airflow/.local/lib/python3.12/site-packages/airflow/task/task_runner/standard_task_runner.py:70 DeprecationWarning: This process (pid=19947) is multi-threaded, use of fork() may lead to deadlocks in the child.
[2026-01-18T02:51:12.335+0000] {standard_task_runner.py:104} INFO - Running: ['airflow', 'tasks', 'run', 'silver_layer_sensor_driven', 'spark_bronze_to_silver', 'manual__2026-01-18T02:51:06.315278+00:00', '--job-id', '75', '--raw', '--subdir', 'DAGS_FOLDER/bronze_to_silver.py', '--cfg-path', '/tmp/tmpsg7s7j62']
[2026-01-18T02:51:12.340+0000] {standard_task_runner.py:72} INFO - Started process 19963 to run task
[2026-01-18T02:51:12.341+0000] {standard_task_runner.py:105} INFO - Job 75: Subtask spark_bronze_to_silver
[2026-01-18T02:51:13.031+0000] {task_command.py:467} INFO - Running <TaskInstance: silver_layer_sensor_driven.spark_bronze_to_silver manual__2026-01-18T02:51:06.315278+00:00 [running]> on host f24469a8e3b4
[2026-01-18T02:51:13.568+0000] {taskinstance.py:3122} INFO - Exporting env vars: AIRFLOW_CTX_DAG_OWNER='airflow' AIRFLOW_CTX_DAG_ID='silver_layer_sensor_driven' AIRFLOW_CTX_TASK_ID='spark_bronze_to_silver' AIRFLOW_CTX_EXECUTION_DATE='2026-01-18T02:51:06.315278+00:00' AIRFLOW_CTX_TRY_NUMBER='1' AIRFLOW_CTX_DAG_RUN_ID='manual__2026-01-18T02:51:06.315278+00:00'
[2026-01-18T02:51:13.570+0000] {taskinstance.py:731} INFO - ::endgroup::
[2026-01-18T02:51:13.607+0000] {connection.py:531} ERROR - Unable to retrieve connection from secrets backend (EnvironmentVariablesBackend). Checking subsequent secrets backend.
Traceback (most recent call last):
  File "/home/airflow/.local/lib/python3.12/site-packages/airflow/models/connection.py", line 526, in get_connection_from_secrets
    conn = secrets_backend.get_connection(conn_id=conn_id)
           ^^^^^^^^^^^^^^^^^^^^^^^^^^^^^^^^^^^^^^^^^^^^^^^
  File "/home/airflow/.local/lib/python3.12/site-packages/airflow/secrets/base_secrets.py", line 96, in get_connection
    value = self.get_conn_value(conn_id=conn_id)
            ^^^^^^^^^^^^^^^^^^^^^^^^^^^^^^^^^^^^
  File "/home/airflow/.local/lib/python3.12/site-packages/airflow/secrets/environment_variables.py", line 52, in get_conn_value
    return os.environ.get(CONN_ENV_PREFIX + conn_id.upper())
                                            ^^^^^^^^^^^^^
AttributeError: 'NoneType' object has no attribute 'upper'
[2026-01-18T02:51:13.705+0000] {spark_submit.py:305} INFO - Could not load connection string None, defaulting to yarn
[2026-01-18T02:51:13.707+0000] {spark_submit.py:474} INFO - Spark-Submit cmd: spark-submit --master yarn --conf spark.master=local[*] --conf spark.hadoop.fs.s3a.endpoint=http://rustfs:9000 --conf spark.hadoop.fs.s3a.access.key=rustfsadmin --conf spark.hadoop.fs.s3a.secret.key=****** --conf spark.hadoop.fs.s3a.path.style.access=true --conf spark.hadoop.fs.s3a.impl=org.apache.hadoop.fs.s3a.S3AFileSystem --conf spark.sql.sources.partitionOverwriteMode=dynamic --conf spark.hadoop.fs.s3a.change.detection.mode=none --packages org.apache.hadoop:hadoop-aws:3.3.4,com.amazonaws:aws-java-sdk-bundle:1.12.262 --name arrow-spark --verbose /opt/airflow/scripts/bronze_to_silver.py 2026-01-16
[2026-01-18T02:51:13.718+0000] {spark_submit.py:641} INFO - /opt/spark/bin/load-spark-env.sh: line 68: ps: command not found
[2026-01-18T02:51:15.635+0000] {spark_submit.py:641} INFO - Using properties file: null
[2026-01-18T02:51:15.801+0000] {spark_submit.py:641} INFO - Exception in thread "main" org.apache.spark.SparkException: When running with master 'yarn' either HADOOP_CONF_DIR or YARN_CONF_DIR must be set in the environment.
[2026-01-18T02:51:15.802+0000] {spark_submit.py:641} INFO - at org.apache.spark.deploy.SparkSubmitArguments.error(SparkSubmitArguments.scala:650)
[2026-01-18T02:51:15.803+0000] {spark_submit.py:641} INFO - at org.apache.spark.deploy.SparkSubmitArguments.validateSubmitArguments(SparkSubmitArguments.scala:281)
[2026-01-18T02:51:15.804+0000] {spark_submit.py:641} INFO - at org.apache.spark.deploy.SparkSubmitArguments.validateArguments(SparkSubmitArguments.scala:237)
[2026-01-18T02:51:15.804+0000] {spark_submit.py:641} INFO - at org.apache.spark.deploy.SparkSubmitArguments.<init>(SparkSubmitArguments.scala:122)
[2026-01-18T02:51:15.805+0000] {spark_submit.py:641} INFO - at org.apache.spark.deploy.SparkSubmit$$anon$2$$anon$3.<init>(SparkSubmit.scala:1103)
[2026-01-18T02:51:15.806+0000] {spark_submit.py:641} INFO - at org.apache.spark.deploy.SparkSubmit$$anon$2.parseArguments(SparkSubmit.scala:1103)
[2026-01-18T02:51:15.807+0000] {spark_submit.py:641} INFO - at org.apache.spark.deploy.SparkSubmit.doSubmit(SparkSubmit.scala:86)
[2026-01-18T02:51:15.807+0000] {spark_submit.py:641} INFO - at org.apache.spark.deploy.SparkSubmit$$anon$2.doSubmit(SparkSubmit.scala:1120)
[2026-01-18T02:51:15.808+0000] {spark_submit.py:641} INFO - at org.apache.spark.deploy.SparkSubmit$.main(SparkSubmit.scala:1129)
[2026-01-18T02:51:15.809+0000] {spark_submit.py:641} INFO - at org.apache.spark.deploy.SparkSubmit.main(SparkSubmit.scala)
[2026-01-18T02:51:15.925+0000] {taskinstance.py:3301} ERROR - Task failed with exception
Traceback (most recent call last):
  File "/home/airflow/.local/lib/python3.12/site-packages/airflow/models/taskinstance.py", line 767, in _execute_task
    result = _execute_callable(context=context, **execute_callable_kwargs)
             ^^^^^^^^^^^^^^^^^^^^^^^^^^^^^^^^^^^^^^^^^^^^^^^^^^^^^^^^^^^^^
  File "/home/airflow/.local/lib/python3.12/site-packages/airflow/models/taskinstance.py", line 733, in _execute_callable
    return ExecutionCallableRunner(
           ^^^^^^^^^^^^^^^^^^^^^^^^
  File "/home/airflow/.local/lib/python3.12/site-packages/airflow/utils/operator_helpers.py", line 252, in run
    return self.func(*args, **kwargs)
           ^^^^^^^^^^^^^^^^^^^^^^^^^^
  File "/home/airflow/.local/lib/python3.12/site-packages/airflow/models/baseoperator.py", line 406, in wrapper
    return func(self, *args, **kwargs)
           ^^^^^^^^^^^^^^^^^^^^^^^^^^^
  File "/home/airflow/.local/lib/python3.12/site-packages/airflow/providers/apache/spark/operators/spark_submit.py", line 177, in execute
    self._hook.submit(self.application)
  File "/home/airflow/.local/lib/python3.12/site-packages/airflow/providers/apache/spark/hooks/spark_submit.py", line 567, in submit
    raise AirflowException(
airflow.exceptions.AirflowException: Cannot execute: spark-submit --master yarn --conf spark.master=local[*] --conf spark.hadoop.fs.s3a.endpoint=http://rustfs:9000 --conf spark.hadoop.fs.s3a.access.key=rustfsadmin --conf spark.hadoop.fs.s3a.secret.key=****** --conf spark.hadoop.fs.s3a.path.style.access=true --conf spark.hadoop.fs.s3a.impl=org.apache.hadoop.fs.s3a.S3AFileSystem --conf spark.sql.sources.partitionOverwriteMode=dynamic --conf spark.hadoop.fs.s3a.change.detection.mode=none --packages org.apache.hadoop:hadoop-aws:3.3.4,com.amazonaws:aws-java-sdk-bundle:1.12.262 --name arrow-spark --verbose /opt/airflow/scripts/bronze_to_silver.py 2026-01-16. Error code is: 1.
[2026-01-18T02:51:15.943+0000] {taskinstance.py:1225} INFO - Marking task as UP_FOR_RETRY. dag_id=silver_layer_sensor_driven, task_id=spark_bronze_to_silver, run_id=manual__2026-01-18T02:51:06.315278+00:00, execution_date=20260118T025106, start_date=20260118T025112, end_date=20260118T025115
[2026-01-18T02:51:16.019+0000] {taskinstance.py:340} INFO - ::group::Post task execution logs
[2026-01-18T02:51:16.020+0000] {standard_task_runner.py:124} ERROR - Failed to execute job 75 for task spark_bronze_to_silver (Cannot execute: spark-submit --master yarn --conf spark.master=local[*] --conf spark.hadoop.fs.s3a.endpoint=http://rustfs:9000 --conf spark.hadoop.fs.s3a.access.key=rustfsadmin --conf spark.hadoop.fs.s3a.secret.key=****** --conf spark.hadoop.fs.s3a.path.style.access=true --conf spark.hadoop.fs.s3a.impl=org.apache.hadoop.fs.s3a.S3AFileSystem --conf spark.sql.sources.partitionOverwriteMode=dynamic --conf spark.hadoop.fs.s3a.change.detection.mode=none --packages org.apache.hadoop:hadoop-aws:3.3.4,com.amazonaws:aws-java-sdk-bundle:1.12.262 --name arrow-spark --verbose /opt/airflow/scripts/bronze_to_silver.py 2026-01-16. Error code is: 1.; 19963)
Traceback (most recent call last):
  File "/home/airflow/.local/lib/python3.12/site-packages/airflow/task/task_runner/standard_task_runner.py", line 117, in _start_by_fork
    ret = args.func(args, dag=self.dag)
          ^^^^^^^^^^^^^^^^^^^^^^^^^^^^^
  File "/home/airflow/.local/lib/python3.12/site-packages/airflow/cli/cli_config.py", line 49, in command
    return func(*args, **kwargs)
           ^^^^^^^^^^^^^^^^^^^^^
  File "/home/airflow/.local/lib/python3.12/site-packages/airflow/utils/cli.py", line 115, in wrapper
    return f(*args, **kwargs)
           ^^^^^^^^^^^^^^^^^^
  File "/home/airflow/.local/lib/python3.12/site-packages/airflow/cli/commands/task_command.py", line 483, in task_run
    task_return_code = _run_task_by_selected_method(args, _dag, ti)
                       ^^^^^^^^^^^^^^^^^^^^^^^^^^^^^^^^^^^^^^^^^^^^
  File "/home/airflow/.local/lib/python3.12/site-packages/airflow/cli/commands/task_command.py", line 256, in _run_task_by_selected_method
    return _run_raw_task(args, ti)
           ^^^^^^^^^^^^^^^^^^^^^^^
  File "/home/airflow/.local/lib/python3.12/site-packages/airflow/cli/commands/task_command.py", line 341, in _run_raw_task
    return ti._run_raw_task(
           ^^^^^^^^^^^^^^^^^
  File "/home/airflow/.local/lib/python3.12/site-packages/airflow/utils/session.py", line 97, in wrapper
    return func(*args, session=session, **kwargs)
           ^^^^^^^^^^^^^^^^^^^^^^^^^^^^^^^^^^^^^^
  File "/home/airflow/.local/lib/python3.12/site-packages/airflow/models/taskinstance.py", line 2995, in _run_raw_task
    return _run_raw_task(
           ^^^^^^^^^^^^^^
  File "/home/airflow/.local/lib/python3.12/site-packages/airflow/models/taskinstance.py", line 273, in _run_raw_task
    TaskInstance._execute_task_with_callbacks(
  File "/home/airflow/.local/lib/python3.12/site-packages/airflow/models/taskinstance.py", line 3149, in _execute_task_with_callbacks
    result = self._execute_task(context, task_orig)
             ^^^^^^^^^^^^^^^^^^^^^^^^^^^^^^^^^^^^^^
  File "/home/airflow/.local/lib/python3.12/site-packages/airflow/models/taskinstance.py", line 3173, in _execute_task
    return _execute_task(self, context, task_orig)
           ^^^^^^^^^^^^^^^^^^^^^^^^^^^^^^^^^^^^^^^
  File "/home/airflow/.local/lib/python3.12/site-packages/airflow/models/taskinstance.py", line 767, in _execute_task
    result = _execute_callable(context=context, **execute_callable_kwargs)
             ^^^^^^^^^^^^^^^^^^^^^^^^^^^^^^^^^^^^^^^^^^^^^^^^^^^^^^^^^^^^^
  File "/home/airflow/.local/lib/python3.12/site-packages/airflow/models/taskinstance.py", line 733, in _execute_callable
    return ExecutionCallableRunner(
           ^^^^^^^^^^^^^^^^^^^^^^^^
  File "/home/airflow/.local/lib/python3.12/site-packages/airflow/utils/operator_helpers.py", line 252, in run
    return self.func(*args, **kwargs)
           ^^^^^^^^^^^^^^^^^^^^^^^^^^
  File "/home/airflow/.local/lib/python3.12/site-packages/airflow/models/baseoperator.py", line 406, in wrapper
    return func(self, *args, **kwargs)
           ^^^^^^^^^^^^^^^^^^^^^^^^^^^
  File "/home/airflow/.local/lib/python3.12/site-packages/airflow/providers/apache/spark/operators/spark_submit.py", line 177, in execute
    self._hook.submit(self.application)
  File "/home/airflow/.local/lib/python3.12/site-packages/airflow/providers/apache/spark/hooks/spark_submit.py", line 567, in submit
    raise AirflowException(
airflow.exceptions.AirflowException: Cannot execute: spark-submit --master yarn --conf spark.master=local[*] --conf spark.hadoop.fs.s3a.endpoint=http://rustfs:9000 --conf spark.hadoop.fs.s3a.access.key=rustfsadmin --conf spark.hadoop.fs.s3a.secret.key=****** --conf spark.hadoop.fs.s3a.path.style.access=true --conf spark.hadoop.fs.s3a.impl=org.apache.hadoop.fs.s3a.S3AFileSystem --conf spark.sql.sources.partitionOverwriteMode=dynamic --conf spark.hadoop.fs.s3a.change.detection.mode=none --packages org.apache.hadoop:hadoop-aws:3.3.4,com.amazonaws:aws-java-sdk-bundle:1.12.262 --name arrow-spark --verbose /opt/airflow/scripts/bronze_to_silver.py 2026-01-16. Error code is: 1.
[2026-01-18T02:51:16.054+0000] {local_task_job_runner.py:261} INFO - Task exited with return code 1
[2026-01-18T02:51:16.244+0000] {taskinstance.py:3891} INFO - 0 downstream tasks scheduled from follow-on schedule check
[2026-01-18T02:51:16.251+0000] {local_task_job_runner.py:240} INFO - ::endgroup::
