[2026-01-18T02:00:01.904+0000] {local_task_job_runner.py:123} INFO - ::group::Pre task execution logs
[2026-01-18T02:00:02.842+0000] {taskinstance.py:2603} INFO - Dependencies all met for dep_context=non-requeueable deps ti=<TaskInstance: silver_layer_sensor_driven.wait_for_bronze_data scheduled__2026-01-17T02:00:00+00:00 [queued]>
[2026-01-18T02:00:02.859+0000] {taskinstance.py:2603} INFO - Dependencies all met for dep_context=requeueable deps ti=<TaskInstance: silver_layer_sensor_driven.wait_for_bronze_data scheduled__2026-01-17T02:00:00+00:00 [queued]>
[2026-01-18T02:00:02.860+0000] {taskinstance.py:2856} INFO - Starting attempt 1 of 2
[2026-01-18T02:00:02.904+0000] {taskinstance.py:2879} INFO - Executing <Task(S3KeySensor): wait_for_bronze_data> on 2026-01-17 02:00:00+00:00
[2026-01-18T02:00:02.917+0000] {logging_mixin.py:190} WARNING - /home/airflow/.local/lib/python3.12/site-packages/airflow/task/task_runner/standard_task_runner.py:70 DeprecationWarning: This process (pid=14075) is multi-threaded, use of fork() may lead to deadlocks in the child.
[2026-01-18T02:00:02.916+0000] {standard_task_runner.py:104} INFO - Running: ['airflow', 'tasks', 'run', 'silver_layer_sensor_driven', 'wait_for_bronze_data', 'scheduled__2026-01-17T02:00:00+00:00', '--job-id', '66', '--raw', '--subdir', 'DAGS_FOLDER/bronze_to_silver.py', '--cfg-path', '/tmp/tmpxb8mlthv']
[2026-01-18T02:00:02.919+0000] {standard_task_runner.py:72} INFO - Started process 14076 to run task
[2026-01-18T02:00:02.919+0000] {standard_task_runner.py:105} INFO - Job 66: Subtask wait_for_bronze_data
[2026-01-18T02:00:03.304+0000] {task_command.py:467} INFO - Running <TaskInstance: silver_layer_sensor_driven.wait_for_bronze_data scheduled__2026-01-17T02:00:00+00:00 [running]> on host f24469a8e3b4
[2026-01-18T02:00:03.819+0000] {taskinstance.py:3122} INFO - Exporting env vars: AIRFLOW_CTX_DAG_OWNER='airflow' AIRFLOW_CTX_DAG_ID='silver_layer_sensor_driven' AIRFLOW_CTX_TASK_ID='wait_for_bronze_data' AIRFLOW_CTX_EXECUTION_DATE='2026-01-17T02:00:00+00:00' AIRFLOW_CTX_TRY_NUMBER='1' AIRFLOW_CTX_DAG_RUN_ID='scheduled__2026-01-17T02:00:00+00:00'
[2026-01-18T02:00:03.820+0000] {taskinstance.py:731} INFO - ::endgroup::
[2026-01-18T02:00:03.847+0000] {baseoperator.py:405} WARNING - S3KeySensor.execute cannot be called outside TaskInstance!
[2026-01-18T02:00:03.849+0000] {s3.py:118} INFO - Poking for key : s3://bronze/hackernews/jobs_2026-01-17*.json
[2026-01-18T02:00:03.978+0000] {base.py:84} INFO - Retrieving connection 'rustfs_conn'
[2026-01-18T02:00:03.980+0000] {connection_wrapper.py:388} INFO - AWS Connection (conn_id='rustfs_conn', conn_type='aws') credentials retrieved from login and password.
[2026-01-18T02:01:04.650+0000] {s3.py:118} INFO - Poking for key : s3://bronze/hackernews/jobs_2026-01-17*.json
[2026-01-18T02:02:04.749+0000] {s3.py:118} INFO - Poking for key : s3://bronze/hackernews/jobs_2026-01-17*.json
[2026-01-18T02:03:04.908+0000] {s3.py:118} INFO - Poking for key : s3://bronze/hackernews/jobs_2026-01-17*.json
[2026-01-18T02:04:05.005+0000] {s3.py:118} INFO - Poking for key : s3://bronze/hackernews/jobs_2026-01-17*.json
[2026-01-18T02:05:05.126+0000] {s3.py:118} INFO - Poking for key : s3://bronze/hackernews/jobs_2026-01-17*.json
[2026-01-18T02:06:05.250+0000] {s3.py:118} INFO - Poking for key : s3://bronze/hackernews/jobs_2026-01-17*.json
[2026-01-18T02:07:05.382+0000] {s3.py:118} INFO - Poking for key : s3://bronze/hackernews/jobs_2026-01-17*.json
[2026-01-18T02:08:05.526+0000] {s3.py:118} INFO - Poking for key : s3://bronze/hackernews/jobs_2026-01-17*.json
[2026-01-18T02:09:05.666+0000] {s3.py:118} INFO - Poking for key : s3://bronze/hackernews/jobs_2026-01-17*.json
[2026-01-18T02:10:05.810+0000] {s3.py:118} INFO - Poking for key : s3://bronze/hackernews/jobs_2026-01-17*.json
[2026-01-18T02:11:05.916+0000] {s3.py:118} INFO - Poking for key : s3://bronze/hackernews/jobs_2026-01-17*.json
[2026-01-18T02:12:06.004+0000] {s3.py:118} INFO - Poking for key : s3://bronze/hackernews/jobs_2026-01-17*.json
[2026-01-18T02:13:06.162+0000] {s3.py:118} INFO - Poking for key : s3://bronze/hackernews/jobs_2026-01-17*.json
[2026-01-18T02:14:06.257+0000] {s3.py:118} INFO - Poking for key : s3://bronze/hackernews/jobs_2026-01-17*.json
[2026-01-18T02:15:06.365+0000] {s3.py:118} INFO - Poking for key : s3://bronze/hackernews/jobs_2026-01-17*.json
[2026-01-18T02:16:06.649+0000] {s3.py:118} INFO - Poking for key : s3://bronze/hackernews/jobs_2026-01-17*.json
[2026-01-18T02:17:06.723+0000] {s3.py:118} INFO - Poking for key : s3://bronze/hackernews/jobs_2026-01-17*.json
[2026-01-18T02:18:06.996+0000] {s3.py:118} INFO - Poking for key : s3://bronze/hackernews/jobs_2026-01-17*.json
[2026-01-18T02:19:07.084+0000] {s3.py:118} INFO - Poking for key : s3://bronze/hackernews/jobs_2026-01-17*.json
[2026-01-18T02:20:07.174+0000] {s3.py:118} INFO - Poking for key : s3://bronze/hackernews/jobs_2026-01-17*.json
[2026-01-18T02:21:07.244+0000] {s3.py:118} INFO - Poking for key : s3://bronze/hackernews/jobs_2026-01-17*.json
[2026-01-18T02:22:07.337+0000] {s3.py:118} INFO - Poking for key : s3://bronze/hackernews/jobs_2026-01-17*.json
[2026-01-18T02:23:07.444+0000] {s3.py:118} INFO - Poking for key : s3://bronze/hackernews/jobs_2026-01-17*.json
[2026-01-18T02:24:07.541+0000] {s3.py:118} INFO - Poking for key : s3://bronze/hackernews/jobs_2026-01-17*.json
[2026-01-18T02:25:07.624+0000] {s3.py:118} INFO - Poking for key : s3://bronze/hackernews/jobs_2026-01-17*.json
[2026-01-18T02:26:07.703+0000] {s3.py:118} INFO - Poking for key : s3://bronze/hackernews/jobs_2026-01-17*.json
[2026-01-18T02:27:07.788+0000] {s3.py:118} INFO - Poking for key : s3://bronze/hackernews/jobs_2026-01-17*.json
[2026-01-18T02:28:07.974+0000] {s3.py:118} INFO - Poking for key : s3://bronze/hackernews/jobs_2026-01-17*.json
[2026-01-18T02:29:08.090+0000] {s3.py:118} INFO - Poking for key : s3://bronze/hackernews/jobs_2026-01-17*.json
[2026-01-18T02:30:08.205+0000] {s3.py:118} INFO - Poking for key : s3://bronze/hackernews/jobs_2026-01-17*.json
[2026-01-18T02:31:08.308+0000] {s3.py:118} INFO - Poking for key : s3://bronze/hackernews/jobs_2026-01-17*.json
[2026-01-18T02:32:08.422+0000] {s3.py:118} INFO - Poking for key : s3://bronze/hackernews/jobs_2026-01-17*.json
[2026-01-18T02:33:08.528+0000] {s3.py:118} INFO - Poking for key : s3://bronze/hackernews/jobs_2026-01-17*.json
[2026-01-18T02:34:08.666+0000] {s3.py:118} INFO - Poking for key : s3://bronze/hackernews/jobs_2026-01-17*.json
[2026-01-18T02:35:08.780+0000] {s3.py:118} INFO - Poking for key : s3://bronze/hackernews/jobs_2026-01-17*.json
[2026-01-18T02:36:08.963+0000] {s3.py:118} INFO - Poking for key : s3://bronze/hackernews/jobs_2026-01-17*.json
[2026-01-18T02:37:09.066+0000] {s3.py:118} INFO - Poking for key : s3://bronze/hackernews/jobs_2026-01-17*.json
[2026-01-18T02:38:09.170+0000] {s3.py:118} INFO - Poking for key : s3://bronze/hackernews/jobs_2026-01-17*.json
[2026-01-18T02:38:36.954+0000] {local_task_job_runner.py:341} WARNING - State of this instance has been externally set to failed. Terminating instance.
[2026-01-18T02:38:36.960+0000] {local_task_job_runner.py:240} INFO - ::endgroup::
[2026-01-18T02:38:36.968+0000] {process_utils.py:132} INFO - Sending 15 to group 14076. PIDs of all processes in the group: [14076]
[2026-01-18T02:38:36.969+0000] {process_utils.py:87} INFO - Sending the signal 15 to group 14076
[2026-01-18T02:38:36.970+0000] {taskinstance.py:3083} ERROR - Received SIGTERM. Terminating subprocesses.
[2026-01-18T02:38:37.147+0000] {taskinstance.py:340} INFO - ::group::Post task execution logs
[2026-01-18T02:38:37.183+0000] {process_utils.py:80} INFO - Process psutil.Process(pid=14076, status='terminated', exitcode=0, started='02:00:01') (14076) terminated with exit code 0
