[2026-01-18T00:18:25.211+0000] {local_task_job_runner.py:123} INFO - ::group::Pre task execution logs
[2026-01-18T00:18:25.316+0000] {taskinstance.py:2603} INFO - Dependencies all met for dep_context=non-requeueable deps ti=<TaskInstance: hn_extraction_json_to_bronze.extract_hn_comments manual__2026-01-18T00:18:24.041117+00:00 [queued]>
[2026-01-18T00:18:25.333+0000] {taskinstance.py:2603} INFO - Dependencies all met for dep_context=requeueable deps ti=<TaskInstance: hn_extraction_json_to_bronze.extract_hn_comments manual__2026-01-18T00:18:24.041117+00:00 [queued]>
[2026-01-18T00:18:25.334+0000] {taskinstance.py:2856} INFO - Starting attempt 1 of 2
[2026-01-18T00:18:25.382+0000] {taskinstance.py:2879} INFO - Executing <Task(PythonOperator): extract_hn_comments> on 2026-01-18 00:18:24.041117+00:00
[2026-01-18T00:18:25.399+0000] {logging_mixin.py:190} WARNING - /home/airflow/.local/lib/python3.12/site-packages/airflow/task/task_runner/standard_task_runner.py:70 DeprecationWarning: This process (pid=9510) is multi-threaded, use of fork() may lead to deadlocks in the child.
[2026-01-18T00:18:25.395+0000] {standard_task_runner.py:104} INFO - Running: ['airflow', 'tasks', 'run', 'hn_extraction_json_to_bronze', 'extract_hn_comments', 'manual__2026-01-18T00:18:24.041117+00:00', '--job-id', '56', '--raw', '--subdir', 'DAGS_FOLDER/hn_extraction_dag.py', '--cfg-path', '/tmp/tmp9xu9adhe']
[2026-01-18T00:18:25.401+0000] {standard_task_runner.py:72} INFO - Started process 9511 to run task
[2026-01-18T00:18:25.401+0000] {standard_task_runner.py:105} INFO - Job 56: Subtask extract_hn_comments
[2026-01-18T00:18:25.680+0000] {task_command.py:467} INFO - Running <TaskInstance: hn_extraction_json_to_bronze.extract_hn_comments manual__2026-01-18T00:18:24.041117+00:00 [running]> on host f24469a8e3b4
[2026-01-18T00:18:26.383+0000] {taskinstance.py:3122} INFO - Exporting env vars: AIRFLOW_CTX_DAG_OWNER='airflow' AIRFLOW_CTX_DAG_ID='hn_extraction_json_to_bronze' AIRFLOW_CTX_TASK_ID='extract_hn_comments' AIRFLOW_CTX_EXECUTION_DATE='2026-01-18T00:18:24.041117+00:00' AIRFLOW_CTX_TRY_NUMBER='1' AIRFLOW_CTX_DAG_RUN_ID='manual__2026-01-18T00:18:24.041117+00:00'
[2026-01-18T00:18:26.385+0000] {taskinstance.py:731} INFO - ::endgroup::
[2026-01-18T00:18:26.878+0000] {logging_mixin.py:190} INFO - Checking thread 46466074 since 2026-01-16T14:47:57
[2026-01-18T00:18:27.118+0000] {logging_mixin.py:190} INFO - No new comments found
[2026-01-18T00:18:27.122+0000] {python.py:240} INFO - Done. Returned value was: None
[2026-01-18T00:18:27.213+0000] {taskinstance.py:340} INFO - ::group::Post task execution logs
[2026-01-18T00:18:27.214+0000] {taskinstance.py:352} INFO - Marking task as SUCCESS. dag_id=hn_extraction_json_to_bronze, task_id=extract_hn_comments, run_id=manual__2026-01-18T00:18:24.041117+00:00, execution_date=20260118T001824, start_date=20260118T001825, end_date=20260118T001827
[2026-01-18T00:18:27.305+0000] {local_task_job_runner.py:261} INFO - Task exited with return code 0
[2026-01-18T00:18:27.394+0000] {taskinstance.py:3891} INFO - 0 downstream tasks scheduled from follow-on schedule check
[2026-01-18T00:18:27.415+0000] {local_task_job_runner.py:240} INFO - ::endgroup::
