[2026-01-20T05:03:08.537+0000] {local_task_job_runner.py:123} INFO - ::group::Pre task execution logs
[2026-01-20T05:03:08.737+0000] {taskinstance.py:2603} INFO - Dependencies all met for dep_context=non-requeueable deps ti=<TaskInstance: hn_extraction_json_to_bronze.extract_hn_comments manual__2026-01-20T05:03:06.226937+00:00 [queued]>
[2026-01-20T05:03:08.757+0000] {taskinstance.py:2603} INFO - Dependencies all met for dep_context=requeueable deps ti=<TaskInstance: hn_extraction_json_to_bronze.extract_hn_comments manual__2026-01-20T05:03:06.226937+00:00 [queued]>
[2026-01-20T05:03:08.759+0000] {taskinstance.py:2856} INFO - Starting attempt 1 of 2
[2026-01-20T05:03:08.798+0000] {taskinstance.py:2879} INFO - Executing <Task(PythonOperator): extract_hn_comments> on 2026-01-20 05:03:06.226937+00:00
[2026-01-20T05:03:08.818+0000] {logging_mixin.py:190} WARNING - /home/airflow/.local/lib/python3.12/site-packages/airflow/task/task_runner/standard_task_runner.py:70 DeprecationWarning: This process (pid=9949) is multi-threaded, use of fork() may lead to deadlocks in the child.
[2026-01-20T05:03:08.815+0000] {standard_task_runner.py:104} INFO - Running: ['airflow', 'tasks', 'run', 'hn_extraction_json_to_bronze', 'extract_hn_comments', 'manual__2026-01-20T05:03:06.226937+00:00', '--job-id', '92', '--raw', '--subdir', 'DAGS_FOLDER/hn_extraction_dag.py', '--cfg-path', '/tmp/tmpnpylqhg8']
[2026-01-20T05:03:08.823+0000] {standard_task_runner.py:72} INFO - Started process 9950 to run task
[2026-01-20T05:03:08.823+0000] {standard_task_runner.py:105} INFO - Job 92: Subtask extract_hn_comments
[2026-01-20T05:03:09.310+0000] {task_command.py:467} INFO - Running <TaskInstance: hn_extraction_json_to_bronze.extract_hn_comments manual__2026-01-20T05:03:06.226937+00:00 [running]> on host dca9677b2c70
[2026-01-20T05:03:10.200+0000] {taskinstance.py:3122} INFO - Exporting env vars: AIRFLOW_CTX_DAG_OWNER='airflow' AIRFLOW_CTX_DAG_ID='hn_extraction_json_to_bronze' AIRFLOW_CTX_TASK_ID='extract_hn_comments' AIRFLOW_CTX_EXECUTION_DATE='2026-01-20T05:03:06.226937+00:00' AIRFLOW_CTX_TRY_NUMBER='1' AIRFLOW_CTX_DAG_RUN_ID='manual__2026-01-20T05:03:06.226937+00:00'
[2026-01-20T05:03:10.207+0000] {taskinstance.py:731} INFO - ::endgroup::
[2026-01-20T05:03:10.238+0000] {logging_mixin.py:190} INFO - Running extraction for date: 2026-01-20
[2026-01-20T05:03:10.888+0000] {logging_mixin.py:190} INFO - Checking thread 46466074 since 2025-12-30T19:29:20
[2026-01-20T05:03:11.782+0000] {logging_mixin.py:190} INFO - Successfully uploaded to rustfs://bronze/hackernews/jobs_2026-01-20-05-03-11.json
[2026-01-20T05:03:11.898+0000] {crypto.py:82} WARNING - empty cryptography key - values will not be stored encrypted.
[2026-01-20T05:03:11.930+0000] {logging_mixin.py:190} INFO - Successfully landed 251 comments. New checkpoint: 2026-01-19T19:29:20
[2026-01-20T05:03:11.932+0000] {python.py:240} INFO - Done. Returned value was: Data saved to RustFS Bronze layer
[2026-01-20T05:03:12.380+0000] {taskinstance.py:340} INFO - ::group::Post task execution logs
[2026-01-20T05:03:12.382+0000] {taskinstance.py:352} INFO - Marking task as SUCCESS. dag_id=hn_extraction_json_to_bronze, task_id=extract_hn_comments, run_id=manual__2026-01-20T05:03:06.226937+00:00, execution_date=20260120T050306, start_date=20260120T050308, end_date=20260120T050312
[2026-01-20T05:03:12.580+0000] {local_task_job_runner.py:261} INFO - Task exited with return code 0
[2026-01-20T05:03:12.737+0000] {taskinstance.py:3891} INFO - 0 downstream tasks scheduled from follow-on schedule check
[2026-01-20T05:03:12.743+0000] {local_task_job_runner.py:240} INFO - ::endgroup::
