[2026-01-19T00:38:26.004+0000] {local_task_job_runner.py:123} INFO - ::group::Pre task execution logs
[2026-01-19T00:38:26.164+0000] {taskinstance.py:2603} INFO - Dependencies all met for dep_context=non-requeueable deps ti=<TaskInstance: hn_extraction_json_to_bronze.extract_hn_comments scheduled__2026-01-18T00:00:00+00:00 [queued]>
[2026-01-19T00:38:26.178+0000] {taskinstance.py:2603} INFO - Dependencies all met for dep_context=requeueable deps ti=<TaskInstance: hn_extraction_json_to_bronze.extract_hn_comments scheduled__2026-01-18T00:00:00+00:00 [queued]>
[2026-01-19T00:38:26.179+0000] {taskinstance.py:2856} INFO - Starting attempt 1 of 2
[2026-01-19T00:38:26.257+0000] {taskinstance.py:2879} INFO - Executing <Task(PythonOperator): extract_hn_comments> on 2026-01-18 00:00:00+00:00
[2026-01-19T00:38:26.287+0000] {logging_mixin.py:190} WARNING - /home/airflow/.local/lib/python3.12/site-packages/airflow/task/task_runner/standard_task_runner.py:70 DeprecationWarning: This process (pid=32496) is multi-threaded, use of fork() may lead to deadlocks in the child.
[2026-01-19T00:38:26.287+0000] {standard_task_runner.py:104} INFO - Running: ['airflow', 'tasks', 'run', 'hn_extraction_json_to_bronze', 'extract_hn_comments', 'scheduled__2026-01-18T00:00:00+00:00', '--job-id', '79', '--raw', '--subdir', 'DAGS_FOLDER/hn_extraction_dag.py', '--cfg-path', '/tmp/tmpy_fwq5pc']
[2026-01-19T00:38:26.305+0000] {standard_task_runner.py:72} INFO - Started process 32522 to run task
[2026-01-19T00:38:26.311+0000] {standard_task_runner.py:105} INFO - Job 79: Subtask extract_hn_comments
[2026-01-19T00:38:26.826+0000] {task_command.py:467} INFO - Running <TaskInstance: hn_extraction_json_to_bronze.extract_hn_comments scheduled__2026-01-18T00:00:00+00:00 [running]> on host f24469a8e3b4
[2026-01-19T00:38:28.009+0000] {taskinstance.py:3122} INFO - Exporting env vars: AIRFLOW_CTX_DAG_OWNER='airflow' AIRFLOW_CTX_DAG_ID='hn_extraction_json_to_bronze' AIRFLOW_CTX_TASK_ID='extract_hn_comments' AIRFLOW_CTX_EXECUTION_DATE='2026-01-18T00:00:00+00:00' AIRFLOW_CTX_TRY_NUMBER='1' AIRFLOW_CTX_DAG_RUN_ID='scheduled__2026-01-18T00:00:00+00:00'
[2026-01-19T00:38:28.011+0000] {taskinstance.py:731} INFO - ::endgroup::
[2026-01-19T00:38:28.096+0000] {logging_mixin.py:190} INFO - Error fetching HN jobs: HTTPSConnectionPool(host='hn.algolia.com', port=443): Max retries exceeded with url: /api/v1/search_by_date?tags=story%2Cauthor_whoishiring (Caused by NameResolutionError("<urllib3.connection.HTTPSConnection object at 0x7077e6192930>: Failed to resolve 'hn.algolia.com' ([Errno -2] Name or service not known)"))
[2026-01-19T00:38:28.097+0000] {logging_mixin.py:190} INFO - No job thread found today
[2026-01-19T00:38:28.098+0000] {python.py:240} INFO - Done. Returned value was: None
[2026-01-19T00:38:28.376+0000] {taskinstance.py:340} INFO - ::group::Post task execution logs
[2026-01-19T00:38:28.377+0000] {taskinstance.py:352} INFO - Marking task as SUCCESS. dag_id=hn_extraction_json_to_bronze, task_id=extract_hn_comments, run_id=scheduled__2026-01-18T00:00:00+00:00, execution_date=20260118T000000, start_date=20260119T003826, end_date=20260119T003828
[2026-01-19T00:38:28.456+0000] {local_task_job_runner.py:261} INFO - Task exited with return code 0
[2026-01-19T00:38:28.672+0000] {taskinstance.py:3891} INFO - 0 downstream tasks scheduled from follow-on schedule check
[2026-01-19T00:38:28.697+0000] {local_task_job_runner.py:240} INFO - ::endgroup::
