[2026-01-20T04:51:16.606+0000] {local_task_job_runner.py:123} INFO - ::group::Pre task execution logs
[2026-01-20T04:51:16.804+0000] {taskinstance.py:2603} INFO - Dependencies all met for dep_context=non-requeueable deps ti=<TaskInstance: hn_extraction_json_to_bronze.extract_hn_comments manual__2026-01-20T04:51:14.293890+00:00 [queued]>
[2026-01-20T04:51:16.820+0000] {taskinstance.py:2603} INFO - Dependencies all met for dep_context=requeueable deps ti=<TaskInstance: hn_extraction_json_to_bronze.extract_hn_comments manual__2026-01-20T04:51:14.293890+00:00 [queued]>
[2026-01-20T04:51:16.821+0000] {taskinstance.py:2856} INFO - Starting attempt 1 of 2
[2026-01-20T04:51:16.872+0000] {taskinstance.py:2879} INFO - Executing <Task(PythonOperator): extract_hn_comments> on 2026-01-20 04:51:14.293890+00:00
[2026-01-20T04:51:16.895+0000] {logging_mixin.py:190} WARNING - /home/airflow/.local/lib/python3.12/site-packages/airflow/task/task_runner/standard_task_runner.py:70 DeprecationWarning: This process (pid=9371) is multi-threaded, use of fork() may lead to deadlocks in the child.
[2026-01-20T04:51:16.899+0000] {standard_task_runner.py:72} INFO - Started process 9372 to run task
[2026-01-20T04:51:16.900+0000] {standard_task_runner.py:104} INFO - Running: ['airflow', 'tasks', 'run', 'hn_extraction_json_to_bronze', 'extract_hn_comments', 'manual__2026-01-20T04:51:14.293890+00:00', '--job-id', '91', '--raw', '--subdir', 'DAGS_FOLDER/hn_extraction_dag.py', '--cfg-path', '/tmp/tmpdmw8gz1n']
[2026-01-20T04:51:16.904+0000] {standard_task_runner.py:105} INFO - Job 91: Subtask extract_hn_comments
[2026-01-20T04:51:17.516+0000] {task_command.py:467} INFO - Running <TaskInstance: hn_extraction_json_to_bronze.extract_hn_comments manual__2026-01-20T04:51:14.293890+00:00 [running]> on host dca9677b2c70
[2026-01-20T04:51:18.225+0000] {taskinstance.py:3122} INFO - Exporting env vars: AIRFLOW_CTX_DAG_OWNER='airflow' AIRFLOW_CTX_DAG_ID='hn_extraction_json_to_bronze' AIRFLOW_CTX_TASK_ID='extract_hn_comments' AIRFLOW_CTX_EXECUTION_DATE='2026-01-20T04:51:14.293890+00:00' AIRFLOW_CTX_TRY_NUMBER='1' AIRFLOW_CTX_DAG_RUN_ID='manual__2026-01-20T04:51:14.293890+00:00'
[2026-01-20T04:51:18.231+0000] {taskinstance.py:731} INFO - ::endgroup::
[2026-01-20T04:51:18.263+0000] {logging_mixin.py:190} INFO - Running extraction for date: 2026-01-20
[2026-01-20T04:51:19.034+0000] {logging_mixin.py:190} INFO - Checking thread 46466074 since 2026-01-01T00:00:00
[2026-01-20T04:51:20.012+0000] {logging_mixin.py:190} INFO - Successfully uploaded to rustfs://bronze/hackernews/jobs_2026-01-20-04-51-19.json
[2026-01-20T04:51:20.153+0000] {crypto.py:82} WARNING - empty cryptography key - values will not be stored encrypted.
[2026-01-20T04:51:20.181+0000] {logging_mixin.py:190} INFO - Successfully landed 251 comments. New checkpoint: 2026-01-19T19:29:20
[2026-01-20T04:51:20.184+0000] {taskinstance.py:301} INFO - No Data found today. Stopping the pipeline
[2026-01-20T04:51:20.340+0000] {taskinstance.py:340} INFO - ::group::Post task execution logs
[2026-01-20T04:51:20.341+0000] {taskinstance.py:352} INFO - Marking task as SKIPPED. dag_id=hn_extraction_json_to_bronze, task_id=extract_hn_comments, run_id=manual__2026-01-20T04:51:14.293890+00:00, execution_date=20260120T045114, start_date=20260120T045116, end_date=20260120T045120
[2026-01-20T04:51:20.535+0000] {local_task_job_runner.py:261} INFO - Task exited with return code 0
[2026-01-20T04:51:20.683+0000] {taskinstance.py:3891} INFO - 0 downstream tasks scheduled from follow-on schedule check
[2026-01-20T04:51:20.689+0000] {local_task_job_runner.py:240} INFO - ::endgroup::
