[2026-01-18T03:02:01.668+0000] {local_task_job_runner.py:123} INFO - ::group::Pre task execution logs
[2026-01-18T03:02:01.756+0000] {taskinstance.py:2603} INFO - Dependencies all met for dep_context=non-requeueable deps ti=<TaskInstance: silver_layer_sensor_driven.duckdb_silver_to_gold manual__2026-01-18T02:51:06.315278+00:00 [queued]>
[2026-01-18T03:02:01.774+0000] {taskinstance.py:2603} INFO - Dependencies all met for dep_context=requeueable deps ti=<TaskInstance: silver_layer_sensor_driven.duckdb_silver_to_gold manual__2026-01-18T02:51:06.315278+00:00 [queued]>
[2026-01-18T03:02:01.775+0000] {taskinstance.py:2856} INFO - Starting attempt 2 of 2
[2026-01-18T03:02:01.813+0000] {taskinstance.py:2879} INFO - Executing <Task(PythonOperator): duckdb_silver_to_gold> on 2026-01-18 02:51:06.315278+00:00
[2026-01-18T03:02:01.836+0000] {logging_mixin.py:190} WARNING - /home/airflow/.local/lib/python3.12/site-packages/airflow/task/task_runner/standard_task_runner.py:70 DeprecationWarning: This process (pid=20950) is multi-threaded, use of fork() may lead to deadlocks in the child.
[2026-01-18T03:02:01.834+0000] {standard_task_runner.py:104} INFO - Running: ['airflow', 'tasks', 'run', 'silver_layer_sensor_driven', 'duckdb_silver_to_gold', 'manual__2026-01-18T02:51:06.315278+00:00', '--job-id', '78', '--raw', '--subdir', 'DAGS_FOLDER/bronze_to_silver.py', '--cfg-path', '/tmp/tmpj7yl3cvy']
[2026-01-18T03:02:01.838+0000] {standard_task_runner.py:72} INFO - Started process 20968 to run task
[2026-01-18T03:02:01.839+0000] {standard_task_runner.py:105} INFO - Job 78: Subtask duckdb_silver_to_gold
[2026-01-18T03:02:02.161+0000] {task_command.py:467} INFO - Running <TaskInstance: silver_layer_sensor_driven.duckdb_silver_to_gold manual__2026-01-18T02:51:06.315278+00:00 [running]> on host f24469a8e3b4
[2026-01-18T03:02:02.531+0000] {taskinstance.py:3122} INFO - Exporting env vars: AIRFLOW_CTX_DAG_OWNER='airflow' AIRFLOW_CTX_DAG_ID='silver_layer_sensor_driven' AIRFLOW_CTX_TASK_ID='duckdb_silver_to_gold' AIRFLOW_CTX_EXECUTION_DATE='2026-01-18T02:51:06.315278+00:00' AIRFLOW_CTX_TRY_NUMBER='2' AIRFLOW_CTX_DAG_RUN_ID='manual__2026-01-18T02:51:06.315278+00:00'
[2026-01-18T03:02:02.532+0000] {taskinstance.py:731} INFO - ::endgroup::
[2026-01-18T03:02:06.312+0000] {logging_mixin.py:190} INFO - ⚠️ DuckDB Error: Binder Error: UNNEST not supported here
LINE 5:                 unnest(tech_stack) as tech,
                        ^
[2026-01-18T03:02:06.316+0000] {python.py:240} INFO - Done. Returned value was: None
[2026-01-18T03:02:06.412+0000] {taskinstance.py:340} INFO - ::group::Post task execution logs
[2026-01-18T03:02:06.413+0000] {taskinstance.py:352} INFO - Marking task as SUCCESS. dag_id=silver_layer_sensor_driven, task_id=duckdb_silver_to_gold, run_id=manual__2026-01-18T02:51:06.315278+00:00, execution_date=20260118T025106, start_date=20260118T030201, end_date=20260118T030206
[2026-01-18T03:02:06.518+0000] {local_task_job_runner.py:261} INFO - Task exited with return code 0
[2026-01-18T03:02:06.724+0000] {taskinstance.py:3891} INFO - 0 downstream tasks scheduled from follow-on schedule check
[2026-01-18T03:02:06.730+0000] {local_task_job_runner.py:240} INFO - ::endgroup::
[2026-01-18T03:02:06.844+0000] {standard_task_runner.py:217} INFO - Process not found (most likely exited), stop collecting metrics
