[2026-01-15T00:37:16.375+0000] {local_task_job_runner.py:123} INFO - ::group::Pre task execution logs
[2026-01-15T00:37:16.522+0000] {taskinstance.py:2603} INFO - Dependencies all met for dep_context=non-requeueable deps ti=<TaskInstance: hn_extraction_json_to_bronze.extract_hn_comments manual__2026-01-15T00:37:14.674328+00:00 [queued]>
[2026-01-15T00:37:16.541+0000] {taskinstance.py:2603} INFO - Dependencies all met for dep_context=requeueable deps ti=<TaskInstance: hn_extraction_json_to_bronze.extract_hn_comments manual__2026-01-15T00:37:14.674328+00:00 [queued]>
[2026-01-15T00:37:16.542+0000] {taskinstance.py:2856} INFO - Starting attempt 1 of 2
[2026-01-15T00:37:16.592+0000] {taskinstance.py:2879} INFO - Executing <Task(PythonOperator): extract_hn_comments> on 2026-01-15 00:37:14.674328+00:00
[2026-01-15T00:37:16.605+0000] {logging_mixin.py:190} WARNING - /home/airflow/.local/lib/python3.12/site-packages/airflow/task/task_runner/standard_task_runner.py:70 DeprecationWarning: This process (pid=3376) is multi-threaded, use of fork() may lead to deadlocks in the child.
[2026-01-15T00:37:16.608+0000] {standard_task_runner.py:72} INFO - Started process 3377 to run task
[2026-01-15T00:37:16.605+0000] {standard_task_runner.py:104} INFO - Running: ['airflow', 'tasks', 'run', 'hn_extraction_json_to_bronze', 'extract_hn_comments', 'manual__2026-01-15T00:37:14.674328+00:00', '--job-id', '11', '--raw', '--subdir', 'DAGS_FOLDER/hn_extraction_dag.py', '--cfg-path', '/tmp/tmp89p_uwuz']
[2026-01-15T00:37:16.609+0000] {standard_task_runner.py:105} INFO - Job 11: Subtask extract_hn_comments
[2026-01-15T00:37:16.923+0000] {task_command.py:467} INFO - Running <TaskInstance: hn_extraction_json_to_bronze.extract_hn_comments manual__2026-01-15T00:37:14.674328+00:00 [running]> on host 45abd921df1f
[2026-01-15T00:37:17.450+0000] {taskinstance.py:3122} INFO - Exporting env vars: AIRFLOW_CTX_DAG_OWNER='airflow' AIRFLOW_CTX_DAG_ID='hn_extraction_json_to_bronze' AIRFLOW_CTX_TASK_ID='extract_hn_comments' AIRFLOW_CTX_EXECUTION_DATE='2026-01-15T00:37:14.674328+00:00' AIRFLOW_CTX_TRY_NUMBER='1' AIRFLOW_CTX_DAG_RUN_ID='manual__2026-01-15T00:37:14.674328+00:00'
[2026-01-15T00:37:17.452+0000] {taskinstance.py:731} INFO - ::endgroup::
[2026-01-15T00:37:17.992+0000] {logging_mixin.py:190} INFO - Checking thread 46466074 since 2026-01-14T20:36:44
[2026-01-15T00:37:18.309+0000] {logging_mixin.py:190} INFO - No new comments found
[2026-01-15T00:37:18.311+0000] {python.py:240} INFO - Done. Returned value was: None
[2026-01-15T00:37:18.388+0000] {taskinstance.py:340} INFO - ::group::Post task execution logs
[2026-01-15T00:37:18.389+0000] {taskinstance.py:352} INFO - Marking task as SUCCESS. dag_id=hn_extraction_json_to_bronze, task_id=extract_hn_comments, run_id=manual__2026-01-15T00:37:14.674328+00:00, execution_date=20260115T003714, start_date=20260115T003716, end_date=20260115T003718
[2026-01-15T00:37:18.471+0000] {local_task_job_runner.py:261} INFO - Task exited with return code 0
[2026-01-15T00:37:18.566+0000] {taskinstance.py:3891} INFO - 0 downstream tasks scheduled from follow-on schedule check
[2026-01-15T00:37:18.571+0000] {local_task_job_runner.py:240} INFO - ::endgroup::
