[2026-01-18T02:41:58.028+0000] {local_task_job_runner.py:123} INFO - ::group::Pre task execution logs
[2026-01-18T02:41:58.125+0000] {taskinstance.py:2603} INFO - Dependencies all met for dep_context=non-requeueable deps ti=<TaskInstance: silver_layer_sensor_driven.wait_for_bronze_data manual__2026-01-18T02:41:56.557639+00:00 [queued]>
[2026-01-18T02:41:58.143+0000] {taskinstance.py:2603} INFO - Dependencies all met for dep_context=requeueable deps ti=<TaskInstance: silver_layer_sensor_driven.wait_for_bronze_data manual__2026-01-18T02:41:56.557639+00:00 [queued]>
[2026-01-18T02:41:58.145+0000] {taskinstance.py:2856} INFO - Starting attempt 1 of 2
[2026-01-18T02:41:58.181+0000] {taskinstance.py:2879} INFO - Executing <Task(S3KeySensor): wait_for_bronze_data> on 2026-01-18 02:41:56.557639+00:00
[2026-01-18T02:41:58.196+0000] {logging_mixin.py:190} WARNING - /home/airflow/.local/lib/python3.12/site-packages/airflow/task/task_runner/standard_task_runner.py:70 DeprecationWarning: This process (pid=19218) is multi-threaded, use of fork() may lead to deadlocks in the child.
[2026-01-18T02:41:58.198+0000] {standard_task_runner.py:72} INFO - Started process 19234 to run task
[2026-01-18T02:41:58.196+0000] {standard_task_runner.py:104} INFO - Running: ['airflow', 'tasks', 'run', 'silver_layer_sensor_driven', 'wait_for_bronze_data', 'manual__2026-01-18T02:41:56.557639+00:00', '--job-id', '69', '--raw', '--subdir', 'DAGS_FOLDER/bronze_to_silver.py', '--cfg-path', '/tmp/tmpxsc5pwrv']
[2026-01-18T02:41:58.200+0000] {standard_task_runner.py:105} INFO - Job 69: Subtask wait_for_bronze_data
[2026-01-18T02:41:58.514+0000] {task_command.py:467} INFO - Running <TaskInstance: silver_layer_sensor_driven.wait_for_bronze_data manual__2026-01-18T02:41:56.557639+00:00 [running]> on host f24469a8e3b4
[2026-01-18T02:41:58.933+0000] {taskinstance.py:3122} INFO - Exporting env vars: AIRFLOW_CTX_DAG_OWNER='airflow' AIRFLOW_CTX_DAG_ID='silver_layer_sensor_driven' AIRFLOW_CTX_TASK_ID='wait_for_bronze_data' AIRFLOW_CTX_EXECUTION_DATE='2026-01-18T02:41:56.557639+00:00' AIRFLOW_CTX_TRY_NUMBER='1' AIRFLOW_CTX_DAG_RUN_ID='manual__2026-01-18T02:41:56.557639+00:00'
[2026-01-18T02:41:58.935+0000] {taskinstance.py:731} INFO - ::endgroup::
[2026-01-18T02:41:58.962+0000] {baseoperator.py:405} WARNING - S3KeySensor.execute cannot be called outside TaskInstance!
[2026-01-18T02:41:58.964+0000] {s3.py:118} INFO - Poking for key : s3://bronze/hackernews/jobs_2026-01-18*.json
[2026-01-18T02:41:59.038+0000] {base.py:84} INFO - Retrieving connection 'rustfs_conn'
[2026-01-18T02:41:59.040+0000] {connection_wrapper.py:388} INFO - AWS Connection (conn_id='rustfs_conn', conn_type='aws') credentials retrieved from login and password.
[2026-01-18T02:42:59.487+0000] {s3.py:118} INFO - Poking for key : s3://bronze/hackernews/jobs_2026-01-18*.json
[2026-01-18T02:43:59.558+0000] {s3.py:118} INFO - Poking for key : s3://bronze/hackernews/jobs_2026-01-18*.json
[2026-01-18T02:44:59.660+0000] {s3.py:118} INFO - Poking for key : s3://bronze/hackernews/jobs_2026-01-18*.json
[2026-01-18T02:45:59.129+0000] {local_task_job_runner.py:341} WARNING - State of this instance has been externally set to failed. Terminating instance.
[2026-01-18T02:45:59.130+0000] {local_task_job_runner.py:240} INFO - ::endgroup::
[2026-01-18T02:45:59.136+0000] {process_utils.py:132} INFO - Sending 15 to group 19234. PIDs of all processes in the group: [19234]
[2026-01-18T02:45:59.140+0000] {process_utils.py:87} INFO - Sending the signal 15 to group 19234
[2026-01-18T02:45:59.142+0000] {taskinstance.py:3083} ERROR - Received SIGTERM. Terminating subprocesses.
[2026-01-18T02:45:59.295+0000] {taskinstance.py:340} INFO - ::group::Post task execution logs
[2026-01-18T02:45:59.355+0000] {process_utils.py:80} INFO - Process psutil.Process(pid=19234, status='terminated', exitcode=0, started='02:41:57') (19234) terminated with exit code 0
