[2026-01-15T00:42:05.489+0000] {local_task_job_runner.py:123} INFO - ::group::Pre task execution logs
[2026-01-15T00:42:05.623+0000] {taskinstance.py:2603} INFO - Dependencies all met for dep_context=non-requeueable deps ti=<TaskInstance: hn_extraction_json_to_bronze.extract_hn_comments manual__2026-01-15T00:42:03.214432+00:00 [queued]>
[2026-01-15T00:42:05.637+0000] {taskinstance.py:2603} INFO - Dependencies all met for dep_context=requeueable deps ti=<TaskInstance: hn_extraction_json_to_bronze.extract_hn_comments manual__2026-01-15T00:42:03.214432+00:00 [queued]>
[2026-01-15T00:42:05.638+0000] {taskinstance.py:2856} INFO - Starting attempt 1 of 2
[2026-01-15T00:42:05.681+0000] {taskinstance.py:2879} INFO - Executing <Task(PythonOperator): extract_hn_comments> on 2026-01-15 00:42:03.214432+00:00
[2026-01-15T00:42:05.696+0000] {logging_mixin.py:190} WARNING - /home/airflow/.local/lib/python3.12/site-packages/airflow/task/task_runner/standard_task_runner.py:70 DeprecationWarning: This process (pid=3432) is multi-threaded, use of fork() may lead to deadlocks in the child.
[2026-01-15T00:42:05.694+0000] {standard_task_runner.py:104} INFO - Running: ['airflow', 'tasks', 'run', 'hn_extraction_json_to_bronze', 'extract_hn_comments', 'manual__2026-01-15T00:42:03.214432+00:00', '--job-id', '13', '--raw', '--subdir', 'DAGS_FOLDER/hn_extraction_dag.py', '--cfg-path', '/tmp/tmplviribyf']
[2026-01-15T00:42:05.699+0000] {standard_task_runner.py:72} INFO - Started process 3433 to run task
[2026-01-15T00:42:05.699+0000] {standard_task_runner.py:105} INFO - Job 13: Subtask extract_hn_comments
[2026-01-15T00:42:06.097+0000] {task_command.py:467} INFO - Running <TaskInstance: hn_extraction_json_to_bronze.extract_hn_comments manual__2026-01-15T00:42:03.214432+00:00 [running]> on host 45abd921df1f
[2026-01-15T00:42:06.663+0000] {taskinstance.py:3122} INFO - Exporting env vars: AIRFLOW_CTX_DAG_OWNER='airflow' AIRFLOW_CTX_DAG_ID='hn_extraction_json_to_bronze' AIRFLOW_CTX_TASK_ID='extract_hn_comments' AIRFLOW_CTX_EXECUTION_DATE='2026-01-15T00:42:03.214432+00:00' AIRFLOW_CTX_TRY_NUMBER='1' AIRFLOW_CTX_DAG_RUN_ID='manual__2026-01-15T00:42:03.214432+00:00'
[2026-01-15T00:42:06.665+0000] {taskinstance.py:731} INFO - ::endgroup::
[2026-01-15T00:42:07.269+0000] {logging_mixin.py:190} INFO - Checking thread 46466074 since 2026-01-01T00:00:00.172907
[2026-01-15T00:42:07.938+0000] {logging_mixin.py:190} WARNING - /opt/airflow/scripts/extrcat_bronze.py:95 MarkupResemblesLocatorWarning: The input looks more like a filename than markup. You may want to open this file and pass the filehandle into Beautiful Soup.
[2026-01-15T00:42:08.269+0000] {logging_mixin.py:190} INFO - Successfully uploaded to rustfs://bronze/hackernews/jobs_2026-01-15-00-42-08.json
[2026-01-15T00:42:08.363+0000] {crypto.py:82} WARNING - empty cryptography key - values will not be stored encrypted.
[2026-01-15T00:42:08.392+0000] {logging_mixin.py:190} INFO - Successfully landed 289 comments. New checkpoint: 2026-01-14T20:36:44
[2026-01-15T00:42:08.393+0000] {python.py:240} INFO - Done. Returned value was: None
[2026-01-15T00:42:08.495+0000] {taskinstance.py:340} INFO - ::group::Post task execution logs
[2026-01-15T00:42:08.496+0000] {taskinstance.py:352} INFO - Marking task as SUCCESS. dag_id=hn_extraction_json_to_bronze, task_id=extract_hn_comments, run_id=manual__2026-01-15T00:42:03.214432+00:00, execution_date=20260115T004203, start_date=20260115T004205, end_date=20260115T004208
[2026-01-15T00:42:08.566+0000] {local_task_job_runner.py:261} INFO - Task exited with return code 0
[2026-01-15T00:42:08.691+0000] {taskinstance.py:3891} INFO - 0 downstream tasks scheduled from follow-on schedule check
[2026-01-15T00:42:08.697+0000] {local_task_job_runner.py:240} INFO - ::endgroup::
