[2026-01-16T00:29:01.657+0000] {local_task_job_runner.py:123} INFO - ::group::Pre task execution logs
[2026-01-16T00:29:01.792+0000] {taskinstance.py:2603} INFO - Dependencies all met for dep_context=non-requeueable deps ti=<TaskInstance: hn_extraction_json_to_bronze.extract_hn_comments manual__2026-01-16T00:28:58.663237+00:00 [queued]>
[2026-01-16T00:29:01.814+0000] {taskinstance.py:2603} INFO - Dependencies all met for dep_context=requeueable deps ti=<TaskInstance: hn_extraction_json_to_bronze.extract_hn_comments manual__2026-01-16T00:28:58.663237+00:00 [queued]>
[2026-01-16T00:29:01.815+0000] {taskinstance.py:2856} INFO - Starting attempt 1 of 2
[2026-01-16T00:29:01.856+0000] {taskinstance.py:2879} INFO - Executing <Task(PythonOperator): extract_hn_comments> on 2026-01-16 00:28:58.663237+00:00
[2026-01-16T00:29:01.876+0000] {logging_mixin.py:190} WARNING - /home/airflow/.local/lib/python3.12/site-packages/airflow/task/task_runner/standard_task_runner.py:70 DeprecationWarning: This process (pid=842) is multi-threaded, use of fork() may lead to deadlocks in the child.
[2026-01-16T00:29:01.879+0000] {standard_task_runner.py:72} INFO - Started process 843 to run task
[2026-01-16T00:29:01.875+0000] {standard_task_runner.py:104} INFO - Running: ['airflow', 'tasks', 'run', 'hn_extraction_json_to_bronze', 'extract_hn_comments', 'manual__2026-01-16T00:28:58.663237+00:00', '--job-id', '51', '--raw', '--subdir', 'DAGS_FOLDER/hn_extraction_dag.py', '--cfg-path', '/tmp/tmpel9to9t3']
[2026-01-16T00:29:01.882+0000] {standard_task_runner.py:105} INFO - Job 51: Subtask extract_hn_comments
[2026-01-16T00:29:02.417+0000] {task_command.py:467} INFO - Running <TaskInstance: hn_extraction_json_to_bronze.extract_hn_comments manual__2026-01-16T00:28:58.663237+00:00 [running]> on host 00a143680a39
[2026-01-16T00:29:03.307+0000] {taskinstance.py:3122} INFO - Exporting env vars: AIRFLOW_CTX_DAG_OWNER='airflow' AIRFLOW_CTX_DAG_ID='hn_extraction_json_to_bronze' AIRFLOW_CTX_TASK_ID='extract_hn_comments' AIRFLOW_CTX_EXECUTION_DATE='2026-01-16T00:28:58.663237+00:00' AIRFLOW_CTX_TRY_NUMBER='1' AIRFLOW_CTX_DAG_RUN_ID='manual__2026-01-16T00:28:58.663237+00:00'
[2026-01-16T00:29:03.310+0000] {taskinstance.py:731} INFO - ::endgroup::
[2026-01-16T00:29:04.130+0000] {logging_mixin.py:190} INFO - Checking thread 46466074 since 2026-01-01T00:00:00.007541
[2026-01-16T00:29:05.130+0000] {logging_mixin.py:190} WARNING - /opt/airflow/scripts/extract_bronze.py:95 MarkupResemblesLocatorWarning: The input looks more like a filename than markup. You may want to open this file and pass the filehandle into Beautiful Soup.
[2026-01-16T00:29:05.877+0000] {logging_mixin.py:190} INFO - Successfully uploaded to rustfs://bronze/hackernews/jobs_2026-01-16-00-29-05.json
[2026-01-16T00:29:06.298+0000] {crypto.py:82} WARNING - empty cryptography key - values will not be stored encrypted.
[2026-01-16T00:29:06.342+0000] {logging_mixin.py:190} INFO - Successfully landed 301 comments. New checkpoint: 2026-01-15T23:03:34
[2026-01-16T00:29:06.344+0000] {python.py:240} INFO - Done. Returned value was: None
[2026-01-16T00:29:06.857+0000] {taskinstance.py:340} INFO - ::group::Post task execution logs
[2026-01-16T00:29:06.859+0000] {taskinstance.py:352} INFO - Marking task as SUCCESS. dag_id=hn_extraction_json_to_bronze, task_id=extract_hn_comments, run_id=manual__2026-01-16T00:28:58.663237+00:00, execution_date=20260116T002858, start_date=20260116T002901, end_date=20260116T002906
[2026-01-16T00:29:07.265+0000] {local_task_job_runner.py:261} INFO - Task exited with return code 0
[2026-01-16T00:29:07.477+0000] {taskinstance.py:3891} INFO - 0 downstream tasks scheduled from follow-on schedule check
[2026-01-16T00:29:07.483+0000] {local_task_job_runner.py:240} INFO - ::endgroup::
