[2026-01-20T05:03:14.217+0000] {local_task_job_runner.py:123} INFO - ::group::Pre task execution logs
[2026-01-20T05:03:14.412+0000] {taskinstance.py:2603} INFO - Dependencies all met for dep_context=non-requeueable deps ti=<TaskInstance: silver_layer_event_driven.spark_bronze_to_silver dataset_triggered__2026-01-20T05:03:12.463560+00:00 [queued]>
[2026-01-20T05:03:14.431+0000] {taskinstance.py:2603} INFO - Dependencies all met for dep_context=requeueable deps ti=<TaskInstance: silver_layer_event_driven.spark_bronze_to_silver dataset_triggered__2026-01-20T05:03:12.463560+00:00 [queued]>
[2026-01-20T05:03:14.432+0000] {taskinstance.py:2856} INFO - Starting attempt 1 of 2
[2026-01-20T05:03:14.483+0000] {taskinstance.py:2879} INFO - Executing <Task(SparkSubmitOperator): spark_bronze_to_silver> on 2026-01-20 05:03:12.463560+00:00
[2026-01-20T05:03:14.503+0000] {logging_mixin.py:190} WARNING - /home/airflow/.local/lib/python3.12/site-packages/airflow/task/task_runner/standard_task_runner.py:70 DeprecationWarning: This process (pid=9957) is multi-threaded, use of fork() may lead to deadlocks in the child.
[2026-01-20T05:03:14.503+0000] {standard_task_runner.py:104} INFO - Running: ['airflow', 'tasks', 'run', 'silver_layer_event_driven', 'spark_bronze_to_silver', 'dataset_triggered__2026-01-20T05:03:12.463560+00:00', '--job-id', '93', '--raw', '--subdir', 'DAGS_FOLDER/bronze_to_silver.py', '--cfg-path', '/tmp/tmpf6q5xv2w']
[2026-01-20T05:03:14.505+0000] {standard_task_runner.py:72} INFO - Started process 9973 to run task
[2026-01-20T05:03:14.505+0000] {standard_task_runner.py:105} INFO - Job 93: Subtask spark_bronze_to_silver
[2026-01-20T05:03:14.948+0000] {task_command.py:467} INFO - Running <TaskInstance: silver_layer_event_driven.spark_bronze_to_silver dataset_triggered__2026-01-20T05:03:12.463560+00:00 [running]> on host dca9677b2c70
[2026-01-20T05:03:15.646+0000] {taskinstance.py:3122} INFO - Exporting env vars: AIRFLOW_CTX_DAG_OWNER='airflow' AIRFLOW_CTX_DAG_ID='silver_layer_event_driven' AIRFLOW_CTX_TASK_ID='spark_bronze_to_silver' AIRFLOW_CTX_EXECUTION_DATE='2026-01-20T05:03:12.463560+00:00' AIRFLOW_CTX_TRY_NUMBER='1' AIRFLOW_CTX_DAG_RUN_ID='dataset_triggered__2026-01-20T05:03:12.463560+00:00'
[2026-01-20T05:03:15.648+0000] {taskinstance.py:731} INFO - ::endgroup::
[2026-01-20T05:03:15.754+0000] {base.py:84} INFO - Retrieving connection 'spark_local'
[2026-01-20T05:03:15.757+0000] {spark_submit.py:474} INFO - Spark-Submit cmd: spark-submit --master local[*] --conf spark.master=local[*] --conf spark.hadoop.fs.s3a.endpoint=http://rustfs:9000 --conf spark.hadoop.fs.s3a.access.key=rustfsadmin --conf spark.hadoop.fs.s3a.secret.key=****** --conf spark.hadoop.fs.s3a.path.style.access=true --conf spark.hadoop.fs.s3a.impl=org.apache.hadoop.fs.s3a.S3AFileSystem --conf spark.sql.sources.partitionOverwriteMode=dynamic --conf spark.hadoop.fs.s3a.change.detection.mode=none --packages org.apache.hadoop:hadoop-aws:3.3.4,com.amazonaws:aws-java-sdk-bundle:1.12.262 --name arrow-spark --verbose --deploy-mode client /opt/airflow/scripts/bronze_to_silver.py 2026-01-20
[2026-01-20T05:03:15.779+0000] {spark_submit.py:641} INFO - /opt/spark/bin/load-spark-env.sh: line 68: ps: command not found
[2026-01-20T05:03:17.848+0000] {spark_submit.py:641} INFO - Using properties file: null
[2026-01-20T05:03:18.057+0000] {spark_submit.py:641} INFO - Parsed arguments:
[2026-01-20T05:03:18.059+0000] {spark_submit.py:641} INFO - master                  local[*]
[2026-01-20T05:03:18.060+0000] {spark_submit.py:641} INFO - remote                  null
[2026-01-20T05:03:18.061+0000] {spark_submit.py:641} INFO - deployMode              client
[2026-01-20T05:03:18.062+0000] {spark_submit.py:641} INFO - executorMemory          null
[2026-01-20T05:03:18.063+0000] {spark_submit.py:641} INFO - executorCores           null
[2026-01-20T05:03:18.064+0000] {spark_submit.py:641} INFO - totalExecutorCores      null
[2026-01-20T05:03:18.065+0000] {spark_submit.py:641} INFO - propertiesFile          null
[2026-01-20T05:03:18.066+0000] {spark_submit.py:641} INFO - driverMemory            null
[2026-01-20T05:03:18.066+0000] {spark_submit.py:641} INFO - driverCores             null
[2026-01-20T05:03:18.114+0000] {spark_submit.py:641} INFO - driverExtraClassPath    null
[2026-01-20T05:03:18.169+0000] {spark_submit.py:641} INFO - driverExtraLibraryPath  null
[2026-01-20T05:03:18.189+0000] {spark_submit.py:641} INFO - driverExtraJavaOptions  null
[2026-01-20T05:03:18.193+0000] {spark_submit.py:641} INFO - supervise               false
[2026-01-20T05:03:18.195+0000] {spark_submit.py:641} INFO - queue                   null
[2026-01-20T05:03:18.196+0000] {spark_submit.py:641} INFO - numExecutors            null
[2026-01-20T05:03:18.198+0000] {spark_submit.py:641} INFO - files                   null
[2026-01-20T05:03:18.199+0000] {spark_submit.py:641} INFO - pyFiles                 null
[2026-01-20T05:03:18.200+0000] {spark_submit.py:641} INFO - archives                null
[2026-01-20T05:03:18.200+0000] {spark_submit.py:641} INFO - mainClass               null
[2026-01-20T05:03:18.201+0000] {spark_submit.py:641} INFO - primaryResource         file:/opt/airflow/scripts/bronze_to_silver.py
[2026-01-20T05:03:18.202+0000] {spark_submit.py:641} INFO - name                    arrow-spark
[2026-01-20T05:03:18.203+0000] {spark_submit.py:641} INFO - childArgs               [2026-01-20]
[2026-01-20T05:03:18.203+0000] {spark_submit.py:641} INFO - jars                    null
[2026-01-20T05:03:18.204+0000] {spark_submit.py:641} INFO - packages                org.apache.hadoop:hadoop-aws:3.3.4,com.amazonaws:aws-java-sdk-bundle:1.12.262
[2026-01-20T05:03:18.205+0000] {spark_submit.py:641} INFO - packagesExclusions      null
[2026-01-20T05:03:18.206+0000] {spark_submit.py:641} INFO - repositories            null
[2026-01-20T05:03:18.207+0000] {spark_submit.py:641} INFO - verbose                 true
[2026-01-20T05:03:18.208+0000] {spark_submit.py:641} INFO - 
[2026-01-20T05:03:18.209+0000] {spark_submit.py:641} INFO - Spark properties used, including those specified through
[2026-01-20T05:03:18.209+0000] {spark_submit.py:641} INFO - --conf and those from the properties file null:
[2026-01-20T05:03:18.210+0000] {spark_submit.py:641} INFO - (spark.hadoop.fs.s3a.access.key,*********(redacted))
[2026-01-20T05:03:18.210+0000] {spark_submit.py:641} INFO - (spark.hadoop.fs.s3a.change.detection.mode,none)
[2026-01-20T05:03:18.211+0000] {spark_submit.py:641} INFO - (spark.hadoop.fs.s3a.endpoint,http://rustfs:9000)
[2026-01-20T05:03:18.212+0000] {spark_submit.py:641} INFO - (spark.hadoop.fs.s3a.impl,org.apache.hadoop.fs.s3a.S3AFileSystem)
[2026-01-20T05:03:18.212+0000] {spark_submit.py:641} INFO - (spark.hadoop.fs.s3a.path.style.access,true)
[2026-01-20T05:03:18.213+0000] {spark_submit.py:641} INFO - (spark.hadoop.fs.s3a.secret.key,*********(redacted))
[2026-01-20T05:03:18.213+0000] {spark_submit.py:641} INFO - (spark.master,local[*])
[2026-01-20T05:03:18.217+0000] {spark_submit.py:641} INFO - (spark.sql.sources.partitionOverwriteMode,dynamic)
[2026-01-20T05:03:18.224+0000] {spark_submit.py:641} INFO - 
[2026-01-20T05:03:18.226+0000] {spark_submit.py:641} INFO - 
[2026-01-20T05:03:18.377+0000] {spark_submit.py:641} INFO - :: loading settings :: url = jar:file:/opt/spark/jars/ivy-2.5.1.jar!/org/apache/ivy/core/settings/ivysettings.xml
[2026-01-20T05:03:18.524+0000] {spark_submit.py:641} INFO - Ivy Default Cache set to: /home/airflow/.ivy2/cache
[2026-01-20T05:03:18.525+0000] {spark_submit.py:641} INFO - The jars for the packages stored in: /home/airflow/.ivy2/jars
[2026-01-20T05:03:18.534+0000] {spark_submit.py:641} INFO - org.apache.hadoop#hadoop-aws added as a dependency
[2026-01-20T05:03:18.537+0000] {spark_submit.py:641} INFO - com.amazonaws#aws-java-sdk-bundle added as a dependency
[2026-01-20T05:03:18.538+0000] {spark_submit.py:641} INFO - :: resolving dependencies :: org.apache.spark#spark-submit-parent-b4f83209-6134-4ccb-9796-3f8a2e99ca23;1.0
[2026-01-20T05:03:18.539+0000] {spark_submit.py:641} INFO - confs: [default]
[2026-01-20T05:03:18.828+0000] {spark_submit.py:641} INFO - found org.apache.hadoop#hadoop-aws;3.3.4 in central
[2026-01-20T05:03:18.876+0000] {spark_submit.py:641} INFO - found com.amazonaws#aws-java-sdk-bundle;1.12.262 in central
[2026-01-20T05:03:18.913+0000] {spark_submit.py:641} INFO - found org.wildfly.openssl#wildfly-openssl;1.0.7.Final in central
[2026-01-20T05:03:18.946+0000] {spark_submit.py:641} INFO - :: resolution report :: resolve 396ms :: artifacts dl 14ms
[2026-01-20T05:03:18.947+0000] {spark_submit.py:641} INFO - :: modules in use:
[2026-01-20T05:03:18.948+0000] {spark_submit.py:641} INFO - com.amazonaws#aws-java-sdk-bundle;1.12.262 from central in [default]
[2026-01-20T05:03:18.949+0000] {spark_submit.py:641} INFO - org.apache.hadoop#hadoop-aws;3.3.4 from central in [default]
[2026-01-20T05:03:18.949+0000] {spark_submit.py:641} INFO - org.wildfly.openssl#wildfly-openssl;1.0.7.Final from central in [default]
[2026-01-20T05:03:18.950+0000] {spark_submit.py:641} INFO - ---------------------------------------------------------------------
[2026-01-20T05:03:18.950+0000] {spark_submit.py:641} INFO - |                  |            modules            ||   artifacts   |
[2026-01-20T05:03:18.951+0000] {spark_submit.py:641} INFO - |       conf       | number| search|dwnlded|evicted|| number|dwnlded|
[2026-01-20T05:03:18.952+0000] {spark_submit.py:641} INFO - ---------------------------------------------------------------------
[2026-01-20T05:03:18.952+0000] {spark_submit.py:641} INFO - |      default     |   3   |   0   |   0   |   0   ||   3   |   0   |
[2026-01-20T05:03:18.953+0000] {spark_submit.py:641} INFO - ---------------------------------------------------------------------
[2026-01-20T05:03:18.954+0000] {spark_submit.py:641} INFO - :: retrieving :: org.apache.spark#spark-submit-parent-b4f83209-6134-4ccb-9796-3f8a2e99ca23
[2026-01-20T05:03:18.954+0000] {spark_submit.py:641} INFO - confs: [default]
[2026-01-20T05:03:18.962+0000] {spark_submit.py:641} INFO - 0 artifacts copied, 3 already retrieved (0kB/8ms)
[2026-01-20T05:03:19.233+0000] {spark_submit.py:641} INFO - 26/01/20 05:03:19 WARN NativeCodeLoader: Unable to load native-hadoop library for your platform... using builtin-java classes where applicable
[2026-01-20T05:03:19.643+0000] {spark_submit.py:641} INFO - Main class:
[2026-01-20T05:03:19.647+0000] {spark_submit.py:641} INFO - org.apache.spark.deploy.PythonRunner
[2026-01-20T05:03:19.649+0000] {spark_submit.py:641} INFO - Arguments:
[2026-01-20T05:03:19.649+0000] {spark_submit.py:641} INFO - file:/opt/airflow/scripts/bronze_to_silver.py
[2026-01-20T05:03:19.650+0000] {spark_submit.py:641} INFO - file:///home/airflow/.ivy2/jars/org.apache.hadoop_hadoop-aws-3.3.4.jar,file:///home/airflow/.ivy2/jars/com.amazonaws_aws-java-sdk-bundle-1.12.262.jar,file:///home/airflow/.ivy2/jars/org.wildfly.openssl_wildfly-openssl-1.0.7.Final.jar
[2026-01-20T05:03:19.651+0000] {spark_submit.py:641} INFO - 2026-01-20
[2026-01-20T05:03:19.652+0000] {spark_submit.py:641} INFO - Spark config:
[2026-01-20T05:03:19.652+0000] {spark_submit.py:641} INFO - (spark.app.name,arrow-spark)
[2026-01-20T05:03:19.655+0000] {spark_submit.py:641} INFO - (spark.app.submitTime,1768885399582)
[2026-01-20T05:03:19.658+0000] {spark_submit.py:641} INFO - (spark.files,file:///home/airflow/.ivy2/jars/org.apache.hadoop_hadoop-aws-3.3.4.jar,file:///home/airflow/.ivy2/jars/com.amazonaws_aws-java-sdk-bundle-1.12.262.jar,file:///home/airflow/.ivy2/jars/org.wildfly.openssl_wildfly-openssl-1.0.7.Final.jar)
[2026-01-20T05:03:19.659+0000] {spark_submit.py:641} INFO - (spark.hadoop.fs.s3a.access.key,*********(redacted))
[2026-01-20T05:03:19.659+0000] {spark_submit.py:641} INFO - (spark.hadoop.fs.s3a.change.detection.mode,none)
[2026-01-20T05:03:19.662+0000] {spark_submit.py:641} INFO - (spark.hadoop.fs.s3a.endpoint,http://rustfs:9000)
[2026-01-20T05:03:19.663+0000] {spark_submit.py:641} INFO - (spark.hadoop.fs.s3a.impl,org.apache.hadoop.fs.s3a.S3AFileSystem)
[2026-01-20T05:03:19.664+0000] {spark_submit.py:641} INFO - (spark.hadoop.fs.s3a.path.style.access,true)
[2026-01-20T05:03:19.665+0000] {spark_submit.py:641} INFO - (spark.hadoop.fs.s3a.secret.key,*********(redacted))
[2026-01-20T05:03:19.666+0000] {spark_submit.py:641} INFO - (spark.jars,file:///home/airflow/.ivy2/jars/org.apache.hadoop_hadoop-aws-3.3.4.jar,file:///home/airflow/.ivy2/jars/com.amazonaws_aws-java-sdk-bundle-1.12.262.jar,file:///home/airflow/.ivy2/jars/org.wildfly.openssl_wildfly-openssl-1.0.7.Final.jar)
[2026-01-20T05:03:19.667+0000] {spark_submit.py:641} INFO - (spark.master,local[*])
[2026-01-20T05:03:19.669+0000] {spark_submit.py:641} INFO - (spark.repl.local.jars,file:///home/airflow/.ivy2/jars/org.apache.hadoop_hadoop-aws-3.3.4.jar,file:///home/airflow/.ivy2/jars/com.amazonaws_aws-java-sdk-bundle-1.12.262.jar,file:///home/airflow/.ivy2/jars/org.wildfly.openssl_wildfly-openssl-1.0.7.Final.jar)
[2026-01-20T05:03:19.669+0000] {spark_submit.py:641} INFO - (spark.sql.sources.partitionOverwriteMode,dynamic)
[2026-01-20T05:03:19.670+0000] {spark_submit.py:641} INFO - (spark.submit.deployMode,client)
[2026-01-20T05:03:19.671+0000] {spark_submit.py:641} INFO - (spark.submit.pyFiles,/home/airflow/.ivy2/jars/org.apache.hadoop_hadoop-aws-3.3.4.jar,/home/airflow/.ivy2/jars/com.amazonaws_aws-java-sdk-bundle-1.12.262.jar,/home/airflow/.ivy2/jars/org.wildfly.openssl_wildfly-openssl-1.0.7.Final.jar)
[2026-01-20T05:03:19.672+0000] {spark_submit.py:641} INFO - Classpath elements:
[2026-01-20T05:03:19.673+0000] {spark_submit.py:641} INFO - file:///home/airflow/.ivy2/jars/org.apache.hadoop_hadoop-aws-3.3.4.jar
[2026-01-20T05:03:19.677+0000] {spark_submit.py:641} INFO - file:///home/airflow/.ivy2/jars/com.amazonaws_aws-java-sdk-bundle-1.12.262.jar
[2026-01-20T05:03:19.684+0000] {spark_submit.py:641} INFO - file:///home/airflow/.ivy2/jars/org.wildfly.openssl_wildfly-openssl-1.0.7.Final.jar
[2026-01-20T05:03:19.697+0000] {spark_submit.py:641} INFO - 
[2026-01-20T05:03:19.703+0000] {spark_submit.py:641} INFO - 
[2026-01-20T05:03:22.858+0000] {spark_submit.py:641} INFO - 26/01/20 05:03:22 INFO SparkContext: Running Spark version 3.5.0
[2026-01-20T05:03:22.860+0000] {spark_submit.py:641} INFO - 26/01/20 05:03:22 INFO SparkContext: OS info Linux, 6.6.87.2-microsoft-standard-WSL2, amd64
[2026-01-20T05:03:22.865+0000] {spark_submit.py:641} INFO - 26/01/20 05:03:22 INFO SparkContext: Java version 17.0.17
[2026-01-20T05:03:22.908+0000] {spark_submit.py:641} INFO - 26/01/20 05:03:22 INFO ResourceUtils: ==============================================================
[2026-01-20T05:03:22.912+0000] {spark_submit.py:641} INFO - 26/01/20 05:03:22 INFO ResourceUtils: No custom resources configured for spark.driver.
[2026-01-20T05:03:22.915+0000] {spark_submit.py:641} INFO - 26/01/20 05:03:22 INFO ResourceUtils: ==============================================================
[2026-01-20T05:03:22.917+0000] {spark_submit.py:641} INFO - 26/01/20 05:03:22 INFO SparkContext: Submitted application: IdempotentSilverLayer
[2026-01-20T05:03:22.946+0000] {spark_submit.py:641} INFO - 26/01/20 05:03:22 INFO ResourceProfile: Default ResourceProfile created, executor resources: Map(cores -> name: cores, amount: 1, script: , vendor: , memory -> name: memory, amount: 1024, script: , vendor: , offHeap -> name: offHeap, amount: 0, script: , vendor: ), task resources: Map(cpus -> name: cpus, amount: 1.0)
[2026-01-20T05:03:22.959+0000] {spark_submit.py:641} INFO - 26/01/20 05:03:22 INFO ResourceProfile: Limiting resource is cpu
[2026-01-20T05:03:22.961+0000] {spark_submit.py:641} INFO - 26/01/20 05:03:22 INFO ResourceProfileManager: Added ResourceProfile id: 0
[2026-01-20T05:03:23.076+0000] {spark_submit.py:641} INFO - 26/01/20 05:03:23 INFO SecurityManager: Changing view acls to: airflow
[2026-01-20T05:03:23.087+0000] {spark_submit.py:641} INFO - 26/01/20 05:03:23 INFO SecurityManager: Changing modify acls to: airflow
[2026-01-20T05:03:23.103+0000] {spark_submit.py:641} INFO - 26/01/20 05:03:23 INFO SecurityManager: Changing view acls groups to:
[2026-01-20T05:03:23.116+0000] {spark_submit.py:641} INFO - 26/01/20 05:03:23 INFO SecurityManager: Changing modify acls groups to:
[2026-01-20T05:03:23.127+0000] {spark_submit.py:641} INFO - 26/01/20 05:03:23 INFO SecurityManager: SecurityManager: authentication disabled; ui acls disabled; users with view permissions: airflow; groups with view permissions: EMPTY; users with modify permissions: airflow; groups with modify permissions: EMPTY
[2026-01-20T05:03:23.524+0000] {spark_submit.py:641} INFO - 26/01/20 05:03:23 INFO Utils: Successfully started service 'sparkDriver' on port 36515.
[2026-01-20T05:03:23.565+0000] {spark_submit.py:641} INFO - 26/01/20 05:03:23 INFO SparkEnv: Registering MapOutputTracker
[2026-01-20T05:03:23.623+0000] {spark_submit.py:641} INFO - 26/01/20 05:03:23 INFO SparkEnv: Registering BlockManagerMaster
[2026-01-20T05:03:23.647+0000] {spark_submit.py:641} INFO - 26/01/20 05:03:23 INFO BlockManagerMasterEndpoint: Using org.apache.spark.storage.DefaultTopologyMapper for getting topology information
[2026-01-20T05:03:23.648+0000] {spark_submit.py:641} INFO - 26/01/20 05:03:23 INFO BlockManagerMasterEndpoint: BlockManagerMasterEndpoint up
[2026-01-20T05:03:23.653+0000] {spark_submit.py:641} INFO - 26/01/20 05:03:23 INFO SparkEnv: Registering BlockManagerMasterHeartbeat
[2026-01-20T05:03:23.683+0000] {spark_submit.py:641} INFO - 26/01/20 05:03:23 INFO DiskBlockManager: Created local directory at /tmp/blockmgr-632ee482-cc2b-4eb5-a714-fd7fe4303867
[2026-01-20T05:03:23.702+0000] {spark_submit.py:641} INFO - 26/01/20 05:03:23 INFO MemoryStore: MemoryStore started with capacity 434.4 MiB
[2026-01-20T05:03:23.724+0000] {spark_submit.py:641} INFO - 26/01/20 05:03:23 INFO SparkEnv: Registering OutputCommitCoordinator
[2026-01-20T05:03:23.878+0000] {spark_submit.py:641} INFO - 26/01/20 05:03:23 INFO JettyUtils: Start Jetty 0.0.0.0:4040 for SparkUI
[2026-01-20T05:03:23.957+0000] {spark_submit.py:641} INFO - 26/01/20 05:03:23 INFO Utils: Successfully started service 'SparkUI' on port 4040.
[2026-01-20T05:03:24.023+0000] {spark_submit.py:641} INFO - 26/01/20 05:03:24 INFO SparkContext: Added JAR file:///home/airflow/.ivy2/jars/org.apache.hadoop_hadoop-aws-3.3.4.jar at spark://dca9677b2c70:36515/jars/org.apache.hadoop_hadoop-aws-3.3.4.jar with timestamp 1768885402846
[2026-01-20T05:03:24.024+0000] {spark_submit.py:641} INFO - 26/01/20 05:03:24 INFO SparkContext: Added JAR file:///home/airflow/.ivy2/jars/com.amazonaws_aws-java-sdk-bundle-1.12.262.jar at spark://dca9677b2c70:36515/jars/com.amazonaws_aws-java-sdk-bundle-1.12.262.jar with timestamp 1768885402846
[2026-01-20T05:03:24.025+0000] {spark_submit.py:641} INFO - 26/01/20 05:03:24 INFO SparkContext: Added JAR file:///home/airflow/.ivy2/jars/org.wildfly.openssl_wildfly-openssl-1.0.7.Final.jar at spark://dca9677b2c70:36515/jars/org.wildfly.openssl_wildfly-openssl-1.0.7.Final.jar with timestamp 1768885402846
[2026-01-20T05:03:24.028+0000] {spark_submit.py:641} INFO - 26/01/20 05:03:24 INFO SparkContext: Added file file:///home/airflow/.ivy2/jars/org.apache.hadoop_hadoop-aws-3.3.4.jar at file:///home/airflow/.ivy2/jars/org.apache.hadoop_hadoop-aws-3.3.4.jar with timestamp 1768885402846
[2026-01-20T05:03:24.030+0000] {spark_submit.py:641} INFO - 26/01/20 05:03:24 INFO Utils: Copying /home/airflow/.ivy2/jars/org.apache.hadoop_hadoop-aws-3.3.4.jar to /tmp/spark-6b5ba4d3-9d0e-4ce4-acae-d3fadcf82a01/userFiles-1c9b7f5f-cd76-435f-a501-a19a3ad15997/org.apache.hadoop_hadoop-aws-3.3.4.jar
[2026-01-20T05:03:24.048+0000] {spark_submit.py:641} INFO - 26/01/20 05:03:24 INFO SparkContext: Added file file:///home/airflow/.ivy2/jars/com.amazonaws_aws-java-sdk-bundle-1.12.262.jar at file:///home/airflow/.ivy2/jars/com.amazonaws_aws-java-sdk-bundle-1.12.262.jar with timestamp 1768885402846
[2026-01-20T05:03:24.049+0000] {spark_submit.py:641} INFO - 26/01/20 05:03:24 INFO Utils: Copying /home/airflow/.ivy2/jars/com.amazonaws_aws-java-sdk-bundle-1.12.262.jar to /tmp/spark-6b5ba4d3-9d0e-4ce4-acae-d3fadcf82a01/userFiles-1c9b7f5f-cd76-435f-a501-a19a3ad15997/com.amazonaws_aws-java-sdk-bundle-1.12.262.jar
[2026-01-20T05:03:25.671+0000] {spark_submit.py:641} INFO - 26/01/20 05:03:25 INFO SparkContext: Added file file:///home/airflow/.ivy2/jars/org.wildfly.openssl_wildfly-openssl-1.0.7.Final.jar at file:///home/airflow/.ivy2/jars/org.wildfly.openssl_wildfly-openssl-1.0.7.Final.jar with timestamp 1768885402846
[2026-01-20T05:03:25.673+0000] {spark_submit.py:641} INFO - 26/01/20 05:03:25 INFO Utils: Copying /home/airflow/.ivy2/jars/org.wildfly.openssl_wildfly-openssl-1.0.7.Final.jar to /tmp/spark-6b5ba4d3-9d0e-4ce4-acae-d3fadcf82a01/userFiles-1c9b7f5f-cd76-435f-a501-a19a3ad15997/org.wildfly.openssl_wildfly-openssl-1.0.7.Final.jar
[2026-01-20T05:03:25.848+0000] {spark_submit.py:641} INFO - 26/01/20 05:03:25 INFO Executor: Starting executor ID driver on host dca9677b2c70
[2026-01-20T05:03:25.860+0000] {spark_submit.py:641} INFO - 26/01/20 05:03:25 INFO Executor: OS info Linux, 6.6.87.2-microsoft-standard-WSL2, amd64
[2026-01-20T05:03:25.862+0000] {spark_submit.py:641} INFO - 26/01/20 05:03:25 INFO Executor: Java version 17.0.17
[2026-01-20T05:03:25.872+0000] {spark_submit.py:641} INFO - 26/01/20 05:03:25 INFO Executor: Starting executor with user classpath (userClassPathFirst = false): ''
[2026-01-20T05:03:25.876+0000] {spark_submit.py:641} INFO - 26/01/20 05:03:25 INFO Executor: Created or updated repl class loader org.apache.spark.util.MutableURLClassLoader@558acf68 for default.
[2026-01-20T05:03:25.894+0000] {spark_submit.py:641} INFO - 26/01/20 05:03:25 INFO Executor: Fetching file:///home/airflow/.ivy2/jars/com.amazonaws_aws-java-sdk-bundle-1.12.262.jar with timestamp 1768885402846
[2026-01-20T05:03:26.149+0000] {spark_submit.py:641} INFO - 26/01/20 05:03:26 INFO Utils: /home/airflow/.ivy2/jars/com.amazonaws_aws-java-sdk-bundle-1.12.262.jar has been previously copied to /tmp/spark-6b5ba4d3-9d0e-4ce4-acae-d3fadcf82a01/userFiles-1c9b7f5f-cd76-435f-a501-a19a3ad15997/com.amazonaws_aws-java-sdk-bundle-1.12.262.jar
[2026-01-20T05:03:26.159+0000] {spark_submit.py:641} INFO - 26/01/20 05:03:26 INFO Executor: Fetching file:///home/airflow/.ivy2/jars/org.wildfly.openssl_wildfly-openssl-1.0.7.Final.jar with timestamp 1768885402846
[2026-01-20T05:03:26.161+0000] {spark_submit.py:641} INFO - 26/01/20 05:03:26 INFO Utils: /home/airflow/.ivy2/jars/org.wildfly.openssl_wildfly-openssl-1.0.7.Final.jar has been previously copied to /tmp/spark-6b5ba4d3-9d0e-4ce4-acae-d3fadcf82a01/userFiles-1c9b7f5f-cd76-435f-a501-a19a3ad15997/org.wildfly.openssl_wildfly-openssl-1.0.7.Final.jar
[2026-01-20T05:03:26.170+0000] {spark_submit.py:641} INFO - 26/01/20 05:03:26 INFO Executor: Fetching file:///home/airflow/.ivy2/jars/org.apache.hadoop_hadoop-aws-3.3.4.jar with timestamp 1768885402846
[2026-01-20T05:03:26.171+0000] {spark_submit.py:641} INFO - 26/01/20 05:03:26 INFO Utils: /home/airflow/.ivy2/jars/org.apache.hadoop_hadoop-aws-3.3.4.jar has been previously copied to /tmp/spark-6b5ba4d3-9d0e-4ce4-acae-d3fadcf82a01/userFiles-1c9b7f5f-cd76-435f-a501-a19a3ad15997/org.apache.hadoop_hadoop-aws-3.3.4.jar
[2026-01-20T05:03:26.181+0000] {spark_submit.py:641} INFO - 26/01/20 05:03:26 INFO Executor: Fetching spark://dca9677b2c70:36515/jars/com.amazonaws_aws-java-sdk-bundle-1.12.262.jar with timestamp 1768885402846
[2026-01-20T05:03:26.235+0000] {spark_submit.py:641} INFO - 26/01/20 05:03:26 INFO TransportClientFactory: Successfully created connection to dca9677b2c70/172.29.0.8:36515 after 37 ms (0 ms spent in bootstraps)
[2026-01-20T05:03:26.246+0000] {spark_submit.py:641} INFO - 26/01/20 05:03:26 INFO Utils: Fetching spark://dca9677b2c70:36515/jars/com.amazonaws_aws-java-sdk-bundle-1.12.262.jar to /tmp/spark-6b5ba4d3-9d0e-4ce4-acae-d3fadcf82a01/userFiles-1c9b7f5f-cd76-435f-a501-a19a3ad15997/fetchFileTemp936761135911116089.tmp
[2026-01-20T05:03:27.649+0000] {spark_submit.py:641} INFO - 26/01/20 05:03:27 INFO Utils: /tmp/spark-6b5ba4d3-9d0e-4ce4-acae-d3fadcf82a01/userFiles-1c9b7f5f-cd76-435f-a501-a19a3ad15997/fetchFileTemp936761135911116089.tmp has been previously copied to /tmp/spark-6b5ba4d3-9d0e-4ce4-acae-d3fadcf82a01/userFiles-1c9b7f5f-cd76-435f-a501-a19a3ad15997/com.amazonaws_aws-java-sdk-bundle-1.12.262.jar
[2026-01-20T05:03:27.699+0000] {spark_submit.py:641} INFO - 26/01/20 05:03:27 INFO Executor: Adding file:/tmp/spark-6b5ba4d3-9d0e-4ce4-acae-d3fadcf82a01/userFiles-1c9b7f5f-cd76-435f-a501-a19a3ad15997/com.amazonaws_aws-java-sdk-bundle-1.12.262.jar to class loader default
[2026-01-20T05:03:27.700+0000] {spark_submit.py:641} INFO - 26/01/20 05:03:27 INFO Executor: Fetching spark://dca9677b2c70:36515/jars/org.apache.hadoop_hadoop-aws-3.3.4.jar with timestamp 1768885402846
[2026-01-20T05:03:27.701+0000] {spark_submit.py:641} INFO - 26/01/20 05:03:27 INFO Utils: Fetching spark://dca9677b2c70:36515/jars/org.apache.hadoop_hadoop-aws-3.3.4.jar to /tmp/spark-6b5ba4d3-9d0e-4ce4-acae-d3fadcf82a01/userFiles-1c9b7f5f-cd76-435f-a501-a19a3ad15997/fetchFileTemp15307673821537981903.tmp
[2026-01-20T05:03:27.707+0000] {spark_submit.py:641} INFO - 26/01/20 05:03:27 INFO Utils: /tmp/spark-6b5ba4d3-9d0e-4ce4-acae-d3fadcf82a01/userFiles-1c9b7f5f-cd76-435f-a501-a19a3ad15997/fetchFileTemp15307673821537981903.tmp has been previously copied to /tmp/spark-6b5ba4d3-9d0e-4ce4-acae-d3fadcf82a01/userFiles-1c9b7f5f-cd76-435f-a501-a19a3ad15997/org.apache.hadoop_hadoop-aws-3.3.4.jar
[2026-01-20T05:03:27.728+0000] {spark_submit.py:641} INFO - 26/01/20 05:03:27 INFO Executor: Adding file:/tmp/spark-6b5ba4d3-9d0e-4ce4-acae-d3fadcf82a01/userFiles-1c9b7f5f-cd76-435f-a501-a19a3ad15997/org.apache.hadoop_hadoop-aws-3.3.4.jar to class loader default
[2026-01-20T05:03:27.729+0000] {spark_submit.py:641} INFO - 26/01/20 05:03:27 INFO Executor: Fetching spark://dca9677b2c70:36515/jars/org.wildfly.openssl_wildfly-openssl-1.0.7.Final.jar with timestamp 1768885402846
[2026-01-20T05:03:27.730+0000] {spark_submit.py:641} INFO - 26/01/20 05:03:27 INFO Utils: Fetching spark://dca9677b2c70:36515/jars/org.wildfly.openssl_wildfly-openssl-1.0.7.Final.jar to /tmp/spark-6b5ba4d3-9d0e-4ce4-acae-d3fadcf82a01/userFiles-1c9b7f5f-cd76-435f-a501-a19a3ad15997/fetchFileTemp13592476027493850306.tmp
[2026-01-20T05:03:27.733+0000] {spark_submit.py:641} INFO - 26/01/20 05:03:27 INFO Utils: /tmp/spark-6b5ba4d3-9d0e-4ce4-acae-d3fadcf82a01/userFiles-1c9b7f5f-cd76-435f-a501-a19a3ad15997/fetchFileTemp13592476027493850306.tmp has been previously copied to /tmp/spark-6b5ba4d3-9d0e-4ce4-acae-d3fadcf82a01/userFiles-1c9b7f5f-cd76-435f-a501-a19a3ad15997/org.wildfly.openssl_wildfly-openssl-1.0.7.Final.jar
[2026-01-20T05:03:27.742+0000] {spark_submit.py:641} INFO - 26/01/20 05:03:27 INFO Executor: Adding file:/tmp/spark-6b5ba4d3-9d0e-4ce4-acae-d3fadcf82a01/userFiles-1c9b7f5f-cd76-435f-a501-a19a3ad15997/org.wildfly.openssl_wildfly-openssl-1.0.7.Final.jar to class loader default
[2026-01-20T05:03:27.820+0000] {spark_submit.py:641} INFO - 26/01/20 05:03:27 INFO Utils: Successfully started service 'org.apache.spark.network.netty.NettyBlockTransferService' on port 35339.
[2026-01-20T05:03:27.828+0000] {spark_submit.py:641} INFO - 26/01/20 05:03:27 INFO NettyBlockTransferService: Server created on dca9677b2c70:35339
[2026-01-20T05:03:27.831+0000] {spark_submit.py:641} INFO - 26/01/20 05:03:27 INFO BlockManager: Using org.apache.spark.storage.RandomBlockReplicationPolicy for block replication policy
[2026-01-20T05:03:27.849+0000] {spark_submit.py:641} INFO - 26/01/20 05:03:27 INFO BlockManagerMaster: Registering BlockManager BlockManagerId(driver, dca9677b2c70, 35339, None)
[2026-01-20T05:03:27.856+0000] {spark_submit.py:641} INFO - 26/01/20 05:03:27 INFO BlockManagerMasterEndpoint: Registering block manager dca9677b2c70:35339 with 434.4 MiB RAM, BlockManagerId(driver, dca9677b2c70, 35339, None)
[2026-01-20T05:03:27.859+0000] {spark_submit.py:641} INFO - 26/01/20 05:03:27 INFO BlockManagerMaster: Registered BlockManager BlockManagerId(driver, dca9677b2c70, 35339, None)
[2026-01-20T05:03:27.876+0000] {spark_submit.py:641} INFO - 26/01/20 05:03:27 INFO BlockManager: Initialized BlockManager: BlockManagerId(driver, dca9677b2c70, 35339, None)
[2026-01-20T05:03:28.409+0000] {spark_submit.py:641} INFO - Processing data for 2026-01-20
[2026-01-20T05:03:28.429+0000] {spark_submit.py:641} INFO - 26/01/20 05:03:28 INFO SharedState: Setting hive.metastore.warehouse.dir ('null') to the value of spark.sql.warehouse.dir.
[2026-01-20T05:03:28.431+0000] {spark_submit.py:641} INFO - 26/01/20 05:03:28 INFO SharedState: Warehouse path is 'file:/opt/airflow/spark-warehouse'.
[2026-01-20T05:03:30.103+0000] {spark_submit.py:641} INFO - 26/01/20 05:03:30 WARN MetricsConfig: Cannot locate configuration: tried hadoop-metrics2-s3a-file-system.properties,hadoop-metrics2.properties
[2026-01-20T05:03:30.124+0000] {spark_submit.py:641} INFO - 26/01/20 05:03:30 INFO MetricsSystemImpl: Scheduled Metric snapshot period at 10 second(s).
[2026-01-20T05:03:30.143+0000] {spark_submit.py:641} INFO - 26/01/20 05:03:30 INFO MetricsSystemImpl: s3a-file-system metrics system started
[2026-01-20T05:03:31.532+0000] {spark_submit.py:641} INFO - 26/01/20 05:03:31 INFO InMemoryFileIndex: It took 98 ms to list leaf files for 1 paths.
[2026-01-20T05:03:31.708+0000] {spark_submit.py:641} INFO - 26/01/20 05:03:31 INFO MemoryStore: Block broadcast_0 stored as values in memory (estimated size 211.1 KiB, free 434.2 MiB)
[2026-01-20T05:03:31.770+0000] {spark_submit.py:641} INFO - 26/01/20 05:03:31 INFO MemoryStore: Block broadcast_0_piece0 stored as bytes in memory (estimated size 35.8 KiB, free 434.2 MiB)
[2026-01-20T05:03:31.773+0000] {spark_submit.py:641} INFO - 26/01/20 05:03:31 INFO BlockManagerInfo: Added broadcast_0_piece0 in memory on dca9677b2c70:35339 (size: 35.8 KiB, free: 434.4 MiB)
[2026-01-20T05:03:31.777+0000] {spark_submit.py:641} INFO - 26/01/20 05:03:31 INFO SparkContext: Created broadcast 0 from json at NativeMethodAccessorImpl.java:0
[2026-01-20T05:03:32.202+0000] {spark_submit.py:641} INFO - 26/01/20 05:03:32 INFO FileInputFormat: Total input files to process : 1
[2026-01-20T05:03:32.212+0000] {spark_submit.py:641} INFO - 26/01/20 05:03:32 INFO FileInputFormat: Total input files to process : 1
[2026-01-20T05:03:32.230+0000] {spark_submit.py:641} INFO - 26/01/20 05:03:32 INFO SparkContext: Starting job: json at NativeMethodAccessorImpl.java:0
[2026-01-20T05:03:32.246+0000] {spark_submit.py:641} INFO - 26/01/20 05:03:32 INFO DAGScheduler: Got job 0 (json at NativeMethodAccessorImpl.java:0) with 1 output partitions
[2026-01-20T05:03:32.247+0000] {spark_submit.py:641} INFO - 26/01/20 05:03:32 INFO DAGScheduler: Final stage: ResultStage 0 (json at NativeMethodAccessorImpl.java:0)
[2026-01-20T05:03:32.248+0000] {spark_submit.py:641} INFO - 26/01/20 05:03:32 INFO DAGScheduler: Parents of final stage: List()
[2026-01-20T05:03:32.249+0000] {spark_submit.py:641} INFO - 26/01/20 05:03:32 INFO DAGScheduler: Missing parents: List()
[2026-01-20T05:03:32.254+0000] {spark_submit.py:641} INFO - 26/01/20 05:03:32 INFO DAGScheduler: Submitting ResultStage 0 (MapPartitionsRDD[2] at json at NativeMethodAccessorImpl.java:0), which has no missing parents
[2026-01-20T05:03:32.319+0000] {spark_submit.py:641} INFO - 26/01/20 05:03:32 INFO MemoryStore: Block broadcast_1 stored as values in memory (estimated size 9.2 KiB, free 434.1 MiB)
[2026-01-20T05:03:32.322+0000] {spark_submit.py:641} INFO - 26/01/20 05:03:32 INFO MemoryStore: Block broadcast_1_piece0 stored as bytes in memory (estimated size 4.9 KiB, free 434.1 MiB)
[2026-01-20T05:03:32.323+0000] {spark_submit.py:641} INFO - 26/01/20 05:03:32 INFO BlockManagerInfo: Added broadcast_1_piece0 in memory on dca9677b2c70:35339 (size: 4.9 KiB, free: 434.4 MiB)
[2026-01-20T05:03:32.324+0000] {spark_submit.py:641} INFO - 26/01/20 05:03:32 INFO SparkContext: Created broadcast 1 from broadcast at DAGScheduler.scala:1580
[2026-01-20T05:03:32.344+0000] {spark_submit.py:641} INFO - 26/01/20 05:03:32 INFO DAGScheduler: Submitting 1 missing tasks from ResultStage 0 (MapPartitionsRDD[2] at json at NativeMethodAccessorImpl.java:0) (first 15 tasks are for partitions Vector(0))
[2026-01-20T05:03:32.346+0000] {spark_submit.py:641} INFO - 26/01/20 05:03:32 INFO TaskSchedulerImpl: Adding task set 0.0 with 1 tasks resource profile 0
[2026-01-20T05:03:32.399+0000] {spark_submit.py:641} INFO - 26/01/20 05:03:32 INFO TaskSetManager: Starting task 0.0 in stage 0.0 (TID 0) (dca9677b2c70, executor driver, partition 0, PROCESS_LOCAL, 8477 bytes)
[2026-01-20T05:03:32.433+0000] {spark_submit.py:641} INFO - 26/01/20 05:03:32 INFO Executor: Running task 0.0 in stage 0.0 (TID 0)
[2026-01-20T05:03:32.523+0000] {spark_submit.py:641} INFO - 26/01/20 05:03:32 INFO BinaryFileRDD: Input split: Paths:/standardized_tech_stack.json:0+33282
[2026-01-20T05:03:32.789+0000] {spark_submit.py:641} INFO - 26/01/20 05:03:32 INFO Executor: Finished task 0.0 in stage 0.0 (TID 0). 1879 bytes result sent to driver
[2026-01-20T05:03:32.807+0000] {spark_submit.py:641} INFO - 26/01/20 05:03:32 INFO TaskSetManager: Finished task 0.0 in stage 0.0 (TID 0) in 427 ms on dca9677b2c70 (executor driver) (1/1)
[2026-01-20T05:03:32.809+0000] {spark_submit.py:641} INFO - 26/01/20 05:03:32 INFO TaskSchedulerImpl: Removed TaskSet 0.0, whose tasks have all completed, from pool
[2026-01-20T05:03:32.815+0000] {spark_submit.py:641} INFO - 26/01/20 05:03:32 INFO DAGScheduler: ResultStage 0 (json at NativeMethodAccessorImpl.java:0) finished in 0.541 s
[2026-01-20T05:03:32.820+0000] {spark_submit.py:641} INFO - 26/01/20 05:03:32 INFO DAGScheduler: Job 0 is finished. Cancelling potential speculative or zombie tasks for this job
[2026-01-20T05:03:32.821+0000] {spark_submit.py:641} INFO - 26/01/20 05:03:32 INFO TaskSchedulerImpl: Killing all running tasks in stage 0: Stage finished
[2026-01-20T05:03:32.823+0000] {spark_submit.py:641} INFO - 26/01/20 05:03:32 INFO DAGScheduler: Job 0 finished: json at NativeMethodAccessorImpl.java:0, took 0.592917 s
[2026-01-20T05:03:34.208+0000] {spark_submit.py:641} INFO - 26/01/20 05:03:34 INFO FileSourceStrategy: Pushed Filters:
[2026-01-20T05:03:34.212+0000] {spark_submit.py:641} INFO - 26/01/20 05:03:34 INFO FileSourceStrategy: Post-Scan Filters:
[2026-01-20T05:03:34.305+0000] {spark_submit.py:641} INFO - 26/01/20 05:03:34 INFO MemoryStore: Block broadcast_2 stored as values in memory (estimated size 210.5 KiB, free 433.9 MiB)
[2026-01-20T05:03:34.345+0000] {spark_submit.py:641} INFO - 26/01/20 05:03:34 INFO MemoryStore: Block broadcast_2_piece0 stored as bytes in memory (estimated size 35.7 KiB, free 433.9 MiB)
[2026-01-20T05:03:34.361+0000] {spark_submit.py:641} INFO - 26/01/20 05:03:34 INFO BlockManagerInfo: Added broadcast_2_piece0 in memory on dca9677b2c70:35339 (size: 35.7 KiB, free: 434.3 MiB)
[2026-01-20T05:03:34.363+0000] {spark_submit.py:641} INFO - 26/01/20 05:03:34 INFO SparkContext: Created broadcast 2 from collect at /opt/airflow/scripts/bronze_to_silver.py:63
[2026-01-20T05:03:34.391+0000] {spark_submit.py:641} INFO - 26/01/20 05:03:34 INFO FileSourceScanExec: Planning scan with bin packing, max size: 4194304 bytes, open cost is considered as scanning 4194304 bytes.
[2026-01-20T05:03:34.399+0000] {spark_submit.py:641} INFO - 26/01/20 05:03:34 INFO BlockManagerInfo: Removed broadcast_1_piece0 on dca9677b2c70:35339 in memory (size: 4.9 KiB, free: 434.3 MiB)
[2026-01-20T05:03:34.415+0000] {spark_submit.py:641} INFO - 26/01/20 05:03:34 INFO BlockManagerInfo: Removed broadcast_0_piece0 on dca9677b2c70:35339 in memory (size: 35.8 KiB, free: 434.4 MiB)
[2026-01-20T05:03:34.501+0000] {spark_submit.py:641} INFO - 26/01/20 05:03:34 INFO SparkContext: Starting job: collect at /opt/airflow/scripts/bronze_to_silver.py:63
[2026-01-20T05:03:34.503+0000] {spark_submit.py:641} INFO - 26/01/20 05:03:34 INFO DAGScheduler: Got job 1 (collect at /opt/airflow/scripts/bronze_to_silver.py:63) with 1 output partitions
[2026-01-20T05:03:34.504+0000] {spark_submit.py:641} INFO - 26/01/20 05:03:34 INFO DAGScheduler: Final stage: ResultStage 1 (collect at /opt/airflow/scripts/bronze_to_silver.py:63)
[2026-01-20T05:03:34.504+0000] {spark_submit.py:641} INFO - 26/01/20 05:03:34 INFO DAGScheduler: Parents of final stage: List()
[2026-01-20T05:03:34.505+0000] {spark_submit.py:641} INFO - 26/01/20 05:03:34 INFO DAGScheduler: Missing parents: List()
[2026-01-20T05:03:34.506+0000] {spark_submit.py:641} INFO - 26/01/20 05:03:34 INFO DAGScheduler: Submitting ResultStage 1 (MapPartitionsRDD[5] at collect at /opt/airflow/scripts/bronze_to_silver.py:63), which has no missing parents
[2026-01-20T05:03:34.514+0000] {spark_submit.py:641} INFO - 26/01/20 05:03:34 INFO MemoryStore: Block broadcast_3 stored as values in memory (estimated size 11.5 KiB, free 434.1 MiB)
[2026-01-20T05:03:34.522+0000] {spark_submit.py:641} INFO - 26/01/20 05:03:34 INFO MemoryStore: Block broadcast_3_piece0 stored as bytes in memory (estimated size 5.9 KiB, free 434.1 MiB)
[2026-01-20T05:03:34.526+0000] {spark_submit.py:641} INFO - 26/01/20 05:03:34 INFO BlockManagerInfo: Added broadcast_3_piece0 in memory on dca9677b2c70:35339 (size: 5.9 KiB, free: 434.4 MiB)
[2026-01-20T05:03:34.535+0000] {spark_submit.py:641} INFO - 26/01/20 05:03:34 INFO SparkContext: Created broadcast 3 from broadcast at DAGScheduler.scala:1580
[2026-01-20T05:03:34.537+0000] {spark_submit.py:641} INFO - 26/01/20 05:03:34 INFO DAGScheduler: Submitting 1 missing tasks from ResultStage 1 (MapPartitionsRDD[5] at collect at /opt/airflow/scripts/bronze_to_silver.py:63) (first 15 tasks are for partitions Vector(0))
[2026-01-20T05:03:34.543+0000] {spark_submit.py:641} INFO - 26/01/20 05:03:34 INFO TaskSchedulerImpl: Adding task set 1.0 with 1 tasks resource profile 0
[2026-01-20T05:03:34.545+0000] {spark_submit.py:641} INFO - 26/01/20 05:03:34 INFO TaskSetManager: Starting task 0.0 in stage 1.0 (TID 1) (dca9677b2c70, executor driver, partition 0, PROCESS_LOCAL, 8948 bytes)
[2026-01-20T05:03:34.549+0000] {spark_submit.py:641} INFO - 26/01/20 05:03:34 INFO Executor: Running task 0.0 in stage 1.0 (TID 1)
[2026-01-20T05:03:34.583+0000] {spark_submit.py:641} INFO - 26/01/20 05:03:34 INFO FileScanRDD: Reading File path: s3a://metadata/standardized_tech_stack.json, range: 0-33282, partition values: [empty row]
[2026-01-20T05:03:34.864+0000] {spark_submit.py:641} INFO - 26/01/20 05:03:34 INFO CodeGenerator: Code generated in 228.179185 ms
[2026-01-20T05:03:34.978+0000] {spark_submit.py:641} INFO - 26/01/20 05:03:34 INFO Executor: Finished task 0.0 in stage 1.0 (TID 1). 8248 bytes result sent to driver
[2026-01-20T05:03:34.983+0000] {spark_submit.py:641} INFO - 26/01/20 05:03:34 INFO TaskSetManager: Finished task 0.0 in stage 1.0 (TID 1) in 454 ms on dca9677b2c70 (executor driver) (1/1)
[2026-01-20T05:03:34.990+0000] {spark_submit.py:641} INFO - 26/01/20 05:03:34 INFO TaskSchedulerImpl: Removed TaskSet 1.0, whose tasks have all completed, from pool
[2026-01-20T05:03:34.995+0000] {spark_submit.py:641} INFO - 26/01/20 05:03:34 INFO DAGScheduler: ResultStage 1 (collect at /opt/airflow/scripts/bronze_to_silver.py:63) finished in 0.475 s
[2026-01-20T05:03:34.996+0000] {spark_submit.py:641} INFO - 26/01/20 05:03:34 INFO DAGScheduler: Job 1 is finished. Cancelling potential speculative or zombie tasks for this job
[2026-01-20T05:03:34.996+0000] {spark_submit.py:641} INFO - 26/01/20 05:03:34 INFO TaskSchedulerImpl: Killing all running tasks in stage 1: Stage finished
[2026-01-20T05:03:34.999+0000] {spark_submit.py:641} INFO - 26/01/20 05:03:34 INFO DAGScheduler: Job 1 finished: collect at /opt/airflow/scripts/bronze_to_silver.py:63, took 0.484192 s
[2026-01-20T05:03:35.077+0000] {spark_submit.py:641} INFO - 26/01/20 05:03:35 INFO MemoryStore: Block broadcast_4 stored as values in memory (estimated size 208.0 B, free 434.1 MiB)
[2026-01-20T05:03:35.089+0000] {spark_submit.py:641} INFO - 26/01/20 05:03:35 INFO MemoryStore: Block broadcast_4_piece0 stored as bytes in memory (estimated size 3.4 KiB, free 434.1 MiB)
[2026-01-20T05:03:35.092+0000] {spark_submit.py:641} INFO - 26/01/20 05:03:35 INFO BlockManagerInfo: Added broadcast_4_piece0 in memory on dca9677b2c70:35339 (size: 3.4 KiB, free: 434.4 MiB)
[2026-01-20T05:03:35.103+0000] {spark_submit.py:641} INFO - 26/01/20 05:03:35 INFO BlockManagerInfo: Removed broadcast_3_piece0 on dca9677b2c70:35339 in memory (size: 5.9 KiB, free: 434.4 MiB)
[2026-01-20T05:03:35.104+0000] {spark_submit.py:641} INFO - 26/01/20 05:03:35 INFO SparkContext: Created broadcast 4 from broadcast at NativeMethodAccessorImpl.java:0
[2026-01-20T05:03:35.370+0000] {spark_submit.py:641} INFO - 26/01/20 05:03:35 INFO InMemoryFileIndex: It took 95 ms to list leaf files for 2 paths.
[2026-01-20T05:03:35.379+0000] {spark_submit.py:641} INFO - 26/01/20 05:03:35 INFO MemoryStore: Block broadcast_5 stored as values in memory (estimated size 211.8 KiB, free 433.9 MiB)
[2026-01-20T05:03:35.401+0000] {spark_submit.py:641} INFO - 26/01/20 05:03:35 INFO MemoryStore: Block broadcast_5_piece0 stored as bytes in memory (estimated size 35.9 KiB, free 433.9 MiB)
[2026-01-20T05:03:35.404+0000] {spark_submit.py:641} INFO - 26/01/20 05:03:35 INFO BlockManagerInfo: Added broadcast_5_piece0 in memory on dca9677b2c70:35339 (size: 35.9 KiB, free: 434.3 MiB)
[2026-01-20T05:03:35.406+0000] {spark_submit.py:641} INFO - 26/01/20 05:03:35 INFO SparkContext: Created broadcast 5 from json at NativeMethodAccessorImpl.java:0
[2026-01-20T05:03:35.435+0000] {spark_submit.py:641} INFO - 26/01/20 05:03:35 INFO FileInputFormat: Total input files to process : 2
[2026-01-20T05:03:35.454+0000] {spark_submit.py:641} INFO - 26/01/20 05:03:35 INFO FileInputFormat: Total input files to process : 2
[2026-01-20T05:03:35.458+0000] {spark_submit.py:641} INFO - 26/01/20 05:03:35 INFO SparkContext: Starting job: json at NativeMethodAccessorImpl.java:0
[2026-01-20T05:03:35.460+0000] {spark_submit.py:641} INFO - 26/01/20 05:03:35 INFO DAGScheduler: Got job 2 (json at NativeMethodAccessorImpl.java:0) with 1 output partitions
[2026-01-20T05:03:35.460+0000] {spark_submit.py:641} INFO - 26/01/20 05:03:35 INFO DAGScheduler: Final stage: ResultStage 2 (json at NativeMethodAccessorImpl.java:0)
[2026-01-20T05:03:35.462+0000] {spark_submit.py:641} INFO - 26/01/20 05:03:35 INFO DAGScheduler: Parents of final stage: List()
[2026-01-20T05:03:35.463+0000] {spark_submit.py:641} INFO - 26/01/20 05:03:35 INFO DAGScheduler: Missing parents: List()
[2026-01-20T05:03:35.464+0000] {spark_submit.py:641} INFO - 26/01/20 05:03:35 INFO DAGScheduler: Submitting ResultStage 2 (MapPartitionsRDD[8] at json at NativeMethodAccessorImpl.java:0), which has no missing parents
[2026-01-20T05:03:35.467+0000] {spark_submit.py:641} INFO - 26/01/20 05:03:35 INFO MemoryStore: Block broadcast_6 stored as values in memory (estimated size 9.2 KiB, free 433.9 MiB)
[2026-01-20T05:03:35.476+0000] {spark_submit.py:641} INFO - 26/01/20 05:03:35 INFO MemoryStore: Block broadcast_6_piece0 stored as bytes in memory (estimated size 4.9 KiB, free 433.9 MiB)
[2026-01-20T05:03:35.478+0000] {spark_submit.py:641} INFO - 26/01/20 05:03:35 INFO BlockManagerInfo: Added broadcast_6_piece0 in memory on dca9677b2c70:35339 (size: 4.9 KiB, free: 434.3 MiB)
[2026-01-20T05:03:35.479+0000] {spark_submit.py:641} INFO - 26/01/20 05:03:35 INFO SparkContext: Created broadcast 6 from broadcast at DAGScheduler.scala:1580
[2026-01-20T05:03:35.481+0000] {spark_submit.py:641} INFO - 26/01/20 05:03:35 INFO DAGScheduler: Submitting 1 missing tasks from ResultStage 2 (MapPartitionsRDD[8] at json at NativeMethodAccessorImpl.java:0) (first 15 tasks are for partitions Vector(0))
[2026-01-20T05:03:35.481+0000] {spark_submit.py:641} INFO - 26/01/20 05:03:35 INFO TaskSchedulerImpl: Adding task set 2.0 with 1 tasks resource profile 0
[2026-01-20T05:03:35.496+0000] {spark_submit.py:641} INFO - 26/01/20 05:03:35 INFO TaskSetManager: Starting task 0.0 in stage 2.0 (TID 2) (dca9677b2c70, executor driver, partition 0, PROCESS_LOCAL, 8560 bytes)
[2026-01-20T05:03:35.497+0000] {spark_submit.py:641} INFO - 26/01/20 05:03:35 INFO Executor: Running task 0.0 in stage 2.0 (TID 2)
[2026-01-20T05:03:35.498+0000] {spark_submit.py:641} INFO - 26/01/20 05:03:35 INFO BinaryFileRDD: Input split: Paths:/hackernews/jobs_2026-01-20-04-51-19.json:0+319038,/hackernews/jobs_2026-01-20-05-03-11.json:0+319038
[2026-01-20T05:03:35.685+0000] {spark_submit.py:641} INFO - 26/01/20 05:03:35 INFO Executor: Finished task 0.0 in stage 2.0 (TID 2). 1808 bytes result sent to driver
[2026-01-20T05:03:35.689+0000] {spark_submit.py:641} INFO - 26/01/20 05:03:35 INFO TaskSetManager: Finished task 0.0 in stage 2.0 (TID 2) in 206 ms on dca9677b2c70 (executor driver) (1/1)
[2026-01-20T05:03:35.691+0000] {spark_submit.py:641} INFO - 26/01/20 05:03:35 INFO TaskSchedulerImpl: Removed TaskSet 2.0, whose tasks have all completed, from pool
[2026-01-20T05:03:35.695+0000] {spark_submit.py:641} INFO - 26/01/20 05:03:35 INFO DAGScheduler: ResultStage 2 (json at NativeMethodAccessorImpl.java:0) finished in 0.226 s
[2026-01-20T05:03:35.696+0000] {spark_submit.py:641} INFO - 26/01/20 05:03:35 INFO DAGScheduler: Job 2 is finished. Cancelling potential speculative or zombie tasks for this job
[2026-01-20T05:03:35.697+0000] {spark_submit.py:641} INFO - 26/01/20 05:03:35 INFO TaskSchedulerImpl: Killing all running tasks in stage 2: Stage finished
[2026-01-20T05:03:35.700+0000] {spark_submit.py:641} INFO - 26/01/20 05:03:35 INFO DAGScheduler: Job 2 finished: json at NativeMethodAccessorImpl.java:0, took 0.234352 s
[2026-01-20T05:03:36.878+0000] {spark_submit.py:641} INFO - 26/01/20 05:03:36 INFO FileSourceStrategy: Pushed Filters: IsNotNull(text)
[2026-01-20T05:03:36.878+0000] {spark_submit.py:641} INFO - 26/01/20 05:03:36 INFO FileSourceStrategy: Post-Scan Filters: isnotnull(text#15)
[2026-01-20T05:03:37.240+0000] {spark_submit.py:641} INFO - 26/01/20 05:03:37 INFO CodeGenerator: Code generated in 147.722638 ms
[2026-01-20T05:03:37.247+0000] {spark_submit.py:641} INFO - 26/01/20 05:03:37 INFO MemoryStore: Block broadcast_7 stored as values in memory (estimated size 210.7 KiB, free 433.7 MiB)
[2026-01-20T05:03:37.261+0000] {spark_submit.py:641} INFO - 26/01/20 05:03:37 INFO BlockManagerInfo: Removed broadcast_6_piece0 on dca9677b2c70:35339 in memory (size: 4.9 KiB, free: 434.3 MiB)
[2026-01-20T05:03:37.267+0000] {spark_submit.py:641} INFO - 26/01/20 05:03:37 INFO BlockManagerInfo: Removed broadcast_5_piece0 on dca9677b2c70:35339 in memory (size: 35.9 KiB, free: 434.4 MiB)
[2026-01-20T05:03:37.269+0000] {spark_submit.py:641} INFO - 26/01/20 05:03:37 INFO MemoryStore: Block broadcast_7_piece0 stored as bytes in memory (estimated size 35.8 KiB, free 433.9 MiB)
[2026-01-20T05:03:37.271+0000] {spark_submit.py:641} INFO - 26/01/20 05:03:37 INFO BlockManagerInfo: Added broadcast_7_piece0 in memory on dca9677b2c70:35339 (size: 35.8 KiB, free: 434.3 MiB)
[2026-01-20T05:03:37.272+0000] {spark_submit.py:641} INFO - 26/01/20 05:03:37 INFO SparkContext: Created broadcast 7 from showString at NativeMethodAccessorImpl.java:0
[2026-01-20T05:03:37.275+0000] {spark_submit.py:641} INFO - 26/01/20 05:03:37 INFO FileSourceScanExec: Planning scan with bin packing, max size: 4194304 bytes, open cost is considered as scanning 4194304 bytes.
[2026-01-20T05:03:37.349+0000] {spark_submit.py:641} INFO - 26/01/20 05:03:37 INFO DAGScheduler: Registering RDD 12 (showString at NativeMethodAccessorImpl.java:0) as input to shuffle 0
[2026-01-20T05:03:37.354+0000] {spark_submit.py:641} INFO - 26/01/20 05:03:37 INFO DAGScheduler: Got map stage job 3 (showString at NativeMethodAccessorImpl.java:0) with 2 output partitions
[2026-01-20T05:03:37.355+0000] {spark_submit.py:641} INFO - 26/01/20 05:03:37 INFO DAGScheduler: Final stage: ShuffleMapStage 3 (showString at NativeMethodAccessorImpl.java:0)
[2026-01-20T05:03:37.356+0000] {spark_submit.py:641} INFO - 26/01/20 05:03:37 INFO DAGScheduler: Parents of final stage: List()
[2026-01-20T05:03:37.356+0000] {spark_submit.py:641} INFO - 26/01/20 05:03:37 INFO DAGScheduler: Missing parents: List()
[2026-01-20T05:03:37.359+0000] {spark_submit.py:641} INFO - 26/01/20 05:03:37 INFO DAGScheduler: Submitting ShuffleMapStage 3 (MapPartitionsRDD[12] at showString at NativeMethodAccessorImpl.java:0), which has no missing parents
[2026-01-20T05:03:37.376+0000] {spark_submit.py:641} INFO - 26/01/20 05:03:37 INFO MemoryStore: Block broadcast_8 stored as values in memory (estimated size 36.9 KiB, free 433.9 MiB)
[2026-01-20T05:03:37.385+0000] {spark_submit.py:641} INFO - 26/01/20 05:03:37 INFO MemoryStore: Block broadcast_8_piece0 stored as bytes in memory (estimated size 17.3 KiB, free 433.9 MiB)
[2026-01-20T05:03:37.390+0000] {spark_submit.py:641} INFO - 26/01/20 05:03:37 INFO BlockManagerInfo: Added broadcast_8_piece0 in memory on dca9677b2c70:35339 (size: 17.3 KiB, free: 434.3 MiB)
[2026-01-20T05:03:37.393+0000] {spark_submit.py:641} INFO - 26/01/20 05:03:37 INFO SparkContext: Created broadcast 8 from broadcast at DAGScheduler.scala:1580
[2026-01-20T05:03:37.403+0000] {spark_submit.py:641} INFO - 26/01/20 05:03:37 INFO DAGScheduler: Submitting 2 missing tasks from ShuffleMapStage 3 (MapPartitionsRDD[12] at showString at NativeMethodAccessorImpl.java:0) (first 15 tasks are for partitions Vector(0, 1))
[2026-01-20T05:03:37.408+0000] {spark_submit.py:641} INFO - 26/01/20 05:03:37 INFO TaskSchedulerImpl: Adding task set 3.0 with 2 tasks resource profile 0
[2026-01-20T05:03:37.421+0000] {spark_submit.py:641} INFO - 26/01/20 05:03:37 INFO TaskSetManager: Starting task 0.0 in stage 3.0 (TID 3) (dca9677b2c70, executor driver, partition 0, PROCESS_LOCAL, 8947 bytes)
[2026-01-20T05:03:37.424+0000] {spark_submit.py:641} INFO - 26/01/20 05:03:37 INFO TaskSetManager: Starting task 1.0 in stage 3.0 (TID 4) (dca9677b2c70, executor driver, partition 1, PROCESS_LOCAL, 8947 bytes)
[2026-01-20T05:03:37.425+0000] {spark_submit.py:641} INFO - 26/01/20 05:03:37 INFO Executor: Running task 0.0 in stage 3.0 (TID 3)
[2026-01-20T05:03:37.426+0000] {spark_submit.py:641} INFO - 26/01/20 05:03:37 INFO Executor: Running task 1.0 in stage 3.0 (TID 4)
[2026-01-20T05:03:37.498+0000] {spark_submit.py:641} INFO - 26/01/20 05:03:37 INFO CodeGenerator: Code generated in 57.587051 ms
[2026-01-20T05:03:37.534+0000] {spark_submit.py:641} INFO - 26/01/20 05:03:37 INFO CodeGenerator: Code generated in 18.8726 ms
[2026-01-20T05:03:37.556+0000] {spark_submit.py:641} INFO - 26/01/20 05:03:37 INFO CodeGenerator: Code generated in 8.555301 ms
[2026-01-20T05:03:37.593+0000] {spark_submit.py:641} INFO - 26/01/20 05:03:37 INFO CodeGenerator: Code generated in 17.576551 ms
[2026-01-20T05:03:37.603+0000] {spark_submit.py:641} INFO - 26/01/20 05:03:37 INFO FileScanRDD: Reading File path: s3a://bronze/hackernews/jobs_2026-01-20-05-03-11.json, range: 0-319038, partition values: [empty row]
[2026-01-20T05:03:37.613+0000] {spark_submit.py:641} INFO - 26/01/20 05:03:37 INFO FileScanRDD: Reading File path: s3a://bronze/hackernews/jobs_2026-01-20-04-51-19.json, range: 0-319038, partition values: [empty row]
[2026-01-20T05:03:37.632+0000] {spark_submit.py:641} INFO - 26/01/20 05:03:37 INFO CodeGenerator: Code generated in 7.976252 ms
[2026-01-20T05:03:37.796+0000] {spark_submit.py:641} INFO - 26/01/20 05:03:37 INFO Executor: Finished task 1.0 in stage 3.0 (TID 4). 2864 bytes result sent to driver
[2026-01-20T05:03:37.798+0000] {spark_submit.py:641} INFO - 26/01/20 05:03:37 INFO Executor: Finished task 0.0 in stage 3.0 (TID 3). 2864 bytes result sent to driver
[2026-01-20T05:03:37.801+0000] {spark_submit.py:641} INFO - 26/01/20 05:03:37 INFO TaskSetManager: Finished task 0.0 in stage 3.0 (TID 3) in 409 ms on dca9677b2c70 (executor driver) (1/2)
[2026-01-20T05:03:37.802+0000] {spark_submit.py:641} INFO - 26/01/20 05:03:37 INFO TaskSetManager: Finished task 1.0 in stage 3.0 (TID 4) in 408 ms on dca9677b2c70 (executor driver) (2/2)
[2026-01-20T05:03:37.804+0000] {spark_submit.py:641} INFO - 26/01/20 05:03:37 INFO TaskSchedulerImpl: Removed TaskSet 3.0, whose tasks have all completed, from pool
[2026-01-20T05:03:37.806+0000] {spark_submit.py:641} INFO - 26/01/20 05:03:37 INFO DAGScheduler: ShuffleMapStage 3 (showString at NativeMethodAccessorImpl.java:0) finished in 0.444 s
[2026-01-20T05:03:37.808+0000] {spark_submit.py:641} INFO - 26/01/20 05:03:37 INFO DAGScheduler: looking for newly runnable stages
[2026-01-20T05:03:37.809+0000] {spark_submit.py:641} INFO - 26/01/20 05:03:37 INFO DAGScheduler: running: Set()
[2026-01-20T05:03:37.809+0000] {spark_submit.py:641} INFO - 26/01/20 05:03:37 INFO DAGScheduler: waiting: Set()
[2026-01-20T05:03:37.810+0000] {spark_submit.py:641} INFO - 26/01/20 05:03:37 INFO DAGScheduler: failed: Set()
[2026-01-20T05:03:37.842+0000] {spark_submit.py:641} INFO - 26/01/20 05:03:37 INFO ShufflePartitionsUtil: For shuffle(0), advisory target size: 67108864, actual target size 1048576, minimum partition size: 1048576
[2026-01-20T05:03:37.916+0000] {spark_submit.py:641} INFO - 26/01/20 05:03:37 INFO CodeGenerator: Code generated in 42.676913 ms
[2026-01-20T05:03:37.956+0000] {spark_submit.py:641} INFO - 26/01/20 05:03:37 INFO SparkContext: Starting job: showString at NativeMethodAccessorImpl.java:0
[2026-01-20T05:03:37.958+0000] {spark_submit.py:641} INFO - 26/01/20 05:03:37 INFO DAGScheduler: Got job 4 (showString at NativeMethodAccessorImpl.java:0) with 1 output partitions
[2026-01-20T05:03:37.961+0000] {spark_submit.py:641} INFO - 26/01/20 05:03:37 INFO DAGScheduler: Final stage: ResultStage 5 (showString at NativeMethodAccessorImpl.java:0)
[2026-01-20T05:03:37.962+0000] {spark_submit.py:641} INFO - 26/01/20 05:03:37 INFO DAGScheduler: Parents of final stage: List(ShuffleMapStage 4)
[2026-01-20T05:03:37.963+0000] {spark_submit.py:641} INFO - 26/01/20 05:03:37 INFO DAGScheduler: Missing parents: List()
[2026-01-20T05:03:37.964+0000] {spark_submit.py:641} INFO - 26/01/20 05:03:37 INFO DAGScheduler: Submitting ResultStage 5 (MapPartitionsRDD[15] at showString at NativeMethodAccessorImpl.java:0), which has no missing parents
[2026-01-20T05:03:37.979+0000] {spark_submit.py:641} INFO - 26/01/20 05:03:37 INFO MemoryStore: Block broadcast_9 stored as values in memory (estimated size 42.4 KiB, free 433.8 MiB)
[2026-01-20T05:03:37.990+0000] {spark_submit.py:641} INFO - 26/01/20 05:03:37 INFO MemoryStore: Block broadcast_9_piece0 stored as bytes in memory (estimated size 19.6 KiB, free 433.8 MiB)
[2026-01-20T05:03:37.994+0000] {spark_submit.py:641} INFO - 26/01/20 05:03:37 INFO BlockManagerInfo: Added broadcast_9_piece0 in memory on dca9677b2c70:35339 (size: 19.6 KiB, free: 434.3 MiB)
[2026-01-20T05:03:38.003+0000] {spark_submit.py:641} INFO - 26/01/20 05:03:37 INFO SparkContext: Created broadcast 9 from broadcast at DAGScheduler.scala:1580
[2026-01-20T05:03:38.009+0000] {spark_submit.py:641} INFO - 26/01/20 05:03:37 INFO BlockManagerInfo: Removed broadcast_8_piece0 on dca9677b2c70:35339 in memory (size: 17.3 KiB, free: 434.3 MiB)
[2026-01-20T05:03:38.011+0000] {spark_submit.py:641} INFO - 26/01/20 05:03:37 INFO DAGScheduler: Submitting 1 missing tasks from ResultStage 5 (MapPartitionsRDD[15] at showString at NativeMethodAccessorImpl.java:0) (first 15 tasks are for partitions Vector(0))
[2026-01-20T05:03:38.012+0000] {spark_submit.py:641} INFO - 26/01/20 05:03:37 INFO TaskSchedulerImpl: Adding task set 5.0 with 1 tasks resource profile 0
[2026-01-20T05:03:38.015+0000] {spark_submit.py:641} INFO - 26/01/20 05:03:38 INFO TaskSetManager: Starting task 0.0 in stage 5.0 (TID 5) (dca9677b2c70, executor driver, partition 0, NODE_LOCAL, 8342 bytes)
[2026-01-20T05:03:38.016+0000] {spark_submit.py:641} INFO - 26/01/20 05:03:38 INFO Executor: Running task 0.0 in stage 5.0 (TID 5)
[2026-01-20T05:03:38.071+0000] {spark_submit.py:641} INFO - 26/01/20 05:03:38 INFO ShuffleBlockFetcherIterator: Getting 2 (160.0 B) non-empty blocks including 2 (160.0 B) local and 0 (0.0 B) host-local and 0 (0.0 B) push-merged-local and 0 (0.0 B) remote blocks
[2026-01-20T05:03:38.075+0000] {spark_submit.py:641} INFO - 26/01/20 05:03:38 INFO ShuffleBlockFetcherIterator: Started 0 remote fetches in 16 ms
[2026-01-20T05:03:38.116+0000] {spark_submit.py:641} INFO - 26/01/20 05:03:38 INFO CodeGenerator: Code generated in 36.97155 ms
[2026-01-20T05:03:38.148+0000] {spark_submit.py:641} INFO - 26/01/20 05:03:38 INFO Executor: Finished task 0.0 in stage 5.0 (TID 5). 5231 bytes result sent to driver
[2026-01-20T05:03:38.150+0000] {spark_submit.py:641} INFO - 26/01/20 05:03:38 INFO TaskSetManager: Finished task 0.0 in stage 5.0 (TID 5) in 148 ms on dca9677b2c70 (executor driver) (1/1)
[2026-01-20T05:03:38.154+0000] {spark_submit.py:641} INFO - 26/01/20 05:03:38 INFO TaskSchedulerImpl: Removed TaskSet 5.0, whose tasks have all completed, from pool
[2026-01-20T05:03:38.161+0000] {spark_submit.py:641} INFO - 26/01/20 05:03:38 INFO DAGScheduler: ResultStage 5 (showString at NativeMethodAccessorImpl.java:0) finished in 0.180 s
[2026-01-20T05:03:38.163+0000] {spark_submit.py:641} INFO - 26/01/20 05:03:38 INFO DAGScheduler: Job 4 is finished. Cancelling potential speculative or zombie tasks for this job
[2026-01-20T05:03:38.166+0000] {spark_submit.py:641} INFO - 26/01/20 05:03:38 INFO TaskSchedulerImpl: Killing all running tasks in stage 5: Stage finished
[2026-01-20T05:03:38.168+0000] {spark_submit.py:641} INFO - 26/01/20 05:03:38 INFO DAGScheduler: Job 4 finished: showString at NativeMethodAccessorImpl.java:0, took 0.206165 s
[2026-01-20T05:03:39.388+0000] {spark_submit.py:641} INFO - 26/01/20 05:03:39 INFO CodeGenerator: Code generated in 10.564095 ms
[2026-01-20T05:03:39.403+0000] {spark_submit.py:641} INFO - +----------+
[2026-01-20T05:03:39.418+0000] {spark_submit.py:641} INFO - |  run_date|
[2026-01-20T05:03:39.421+0000] {spark_submit.py:641} INFO - +----------+
[2026-01-20T05:03:39.425+0000] {spark_submit.py:641} INFO - |2026-01-20|
[2026-01-20T05:03:39.431+0000] {spark_submit.py:641} INFO - +----------+
[2026-01-20T05:03:39.434+0000] {spark_submit.py:641} INFO - 
[2026-01-20T05:03:39.636+0000] {spark_submit.py:641} INFO - 26/01/20 05:03:39 INFO FileSourceStrategy: Pushed Filters: IsNotNull(text)
[2026-01-20T05:03:39.642+0000] {spark_submit.py:641} INFO - 26/01/20 05:03:39 INFO FileSourceStrategy: Post-Scan Filters: isnotnull(text#15)
[2026-01-20T05:03:39.795+0000] {spark_submit.py:641} INFO - 26/01/20 05:03:39 INFO CodeGenerator: Code generated in 37.816318 ms
[2026-01-20T05:03:39.800+0000] {spark_submit.py:641} INFO - 26/01/20 05:03:39 INFO MemoryStore: Block broadcast_10 stored as values in memory (estimated size 210.7 KiB, free 433.6 MiB)
[2026-01-20T05:03:39.823+0000] {spark_submit.py:641} INFO - 26/01/20 05:03:39 INFO BlockManagerInfo: Removed broadcast_7_piece0 on dca9677b2c70:35339 in memory (size: 35.8 KiB, free: 434.3 MiB)
[2026-01-20T05:03:39.825+0000] {spark_submit.py:641} INFO - 26/01/20 05:03:39 INFO MemoryStore: Block broadcast_10_piece0 stored as bytes in memory (estimated size 35.8 KiB, free 433.9 MiB)
[2026-01-20T05:03:39.826+0000] {spark_submit.py:641} INFO - 26/01/20 05:03:39 INFO BlockManagerInfo: Added broadcast_10_piece0 in memory on dca9677b2c70:35339 (size: 35.8 KiB, free: 434.3 MiB)
[2026-01-20T05:03:39.826+0000] {spark_submit.py:641} INFO - 26/01/20 05:03:39 INFO SparkContext: Created broadcast 10 from parquet at NativeMethodAccessorImpl.java:0
[2026-01-20T05:03:39.828+0000] {spark_submit.py:641} INFO - 26/01/20 05:03:39 INFO FileSourceScanExec: Planning scan with bin packing, max size: 4194304 bytes, open cost is considered as scanning 4194304 bytes.
[2026-01-20T05:03:39.839+0000] {spark_submit.py:641} INFO - 26/01/20 05:03:39 INFO BlockManagerInfo: Removed broadcast_9_piece0 on dca9677b2c70:35339 in memory (size: 19.6 KiB, free: 434.3 MiB)
[2026-01-20T05:03:39.855+0000] {spark_submit.py:641} INFO - 26/01/20 05:03:39 INFO DAGScheduler: Registering RDD 20 (parquet at NativeMethodAccessorImpl.java:0) as input to shuffle 1
[2026-01-20T05:03:39.858+0000] {spark_submit.py:641} INFO - 26/01/20 05:03:39 INFO DAGScheduler: Got map stage job 5 (parquet at NativeMethodAccessorImpl.java:0) with 2 output partitions
[2026-01-20T05:03:39.868+0000] {spark_submit.py:641} INFO - 26/01/20 05:03:39 INFO DAGScheduler: Final stage: ShuffleMapStage 6 (parquet at NativeMethodAccessorImpl.java:0)
[2026-01-20T05:03:39.875+0000] {spark_submit.py:641} INFO - 26/01/20 05:03:39 INFO DAGScheduler: Parents of final stage: List()
[2026-01-20T05:03:39.895+0000] {spark_submit.py:641} INFO - 26/01/20 05:03:39 INFO DAGScheduler: Missing parents: List()
[2026-01-20T05:03:39.913+0000] {spark_submit.py:641} INFO - 26/01/20 05:03:39 INFO DAGScheduler: Submitting ShuffleMapStage 6 (MapPartitionsRDD[20] at parquet at NativeMethodAccessorImpl.java:0), which has no missing parents
[2026-01-20T05:03:39.920+0000] {spark_submit.py:641} INFO - 26/01/20 05:03:39 INFO MemoryStore: Block broadcast_11 stored as values in memory (estimated size 34.1 KiB, free 433.9 MiB)
[2026-01-20T05:03:39.932+0000] {spark_submit.py:641} INFO - 26/01/20 05:03:39 INFO MemoryStore: Block broadcast_11_piece0 stored as bytes in memory (estimated size 15.8 KiB, free 433.9 MiB)
[2026-01-20T05:03:39.939+0000] {spark_submit.py:641} INFO - 26/01/20 05:03:39 INFO BlockManagerInfo: Added broadcast_11_piece0 in memory on dca9677b2c70:35339 (size: 15.8 KiB, free: 434.3 MiB)
[2026-01-20T05:03:39.957+0000] {spark_submit.py:641} INFO - 26/01/20 05:03:39 INFO SparkContext: Created broadcast 11 from broadcast at DAGScheduler.scala:1580
[2026-01-20T05:03:39.984+0000] {spark_submit.py:641} INFO - 26/01/20 05:03:39 INFO DAGScheduler: Submitting 2 missing tasks from ShuffleMapStage 6 (MapPartitionsRDD[20] at parquet at NativeMethodAccessorImpl.java:0) (first 15 tasks are for partitions Vector(0, 1))
[2026-01-20T05:03:40.021+0000] {spark_submit.py:641} INFO - 26/01/20 05:03:39 INFO TaskSchedulerImpl: Adding task set 6.0 with 2 tasks resource profile 0
[2026-01-20T05:03:40.051+0000] {spark_submit.py:641} INFO - 26/01/20 05:03:39 INFO TaskSetManager: Starting task 0.0 in stage 6.0 (TID 6) (dca9677b2c70, executor driver, partition 0, PROCESS_LOCAL, 8947 bytes)
[2026-01-20T05:03:40.075+0000] {spark_submit.py:641} INFO - 26/01/20 05:03:39 INFO TaskSetManager: Starting task 1.0 in stage 6.0 (TID 7) (dca9677b2c70, executor driver, partition 1, PROCESS_LOCAL, 8947 bytes)
[2026-01-20T05:03:40.095+0000] {spark_submit.py:641} INFO - 26/01/20 05:03:39 INFO Executor: Running task 0.0 in stage 6.0 (TID 6)
[2026-01-20T05:03:40.098+0000] {spark_submit.py:641} INFO - 26/01/20 05:03:39 INFO Executor: Running task 1.0 in stage 6.0 (TID 7)
[2026-01-20T05:03:40.109+0000] {spark_submit.py:641} INFO - 26/01/20 05:03:39 INFO CodeGenerator: Code generated in 28.915567 ms
[2026-01-20T05:03:40.110+0000] {spark_submit.py:641} INFO - 26/01/20 05:03:39 INFO CodeGenerator: Code generated in 20.8427 ms
[2026-01-20T05:03:40.111+0000] {spark_submit.py:641} INFO - 26/01/20 05:03:40 INFO CodeGenerator: Code generated in 17.043504 ms
[2026-01-20T05:03:40.112+0000] {spark_submit.py:641} INFO - 26/01/20 05:03:40 INFO FileScanRDD: Reading File path: s3a://bronze/hackernews/jobs_2026-01-20-05-03-11.json, range: 0-319038, partition values: [empty row]
[2026-01-20T05:03:40.112+0000] {spark_submit.py:641} INFO - 26/01/20 05:03:40 INFO FileScanRDD: Reading File path: s3a://bronze/hackernews/jobs_2026-01-20-04-51-19.json, range: 0-319038, partition values: [empty row]
[2026-01-20T05:03:40.113+0000] {spark_submit.py:641} INFO - 26/01/20 05:03:40 INFO CodeGenerator: Code generated in 31.19476 ms
[2026-01-20T05:03:40.114+0000] {spark_submit.py:641} INFO - 26/01/20 05:03:40 INFO CodeGenerator: Code generated in 17.620274 ms
[2026-01-20T05:03:40.339+0000] {spark_submit.py:641} INFO - 26/01/20 05:03:40 INFO CodeGenerator: Code generated in 14.712615 ms
[2026-01-20T05:03:40.381+0000] {spark_submit.py:641} INFO - 26/01/20 05:03:40 INFO CodeGenerator: Code generated in 19.534824 ms
[2026-01-20T05:03:40.396+0000] {spark_submit.py:641} INFO - 26/01/20 05:03:40 INFO CodeGenerator: Code generated in 10.509323 ms
[2026-01-20T05:03:40.429+0000] {spark_submit.py:641} INFO - 26/01/20 05:03:40 INFO CodeGenerator: Code generated in 25.064702 ms
[2026-01-20T05:03:40.454+0000] {spark_submit.py:641} INFO - 26/01/20 05:03:40 INFO CodeGenerator: Code generated in 17.201442 ms
[2026-01-20T05:03:40.623+0000] {spark_submit.py:641} INFO - 26/01/20 05:03:40 INFO Executor: Finished task 0.0 in stage 6.0 (TID 6). 2671 bytes result sent to driver
[2026-01-20T05:03:40.624+0000] {spark_submit.py:641} INFO - 26/01/20 05:03:40 INFO Executor: Finished task 1.0 in stage 6.0 (TID 7). 2628 bytes result sent to driver
[2026-01-20T05:03:40.627+0000] {spark_submit.py:641} INFO - 26/01/20 05:03:40 INFO TaskSetManager: Finished task 0.0 in stage 6.0 (TID 6) in 732 ms on dca9677b2c70 (executor driver) (1/2)
[2026-01-20T05:03:40.628+0000] {spark_submit.py:641} INFO - 26/01/20 05:03:40 INFO TaskSetManager: Finished task 1.0 in stage 6.0 (TID 7) in 732 ms on dca9677b2c70 (executor driver) (2/2)
[2026-01-20T05:03:40.629+0000] {spark_submit.py:641} INFO - 26/01/20 05:03:40 INFO TaskSchedulerImpl: Removed TaskSet 6.0, whose tasks have all completed, from pool
[2026-01-20T05:03:40.630+0000] {spark_submit.py:641} INFO - 26/01/20 05:03:40 INFO DAGScheduler: ShuffleMapStage 6 (parquet at NativeMethodAccessorImpl.java:0) finished in 0.764 s
[2026-01-20T05:03:40.631+0000] {spark_submit.py:641} INFO - 26/01/20 05:03:40 INFO DAGScheduler: looking for newly runnable stages
[2026-01-20T05:03:40.632+0000] {spark_submit.py:641} INFO - 26/01/20 05:03:40 INFO DAGScheduler: running: Set()
[2026-01-20T05:03:40.633+0000] {spark_submit.py:641} INFO - 26/01/20 05:03:40 INFO DAGScheduler: waiting: Set()
[2026-01-20T05:03:40.634+0000] {spark_submit.py:641} INFO - 26/01/20 05:03:40 INFO DAGScheduler: failed: Set()
[2026-01-20T05:03:40.675+0000] {spark_submit.py:641} INFO - 26/01/20 05:03:40 INFO ShufflePartitionsUtil: For shuffle(1), advisory target size: 67108864, actual target size 1048576, minimum partition size: 1048576
[2026-01-20T05:03:40.717+0000] {spark_submit.py:641} INFO - 26/01/20 05:03:40 INFO CodeGenerator: Code generated in 13.115031 ms
[2026-01-20T05:03:40.732+0000] {spark_submit.py:641} INFO - 26/01/20 05:03:40 INFO CodeGenerator: Code generated in 10.988952 ms
[2026-01-20T05:03:40.745+0000] {spark_submit.py:641} INFO - 26/01/20 05:03:40 INFO DAGScheduler: Registering RDD 26 (parquet at NativeMethodAccessorImpl.java:0) as input to shuffle 2
[2026-01-20T05:03:40.746+0000] {spark_submit.py:641} INFO - 26/01/20 05:03:40 INFO DAGScheduler: Got map stage job 6 (parquet at NativeMethodAccessorImpl.java:0) with 1 output partitions
[2026-01-20T05:03:40.747+0000] {spark_submit.py:641} INFO - 26/01/20 05:03:40 INFO DAGScheduler: Final stage: ShuffleMapStage 8 (parquet at NativeMethodAccessorImpl.java:0)
[2026-01-20T05:03:40.748+0000] {spark_submit.py:641} INFO - 26/01/20 05:03:40 INFO DAGScheduler: Parents of final stage: List(ShuffleMapStage 7)
[2026-01-20T05:03:40.748+0000] {spark_submit.py:641} INFO - 26/01/20 05:03:40 INFO DAGScheduler: Missing parents: List()
[2026-01-20T05:03:40.749+0000] {spark_submit.py:641} INFO - 26/01/20 05:03:40 INFO DAGScheduler: Submitting ShuffleMapStage 8 (MapPartitionsRDD[26] at parquet at NativeMethodAccessorImpl.java:0), which has no missing parents
[2026-01-20T05:03:40.759+0000] {spark_submit.py:641} INFO - 26/01/20 05:03:40 INFO MemoryStore: Block broadcast_12 stored as values in memory (estimated size 50.5 KiB, free 433.8 MiB)
[2026-01-20T05:03:40.765+0000] {spark_submit.py:641} INFO - 26/01/20 05:03:40 INFO MemoryStore: Block broadcast_12_piece0 stored as bytes in memory (estimated size 21.8 KiB, free 433.8 MiB)
[2026-01-20T05:03:40.766+0000] {spark_submit.py:641} INFO - 26/01/20 05:03:40 INFO BlockManagerInfo: Added broadcast_12_piece0 in memory on dca9677b2c70:35339 (size: 21.8 KiB, free: 434.3 MiB)
[2026-01-20T05:03:40.767+0000] {spark_submit.py:641} INFO - 26/01/20 05:03:40 INFO BlockManagerInfo: Removed broadcast_11_piece0 on dca9677b2c70:35339 in memory (size: 15.8 KiB, free: 434.3 MiB)
[2026-01-20T05:03:40.768+0000] {spark_submit.py:641} INFO - 26/01/20 05:03:40 INFO SparkContext: Created broadcast 12 from broadcast at DAGScheduler.scala:1580
[2026-01-20T05:03:40.769+0000] {spark_submit.py:641} INFO - 26/01/20 05:03:40 INFO DAGScheduler: Submitting 1 missing tasks from ShuffleMapStage 8 (MapPartitionsRDD[26] at parquet at NativeMethodAccessorImpl.java:0) (first 15 tasks are for partitions Vector(0))
[2026-01-20T05:03:40.769+0000] {spark_submit.py:641} INFO - 26/01/20 05:03:40 INFO TaskSchedulerImpl: Adding task set 8.0 with 1 tasks resource profile 0
[2026-01-20T05:03:40.770+0000] {spark_submit.py:641} INFO - 26/01/20 05:03:40 INFO TaskSetManager: Starting task 0.0 in stage 8.0 (TID 8) (dca9677b2c70, executor driver, partition 0, NODE_LOCAL, 8331 bytes)
[2026-01-20T05:03:40.772+0000] {spark_submit.py:641} INFO - 26/01/20 05:03:40 INFO Executor: Running task 0.0 in stage 8.0 (TID 8)
[2026-01-20T05:03:40.787+0000] {spark_submit.py:641} INFO - 26/01/20 05:03:40 INFO ShuffleBlockFetcherIterator: Getting 2 (505.4 KiB) non-empty blocks including 2 (505.4 KiB) local and 0 (0.0 B) host-local and 0 (0.0 B) push-merged-local and 0 (0.0 B) remote blocks
[2026-01-20T05:03:40.788+0000] {spark_submit.py:641} INFO - 26/01/20 05:03:40 INFO ShuffleBlockFetcherIterator: Started 0 remote fetches in 3 ms
[2026-01-20T05:03:40.805+0000] {spark_submit.py:641} INFO - 26/01/20 05:03:40 INFO CodeGenerator: Code generated in 17.364953 ms
[2026-01-20T05:03:40.813+0000] {spark_submit.py:641} INFO - 26/01/20 05:03:40 INFO CodeGenerator: Code generated in 5.868406 ms
[2026-01-20T05:03:40.827+0000] {spark_submit.py:641} INFO - 26/01/20 05:03:40 INFO CodeGenerator: Code generated in 10.344894 ms
[2026-01-20T05:03:40.892+0000] {spark_submit.py:641} INFO - 26/01/20 05:03:40 INFO CodeGenerator: Code generated in 18.01442 ms
[2026-01-20T05:03:40.909+0000] {spark_submit.py:641} INFO - 26/01/20 05:03:40 INFO CodeGenerator: Code generated in 10.014904 ms
[2026-01-20T05:03:40.935+0000] {spark_submit.py:641} INFO - 26/01/20 05:03:40 INFO CodeGenerator: Code generated in 15.576157 ms
[2026-01-20T05:03:40.956+0000] {spark_submit.py:641} INFO - 26/01/20 05:03:40 INFO CodeGenerator: Code generated in 18.472694 ms
[2026-01-20T05:03:40.965+0000] {spark_submit.py:641} INFO - 26/01/20 05:03:40 INFO CodeGenerator: Code generated in 6.435932 ms
[2026-01-20T05:03:40.978+0000] {spark_submit.py:641} INFO - 26/01/20 05:03:40 INFO CodeGenerator: Code generated in 9.538076 ms
[2026-01-20T05:03:41.032+0000] {spark_submit.py:641} INFO - 26/01/20 05:03:41 INFO CodeGenerator: Code generated in 20.971892 ms
[2026-01-20T05:03:41.061+0000] {spark_submit.py:641} INFO - 26/01/20 05:03:41 INFO CodeGenerator: Code generated in 21.300109 ms
[2026-01-20T05:03:41.072+0000] {spark_submit.py:641} INFO - 26/01/20 05:03:41 INFO CodeGenerator: Code generated in 8.723303 ms
[2026-01-20T05:03:41.088+0000] {spark_submit.py:641} INFO - 26/01/20 05:03:41 INFO CodeGenerator: Code generated in 10.434962 ms
[2026-01-20T05:03:41.099+0000] {spark_submit.py:641} INFO - 26/01/20 05:03:41 INFO CodeGenerator: Code generated in 7.234138 ms
[2026-01-20T05:03:41.173+0000] {spark_submit.py:641} INFO - 26/01/20 05:03:41 INFO Executor: Finished task 0.0 in stage 8.0 (TID 8). 5578 bytes result sent to driver
[2026-01-20T05:03:41.176+0000] {spark_submit.py:641} INFO - 26/01/20 05:03:41 INFO TaskSetManager: Finished task 0.0 in stage 8.0 (TID 8) in 406 ms on dca9677b2c70 (executor driver) (1/1)
[2026-01-20T05:03:41.178+0000] {spark_submit.py:641} INFO - 26/01/20 05:03:41 INFO TaskSchedulerImpl: Removed TaskSet 8.0, whose tasks have all completed, from pool
[2026-01-20T05:03:41.179+0000] {spark_submit.py:641} INFO - 26/01/20 05:03:41 INFO DAGScheduler: ShuffleMapStage 8 (parquet at NativeMethodAccessorImpl.java:0) finished in 0.424 s
[2026-01-20T05:03:41.184+0000] {spark_submit.py:641} INFO - 26/01/20 05:03:41 INFO DAGScheduler: looking for newly runnable stages
[2026-01-20T05:03:41.185+0000] {spark_submit.py:641} INFO - 26/01/20 05:03:41 INFO DAGScheduler: running: Set()
[2026-01-20T05:03:41.186+0000] {spark_submit.py:641} INFO - 26/01/20 05:03:41 INFO DAGScheduler: waiting: Set()
[2026-01-20T05:03:41.187+0000] {spark_submit.py:641} INFO - 26/01/20 05:03:41 INFO DAGScheduler: failed: Set()
[2026-01-20T05:03:41.195+0000] {spark_submit.py:641} INFO - 26/01/20 05:03:41 INFO ShufflePartitionsUtil: For shuffle(2), advisory target size: 67108864, actual target size 1048576, minimum partition size: 1048576
[2026-01-20T05:03:41.439+0000] {spark_submit.py:641} INFO - 26/01/20 05:03:41 INFO ParquetUtils: Using default output committer for Parquet: org.apache.parquet.hadoop.ParquetOutputCommitter
[2026-01-20T05:03:41.456+0000] {spark_submit.py:641} INFO - 26/01/20 05:03:41 INFO FileOutputCommitter: File Output Committer Algorithm version is 1
[2026-01-20T05:03:41.458+0000] {spark_submit.py:641} INFO - 26/01/20 05:03:41 INFO FileOutputCommitter: FileOutputCommitter skip cleanup _temporary folders under output directory:false, ignore cleanup failures: false
[2026-01-20T05:03:41.459+0000] {spark_submit.py:641} INFO - 26/01/20 05:03:41 INFO SQLHadoopMapReduceCommitProtocol: Using user defined output committer class org.apache.parquet.hadoop.ParquetOutputCommitter
[2026-01-20T05:03:41.460+0000] {spark_submit.py:641} INFO - 26/01/20 05:03:41 INFO FileOutputCommitter: File Output Committer Algorithm version is 1
[2026-01-20T05:03:41.462+0000] {spark_submit.py:641} INFO - 26/01/20 05:03:41 INFO FileOutputCommitter: FileOutputCommitter skip cleanup _temporary folders under output directory:false, ignore cleanup failures: false
[2026-01-20T05:03:41.462+0000] {spark_submit.py:641} INFO - 26/01/20 05:03:41 INFO SQLHadoopMapReduceCommitProtocol: Using output committer class org.apache.parquet.hadoop.ParquetOutputCommitter
[2026-01-20T05:03:42.221+0000] {spark_submit.py:641} INFO - 26/01/20 05:03:42 INFO CodeGenerator: Code generated in 49.344816 ms
[2026-01-20T05:03:42.242+0000] {spark_submit.py:641} INFO - 26/01/20 05:03:42 INFO CodeGenerator: Code generated in 14.480409 ms
[2026-01-20T05:03:42.319+0000] {spark_submit.py:641} INFO - 26/01/20 05:03:42 INFO SparkContext: Starting job: parquet at NativeMethodAccessorImpl.java:0
[2026-01-20T05:03:42.328+0000] {spark_submit.py:641} INFO - 26/01/20 05:03:42 INFO DAGScheduler: Got job 7 (parquet at NativeMethodAccessorImpl.java:0) with 1 output partitions
[2026-01-20T05:03:42.329+0000] {spark_submit.py:641} INFO - 26/01/20 05:03:42 INFO DAGScheduler: Final stage: ResultStage 11 (parquet at NativeMethodAccessorImpl.java:0)
[2026-01-20T05:03:42.333+0000] {spark_submit.py:641} INFO - 26/01/20 05:03:42 INFO DAGScheduler: Parents of final stage: List(ShuffleMapStage 10)
[2026-01-20T05:03:42.336+0000] {spark_submit.py:641} INFO - 26/01/20 05:03:42 INFO DAGScheduler: Missing parents: List()
[2026-01-20T05:03:42.337+0000] {spark_submit.py:641} INFO - 26/01/20 05:03:42 INFO DAGScheduler: Submitting ResultStage 11 (MapPartitionsRDD[33] at parquet at NativeMethodAccessorImpl.java:0), which has no missing parents
[2026-01-20T05:03:42.418+0000] {spark_submit.py:641} INFO - 26/01/20 05:03:42 INFO MemoryStore: Block broadcast_13 stored as values in memory (estimated size 287.4 KiB, free 433.6 MiB)
[2026-01-20T05:03:42.428+0000] {spark_submit.py:641} INFO - 26/01/20 05:03:42 INFO MemoryStore: Block broadcast_13_piece0 stored as bytes in memory (estimated size 106.9 KiB, free 433.5 MiB)
[2026-01-20T05:03:42.431+0000] {spark_submit.py:641} INFO - 26/01/20 05:03:42 INFO BlockManagerInfo: Added broadcast_13_piece0 in memory on dca9677b2c70:35339 (size: 106.9 KiB, free: 434.2 MiB)
[2026-01-20T05:03:42.438+0000] {spark_submit.py:641} INFO - 26/01/20 05:03:42 INFO BlockManagerInfo: Removed broadcast_12_piece0 on dca9677b2c70:35339 in memory (size: 21.8 KiB, free: 434.2 MiB)
[2026-01-20T05:03:42.439+0000] {spark_submit.py:641} INFO - 26/01/20 05:03:42 INFO SparkContext: Created broadcast 13 from broadcast at DAGScheduler.scala:1580
[2026-01-20T05:03:42.440+0000] {spark_submit.py:641} INFO - 26/01/20 05:03:42 INFO DAGScheduler: Submitting 1 missing tasks from ResultStage 11 (MapPartitionsRDD[33] at parquet at NativeMethodAccessorImpl.java:0) (first 15 tasks are for partitions Vector(0))
[2026-01-20T05:03:42.446+0000] {spark_submit.py:641} INFO - 26/01/20 05:03:42 INFO TaskSchedulerImpl: Adding task set 11.0 with 1 tasks resource profile 0
[2026-01-20T05:03:42.447+0000] {spark_submit.py:641} INFO - 26/01/20 05:03:42 INFO TaskSetManager: Starting task 0.0 in stage 11.0 (TID 9) (dca9677b2c70, executor driver, partition 0, NODE_LOCAL, 8342 bytes)
[2026-01-20T05:03:42.448+0000] {spark_submit.py:641} INFO - 26/01/20 05:03:42 INFO Executor: Running task 0.0 in stage 11.0 (TID 9)
[2026-01-20T05:03:42.507+0000] {spark_submit.py:641} INFO - 26/01/20 05:03:42 INFO ShuffleBlockFetcherIterator: Getting 1 (256.2 KiB) non-empty blocks including 1 (256.2 KiB) local and 0 (0.0 B) host-local and 0 (0.0 B) push-merged-local and 0 (0.0 B) remote blocks
[2026-01-20T05:03:42.509+0000] {spark_submit.py:641} INFO - 26/01/20 05:03:42 INFO ShuffleBlockFetcherIterator: Started 0 remote fetches in 1 ms
[2026-01-20T05:03:42.520+0000] {spark_submit.py:641} INFO - 26/01/20 05:03:42 INFO CodeGenerator: Code generated in 11.392663 ms
[2026-01-20T05:03:42.529+0000] {spark_submit.py:641} INFO - 26/01/20 05:03:42 INFO CodeGenerator: Code generated in 6.303483 ms
[2026-01-20T05:03:42.542+0000] {spark_submit.py:641} INFO - 26/01/20 05:03:42 INFO CodeGenerator: Code generated in 9.954851 ms
[2026-01-20T05:03:42.595+0000] {spark_submit.py:641} INFO - 26/01/20 05:03:42 INFO CodeGenerator: Code generated in 22.109395 ms
[2026-01-20T05:03:42.621+0000] {spark_submit.py:641} INFO - 26/01/20 05:03:42 INFO CodeGenerator: Code generated in 10.213713 ms
[2026-01-20T05:03:42.640+0000] {spark_submit.py:641} INFO - 26/01/20 05:03:42 INFO CodeGenerator: Code generated in 11.656743 ms
[2026-01-20T05:03:42.658+0000] {spark_submit.py:641} INFO - 26/01/20 05:03:42 INFO CodeGenerator: Code generated in 12.520352 ms
[2026-01-20T05:03:42.677+0000] {spark_submit.py:641} INFO - 26/01/20 05:03:42 INFO CodeGenerator: Code generated in 8.272297 ms
[2026-01-20T05:03:44.283+0000] {spark_submit.py:641} INFO - 26/01/20 05:03:44 INFO BaseAllocator: Debug mode disabled.
[2026-01-20T05:03:44.287+0000] {spark_submit.py:641} INFO - 26/01/20 05:03:44 INFO DefaultAllocationManagerOption: allocation manager type not specified, using netty as the default type
[2026-01-20T05:03:44.288+0000] {spark_submit.py:641} INFO - 26/01/20 05:03:44 INFO CheckAllocator: Using DefaultAllocationManager at memory-netty-12.0.1.jar!/org/apache/arrow/memory/DefaultAllocationManagerFactory.class
[2026-01-20T05:03:44.345+0000] {spark_submit.py:641} INFO - 26/01/20 05:03:44 INFO CodeGenerator: Code generated in 23.469433 ms
[2026-01-20T05:03:44.362+0000] {spark_submit.py:641} INFO - 26/01/20 05:03:44 INFO CodeGenerator: Code generated in 17.87678 ms
[2026-01-20T05:03:44.382+0000] {spark_submit.py:641} INFO - 26/01/20 05:03:44 INFO CodeGenerator: Code generated in 6.592988 ms
[2026-01-20T05:03:44.391+0000] {spark_submit.py:641} INFO - 26/01/20 05:03:44 INFO CodeGenerator: Code generated in 14.924328 ms
[2026-01-20T05:03:44.393+0000] {spark_submit.py:641} INFO - 26/01/20 05:03:44 INFO FileOutputCommitter: File Output Committer Algorithm version is 1
[2026-01-20T05:03:44.394+0000] {spark_submit.py:641} INFO - 26/01/20 05:03:44 INFO FileOutputCommitter: FileOutputCommitter skip cleanup _temporary folders under output directory:false, ignore cleanup failures: false
[2026-01-20T05:03:44.395+0000] {spark_submit.py:641} INFO - 26/01/20 05:03:44 INFO SQLHadoopMapReduceCommitProtocol: Using user defined output committer class org.apache.parquet.hadoop.ParquetOutputCommitter
[2026-01-20T05:03:44.396+0000] {spark_submit.py:641} INFO - 26/01/20 05:03:44 INFO FileOutputCommitter: File Output Committer Algorithm version is 1
[2026-01-20T05:03:44.396+0000] {spark_submit.py:641} INFO - 26/01/20 05:03:44 INFO FileOutputCommitter: FileOutputCommitter skip cleanup _temporary folders under output directory:false, ignore cleanup failures: false
[2026-01-20T05:03:44.397+0000] {spark_submit.py:641} INFO - 26/01/20 05:03:44 INFO SQLHadoopMapReduceCommitProtocol: Using output committer class org.apache.parquet.hadoop.ParquetOutputCommitter
[2026-01-20T05:03:44.432+0000] {spark_submit.py:641} INFO - 26/01/20 05:03:44 INFO CodeGenerator: Code generated in 19.670881 ms
[2026-01-20T05:03:46.643+0000] {spark_submit.py:641} INFO - 26/01/20 05:03:46 INFO ArrowPythonRunner: Times: total = 3811, boot = 1566, init = 1055, finish = 1190
[2026-01-20T05:03:46.653+0000] {spark_submit.py:641} INFO - 26/01/20 05:03:46 INFO CodeGenerator: Code generated in 5.546911 ms
[2026-01-20T05:03:46.690+0000] {spark_submit.py:641} INFO - 26/01/20 05:03:46 INFO CodeGenerator: Code generated in 17.034902 ms
[2026-01-20T05:03:46.703+0000] {spark_submit.py:641} INFO - 26/01/20 05:03:46 INFO CodecConfig: Compression: SNAPPY
[2026-01-20T05:03:46.706+0000] {spark_submit.py:641} INFO - 26/01/20 05:03:46 INFO CodecConfig: Compression: SNAPPY
[2026-01-20T05:03:46.727+0000] {spark_submit.py:641} INFO - 26/01/20 05:03:46 INFO ParquetOutputFormat: ParquetRecordWriter [block size: 134217728b, row group padding size: 8388608b, validating: false]
[2026-01-20T05:03:46.753+0000] {spark_submit.py:641} INFO - 26/01/20 05:03:46 INFO ParquetWriteSupport: Initialized Parquet WriteSupport with Catalyst schema:
[2026-01-20T05:03:46.755+0000] {spark_submit.py:641} INFO - {
[2026-01-20T05:03:46.756+0000] {spark_submit.py:641} INFO - "type" : "struct",
[2026-01-20T05:03:46.757+0000] {spark_submit.py:641} INFO - "fields" : [ {
[2026-01-20T05:03:46.758+0000] {spark_submit.py:641} INFO - "name" : "author",
[2026-01-20T05:03:46.758+0000] {spark_submit.py:641} INFO - "type" : "string",
[2026-01-20T05:03:46.759+0000] {spark_submit.py:641} INFO - "nullable" : true,
[2026-01-20T05:03:46.760+0000] {spark_submit.py:641} INFO - "metadata" : { }
[2026-01-20T05:03:46.761+0000] {spark_submit.py:641} INFO - }, {
[2026-01-20T05:03:46.761+0000] {spark_submit.py:641} INFO - "name" : "created_at",
[2026-01-20T05:03:46.762+0000] {spark_submit.py:641} INFO - "type" : "string",
[2026-01-20T05:03:46.763+0000] {spark_submit.py:641} INFO - "nullable" : true,
[2026-01-20T05:03:46.764+0000] {spark_submit.py:641} INFO - "metadata" : { }
[2026-01-20T05:03:46.764+0000] {spark_submit.py:641} INFO - }, {
[2026-01-20T05:03:46.765+0000] {spark_submit.py:641} INFO - "name" : "id",
[2026-01-20T05:03:46.766+0000] {spark_submit.py:641} INFO - "type" : "string",
[2026-01-20T05:03:46.767+0000] {spark_submit.py:641} INFO - "nullable" : true,
[2026-01-20T05:03:46.767+0000] {spark_submit.py:641} INFO - "metadata" : { }
[2026-01-20T05:03:46.768+0000] {spark_submit.py:641} INFO - }, {
[2026-01-20T05:03:46.768+0000] {spark_submit.py:641} INFO - "name" : "text",
[2026-01-20T05:03:46.769+0000] {spark_submit.py:641} INFO - "type" : "string",
[2026-01-20T05:03:46.770+0000] {spark_submit.py:641} INFO - "nullable" : true,
[2026-01-20T05:03:46.770+0000] {spark_submit.py:641} INFO - "metadata" : { }
[2026-01-20T05:03:46.771+0000] {spark_submit.py:641} INFO - }, {
[2026-01-20T05:03:46.772+0000] {spark_submit.py:641} INFO - "name" : "original_id",
[2026-01-20T05:03:46.772+0000] {spark_submit.py:641} INFO - "type" : "string",
[2026-01-20T05:03:46.773+0000] {spark_submit.py:641} INFO - "nullable" : true,
[2026-01-20T05:03:46.773+0000] {spark_submit.py:641} INFO - "metadata" : { }
[2026-01-20T05:03:46.774+0000] {spark_submit.py:641} INFO - }, {
[2026-01-20T05:03:46.775+0000] {spark_submit.py:641} INFO - "name" : "comment_key",
[2026-01-20T05:03:46.775+0000] {spark_submit.py:641} INFO - "type" : "integer",
[2026-01-20T05:03:46.776+0000] {spark_submit.py:641} INFO - "nullable" : false,
[2026-01-20T05:03:46.777+0000] {spark_submit.py:641} INFO - "metadata" : { }
[2026-01-20T05:03:46.777+0000] {spark_submit.py:641} INFO - }, {
[2026-01-20T05:03:46.778+0000] {spark_submit.py:641} INFO - "name" : "text_clean",
[2026-01-20T05:03:46.779+0000] {spark_submit.py:641} INFO - "type" : "string",
[2026-01-20T05:03:46.780+0000] {spark_submit.py:641} INFO - "nullable" : true,
[2026-01-20T05:03:46.780+0000] {spark_submit.py:641} INFO - "metadata" : { }
[2026-01-20T05:03:46.781+0000] {spark_submit.py:641} INFO - }, {
[2026-01-20T05:03:46.782+0000] {spark_submit.py:641} INFO - "name" : "company",
[2026-01-20T05:03:46.782+0000] {spark_submit.py:641} INFO - "type" : "string",
[2026-01-20T05:03:46.783+0000] {spark_submit.py:641} INFO - "nullable" : true,
[2026-01-20T05:03:46.783+0000] {spark_submit.py:641} INFO - "metadata" : { }
[2026-01-20T05:03:46.784+0000] {spark_submit.py:641} INFO - }, {
[2026-01-20T05:03:46.784+0000] {spark_submit.py:641} INFO - "name" : "location",
[2026-01-20T05:03:46.785+0000] {spark_submit.py:641} INFO - "type" : "string",
[2026-01-20T05:03:46.786+0000] {spark_submit.py:641} INFO - "nullable" : true,
[2026-01-20T05:03:46.786+0000] {spark_submit.py:641} INFO - "metadata" : { }
[2026-01-20T05:03:46.787+0000] {spark_submit.py:641} INFO - }, {
[2026-01-20T05:03:46.788+0000] {spark_submit.py:641} INFO - "name" : "roles",
[2026-01-20T05:03:46.788+0000] {spark_submit.py:641} INFO - "type" : {
[2026-01-20T05:03:46.789+0000] {spark_submit.py:641} INFO - "type" : "array",
[2026-01-20T05:03:46.789+0000] {spark_submit.py:641} INFO - "elementType" : "string",
[2026-01-20T05:03:46.790+0000] {spark_submit.py:641} INFO - "containsNull" : true
[2026-01-20T05:03:46.790+0000] {spark_submit.py:641} INFO - },
[2026-01-20T05:03:46.791+0000] {spark_submit.py:641} INFO - "nullable" : true,
[2026-01-20T05:03:46.791+0000] {spark_submit.py:641} INFO - "metadata" : { }
[2026-01-20T05:03:46.792+0000] {spark_submit.py:641} INFO - }, {
[2026-01-20T05:03:46.792+0000] {spark_submit.py:641} INFO - "name" : "seniority",
[2026-01-20T05:03:46.793+0000] {spark_submit.py:641} INFO - "type" : "string",
[2026-01-20T05:03:46.794+0000] {spark_submit.py:641} INFO - "nullable" : true,
[2026-01-20T05:03:46.794+0000] {spark_submit.py:641} INFO - "metadata" : { }
[2026-01-20T05:03:46.795+0000] {spark_submit.py:641} INFO - }, {
[2026-01-20T05:03:46.795+0000] {spark_submit.py:641} INFO - "name" : "tech_stack",
[2026-01-20T05:03:46.796+0000] {spark_submit.py:641} INFO - "type" : {
[2026-01-20T05:03:46.796+0000] {spark_submit.py:641} INFO - "type" : "array",
[2026-01-20T05:03:46.797+0000] {spark_submit.py:641} INFO - "elementType" : "string",
[2026-01-20T05:03:46.797+0000] {spark_submit.py:641} INFO - "containsNull" : true
[2026-01-20T05:03:46.798+0000] {spark_submit.py:641} INFO - },
[2026-01-20T05:03:46.799+0000] {spark_submit.py:641} INFO - "nullable" : true,
[2026-01-20T05:03:46.799+0000] {spark_submit.py:641} INFO - "metadata" : { }
[2026-01-20T05:03:46.800+0000] {spark_submit.py:641} INFO - } ]
[2026-01-20T05:03:46.801+0000] {spark_submit.py:641} INFO - }
[2026-01-20T05:03:46.804+0000] {spark_submit.py:641} INFO - and corresponding Parquet message type:
[2026-01-20T05:03:46.804+0000] {spark_submit.py:641} INFO - message spark_schema {
[2026-01-20T05:03:46.805+0000] {spark_submit.py:641} INFO - optional binary author (STRING);
[2026-01-20T05:03:46.806+0000] {spark_submit.py:641} INFO - optional binary created_at (STRING);
[2026-01-20T05:03:46.807+0000] {spark_submit.py:641} INFO - optional binary id (STRING);
[2026-01-20T05:03:46.808+0000] {spark_submit.py:641} INFO - optional binary text (STRING);
[2026-01-20T05:03:46.809+0000] {spark_submit.py:641} INFO - optional binary original_id (STRING);
[2026-01-20T05:03:46.809+0000] {spark_submit.py:641} INFO - required int32 comment_key;
[2026-01-20T05:03:46.810+0000] {spark_submit.py:641} INFO - optional binary text_clean (STRING);
[2026-01-20T05:03:46.811+0000] {spark_submit.py:641} INFO - optional binary company (STRING);
[2026-01-20T05:03:46.811+0000] {spark_submit.py:641} INFO - optional binary location (STRING);
[2026-01-20T05:03:46.812+0000] {spark_submit.py:641} INFO - optional group roles (LIST) {
[2026-01-20T05:03:46.812+0000] {spark_submit.py:641} INFO - repeated group list {
[2026-01-20T05:03:46.813+0000] {spark_submit.py:641} INFO - optional binary element (STRING);
[2026-01-20T05:03:46.814+0000] {spark_submit.py:641} INFO - }
[2026-01-20T05:03:46.814+0000] {spark_submit.py:641} INFO - }
[2026-01-20T05:03:46.815+0000] {spark_submit.py:641} INFO - optional binary seniority (STRING);
[2026-01-20T05:03:46.816+0000] {spark_submit.py:641} INFO - optional group tech_stack (LIST) {
[2026-01-20T05:03:46.816+0000] {spark_submit.py:641} INFO - repeated group list {
[2026-01-20T05:03:46.817+0000] {spark_submit.py:641} INFO - optional binary element (STRING);
[2026-01-20T05:03:46.818+0000] {spark_submit.py:641} INFO - }
[2026-01-20T05:03:46.819+0000] {spark_submit.py:641} INFO - }
[2026-01-20T05:03:46.819+0000] {spark_submit.py:641} INFO - }
[2026-01-20T05:03:46.820+0000] {spark_submit.py:641} INFO - 
[2026-01-20T05:03:46.821+0000] {spark_submit.py:641} INFO - 
[2026-01-20T05:03:46.866+0000] {spark_submit.py:641} INFO - 26/01/20 05:03:46 INFO CodecPool: Got brand-new compressor [.snappy]
[2026-01-20T05:03:49.418+0000] {spark_submit.py:641} INFO - 26/01/20 05:03:49 INFO FileOutputCommitter: Saved output of task 'attempt_202601200503425035208443208104407_0011_m_000000_9' to s3a://silver/jobs_table/.spark-staging-ff7d6a87-634b-4fda-9680-29d0368810bc/_temporary/0/task_202601200503425035208443208104407_0011_m_000000
[2026-01-20T05:03:49.420+0000] {spark_submit.py:641} INFO - 26/01/20 05:03:49 INFO SparkHadoopMapRedUtil: attempt_202601200503425035208443208104407_0011_m_000000_9: Committed. Elapsed time: 1195 ms.
[2026-01-20T05:03:49.440+0000] {spark_submit.py:641} INFO - 26/01/20 05:03:49 INFO Executor: Finished task 0.0 in stage 11.0 (TID 9). 8822 bytes result sent to driver
[2026-01-20T05:03:49.447+0000] {spark_submit.py:641} INFO - 26/01/20 05:03:49 INFO TaskSetManager: Finished task 0.0 in stage 11.0 (TID 9) in 7003 ms on dca9677b2c70 (executor driver) (1/1)
[2026-01-20T05:03:49.448+0000] {spark_submit.py:641} INFO - 26/01/20 05:03:49 INFO TaskSchedulerImpl: Removed TaskSet 11.0, whose tasks have all completed, from pool
[2026-01-20T05:03:49.449+0000] {spark_submit.py:641} INFO - 26/01/20 05:03:49 INFO PythonAccumulatorV2: Connected to AccumulatorServer at host: 127.0.0.1 port: 56681
[2026-01-20T05:03:49.463+0000] {spark_submit.py:641} INFO - 26/01/20 05:03:49 INFO DAGScheduler: ResultStage 11 (parquet at NativeMethodAccessorImpl.java:0) finished in 7.100 s
[2026-01-20T05:03:49.464+0000] {spark_submit.py:641} INFO - 26/01/20 05:03:49 INFO DAGScheduler: Job 7 is finished. Cancelling potential speculative or zombie tasks for this job
[2026-01-20T05:03:49.465+0000] {spark_submit.py:641} INFO - 26/01/20 05:03:49 INFO TaskSchedulerImpl: Killing all running tasks in stage 11: Stage finished
[2026-01-20T05:03:49.466+0000] {spark_submit.py:641} INFO - 26/01/20 05:03:49 INFO DAGScheduler: Job 7 finished: parquet at NativeMethodAccessorImpl.java:0, took 7.134039 s
[2026-01-20T05:03:49.467+0000] {spark_submit.py:641} INFO - 26/01/20 05:03:49 INFO FileFormatWriter: Start to commit write Job 4a4523d1-edfc-4c9d-9862-c0d1e984623d.
[2026-01-20T05:03:53.096+0000] {spark_submit.py:641} INFO - 26/01/20 05:03:53 INFO FileFormatWriter: Write Job 4a4523d1-edfc-4c9d-9862-c0d1e984623d committed. Elapsed time: 3635 ms.
[2026-01-20T05:03:53.125+0000] {spark_submit.py:641} INFO - 26/01/20 05:03:53 INFO FileFormatWriter: Finished processing stats for write job 4a4523d1-edfc-4c9d-9862-c0d1e984623d.
[2026-01-20T05:03:53.297+0000] {spark_submit.py:641} INFO - 26/01/20 05:03:53 INFO SparkContext: Invoking stop() from shutdown hook
[2026-01-20T05:03:53.304+0000] {spark_submit.py:641} INFO - 26/01/20 05:03:53 INFO SparkContext: SparkContext is stopping with exitCode 0.
[2026-01-20T05:03:53.318+0000] {spark_submit.py:641} INFO - 26/01/20 05:03:53 INFO SparkUI: Stopped Spark web UI at http://dca9677b2c70:4040
[2026-01-20T05:03:53.337+0000] {spark_submit.py:641} INFO - 26/01/20 05:03:53 INFO MapOutputTrackerMasterEndpoint: MapOutputTrackerMasterEndpoint stopped!
[2026-01-20T05:03:53.369+0000] {spark_submit.py:641} INFO - 26/01/20 05:03:53 INFO MemoryStore: MemoryStore cleared
[2026-01-20T05:03:53.395+0000] {spark_submit.py:641} INFO - 26/01/20 05:03:53 INFO BlockManager: BlockManager stopped
[2026-01-20T05:03:53.398+0000] {spark_submit.py:641} INFO - 26/01/20 05:03:53 INFO BlockManagerMaster: BlockManagerMaster stopped
[2026-01-20T05:03:53.400+0000] {spark_submit.py:641} INFO - 26/01/20 05:03:53 INFO OutputCommitCoordinator$OutputCommitCoordinatorEndpoint: OutputCommitCoordinator stopped!
[2026-01-20T05:03:53.414+0000] {spark_submit.py:641} INFO - 26/01/20 05:03:53 INFO SparkContext: Successfully stopped SparkContext
[2026-01-20T05:03:53.417+0000] {spark_submit.py:641} INFO - 26/01/20 05:03:53 INFO ShutdownHookManager: Shutdown hook called
[2026-01-20T05:03:53.417+0000] {spark_submit.py:641} INFO - 26/01/20 05:03:53 INFO ShutdownHookManager: Deleting directory /tmp/spark-6b5ba4d3-9d0e-4ce4-acae-d3fadcf82a01
[2026-01-20T05:03:53.424+0000] {spark_submit.py:641} INFO - 26/01/20 05:03:53 INFO ShutdownHookManager: Deleting directory /tmp/spark-e0a018da-f505-462a-a9ed-98dbaa90886c
[2026-01-20T05:03:53.432+0000] {spark_submit.py:641} INFO - 26/01/20 05:03:53 INFO ShutdownHookManager: Deleting directory /tmp/spark-6b5ba4d3-9d0e-4ce4-acae-d3fadcf82a01/pyspark-d25b1e61-e564-47f0-9976-3d50783704f2
[2026-01-20T05:03:53.448+0000] {spark_submit.py:641} INFO - 26/01/20 05:03:53 INFO MetricsSystemImpl: Stopping s3a-file-system metrics system...
[2026-01-20T05:03:53.450+0000] {spark_submit.py:641} INFO - 26/01/20 05:03:53 INFO MetricsSystemImpl: s3a-file-system metrics system stopped.
[2026-01-20T05:03:53.452+0000] {spark_submit.py:641} INFO - 26/01/20 05:03:53 INFO MetricsSystemImpl: s3a-file-system metrics system shutdown complete.
[2026-01-20T05:03:53.748+0000] {taskinstance.py:340} INFO - ::group::Post task execution logs
[2026-01-20T05:03:53.750+0000] {taskinstance.py:352} INFO - Marking task as SUCCESS. dag_id=silver_layer_event_driven, task_id=spark_bronze_to_silver, run_id=dataset_triggered__2026-01-20T05:03:12.463560+00:00, execution_date=20260120T050312, start_date=20260120T050314, end_date=20260120T050353
[2026-01-20T05:03:53.853+0000] {local_task_job_runner.py:261} INFO - Task exited with return code 0
[2026-01-20T05:03:54.100+0000] {taskinstance.py:3891} INFO - 1 downstream tasks scheduled from follow-on schedule check
[2026-01-20T05:03:54.123+0000] {local_task_job_runner.py:240} INFO - ::endgroup::
