[2026-01-17T00:00:03.987+0000] {local_task_job_runner.py:123} INFO - ::group::Pre task execution logs
[2026-01-17T00:00:04.074+0000] {taskinstance.py:2603} INFO - Dependencies all met for dep_context=non-requeueable deps ti=<TaskInstance: hn_extraction_json_to_bronze.extract_hn_comments scheduled__2026-01-16T00:00:00+00:00 [queued]>
[2026-01-17T00:00:04.086+0000] {taskinstance.py:2603} INFO - Dependencies all met for dep_context=requeueable deps ti=<TaskInstance: hn_extraction_json_to_bronze.extract_hn_comments scheduled__2026-01-16T00:00:00+00:00 [queued]>
[2026-01-17T00:00:04.087+0000] {taskinstance.py:2856} INFO - Starting attempt 1 of 2
[2026-01-17T00:00:04.116+0000] {taskinstance.py:2879} INFO - Executing <Task(PythonOperator): extract_hn_comments> on 2026-01-16 00:00:00+00:00
[2026-01-17T00:00:04.130+0000] {logging_mixin.py:190} WARNING - /home/airflow/.local/lib/python3.12/site-packages/airflow/task/task_runner/standard_task_runner.py:70 DeprecationWarning: This process (pid=5480) is multi-threaded, use of fork() may lead to deadlocks in the child.
[2026-01-17T00:00:04.133+0000] {standard_task_runner.py:72} INFO - Started process 5481 to run task
[2026-01-17T00:00:04.129+0000] {standard_task_runner.py:104} INFO - Running: ['airflow', 'tasks', 'run', 'hn_extraction_json_to_bronze', 'extract_hn_comments', 'scheduled__2026-01-16T00:00:00+00:00', '--job-id', '53', '--raw', '--subdir', 'DAGS_FOLDER/hn_extraction_dag.py', '--cfg-path', '/tmp/tmpyn70fjet']
[2026-01-17T00:00:04.134+0000] {standard_task_runner.py:105} INFO - Job 53: Subtask extract_hn_comments
[2026-01-17T00:00:04.418+0000] {task_command.py:467} INFO - Running <TaskInstance: hn_extraction_json_to_bronze.extract_hn_comments scheduled__2026-01-16T00:00:00+00:00 [running]> on host 00a143680a39
[2026-01-17T00:00:04.833+0000] {taskinstance.py:3122} INFO - Exporting env vars: AIRFLOW_CTX_DAG_OWNER='airflow' AIRFLOW_CTX_DAG_ID='hn_extraction_json_to_bronze' AIRFLOW_CTX_TASK_ID='extract_hn_comments' AIRFLOW_CTX_EXECUTION_DATE='2026-01-16T00:00:00+00:00' AIRFLOW_CTX_TRY_NUMBER='1' AIRFLOW_CTX_DAG_RUN_ID='scheduled__2026-01-16T00:00:00+00:00'
[2026-01-17T00:00:04.835+0000] {taskinstance.py:731} INFO - ::endgroup::
[2026-01-17T00:00:05.794+0000] {logging_mixin.py:190} INFO - Checking thread 46466074 since 2026-01-16T14:47:57
[2026-01-17T00:00:06.142+0000] {logging_mixin.py:190} INFO - No new comments found
[2026-01-17T00:00:06.145+0000] {python.py:240} INFO - Done. Returned value was: None
[2026-01-17T00:00:06.229+0000] {taskinstance.py:340} INFO - ::group::Post task execution logs
[2026-01-17T00:00:06.230+0000] {taskinstance.py:352} INFO - Marking task as SUCCESS. dag_id=hn_extraction_json_to_bronze, task_id=extract_hn_comments, run_id=scheduled__2026-01-16T00:00:00+00:00, execution_date=20260116T000000, start_date=20260117T000004, end_date=20260117T000006
[2026-01-17T00:00:06.321+0000] {local_task_job_runner.py:261} INFO - Task exited with return code 0
[2026-01-17T00:00:06.410+0000] {taskinstance.py:3891} INFO - 0 downstream tasks scheduled from follow-on schedule check
[2026-01-17T00:00:06.430+0000] {local_task_job_runner.py:240} INFO - ::endgroup::
