[2026-01-15T00:49:17.880+0000] {local_task_job_runner.py:123} INFO - ::group::Pre task execution logs
[2026-01-15T00:49:17.969+0000] {taskinstance.py:2603} INFO - Dependencies all met for dep_context=non-requeueable deps ti=<TaskInstance: hn_extraction_json_to_bronze.extract_hn_comments manual__2026-01-15T00:49:16.210751+00:00 [queued]>
[2026-01-15T00:49:17.980+0000] {taskinstance.py:2603} INFO - Dependencies all met for dep_context=requeueable deps ti=<TaskInstance: hn_extraction_json_to_bronze.extract_hn_comments manual__2026-01-15T00:49:16.210751+00:00 [queued]>
[2026-01-15T00:49:17.980+0000] {taskinstance.py:2856} INFO - Starting attempt 1 of 2
[2026-01-15T00:49:18.003+0000] {taskinstance.py:2879} INFO - Executing <Task(PythonOperator): extract_hn_comments> on 2026-01-15 00:49:16.210751+00:00
[2026-01-15T00:49:18.015+0000] {logging_mixin.py:190} WARNING - /home/airflow/.local/lib/python3.12/site-packages/airflow/task/task_runner/standard_task_runner.py:70 DeprecationWarning: This process (pid=3505) is multi-threaded, use of fork() may lead to deadlocks in the child.
[2026-01-15T00:49:18.017+0000] {standard_task_runner.py:72} INFO - Started process 3506 to run task
[2026-01-15T00:49:18.014+0000] {standard_task_runner.py:104} INFO - Running: ['airflow', 'tasks', 'run', 'hn_extraction_json_to_bronze', 'extract_hn_comments', 'manual__2026-01-15T00:49:16.210751+00:00', '--job-id', '14', '--raw', '--subdir', 'DAGS_FOLDER/hn_extraction_dag.py', '--cfg-path', '/tmp/tmpyh4cc71v']
[2026-01-15T00:49:18.019+0000] {standard_task_runner.py:105} INFO - Job 14: Subtask extract_hn_comments
[2026-01-15T00:49:18.372+0000] {task_command.py:467} INFO - Running <TaskInstance: hn_extraction_json_to_bronze.extract_hn_comments manual__2026-01-15T00:49:16.210751+00:00 [running]> on host 45abd921df1f
[2026-01-15T00:49:18.907+0000] {taskinstance.py:3122} INFO - Exporting env vars: AIRFLOW_CTX_DAG_OWNER='airflow' AIRFLOW_CTX_DAG_ID='hn_extraction_json_to_bronze' AIRFLOW_CTX_TASK_ID='extract_hn_comments' AIRFLOW_CTX_EXECUTION_DATE='2026-01-15T00:49:16.210751+00:00' AIRFLOW_CTX_TRY_NUMBER='1' AIRFLOW_CTX_DAG_RUN_ID='manual__2026-01-15T00:49:16.210751+00:00'
[2026-01-15T00:49:18.908+0000] {taskinstance.py:731} INFO - ::endgroup::
[2026-01-15T00:49:19.454+0000] {logging_mixin.py:190} INFO - Checking thread 46466074 since 2026-01-13T12:00:00
[2026-01-15T00:49:19.934+0000] {logging_mixin.py:190} INFO - Successfully uploaded to rustfs://bronze/hackernews/jobs_2026-01-15-00-49-19.json
[2026-01-15T00:49:19.998+0000] {crypto.py:82} WARNING - empty cryptography key - values will not be stored encrypted.
[2026-01-15T00:49:20.024+0000] {logging_mixin.py:190} INFO - Successfully landed 9 comments. New checkpoint: 2026-01-14T20:36:44
[2026-01-15T00:49:20.025+0000] {python.py:240} INFO - Done. Returned value was: None
[2026-01-15T00:49:20.109+0000] {taskinstance.py:340} INFO - ::group::Post task execution logs
[2026-01-15T00:49:20.110+0000] {taskinstance.py:352} INFO - Marking task as SUCCESS. dag_id=hn_extraction_json_to_bronze, task_id=extract_hn_comments, run_id=manual__2026-01-15T00:49:16.210751+00:00, execution_date=20260115T004916, start_date=20260115T004917, end_date=20260115T004920
[2026-01-15T00:49:20.166+0000] {local_task_job_runner.py:261} INFO - Task exited with return code 0
[2026-01-15T00:49:20.245+0000] {taskinstance.py:3891} INFO - 0 downstream tasks scheduled from follow-on schedule check
[2026-01-15T00:49:20.251+0000] {local_task_job_runner.py:240} INFO - ::endgroup::
