[2026-01-19T00:38:23.689+0000] {processor.py:186} INFO - Started process (PID=32497) to work on /opt/airflow/dags/bronze_to_silver.py
[2026-01-19T00:38:23.695+0000] {processor.py:914} INFO - Processing file /opt/airflow/dags/bronze_to_silver.py for tasks to queue
[2026-01-19T00:38:23.708+0000] {logging_mixin.py:190} INFO - [2026-01-19T00:38:23.707+0000] {dagbag.py:587} INFO - Filling up the DagBag from /opt/airflow/dags/bronze_to_silver.py
[2026-01-19T00:38:24.117+0000] {processor.py:925} INFO - DAG(s) 'silver_layer_sensor_driven' retrieved from /opt/airflow/dags/bronze_to_silver.py
[2026-01-19T00:38:24.451+0000] {logging_mixin.py:190} INFO - [2026-01-19T00:38:24.451+0000] {dag.py:3211} INFO - Sync 1 DAGs
[2026-01-19T00:38:24.730+0000] {logging_mixin.py:190} INFO - [2026-01-19T00:38:24.730+0000] {dag.py:4138} INFO - Setting next_dagrun for silver_layer_sensor_driven to 2026-01-18 02:00:00+00:00, run_after=2026-01-19 02:00:00+00:00
[2026-01-19T00:38:24.776+0000] {processor.py:208} INFO - Processing /opt/airflow/dags/bronze_to_silver.py took 1.093 seconds
[2026-01-19T00:38:55.321+0000] {processor.py:186} INFO - Started process (PID=32524) to work on /opt/airflow/dags/bronze_to_silver.py
[2026-01-19T00:38:55.322+0000] {processor.py:914} INFO - Processing file /opt/airflow/dags/bronze_to_silver.py for tasks to queue
[2026-01-19T00:38:55.324+0000] {logging_mixin.py:190} INFO - [2026-01-19T00:38:55.324+0000] {dagbag.py:587} INFO - Filling up the DagBag from /opt/airflow/dags/bronze_to_silver.py
[2026-01-19T00:38:55.379+0000] {processor.py:925} INFO - DAG(s) 'silver_layer_sensor_driven' retrieved from /opt/airflow/dags/bronze_to_silver.py
[2026-01-19T00:38:55.721+0000] {logging_mixin.py:190} INFO - [2026-01-19T00:38:55.720+0000] {dag.py:3211} INFO - Sync 1 DAGs
[2026-01-19T00:38:55.757+0000] {logging_mixin.py:190} INFO - [2026-01-19T00:38:55.757+0000] {dag.py:4138} INFO - Setting next_dagrun for silver_layer_sensor_driven to 2026-01-18 02:00:00+00:00, run_after=2026-01-19 02:00:00+00:00
[2026-01-19T00:38:55.791+0000] {processor.py:208} INFO - Processing /opt/airflow/dags/bronze_to_silver.py took 0.475 seconds
[2026-01-19T00:39:26.198+0000] {processor.py:186} INFO - Started process (PID=32549) to work on /opt/airflow/dags/bronze_to_silver.py
[2026-01-19T00:39:26.199+0000] {processor.py:914} INFO - Processing file /opt/airflow/dags/bronze_to_silver.py for tasks to queue
[2026-01-19T00:39:26.201+0000] {logging_mixin.py:190} INFO - [2026-01-19T00:39:26.200+0000] {dagbag.py:587} INFO - Filling up the DagBag from /opt/airflow/dags/bronze_to_silver.py
[2026-01-19T00:39:26.272+0000] {processor.py:925} INFO - DAG(s) 'silver_layer_sensor_driven' retrieved from /opt/airflow/dags/bronze_to_silver.py
[2026-01-19T00:39:26.331+0000] {logging_mixin.py:190} INFO - [2026-01-19T00:39:26.331+0000] {dag.py:3211} INFO - Sync 1 DAGs
[2026-01-19T00:39:26.387+0000] {logging_mixin.py:190} INFO - [2026-01-19T00:39:26.387+0000] {dag.py:4138} INFO - Setting next_dagrun for silver_layer_sensor_driven to 2026-01-18 02:00:00+00:00, run_after=2026-01-19 02:00:00+00:00
[2026-01-19T00:39:26.430+0000] {processor.py:208} INFO - Processing /opt/airflow/dags/bronze_to_silver.py took 0.238 seconds
[2026-01-19T00:39:57.141+0000] {processor.py:186} INFO - Started process (PID=32574) to work on /opt/airflow/dags/bronze_to_silver.py
[2026-01-19T00:39:57.145+0000] {processor.py:914} INFO - Processing file /opt/airflow/dags/bronze_to_silver.py for tasks to queue
[2026-01-19T00:39:57.157+0000] {logging_mixin.py:190} INFO - [2026-01-19T00:39:57.157+0000] {dagbag.py:587} INFO - Filling up the DagBag from /opt/airflow/dags/bronze_to_silver.py
[2026-01-19T00:39:57.262+0000] {processor.py:925} INFO - DAG(s) 'silver_layer_sensor_driven' retrieved from /opt/airflow/dags/bronze_to_silver.py
[2026-01-19T00:39:57.406+0000] {logging_mixin.py:190} INFO - [2026-01-19T00:39:57.406+0000] {dag.py:3211} INFO - Sync 1 DAGs
[2026-01-19T00:39:57.478+0000] {logging_mixin.py:190} INFO - [2026-01-19T00:39:57.477+0000] {dag.py:4138} INFO - Setting next_dagrun for silver_layer_sensor_driven to 2026-01-18 02:00:00+00:00, run_after=2026-01-19 02:00:00+00:00
[2026-01-19T00:39:57.569+0000] {processor.py:208} INFO - Processing /opt/airflow/dags/bronze_to_silver.py took 0.449 seconds
[2026-01-19T00:40:28.330+0000] {processor.py:186} INFO - Started process (PID=32599) to work on /opt/airflow/dags/bronze_to_silver.py
[2026-01-19T00:40:28.332+0000] {processor.py:914} INFO - Processing file /opt/airflow/dags/bronze_to_silver.py for tasks to queue
[2026-01-19T00:40:28.334+0000] {logging_mixin.py:190} INFO - [2026-01-19T00:40:28.334+0000] {dagbag.py:587} INFO - Filling up the DagBag from /opt/airflow/dags/bronze_to_silver.py
[2026-01-19T00:40:28.424+0000] {processor.py:925} INFO - DAG(s) 'silver_layer_sensor_driven' retrieved from /opt/airflow/dags/bronze_to_silver.py
[2026-01-19T00:40:28.581+0000] {logging_mixin.py:190} INFO - [2026-01-19T00:40:28.580+0000] {dag.py:3211} INFO - Sync 1 DAGs
[2026-01-19T00:40:28.655+0000] {logging_mixin.py:190} INFO - [2026-01-19T00:40:28.654+0000] {dag.py:4138} INFO - Setting next_dagrun for silver_layer_sensor_driven to 2026-01-18 02:00:00+00:00, run_after=2026-01-19 02:00:00+00:00
[2026-01-19T00:40:29.031+0000] {processor.py:208} INFO - Processing /opt/airflow/dags/bronze_to_silver.py took 0.713 seconds
[2026-01-19T00:41:00.030+0000] {processor.py:186} INFO - Started process (PID=32624) to work on /opt/airflow/dags/bronze_to_silver.py
[2026-01-19T00:41:00.032+0000] {processor.py:914} INFO - Processing file /opt/airflow/dags/bronze_to_silver.py for tasks to queue
[2026-01-19T00:41:00.035+0000] {logging_mixin.py:190} INFO - [2026-01-19T00:41:00.034+0000] {dagbag.py:587} INFO - Filling up the DagBag from /opt/airflow/dags/bronze_to_silver.py
[2026-01-19T00:41:00.150+0000] {processor.py:925} INFO - DAG(s) 'silver_layer_sensor_driven' retrieved from /opt/airflow/dags/bronze_to_silver.py
[2026-01-19T00:41:00.312+0000] {logging_mixin.py:190} INFO - [2026-01-19T00:41:00.311+0000] {dag.py:3211} INFO - Sync 1 DAGs
[2026-01-19T00:41:00.821+0000] {logging_mixin.py:190} INFO - [2026-01-19T00:41:00.820+0000] {dag.py:4138} INFO - Setting next_dagrun for silver_layer_sensor_driven to 2026-01-18 02:00:00+00:00, run_after=2026-01-19 02:00:00+00:00
[2026-01-19T00:41:00.916+0000] {processor.py:208} INFO - Processing /opt/airflow/dags/bronze_to_silver.py took 0.900 seconds
[2026-01-19T00:41:31.823+0000] {processor.py:186} INFO - Started process (PID=32649) to work on /opt/airflow/dags/bronze_to_silver.py
[2026-01-19T00:41:31.826+0000] {processor.py:914} INFO - Processing file /opt/airflow/dags/bronze_to_silver.py for tasks to queue
[2026-01-19T00:41:31.828+0000] {logging_mixin.py:190} INFO - [2026-01-19T00:41:31.828+0000] {dagbag.py:587} INFO - Filling up the DagBag from /opt/airflow/dags/bronze_to_silver.py
[2026-01-19T00:41:31.970+0000] {processor.py:925} INFO - DAG(s) 'silver_layer_sensor_driven' retrieved from /opt/airflow/dags/bronze_to_silver.py
[2026-01-19T00:41:32.360+0000] {logging_mixin.py:190} INFO - [2026-01-19T00:41:32.360+0000] {dag.py:3211} INFO - Sync 1 DAGs
[2026-01-19T00:41:32.421+0000] {logging_mixin.py:190} INFO - [2026-01-19T00:41:32.421+0000] {dag.py:4138} INFO - Setting next_dagrun for silver_layer_sensor_driven to 2026-01-18 02:00:00+00:00, run_after=2026-01-19 02:00:00+00:00
[2026-01-19T00:41:32.493+0000] {processor.py:208} INFO - Processing /opt/airflow/dags/bronze_to_silver.py took 0.684 seconds
[2026-01-19T00:42:03.539+0000] {processor.py:186} INFO - Started process (PID=32674) to work on /opt/airflow/dags/bronze_to_silver.py
[2026-01-19T00:42:03.542+0000] {processor.py:914} INFO - Processing file /opt/airflow/dags/bronze_to_silver.py for tasks to queue
[2026-01-19T00:42:03.544+0000] {logging_mixin.py:190} INFO - [2026-01-19T00:42:03.544+0000] {dagbag.py:587} INFO - Filling up the DagBag from /opt/airflow/dags/bronze_to_silver.py
[2026-01-19T00:42:03.985+0000] {processor.py:925} INFO - DAG(s) 'silver_layer_sensor_driven' retrieved from /opt/airflow/dags/bronze_to_silver.py
[2026-01-19T00:42:04.123+0000] {logging_mixin.py:190} INFO - [2026-01-19T00:42:04.122+0000] {dag.py:3211} INFO - Sync 1 DAGs
[2026-01-19T00:42:04.187+0000] {logging_mixin.py:190} INFO - [2026-01-19T00:42:04.187+0000] {dag.py:4138} INFO - Setting next_dagrun for silver_layer_sensor_driven to 2026-01-18 02:00:00+00:00, run_after=2026-01-19 02:00:00+00:00
[2026-01-19T00:42:04.262+0000] {processor.py:208} INFO - Processing /opt/airflow/dags/bronze_to_silver.py took 0.739 seconds
[2026-01-19T00:42:35.171+0000] {processor.py:186} INFO - Started process (PID=32699) to work on /opt/airflow/dags/bronze_to_silver.py
[2026-01-19T00:42:35.174+0000] {processor.py:914} INFO - Processing file /opt/airflow/dags/bronze_to_silver.py for tasks to queue
[2026-01-19T00:42:35.178+0000] {logging_mixin.py:190} INFO - [2026-01-19T00:42:35.177+0000] {dagbag.py:587} INFO - Filling up the DagBag from /opt/airflow/dags/bronze_to_silver.py
[2026-01-19T00:42:35.313+0000] {processor.py:925} INFO - DAG(s) 'silver_layer_sensor_driven' retrieved from /opt/airflow/dags/bronze_to_silver.py
[2026-01-19T00:42:35.473+0000] {logging_mixin.py:190} INFO - [2026-01-19T00:42:35.473+0000] {dag.py:3211} INFO - Sync 1 DAGs
[2026-01-19T00:42:35.569+0000] {logging_mixin.py:190} INFO - [2026-01-19T00:42:35.569+0000] {dag.py:4138} INFO - Setting next_dagrun for silver_layer_sensor_driven to 2026-01-18 02:00:00+00:00, run_after=2026-01-19 02:00:00+00:00
[2026-01-19T00:42:35.694+0000] {processor.py:208} INFO - Processing /opt/airflow/dags/bronze_to_silver.py took 0.537 seconds
[2026-01-19T00:43:06.476+0000] {processor.py:186} INFO - Started process (PID=32724) to work on /opt/airflow/dags/bronze_to_silver.py
[2026-01-19T00:43:06.478+0000] {processor.py:914} INFO - Processing file /opt/airflow/dags/bronze_to_silver.py for tasks to queue
[2026-01-19T00:43:06.480+0000] {logging_mixin.py:190} INFO - [2026-01-19T00:43:06.479+0000] {dagbag.py:587} INFO - Filling up the DagBag from /opt/airflow/dags/bronze_to_silver.py
[2026-01-19T00:43:06.611+0000] {processor.py:925} INFO - DAG(s) 'silver_layer_sensor_driven' retrieved from /opt/airflow/dags/bronze_to_silver.py
[2026-01-19T00:43:06.784+0000] {logging_mixin.py:190} INFO - [2026-01-19T00:43:06.783+0000] {dag.py:3211} INFO - Sync 1 DAGs
[2026-01-19T00:43:06.878+0000] {logging_mixin.py:190} INFO - [2026-01-19T00:43:06.878+0000] {dag.py:4138} INFO - Setting next_dagrun for silver_layer_sensor_driven to 2026-01-18 02:00:00+00:00, run_after=2026-01-19 02:00:00+00:00
[2026-01-19T00:43:06.967+0000] {processor.py:208} INFO - Processing /opt/airflow/dags/bronze_to_silver.py took 0.503 seconds
[2026-01-19T00:43:37.259+0000] {processor.py:186} INFO - Started process (PID=32749) to work on /opt/airflow/dags/bronze_to_silver.py
[2026-01-19T00:43:37.262+0000] {processor.py:914} INFO - Processing file /opt/airflow/dags/bronze_to_silver.py for tasks to queue
[2026-01-19T00:43:37.265+0000] {logging_mixin.py:190} INFO - [2026-01-19T00:43:37.264+0000] {dagbag.py:587} INFO - Filling up the DagBag from /opt/airflow/dags/bronze_to_silver.py
[2026-01-19T00:43:37.429+0000] {processor.py:925} INFO - DAG(s) 'silver_layer_sensor_driven' retrieved from /opt/airflow/dags/bronze_to_silver.py
[2026-01-19T00:43:37.672+0000] {logging_mixin.py:190} INFO - [2026-01-19T00:43:37.672+0000] {dag.py:3211} INFO - Sync 1 DAGs
[2026-01-19T00:43:38.099+0000] {logging_mixin.py:190} INFO - [2026-01-19T00:43:38.099+0000] {dag.py:4138} INFO - Setting next_dagrun for silver_layer_sensor_driven to 2026-01-18 02:00:00+00:00, run_after=2026-01-19 02:00:00+00:00
[2026-01-19T00:43:38.172+0000] {processor.py:208} INFO - Processing /opt/airflow/dags/bronze_to_silver.py took 0.930 seconds
[2026-01-19T00:44:08.605+0000] {processor.py:186} INFO - Started process (PID=32774) to work on /opt/airflow/dags/bronze_to_silver.py
[2026-01-19T00:44:08.608+0000] {processor.py:914} INFO - Processing file /opt/airflow/dags/bronze_to_silver.py for tasks to queue
[2026-01-19T00:44:08.612+0000] {logging_mixin.py:190} INFO - [2026-01-19T00:44:08.611+0000] {dagbag.py:587} INFO - Filling up the DagBag from /opt/airflow/dags/bronze_to_silver.py
[2026-01-19T00:44:08.752+0000] {processor.py:925} INFO - DAG(s) 'silver_layer_sensor_driven' retrieved from /opt/airflow/dags/bronze_to_silver.py
[2026-01-19T00:44:08.923+0000] {logging_mixin.py:190} INFO - [2026-01-19T00:44:08.922+0000] {dag.py:3211} INFO - Sync 1 DAGs
[2026-01-19T00:44:09.313+0000] {logging_mixin.py:190} INFO - [2026-01-19T00:44:09.313+0000] {dag.py:4138} INFO - Setting next_dagrun for silver_layer_sensor_driven to 2026-01-18 02:00:00+00:00, run_after=2026-01-19 02:00:00+00:00
[2026-01-19T00:44:09.399+0000] {processor.py:208} INFO - Processing /opt/airflow/dags/bronze_to_silver.py took 0.807 seconds
[2026-01-19T00:44:40.308+0000] {processor.py:186} INFO - Started process (PID=32799) to work on /opt/airflow/dags/bronze_to_silver.py
[2026-01-19T00:44:40.311+0000] {processor.py:914} INFO - Processing file /opt/airflow/dags/bronze_to_silver.py for tasks to queue
[2026-01-19T00:44:40.314+0000] {logging_mixin.py:190} INFO - [2026-01-19T00:44:40.313+0000] {dagbag.py:587} INFO - Filling up the DagBag from /opt/airflow/dags/bronze_to_silver.py
[2026-01-19T00:44:40.465+0000] {processor.py:925} INFO - DAG(s) 'silver_layer_sensor_driven' retrieved from /opt/airflow/dags/bronze_to_silver.py
[2026-01-19T00:44:40.912+0000] {logging_mixin.py:190} INFO - [2026-01-19T00:44:40.911+0000] {dag.py:3211} INFO - Sync 1 DAGs
[2026-01-19T00:44:40.998+0000] {logging_mixin.py:190} INFO - [2026-01-19T00:44:40.998+0000] {dag.py:4138} INFO - Setting next_dagrun for silver_layer_sensor_driven to 2026-01-18 02:00:00+00:00, run_after=2026-01-19 02:00:00+00:00
[2026-01-19T00:44:41.088+0000] {processor.py:208} INFO - Processing /opt/airflow/dags/bronze_to_silver.py took 0.793 seconds
[2026-01-19T00:45:12.062+0000] {processor.py:186} INFO - Started process (PID=32824) to work on /opt/airflow/dags/bronze_to_silver.py
[2026-01-19T00:45:12.064+0000] {processor.py:914} INFO - Processing file /opt/airflow/dags/bronze_to_silver.py for tasks to queue
[2026-01-19T00:45:12.067+0000] {logging_mixin.py:190} INFO - [2026-01-19T00:45:12.066+0000] {dagbag.py:587} INFO - Filling up the DagBag from /opt/airflow/dags/bronze_to_silver.py
[2026-01-19T00:45:12.392+0000] {processor.py:925} INFO - DAG(s) 'silver_layer_sensor_driven' retrieved from /opt/airflow/dags/bronze_to_silver.py
[2026-01-19T00:45:12.865+0000] {logging_mixin.py:190} INFO - [2026-01-19T00:45:12.865+0000] {dag.py:3211} INFO - Sync 1 DAGs
[2026-01-19T00:45:14.046+0000] {logging_mixin.py:190} INFO - [2026-01-19T00:45:14.046+0000] {dag.py:4138} INFO - Setting next_dagrun for silver_layer_sensor_driven to 2026-01-18 02:00:00+00:00, run_after=2026-01-19 02:00:00+00:00
[2026-01-19T00:45:14.325+0000] {processor.py:208} INFO - Processing /opt/airflow/dags/bronze_to_silver.py took 2.274 seconds
[2026-01-19T00:45:45.132+0000] {processor.py:186} INFO - Started process (PID=32849) to work on /opt/airflow/dags/bronze_to_silver.py
[2026-01-19T00:45:45.133+0000] {processor.py:914} INFO - Processing file /opt/airflow/dags/bronze_to_silver.py for tasks to queue
[2026-01-19T00:45:45.138+0000] {logging_mixin.py:190} INFO - [2026-01-19T00:45:45.137+0000] {dagbag.py:587} INFO - Filling up the DagBag from /opt/airflow/dags/bronze_to_silver.py
[2026-01-19T00:45:45.257+0000] {processor.py:925} INFO - DAG(s) 'silver_layer_sensor_driven' retrieved from /opt/airflow/dags/bronze_to_silver.py
[2026-01-19T00:45:45.366+0000] {logging_mixin.py:190} INFO - [2026-01-19T00:45:45.365+0000] {dag.py:3211} INFO - Sync 1 DAGs
[2026-01-19T00:45:45.430+0000] {logging_mixin.py:190} INFO - [2026-01-19T00:45:45.430+0000] {dag.py:4138} INFO - Setting next_dagrun for silver_layer_sensor_driven to 2026-01-18 02:00:00+00:00, run_after=2026-01-19 02:00:00+00:00
[2026-01-19T00:45:45.511+0000] {processor.py:208} INFO - Processing /opt/airflow/dags/bronze_to_silver.py took 0.391 seconds
[2026-01-19T00:46:15.782+0000] {processor.py:186} INFO - Started process (PID=32874) to work on /opt/airflow/dags/bronze_to_silver.py
[2026-01-19T00:46:15.783+0000] {processor.py:914} INFO - Processing file /opt/airflow/dags/bronze_to_silver.py for tasks to queue
[2026-01-19T00:46:15.785+0000] {logging_mixin.py:190} INFO - [2026-01-19T00:46:15.785+0000] {dagbag.py:587} INFO - Filling up the DagBag from /opt/airflow/dags/bronze_to_silver.py
[2026-01-19T00:46:15.879+0000] {processor.py:925} INFO - DAG(s) 'silver_layer_sensor_driven' retrieved from /opt/airflow/dags/bronze_to_silver.py
[2026-01-19T00:46:15.987+0000] {logging_mixin.py:190} INFO - [2026-01-19T00:46:15.986+0000] {dag.py:3211} INFO - Sync 1 DAGs
[2026-01-19T00:46:16.055+0000] {logging_mixin.py:190} INFO - [2026-01-19T00:46:16.054+0000] {dag.py:4138} INFO - Setting next_dagrun for silver_layer_sensor_driven to 2026-01-18 02:00:00+00:00, run_after=2026-01-19 02:00:00+00:00
[2026-01-19T00:46:16.348+0000] {processor.py:208} INFO - Processing /opt/airflow/dags/bronze_to_silver.py took 0.575 seconds
[2026-01-19T00:46:46.491+0000] {processor.py:186} INFO - Started process (PID=32899) to work on /opt/airflow/dags/bronze_to_silver.py
[2026-01-19T00:46:46.493+0000] {processor.py:914} INFO - Processing file /opt/airflow/dags/bronze_to_silver.py for tasks to queue
[2026-01-19T00:46:46.495+0000] {logging_mixin.py:190} INFO - [2026-01-19T00:46:46.495+0000] {dagbag.py:587} INFO - Filling up the DagBag from /opt/airflow/dags/bronze_to_silver.py
[2026-01-19T00:46:46.601+0000] {processor.py:925} INFO - DAG(s) 'silver_layer_sensor_driven' retrieved from /opt/airflow/dags/bronze_to_silver.py
[2026-01-19T00:46:46.797+0000] {logging_mixin.py:190} INFO - [2026-01-19T00:46:46.796+0000] {dag.py:3211} INFO - Sync 1 DAGs
[2026-01-19T00:46:47.151+0000] {logging_mixin.py:190} INFO - [2026-01-19T00:46:47.151+0000] {dag.py:4138} INFO - Setting next_dagrun for silver_layer_sensor_driven to 2026-01-18 02:00:00+00:00, run_after=2026-01-19 02:00:00+00:00
[2026-01-19T00:46:47.224+0000] {processor.py:208} INFO - Processing /opt/airflow/dags/bronze_to_silver.py took 0.746 seconds
[2026-01-19T00:47:17.410+0000] {processor.py:186} INFO - Started process (PID=32924) to work on /opt/airflow/dags/bronze_to_silver.py
[2026-01-19T00:47:17.412+0000] {processor.py:914} INFO - Processing file /opt/airflow/dags/bronze_to_silver.py for tasks to queue
[2026-01-19T00:47:17.414+0000] {logging_mixin.py:190} INFO - [2026-01-19T00:47:17.414+0000] {dagbag.py:587} INFO - Filling up the DagBag from /opt/airflow/dags/bronze_to_silver.py
[2026-01-19T00:47:17.595+0000] {processor.py:925} INFO - DAG(s) 'silver_layer_sensor_driven' retrieved from /opt/airflow/dags/bronze_to_silver.py
[2026-01-19T00:47:18.244+0000] {logging_mixin.py:190} INFO - [2026-01-19T00:47:18.243+0000] {dag.py:3211} INFO - Sync 1 DAGs
[2026-01-19T00:47:18.353+0000] {logging_mixin.py:190} INFO - [2026-01-19T00:47:18.351+0000] {dag.py:4138} INFO - Setting next_dagrun for silver_layer_sensor_driven to 2026-01-18 02:00:00+00:00, run_after=2026-01-19 02:00:00+00:00
[2026-01-19T00:47:18.474+0000] {processor.py:208} INFO - Processing /opt/airflow/dags/bronze_to_silver.py took 1.082 seconds
[2026-01-19T00:47:49.203+0000] {processor.py:186} INFO - Started process (PID=32949) to work on /opt/airflow/dags/bronze_to_silver.py
[2026-01-19T00:47:49.207+0000] {processor.py:914} INFO - Processing file /opt/airflow/dags/bronze_to_silver.py for tasks to queue
[2026-01-19T00:47:49.211+0000] {logging_mixin.py:190} INFO - [2026-01-19T00:47:49.210+0000] {dagbag.py:587} INFO - Filling up the DagBag from /opt/airflow/dags/bronze_to_silver.py
[2026-01-19T00:47:49.348+0000] {processor.py:925} INFO - DAG(s) 'silver_layer_sensor_driven' retrieved from /opt/airflow/dags/bronze_to_silver.py
[2026-01-19T00:47:49.890+0000] {logging_mixin.py:190} INFO - [2026-01-19T00:47:49.889+0000] {dag.py:3211} INFO - Sync 1 DAGs
[2026-01-19T00:47:49.962+0000] {logging_mixin.py:190} INFO - [2026-01-19T00:47:49.962+0000] {dag.py:4138} INFO - Setting next_dagrun for silver_layer_sensor_driven to 2026-01-18 02:00:00+00:00, run_after=2026-01-19 02:00:00+00:00
[2026-01-19T00:47:50.037+0000] {processor.py:208} INFO - Processing /opt/airflow/dags/bronze_to_silver.py took 0.846 seconds
[2026-01-19T00:48:21.186+0000] {processor.py:186} INFO - Started process (PID=32974) to work on /opt/airflow/dags/bronze_to_silver.py
[2026-01-19T00:48:21.188+0000] {processor.py:914} INFO - Processing file /opt/airflow/dags/bronze_to_silver.py for tasks to queue
[2026-01-19T00:48:21.192+0000] {logging_mixin.py:190} INFO - [2026-01-19T00:48:21.190+0000] {dagbag.py:587} INFO - Filling up the DagBag from /opt/airflow/dags/bronze_to_silver.py
[2026-01-19T00:48:21.587+0000] {processor.py:925} INFO - DAG(s) 'silver_layer_sensor_driven' retrieved from /opt/airflow/dags/bronze_to_silver.py
[2026-01-19T00:48:21.712+0000] {logging_mixin.py:190} INFO - [2026-01-19T00:48:21.712+0000] {dag.py:3211} INFO - Sync 1 DAGs
[2026-01-19T00:48:21.776+0000] {logging_mixin.py:190} INFO - [2026-01-19T00:48:21.775+0000] {dag.py:4138} INFO - Setting next_dagrun for silver_layer_sensor_driven to 2026-01-18 02:00:00+00:00, run_after=2026-01-19 02:00:00+00:00
[2026-01-19T00:48:21.850+0000] {processor.py:208} INFO - Processing /opt/airflow/dags/bronze_to_silver.py took 0.677 seconds
[2026-01-19T00:48:52.735+0000] {processor.py:186} INFO - Started process (PID=32999) to work on /opt/airflow/dags/bronze_to_silver.py
[2026-01-19T00:48:52.737+0000] {processor.py:914} INFO - Processing file /opt/airflow/dags/bronze_to_silver.py for tasks to queue
[2026-01-19T00:48:52.740+0000] {logging_mixin.py:190} INFO - [2026-01-19T00:48:52.739+0000] {dagbag.py:587} INFO - Filling up the DagBag from /opt/airflow/dags/bronze_to_silver.py
[2026-01-19T00:48:52.851+0000] {processor.py:925} INFO - DAG(s) 'silver_layer_sensor_driven' retrieved from /opt/airflow/dags/bronze_to_silver.py
[2026-01-19T00:48:52.988+0000] {logging_mixin.py:190} INFO - [2026-01-19T00:48:52.988+0000] {dag.py:3211} INFO - Sync 1 DAGs
[2026-01-19T00:48:53.065+0000] {logging_mixin.py:190} INFO - [2026-01-19T00:48:53.064+0000] {dag.py:4138} INFO - Setting next_dagrun for silver_layer_sensor_driven to 2026-01-18 02:00:00+00:00, run_after=2026-01-19 02:00:00+00:00
[2026-01-19T00:48:53.135+0000] {processor.py:208} INFO - Processing /opt/airflow/dags/bronze_to_silver.py took 0.410 seconds
[2026-01-19T00:49:23.871+0000] {processor.py:186} INFO - Started process (PID=33024) to work on /opt/airflow/dags/bronze_to_silver.py
[2026-01-19T00:49:23.873+0000] {processor.py:914} INFO - Processing file /opt/airflow/dags/bronze_to_silver.py for tasks to queue
[2026-01-19T00:49:23.876+0000] {logging_mixin.py:190} INFO - [2026-01-19T00:49:23.875+0000] {dagbag.py:587} INFO - Filling up the DagBag from /opt/airflow/dags/bronze_to_silver.py
[2026-01-19T00:49:24.009+0000] {processor.py:925} INFO - DAG(s) 'silver_layer_sensor_driven' retrieved from /opt/airflow/dags/bronze_to_silver.py
[2026-01-19T00:49:24.168+0000] {logging_mixin.py:190} INFO - [2026-01-19T00:49:24.168+0000] {dag.py:3211} INFO - Sync 1 DAGs
[2026-01-19T00:49:24.257+0000] {logging_mixin.py:190} INFO - [2026-01-19T00:49:24.256+0000] {dag.py:4138} INFO - Setting next_dagrun for silver_layer_sensor_driven to 2026-01-18 02:00:00+00:00, run_after=2026-01-19 02:00:00+00:00
[2026-01-19T00:49:24.383+0000] {processor.py:208} INFO - Processing /opt/airflow/dags/bronze_to_silver.py took 0.525 seconds
[2026-01-19T00:49:54.682+0000] {processor.py:186} INFO - Started process (PID=33049) to work on /opt/airflow/dags/bronze_to_silver.py
[2026-01-19T00:49:54.684+0000] {processor.py:914} INFO - Processing file /opt/airflow/dags/bronze_to_silver.py for tasks to queue
[2026-01-19T00:49:54.687+0000] {logging_mixin.py:190} INFO - [2026-01-19T00:49:54.686+0000] {dagbag.py:587} INFO - Filling up the DagBag from /opt/airflow/dags/bronze_to_silver.py
[2026-01-19T00:49:54.812+0000] {processor.py:925} INFO - DAG(s) 'silver_layer_sensor_driven' retrieved from /opt/airflow/dags/bronze_to_silver.py
[2026-01-19T00:49:54.958+0000] {logging_mixin.py:190} INFO - [2026-01-19T00:49:54.958+0000] {dag.py:3211} INFO - Sync 1 DAGs
[2026-01-19T00:49:55.036+0000] {logging_mixin.py:190} INFO - [2026-01-19T00:49:55.035+0000] {dag.py:4138} INFO - Setting next_dagrun for silver_layer_sensor_driven to 2026-01-18 02:00:00+00:00, run_after=2026-01-19 02:00:00+00:00
[2026-01-19T00:49:55.110+0000] {processor.py:208} INFO - Processing /opt/airflow/dags/bronze_to_silver.py took 0.441 seconds
[2026-01-19T00:50:25.837+0000] {processor.py:186} INFO - Started process (PID=33074) to work on /opt/airflow/dags/bronze_to_silver.py
[2026-01-19T00:50:25.841+0000] {processor.py:914} INFO - Processing file /opt/airflow/dags/bronze_to_silver.py for tasks to queue
[2026-01-19T00:50:25.845+0000] {logging_mixin.py:190} INFO - [2026-01-19T00:50:25.844+0000] {dagbag.py:587} INFO - Filling up the DagBag from /opt/airflow/dags/bronze_to_silver.py
[2026-01-19T00:50:26.023+0000] {processor.py:925} INFO - DAG(s) 'silver_layer_sensor_driven' retrieved from /opt/airflow/dags/bronze_to_silver.py
[2026-01-19T00:50:26.211+0000] {logging_mixin.py:190} INFO - [2026-01-19T00:50:26.210+0000] {dag.py:3211} INFO - Sync 1 DAGs
[2026-01-19T00:50:26.305+0000] {logging_mixin.py:190} INFO - [2026-01-19T00:50:26.304+0000] {dag.py:4138} INFO - Setting next_dagrun for silver_layer_sensor_driven to 2026-01-18 02:00:00+00:00, run_after=2026-01-19 02:00:00+00:00
[2026-01-19T00:50:26.400+0000] {processor.py:208} INFO - Processing /opt/airflow/dags/bronze_to_silver.py took 0.583 seconds
[2026-01-19T00:50:56.620+0000] {processor.py:186} INFO - Started process (PID=33099) to work on /opt/airflow/dags/bronze_to_silver.py
[2026-01-19T00:50:56.623+0000] {processor.py:914} INFO - Processing file /opt/airflow/dags/bronze_to_silver.py for tasks to queue
[2026-01-19T00:50:56.633+0000] {logging_mixin.py:190} INFO - [2026-01-19T00:50:56.630+0000] {dagbag.py:587} INFO - Filling up the DagBag from /opt/airflow/dags/bronze_to_silver.py
[2026-01-19T00:50:56.918+0000] {processor.py:925} INFO - DAG(s) 'silver_layer_sensor_driven' retrieved from /opt/airflow/dags/bronze_to_silver.py
[2026-01-19T00:50:57.187+0000] {logging_mixin.py:190} INFO - [2026-01-19T00:50:57.186+0000] {dag.py:3211} INFO - Sync 1 DAGs
[2026-01-19T00:50:57.319+0000] {logging_mixin.py:190} INFO - [2026-01-19T00:50:57.318+0000] {dag.py:4138} INFO - Setting next_dagrun for silver_layer_sensor_driven to 2026-01-18 02:00:00+00:00, run_after=2026-01-19 02:00:00+00:00
[2026-01-19T00:50:57.459+0000] {processor.py:208} INFO - Processing /opt/airflow/dags/bronze_to_silver.py took 0.863 seconds
[2026-01-19T00:51:28.889+0000] {processor.py:186} INFO - Started process (PID=33124) to work on /opt/airflow/dags/bronze_to_silver.py
[2026-01-19T00:51:28.893+0000] {processor.py:914} INFO - Processing file /opt/airflow/dags/bronze_to_silver.py for tasks to queue
[2026-01-19T00:51:28.898+0000] {logging_mixin.py:190} INFO - [2026-01-19T00:51:28.897+0000] {dagbag.py:587} INFO - Filling up the DagBag from /opt/airflow/dags/bronze_to_silver.py
[2026-01-19T00:51:29.087+0000] {processor.py:925} INFO - DAG(s) 'silver_layer_sensor_driven' retrieved from /opt/airflow/dags/bronze_to_silver.py
[2026-01-19T00:51:29.426+0000] {logging_mixin.py:190} INFO - [2026-01-19T00:51:29.426+0000] {dag.py:3211} INFO - Sync 1 DAGs
[2026-01-19T00:51:29.544+0000] {logging_mixin.py:190} INFO - [2026-01-19T00:51:29.543+0000] {dag.py:4138} INFO - Setting next_dagrun for silver_layer_sensor_driven to 2026-01-18 02:00:00+00:00, run_after=2026-01-19 02:00:00+00:00
[2026-01-19T00:51:29.654+0000] {processor.py:208} INFO - Processing /opt/airflow/dags/bronze_to_silver.py took 0.781 seconds
[2026-01-19T00:52:00.312+0000] {processor.py:186} INFO - Started process (PID=33149) to work on /opt/airflow/dags/bronze_to_silver.py
[2026-01-19T00:52:00.314+0000] {processor.py:914} INFO - Processing file /opt/airflow/dags/bronze_to_silver.py for tasks to queue
[2026-01-19T00:52:00.319+0000] {logging_mixin.py:190} INFO - [2026-01-19T00:52:00.317+0000] {dagbag.py:587} INFO - Filling up the DagBag from /opt/airflow/dags/bronze_to_silver.py
[2026-01-19T00:52:00.500+0000] {processor.py:925} INFO - DAG(s) 'silver_layer_sensor_driven' retrieved from /opt/airflow/dags/bronze_to_silver.py
[2026-01-19T00:52:00.673+0000] {logging_mixin.py:190} INFO - [2026-01-19T00:52:00.672+0000] {dag.py:3211} INFO - Sync 1 DAGs
[2026-01-19T00:52:00.758+0000] {logging_mixin.py:190} INFO - [2026-01-19T00:52:00.758+0000] {dag.py:4138} INFO - Setting next_dagrun for silver_layer_sensor_driven to 2026-01-18 02:00:00+00:00, run_after=2026-01-19 02:00:00+00:00
[2026-01-19T00:52:00.850+0000] {processor.py:208} INFO - Processing /opt/airflow/dags/bronze_to_silver.py took 0.553 seconds
