[2026-01-18T02:49:34.354+0000] {local_task_job_runner.py:123} INFO - ::group::Pre task execution logs
[2026-01-18T02:49:34.506+0000] {taskinstance.py:2603} INFO - Dependencies all met for dep_context=non-requeueable deps ti=<TaskInstance: silver_layer_sensor_driven.spark_bronze_to_silver manual__2026-01-18T02:49:29.111140+00:00 [queued]>
[2026-01-18T02:49:34.531+0000] {taskinstance.py:2603} INFO - Dependencies all met for dep_context=requeueable deps ti=<TaskInstance: silver_layer_sensor_driven.spark_bronze_to_silver manual__2026-01-18T02:49:29.111140+00:00 [queued]>
[2026-01-18T02:49:34.533+0000] {taskinstance.py:2856} INFO - Starting attempt 1 of 2
[2026-01-18T02:49:34.570+0000] {taskinstance.py:2879} INFO - Executing <Task(SparkSubmitOperator): spark_bronze_to_silver> on 2026-01-18 02:49:29.111140+00:00
[2026-01-18T02:49:34.590+0000] {logging_mixin.py:190} WARNING - /home/airflow/.local/lib/python3.12/site-packages/airflow/task/task_runner/standard_task_runner.py:70 DeprecationWarning: This process (pid=19761) is multi-threaded, use of fork() may lead to deadlocks in the child.
[2026-01-18T02:49:34.596+0000] {standard_task_runner.py:72} INFO - Started process 19777 to run task
[2026-01-18T02:49:34.589+0000] {standard_task_runner.py:104} INFO - Running: ['airflow', 'tasks', 'run', 'silver_layer_sensor_driven', 'spark_bronze_to_silver', 'manual__2026-01-18T02:49:29.111140+00:00', '--job-id', '73', '--raw', '--subdir', 'DAGS_FOLDER/bronze_to_silver.py', '--cfg-path', '/tmp/tmpa_b5c23g']
[2026-01-18T02:49:34.603+0000] {standard_task_runner.py:105} INFO - Job 73: Subtask spark_bronze_to_silver
[2026-01-18T02:49:34.977+0000] {task_command.py:467} INFO - Running <TaskInstance: silver_layer_sensor_driven.spark_bronze_to_silver manual__2026-01-18T02:49:29.111140+00:00 [running]> on host f24469a8e3b4
[2026-01-18T02:49:35.500+0000] {taskinstance.py:3122} INFO - Exporting env vars: AIRFLOW_CTX_DAG_OWNER='airflow' AIRFLOW_CTX_DAG_ID='silver_layer_sensor_driven' AIRFLOW_CTX_TASK_ID='spark_bronze_to_silver' AIRFLOW_CTX_EXECUTION_DATE='2026-01-18T02:49:29.111140+00:00' AIRFLOW_CTX_TRY_NUMBER='1' AIRFLOW_CTX_DAG_RUN_ID='manual__2026-01-18T02:49:29.111140+00:00'
[2026-01-18T02:49:35.502+0000] {taskinstance.py:731} INFO - ::endgroup::
[2026-01-18T02:49:35.704+0000] {spark_submit.py:305} INFO - Could not load connection string spark_default, defaulting to yarn
[2026-01-18T02:49:35.710+0000] {spark_submit.py:474} INFO - Spark-Submit cmd: spark-submit --master yarn --conf spark.master=local[*] --conf spark.hadoop.fs.s3a.endpoint=http://rustfs:9000 --conf spark.hadoop.fs.s3a.access.key=rustfsadmin --conf spark.hadoop.fs.s3a.secret.key=****** --conf spark.hadoop.fs.s3a.path.style.access=true --conf spark.hadoop.fs.s3a.impl=org.apache.hadoop.fs.s3a.S3AFileSystem --conf spark.sql.sources.partitionOverwriteMode=dynamic --conf spark.hadoop.fs.s3a.change.detection.mode=none --packages org.apache.hadoop:hadoop-aws:3.3.4,com.amazonaws:aws-java-sdk-bundle:1.12.262 --name arrow-spark --verbose /opt/airflow/scripts/bronze_to_silver.py 2026-01-16
[2026-01-18T02:49:35.728+0000] {spark_submit.py:641} INFO - /opt/spark/bin/load-spark-env.sh: line 68: ps: command not found
[2026-01-18T02:49:37.699+0000] {spark_submit.py:641} INFO - Using properties file: null
[2026-01-18T02:49:37.849+0000] {spark_submit.py:641} INFO - Exception in thread "main" org.apache.spark.SparkException: When running with master 'yarn' either HADOOP_CONF_DIR or YARN_CONF_DIR must be set in the environment.
[2026-01-18T02:49:37.850+0000] {spark_submit.py:641} INFO - at org.apache.spark.deploy.SparkSubmitArguments.error(SparkSubmitArguments.scala:650)
[2026-01-18T02:49:37.850+0000] {spark_submit.py:641} INFO - at org.apache.spark.deploy.SparkSubmitArguments.validateSubmitArguments(SparkSubmitArguments.scala:281)
[2026-01-18T02:49:37.851+0000] {spark_submit.py:641} INFO - at org.apache.spark.deploy.SparkSubmitArguments.validateArguments(SparkSubmitArguments.scala:237)
[2026-01-18T02:49:37.852+0000] {spark_submit.py:641} INFO - at org.apache.spark.deploy.SparkSubmitArguments.<init>(SparkSubmitArguments.scala:122)
[2026-01-18T02:49:37.853+0000] {spark_submit.py:641} INFO - at org.apache.spark.deploy.SparkSubmit$$anon$2$$anon$3.<init>(SparkSubmit.scala:1103)
[2026-01-18T02:49:37.853+0000] {spark_submit.py:641} INFO - at org.apache.spark.deploy.SparkSubmit$$anon$2.parseArguments(SparkSubmit.scala:1103)
[2026-01-18T02:49:37.854+0000] {spark_submit.py:641} INFO - at org.apache.spark.deploy.SparkSubmit.doSubmit(SparkSubmit.scala:86)
[2026-01-18T02:49:37.855+0000] {spark_submit.py:641} INFO - at org.apache.spark.deploy.SparkSubmit$$anon$2.doSubmit(SparkSubmit.scala:1120)
[2026-01-18T02:49:37.855+0000] {spark_submit.py:641} INFO - at org.apache.spark.deploy.SparkSubmit$.main(SparkSubmit.scala:1129)
[2026-01-18T02:49:37.856+0000] {spark_submit.py:641} INFO - at org.apache.spark.deploy.SparkSubmit.main(SparkSubmit.scala)
[2026-01-18T02:49:37.973+0000] {taskinstance.py:3301} ERROR - Task failed with exception
Traceback (most recent call last):
  File "/home/airflow/.local/lib/python3.12/site-packages/airflow/models/taskinstance.py", line 767, in _execute_task
    result = _execute_callable(context=context, **execute_callable_kwargs)
             ^^^^^^^^^^^^^^^^^^^^^^^^^^^^^^^^^^^^^^^^^^^^^^^^^^^^^^^^^^^^^
  File "/home/airflow/.local/lib/python3.12/site-packages/airflow/models/taskinstance.py", line 733, in _execute_callable
    return ExecutionCallableRunner(
           ^^^^^^^^^^^^^^^^^^^^^^^^
  File "/home/airflow/.local/lib/python3.12/site-packages/airflow/utils/operator_helpers.py", line 252, in run
    return self.func(*args, **kwargs)
           ^^^^^^^^^^^^^^^^^^^^^^^^^^
  File "/home/airflow/.local/lib/python3.12/site-packages/airflow/models/baseoperator.py", line 406, in wrapper
    return func(self, *args, **kwargs)
           ^^^^^^^^^^^^^^^^^^^^^^^^^^^
  File "/home/airflow/.local/lib/python3.12/site-packages/airflow/providers/apache/spark/operators/spark_submit.py", line 177, in execute
    self._hook.submit(self.application)
  File "/home/airflow/.local/lib/python3.12/site-packages/airflow/providers/apache/spark/hooks/spark_submit.py", line 567, in submit
    raise AirflowException(
airflow.exceptions.AirflowException: Cannot execute: spark-submit --master yarn --conf spark.master=local[*] --conf spark.hadoop.fs.s3a.endpoint=http://rustfs:9000 --conf spark.hadoop.fs.s3a.access.key=rustfsadmin --conf spark.hadoop.fs.s3a.secret.key=****** --conf spark.hadoop.fs.s3a.path.style.access=true --conf spark.hadoop.fs.s3a.impl=org.apache.hadoop.fs.s3a.S3AFileSystem --conf spark.sql.sources.partitionOverwriteMode=dynamic --conf spark.hadoop.fs.s3a.change.detection.mode=none --packages org.apache.hadoop:hadoop-aws:3.3.4,com.amazonaws:aws-java-sdk-bundle:1.12.262 --name arrow-spark --verbose /opt/airflow/scripts/bronze_to_silver.py 2026-01-16. Error code is: 1.
[2026-01-18T02:49:37.994+0000] {taskinstance.py:1225} INFO - Marking task as UP_FOR_RETRY. dag_id=silver_layer_sensor_driven, task_id=spark_bronze_to_silver, run_id=manual__2026-01-18T02:49:29.111140+00:00, execution_date=20260118T024929, start_date=20260118T024934, end_date=20260118T024937
[2026-01-18T02:49:38.072+0000] {taskinstance.py:340} INFO - ::group::Post task execution logs
[2026-01-18T02:49:38.074+0000] {standard_task_runner.py:124} ERROR - Failed to execute job 73 for task spark_bronze_to_silver (Cannot execute: spark-submit --master yarn --conf spark.master=local[*] --conf spark.hadoop.fs.s3a.endpoint=http://rustfs:9000 --conf spark.hadoop.fs.s3a.access.key=rustfsadmin --conf spark.hadoop.fs.s3a.secret.key=****** --conf spark.hadoop.fs.s3a.path.style.access=true --conf spark.hadoop.fs.s3a.impl=org.apache.hadoop.fs.s3a.S3AFileSystem --conf spark.sql.sources.partitionOverwriteMode=dynamic --conf spark.hadoop.fs.s3a.change.detection.mode=none --packages org.apache.hadoop:hadoop-aws:3.3.4,com.amazonaws:aws-java-sdk-bundle:1.12.262 --name arrow-spark --verbose /opt/airflow/scripts/bronze_to_silver.py 2026-01-16. Error code is: 1.; 19777)
Traceback (most recent call last):
  File "/home/airflow/.local/lib/python3.12/site-packages/airflow/task/task_runner/standard_task_runner.py", line 117, in _start_by_fork
    ret = args.func(args, dag=self.dag)
          ^^^^^^^^^^^^^^^^^^^^^^^^^^^^^
  File "/home/airflow/.local/lib/python3.12/site-packages/airflow/cli/cli_config.py", line 49, in command
    return func(*args, **kwargs)
           ^^^^^^^^^^^^^^^^^^^^^
  File "/home/airflow/.local/lib/python3.12/site-packages/airflow/utils/cli.py", line 115, in wrapper
    return f(*args, **kwargs)
           ^^^^^^^^^^^^^^^^^^
  File "/home/airflow/.local/lib/python3.12/site-packages/airflow/cli/commands/task_command.py", line 483, in task_run
    task_return_code = _run_task_by_selected_method(args, _dag, ti)
                       ^^^^^^^^^^^^^^^^^^^^^^^^^^^^^^^^^^^^^^^^^^^^
  File "/home/airflow/.local/lib/python3.12/site-packages/airflow/cli/commands/task_command.py", line 256, in _run_task_by_selected_method
    return _run_raw_task(args, ti)
           ^^^^^^^^^^^^^^^^^^^^^^^
  File "/home/airflow/.local/lib/python3.12/site-packages/airflow/cli/commands/task_command.py", line 341, in _run_raw_task
    return ti._run_raw_task(
           ^^^^^^^^^^^^^^^^^
  File "/home/airflow/.local/lib/python3.12/site-packages/airflow/utils/session.py", line 97, in wrapper
    return func(*args, session=session, **kwargs)
           ^^^^^^^^^^^^^^^^^^^^^^^^^^^^^^^^^^^^^^
  File "/home/airflow/.local/lib/python3.12/site-packages/airflow/models/taskinstance.py", line 2995, in _run_raw_task
    return _run_raw_task(
           ^^^^^^^^^^^^^^
  File "/home/airflow/.local/lib/python3.12/site-packages/airflow/models/taskinstance.py", line 273, in _run_raw_task
    TaskInstance._execute_task_with_callbacks(
  File "/home/airflow/.local/lib/python3.12/site-packages/airflow/models/taskinstance.py", line 3149, in _execute_task_with_callbacks
    result = self._execute_task(context, task_orig)
             ^^^^^^^^^^^^^^^^^^^^^^^^^^^^^^^^^^^^^^
  File "/home/airflow/.local/lib/python3.12/site-packages/airflow/models/taskinstance.py", line 3173, in _execute_task
    return _execute_task(self, context, task_orig)
           ^^^^^^^^^^^^^^^^^^^^^^^^^^^^^^^^^^^^^^^
  File "/home/airflow/.local/lib/python3.12/site-packages/airflow/models/taskinstance.py", line 767, in _execute_task
    result = _execute_callable(context=context, **execute_callable_kwargs)
             ^^^^^^^^^^^^^^^^^^^^^^^^^^^^^^^^^^^^^^^^^^^^^^^^^^^^^^^^^^^^^
  File "/home/airflow/.local/lib/python3.12/site-packages/airflow/models/taskinstance.py", line 733, in _execute_callable
    return ExecutionCallableRunner(
           ^^^^^^^^^^^^^^^^^^^^^^^^
  File "/home/airflow/.local/lib/python3.12/site-packages/airflow/utils/operator_helpers.py", line 252, in run
    return self.func(*args, **kwargs)
           ^^^^^^^^^^^^^^^^^^^^^^^^^^
  File "/home/airflow/.local/lib/python3.12/site-packages/airflow/models/baseoperator.py", line 406, in wrapper
    return func(self, *args, **kwargs)
           ^^^^^^^^^^^^^^^^^^^^^^^^^^^
  File "/home/airflow/.local/lib/python3.12/site-packages/airflow/providers/apache/spark/operators/spark_submit.py", line 177, in execute
    self._hook.submit(self.application)
  File "/home/airflow/.local/lib/python3.12/site-packages/airflow/providers/apache/spark/hooks/spark_submit.py", line 567, in submit
    raise AirflowException(
airflow.exceptions.AirflowException: Cannot execute: spark-submit --master yarn --conf spark.master=local[*] --conf spark.hadoop.fs.s3a.endpoint=http://rustfs:9000 --conf spark.hadoop.fs.s3a.access.key=rustfsadmin --conf spark.hadoop.fs.s3a.secret.key=****** --conf spark.hadoop.fs.s3a.path.style.access=true --conf spark.hadoop.fs.s3a.impl=org.apache.hadoop.fs.s3a.S3AFileSystem --conf spark.sql.sources.partitionOverwriteMode=dynamic --conf spark.hadoop.fs.s3a.change.detection.mode=none --packages org.apache.hadoop:hadoop-aws:3.3.4,com.amazonaws:aws-java-sdk-bundle:1.12.262 --name arrow-spark --verbose /opt/airflow/scripts/bronze_to_silver.py 2026-01-16. Error code is: 1.
[2026-01-18T02:49:38.109+0000] {local_task_job_runner.py:261} INFO - Task exited with return code 1
[2026-01-18T02:49:38.326+0000] {taskinstance.py:3891} INFO - 0 downstream tasks scheduled from follow-on schedule check
[2026-01-18T02:49:38.354+0000] {local_task_job_runner.py:240} INFO - ::endgroup::
