[2026-01-20T01:00:10.771+0000] {local_task_job_runner.py:123} INFO - ::group::Pre task execution logs
[2026-01-20T01:00:10.842+0000] {taskinstance.py:2603} INFO - Dependencies all met for dep_context=non-requeueable deps ti=<TaskInstance: silver_layer_sensor_driven.wait_for_bronze_data scheduled__2026-01-18T02:00:00+00:00 [queued]>
[2026-01-20T01:00:10.851+0000] {taskinstance.py:2603} INFO - Dependencies all met for dep_context=requeueable deps ti=<TaskInstance: silver_layer_sensor_driven.wait_for_bronze_data scheduled__2026-01-18T02:00:00+00:00 [queued]>
[2026-01-20T01:00:10.852+0000] {taskinstance.py:2856} INFO - Starting attempt 1 of 2
[2026-01-20T01:00:10.865+0000] {taskinstance.py:2879} INFO - Executing <Task(S3KeySensor): wait_for_bronze_data> on 2026-01-18 02:00:00+00:00
[2026-01-20T01:00:10.873+0000] {logging_mixin.py:190} WARNING - /home/airflow/.local/lib/python3.12/site-packages/airflow/task/task_runner/standard_task_runner.py:70 DeprecationWarning: This process (pid=203) is multi-threaded, use of fork() may lead to deadlocks in the child.
[2026-01-20T01:00:10.873+0000] {standard_task_runner.py:104} INFO - Running: ['airflow', 'tasks', 'run', 'silver_layer_sensor_driven', 'wait_for_bronze_data', 'scheduled__2026-01-18T02:00:00+00:00', '--job-id', '82', '--raw', '--subdir', 'DAGS_FOLDER/bronze_to_silver.py', '--cfg-path', '/tmp/tmph9yzhhzi']
[2026-01-20T01:00:10.874+0000] {standard_task_runner.py:72} INFO - Started process 246 to run task
[2026-01-20T01:00:10.875+0000] {standard_task_runner.py:105} INFO - Job 82: Subtask wait_for_bronze_data
[2026-01-20T01:00:11.109+0000] {task_command.py:467} INFO - Running <TaskInstance: silver_layer_sensor_driven.wait_for_bronze_data scheduled__2026-01-18T02:00:00+00:00 [running]> on host dca9677b2c70
[2026-01-20T01:00:11.418+0000] {taskinstance.py:3122} INFO - Exporting env vars: AIRFLOW_CTX_DAG_OWNER='airflow' AIRFLOW_CTX_DAG_ID='silver_layer_sensor_driven' AIRFLOW_CTX_TASK_ID='wait_for_bronze_data' AIRFLOW_CTX_EXECUTION_DATE='2026-01-18T02:00:00+00:00' AIRFLOW_CTX_TRY_NUMBER='1' AIRFLOW_CTX_DAG_RUN_ID='scheduled__2026-01-18T02:00:00+00:00'
[2026-01-20T01:00:11.419+0000] {taskinstance.py:731} INFO - ::endgroup::
[2026-01-20T01:00:11.434+0000] {baseoperator.py:405} WARNING - S3KeySensor.execute cannot be called outside TaskInstance!
[2026-01-20T01:00:11.435+0000] {s3.py:118} INFO - Poking for key : s3://bronze/hackernews/jobs_2026-01-16*.json
[2026-01-20T01:00:11.490+0000] {base.py:84} INFO - Retrieving connection 'rustfs_conn'
[2026-01-20T01:00:11.491+0000] {connection_wrapper.py:388} INFO - AWS Connection (conn_id='rustfs_conn', conn_type='aws') credentials retrieved from login and password.
[2026-01-20T01:00:11.903+0000] {base.py:336} INFO - Success criteria met. Exiting.
[2026-01-20T01:00:11.979+0000] {taskinstance.py:340} INFO - ::group::Post task execution logs
[2026-01-20T01:00:11.979+0000] {taskinstance.py:352} INFO - Marking task as SUCCESS. dag_id=silver_layer_sensor_driven, task_id=wait_for_bronze_data, run_id=scheduled__2026-01-18T02:00:00+00:00, execution_date=20260118T020000, start_date=20260120T010010, end_date=20260120T010011
[2026-01-20T01:00:12.021+0000] {local_task_job_runner.py:261} INFO - Task exited with return code 0
[2026-01-20T01:00:12.102+0000] {taskinstance.py:3891} INFO - 1 downstream tasks scheduled from follow-on schedule check
[2026-01-20T01:00:12.106+0000] {local_task_job_runner.py:240} INFO - ::endgroup::
